{"end_inclusive": "2025-12-31", "event": "live_equivalent_split_start", "generated_at": "2026-05-05T11:45:31.134491Z", "mode": "profit_moonshot_taker_flow_exhaustion_eth_reactive_mode", "split": "train", "start": "2025-01-01", "symbols": ["ETH/USDT"]}
{"chunk_days": 7, "chunk_end": "2025-01-07T23:59:59.999999", "chunk_start": "2025-01-01T00:00:00", "event": "live_equivalent_chunk_load", "generated_at": "2026-05-05T11:45:31.134941Z", "mode": "profit_moonshot_taker_flow_exhaustion_eth_reactive_mode", "split": "train"}
{"chunk_days": 7, "chunk_end": "2025-01-14T23:59:59.999999", "chunk_start": "2025-01-08T00:00:00", "event": "live_equivalent_chunk_load", "generated_at": "2026-05-05T11:45:34.971789Z", "mode": "profit_moonshot_taker_flow_exhaustion_eth_reactive_mode", "split": "train"}
{"chunk_days": 7, "chunk_end": "2025-01-21T23:59:59.999999", "chunk_start": "2025-01-15T00:00:00", "event": "live_equivalent_chunk_load", "generated_at": "2026-05-05T11:45:38.866463Z", "mode": "profit_moonshot_taker_flow_exhaustion_eth_reactive_mode", "split": "train"}
{"chunk_days": 7, "chunk_end": "2025-01-28T23:59:59.999999", "chunk_start": "2025-01-22T00:00:00", "event": "live_equivalent_chunk_load", "generated_at": "2026-05-05T11:45:42.561898Z", "mode": "profit_moonshot_taker_flow_exhaustion_eth_reactive_mode", "split": "train"}
{"chunk_days": 7, "chunk_end": "2025-02-04T23:59:59.999999", "chunk_start": "2025-01-29T00:00:00", "event": "live_equivalent_chunk_load", "generated_at": "2026-05-05T11:45:46.507530Z", "mode": "profit_moonshot_taker_flow_exhaustion_eth_reactive_mode", "split": "train"}
[Realism] Partial Fill: Req 0.008 > Limit 0.0000. Filling 0.0 and keeping remainder.
{"chunk_days": 7, "chunk_end": "2025-02-11T23:59:59.999999", "chunk_start": "2025-02-05T00:00:00", "event": "live_equivalent_chunk_load", "generated_at": "2026-05-05T11:45:50.231315Z", "mode": "profit_moonshot_taker_flow_exhaustion_eth_reactive_mode", "split": "train"}
{"chunk_days": 7, "chunk_end": "2025-02-18T23:59:59.999999", "chunk_start": "2025-02-12T00:00:00", "event": "live_equivalent_chunk_load", "generated_at": "2026-05-05T11:45:53.956978Z", "mode": "profit_moonshot_taker_flow_exhaustion_eth_reactive_mode", "split": "train"}
{"chunk_days": 7, "chunk_end": "2025-02-25T23:59:59.999999", "chunk_start": "2025-02-19T00:00:00", "event": "live_equivalent_chunk_load", "generated_at": "2026-05-05T11:45:58.002245Z", "mode": "profit_moonshot_taker_flow_exhaustion_eth_reactive_mode", "split": "train"}
{"chunk_days": 7, "chunk_end": "2025-03-04T23:59:59.999999", "chunk_start": "2025-02-26T00:00:00", "event": "live_equivalent_chunk_load", "generated_at": "2026-05-05T11:46:02.462067Z", "mode": "profit_moonshot_taker_flow_exhaustion_eth_reactive_mode", "split": "train"}
{"chunk_days": 7, "chunk_end": "2025-03-11T23:59:59.999999", "chunk_start": "2025-03-05T00:00:00", "event": "live_equivalent_chunk_load", "generated_at": "2026-05-05T11:46:06.808804Z", "mode": "profit_moonshot_taker_flow_exhaustion_eth_reactive_mode", "split": "train"}
{"chunk_days": 7, "chunk_end": "2025-03-18T23:59:59.999999", "chunk_start": "2025-03-12T00:00:00", "event": "live_equivalent_chunk_load", "generated_at": "2026-05-05T11:46:11.059516Z", "mode": "profit_moonshot_taker_flow_exhaustion_eth_reactive_mode", "split": "train"}
{"chunk_days": 7, "chunk_end": "2025-03-25T23:59:59.999999", "chunk_start": "2025-03-19T00:00:00", "event": "live_equivalent_chunk_load", "generated_at": "2026-05-05T11:46:15.430605Z", "mode": "profit_moonshot_taker_flow_exhaustion_eth_reactive_mode", "split": "train"}
[Realism] Partial Fill: Req 0.014 > Limit 0.0098. Filling 0.009800000000000001 and keeping remainder.
{"chunk_days": 7, "chunk_end": "2025-04-01T23:59:59.999999", "chunk_start": "2025-03-26T00:00:00", "event": "live_equivalent_chunk_load", "generated_at": "2026-05-05T11:46:19.964439Z", "mode": "profit_moonshot_taker_flow_exhaustion_eth_reactive_mode", "split": "train"}
{"chunk_days": 7, "chunk_end": "2025-04-08T23:59:59.999999", "chunk_start": "2025-04-02T00:00:00", "event": "live_equivalent_chunk_load", "generated_at": "2026-05-05T11:46:24.321056Z", "mode": "profit_moonshot_taker_flow_exhaustion_eth_reactive_mode", "split": "train"}
{"chunk_days": 7, "chunk_end": "2025-04-15T23:59:59.999999", "chunk_start": "2025-04-09T00:00:00", "event": "live_equivalent_chunk_load", "generated_at": "2026-05-05T11:46:28.609483Z", "mode": "profit_moonshot_taker_flow_exhaustion_eth_reactive_mode", "split": "train"}
{"chunk_days": 7, "chunk_end": "2025-04-22T23:59:59.999999", "chunk_start": "2025-04-16T00:00:00", "event": "live_equivalent_chunk_load", "generated_at": "2026-05-05T11:46:32.854897Z", "mode": "profit_moonshot_taker_flow_exhaustion_eth_reactive_mode", "split": "train"}
[Realism] Partial Fill: Req 0.017 > Limit 0.0120. Filling 0.012 and keeping remainder.
{"chunk_days": 7, "chunk_end": "2025-04-29T23:59:59.999999", "chunk_start": "2025-04-23T00:00:00", "event": "live_equivalent_chunk_load", "generated_at": "2026-05-05T11:46:37.559293Z", "mode": "profit_moonshot_taker_flow_exhaustion_eth_reactive_mode", "split": "train"}
{"chunk_days": 7, "chunk_end": "2025-05-06T23:59:59.999999", "chunk_start": "2025-04-30T00:00:00", "event": "live_equivalent_chunk_load", "generated_at": "2026-05-05T11:46:41.942296Z", "mode": "profit_moonshot_taker_flow_exhaustion_eth_reactive_mode", "split": "train"}
{"chunk_days": 7, "chunk_end": "2025-05-13T23:59:59.999999", "chunk_start": "2025-05-07T00:00:00", "event": "live_equivalent_chunk_load", "generated_at": "2026-05-05T11:46:46.740963Z", "mode": "profit_moonshot_taker_flow_exhaustion_eth_reactive_mode", "split": "train"}
{"chunk_days": 7, "chunk_end": "2025-05-20T23:59:59.999999", "chunk_start": "2025-05-14T00:00:00", "event": "live_equivalent_chunk_load", "generated_at": "2026-05-05T11:46:51.001189Z", "mode": "profit_moonshot_taker_flow_exhaustion_eth_reactive_mode", "split": "train"}
{"chunk_days": 7, "chunk_end": "2025-05-27T23:59:59.999999", "chunk_start": "2025-05-21T00:00:00", "event": "live_equivalent_chunk_load", "generated_at": "2026-05-05T11:46:55.148742Z", "mode": "profit_moonshot_taker_flow_exhaustion_eth_reactive_mode", "split": "train"}
{"chunk_days": 7, "chunk_end": "2025-06-03T23:59:59.999999", "chunk_start": "2025-05-28T00:00:00", "event": "live_equivalent_chunk_load", "generated_at": "2026-05-05T11:46:59.385704Z", "mode": "profit_moonshot_taker_flow_exhaustion_eth_reactive_mode", "split": "train"}
{"chunk_days": 7, "chunk_end": "2025-06-10T23:59:59.999999", "chunk_start": "2025-06-04T00:00:00", "event": "live_equivalent_chunk_load", "generated_at": "2026-05-05T11:47:03.848933Z", "mode": "profit_moonshot_taker_flow_exhaustion_eth_reactive_mode", "split": "train"}
{"chunk_days": 7, "chunk_end": "2025-06-17T23:59:59.999999", "chunk_start": "2025-06-11T00:00:00", "event": "live_equivalent_chunk_load", "generated_at": "2026-05-05T11:47:08.456547Z", "mode": "profit_moonshot_taker_flow_exhaustion_eth_reactive_mode", "split": "train"}
{"chunk_days": 7, "chunk_end": "2025-06-24T23:59:59.999999", "chunk_start": "2025-06-18T00:00:00", "event": "live_equivalent_chunk_load", "generated_at": "2026-05-05T11:47:13.006969Z", "mode": "profit_moonshot_taker_flow_exhaustion_eth_reactive_mode", "split": "train"}
{"chunk_days": 7, "chunk_end": "2025-07-01T23:59:59.999999", "chunk_start": "2025-06-25T00:00:00", "event": "live_equivalent_chunk_load", "generated_at": "2026-05-05T11:47:17.420271Z", "mode": "profit_moonshot_taker_flow_exhaustion_eth_reactive_mode", "split": "train"}
{"chunk_days": 7, "chunk_end": "2025-07-08T23:59:59.999999", "chunk_start": "2025-07-02T00:00:00", "event": "live_equivalent_chunk_load", "generated_at": "2026-05-05T11:47:22.237712Z", "mode": "profit_moonshot_taker_flow_exhaustion_eth_reactive_mode", "split": "train"}
{"chunk_days": 7, "chunk_end": "2025-07-15T23:59:59.999999", "chunk_start": "2025-07-09T00:00:00", "event": "live_equivalent_chunk_load", "generated_at": "2026-05-05T11:47:26.944949Z", "mode": "profit_moonshot_taker_flow_exhaustion_eth_reactive_mode", "split": "train"}
{"chunk_days": 7, "chunk_end": "2025-07-22T23:59:59.999999", "chunk_start": "2025-07-16T00:00:00", "event": "live_equivalent_chunk_load", "generated_at": "2026-05-05T11:47:31.304545Z", "mode": "profit_moonshot_taker_flow_exhaustion_eth_reactive_mode", "split": "train"}
{"chunk_days": 7, "chunk_end": "2025-07-29T23:59:59.999999", "chunk_start": "2025-07-23T00:00:00", "event": "live_equivalent_chunk_load", "generated_at": "2026-05-05T11:47:35.441973Z", "mode": "profit_moonshot_taker_flow_exhaustion_eth_reactive_mode", "split": "train"}
{"chunk_days": 7, "chunk_end": "2025-08-05T23:59:59.999999", "chunk_start": "2025-07-30T00:00:00", "event": "live_equivalent_chunk_load", "generated_at": "2026-05-05T11:47:39.871353Z", "mode": "profit_moonshot_taker_flow_exhaustion_eth_reactive_mode", "split": "train"}
{"chunk_days": 7, "chunk_end": "2025-08-12T23:59:59.999999", "chunk_start": "2025-08-06T00:00:00", "event": "live_equivalent_chunk_load", "generated_at": "2026-05-05T11:47:44.096338Z", "mode": "profit_moonshot_taker_flow_exhaustion_eth_reactive_mode", "split": "train"}
{"chunk_days": 7, "chunk_end": "2025-08-19T23:59:59.999999", "chunk_start": "2025-08-13T00:00:00", "event": "live_equivalent_chunk_load", "generated_at": "2026-05-05T11:47:48.319262Z", "mode": "profit_moonshot_taker_flow_exhaustion_eth_reactive_mode", "split": "train"}
{"chunk_days": 7, "chunk_end": "2025-08-26T23:59:59.999999", "chunk_start": "2025-08-20T00:00:00", "event": "live_equivalent_chunk_load", "generated_at": "2026-05-05T11:47:52.716399Z", "mode": "profit_moonshot_taker_flow_exhaustion_eth_reactive_mode", "split": "train"}
{"chunk_days": 7, "chunk_end": "2025-09-02T23:59:59.999999", "chunk_start": "2025-08-27T00:00:00", "event": "live_equivalent_chunk_load", "generated_at": "2026-05-05T11:47:56.870180Z", "mode": "profit_moonshot_taker_flow_exhaustion_eth_reactive_mode", "split": "train"}
{"chunk_days": 7, "chunk_end": "2025-09-09T23:59:59.999999", "chunk_start": "2025-09-03T00:00:00", "event": "live_equivalent_chunk_load", "generated_at": "2026-05-05T11:48:01.531638Z", "mode": "profit_moonshot_taker_flow_exhaustion_eth_reactive_mode", "split": "train"}
{"chunk_days": 7, "chunk_end": "2025-09-16T23:59:59.999999", "chunk_start": "2025-09-10T00:00:00", "event": "live_equivalent_chunk_load", "generated_at": "2026-05-05T11:48:06.307698Z", "mode": "profit_moonshot_taker_flow_exhaustion_eth_reactive_mode", "split": "train"}
{"chunk_days": 7, "chunk_end": "2025-09-23T23:59:59.999999", "chunk_start": "2025-09-17T00:00:00", "event": "live_equivalent_chunk_load", "generated_at": "2026-05-05T11:48:10.567707Z", "mode": "profit_moonshot_taker_flow_exhaustion_eth_reactive_mode", "split": "train"}
{"chunk_days": 7, "chunk_end": "2025-09-30T23:59:59.999999", "chunk_start": "2025-09-24T00:00:00", "event": "live_equivalent_chunk_load", "generated_at": "2026-05-05T11:48:15.126799Z", "mode": "profit_moonshot_taker_flow_exhaustion_eth_reactive_mode", "split": "train"}
{"chunk_days": 7, "chunk_end": "2025-10-07T23:59:59.999999", "chunk_start": "2025-10-01T00:00:00", "event": "live_equivalent_chunk_load", "generated_at": "2026-05-05T11:48:19.717038Z", "mode": "profit_moonshot_taker_flow_exhaustion_eth_reactive_mode", "split": "train"}
{"chunk_days": 7, "chunk_end": "2025-10-14T23:59:59.999999", "chunk_start": "2025-10-08T00:00:00", "event": "live_equivalent_chunk_load", "generated_at": "2026-05-05T11:48:24.493767Z", "mode": "profit_moonshot_taker_flow_exhaustion_eth_reactive_mode", "split": "train"}
{"chunk_days": 7, "chunk_end": "2025-10-21T23:59:59.999999", "chunk_start": "2025-10-15T00:00:00", "event": "live_equivalent_chunk_load", "generated_at": "2026-05-05T11:48:28.460761Z", "mode": "profit_moonshot_taker_flow_exhaustion_eth_reactive_mode", "split": "train"}
{"chunk_days": 7, "chunk_end": "2025-10-28T23:59:59.999999", "chunk_start": "2025-10-22T00:00:00", "event": "live_equivalent_chunk_load", "generated_at": "2026-05-05T11:48:33.122644Z", "mode": "profit_moonshot_taker_flow_exhaustion_eth_reactive_mode", "split": "train"}
{"chunk_days": 7, "chunk_end": "2025-11-04T23:59:59.999999", "chunk_start": "2025-10-29T00:00:00", "event": "live_equivalent_chunk_load", "generated_at": "2026-05-05T11:48:37.519160Z", "mode": "profit_moonshot_taker_flow_exhaustion_eth_reactive_mode", "split": "train"}
{"chunk_days": 7, "chunk_end": "2025-11-11T23:59:59.999999", "chunk_start": "2025-11-05T00:00:00", "event": "live_equivalent_chunk_load", "generated_at": "2026-05-05T11:48:42.125783Z", "mode": "profit_moonshot_taker_flow_exhaustion_eth_reactive_mode", "split": "train"}
{"chunk_days": 7, "chunk_end": "2025-11-18T23:59:59.999999", "chunk_start": "2025-11-12T00:00:00", "event": "live_equivalent_chunk_load", "generated_at": "2026-05-05T11:48:46.365378Z", "mode": "profit_moonshot_taker_flow_exhaustion_eth_reactive_mode", "split": "train"}
{"chunk_days": 7, "chunk_end": "2025-11-25T23:59:59.999999", "chunk_start": "2025-11-19T00:00:00", "event": "live_equivalent_chunk_load", "generated_at": "2026-05-05T11:48:50.630012Z", "mode": "profit_moonshot_taker_flow_exhaustion_eth_reactive_mode", "split": "train"}
{"chunk_days": 7, "chunk_end": "2025-12-02T23:59:59.999999", "chunk_start": "2025-11-26T00:00:00", "event": "live_equivalent_chunk_load", "generated_at": "2026-05-05T11:48:54.896176Z", "mode": "profit_moonshot_taker_flow_exhaustion_eth_reactive_mode", "split": "train"}
{"chunk_days": 7, "chunk_end": "2025-12-09T23:59:59.999999", "chunk_start": "2025-12-03T00:00:00", "event": "live_equivalent_chunk_load", "generated_at": "2026-05-05T11:48:59.390298Z", "mode": "profit_moonshot_taker_flow_exhaustion_eth_reactive_mode", "split": "train"}
{"chunk_days": 7, "chunk_end": "2025-12-16T23:59:59.999999", "chunk_start": "2025-12-10T00:00:00", "event": "live_equivalent_chunk_load", "generated_at": "2026-05-05T11:49:03.964819Z", "mode": "profit_moonshot_taker_flow_exhaustion_eth_reactive_mode", "split": "train"}
{"chunk_days": 7, "chunk_end": "2025-12-23T23:59:59.999999", "chunk_start": "2025-12-17T00:00:00", "event": "live_equivalent_chunk_load", "generated_at": "2026-05-05T11:49:08.488737Z", "mode": "profit_moonshot_taker_flow_exhaustion_eth_reactive_mode", "split": "train"}
{"chunk_days": 7, "chunk_end": "2025-12-30T23:59:59.999999", "chunk_start": "2025-12-24T00:00:00", "event": "live_equivalent_chunk_load", "generated_at": "2026-05-05T11:49:12.863902Z", "mode": "profit_moonshot_taker_flow_exhaustion_eth_reactive_mode", "split": "train"}
{"chunk_days": 7, "chunk_end": "2025-12-31T23:59:59.999999", "chunk_start": "2025-12-31T00:00:00", "event": "live_equivalent_chunk_load", "generated_at": "2026-05-05T11:49:17.639500Z", "mode": "profit_moonshot_taker_flow_exhaustion_eth_reactive_mode", "split": "train"}
{"event": "live_equivalent_split_complete", "final_equity": 9999.809739859862, "generated_at": "2026-05-05T11:49:18.473952Z", "metrics": {"cagr": -9.143197088334887e-09, "calmar": -1.2141957845909049e-05, "max_drawdown": 0.0007530249408183768, "sharpe": -0.0009756435789554665, "sortino": -0.00040533354794691496, "total_return": -1.90260140138232e-05, "volatility": 9.326871198897813e-06}, "mode": "profit_moonshot_taker_flow_exhaustion_eth_reactive_mode", "split": "train", "trade_count": 147}
{"end_inclusive": "2026-02-28", "event": "live_equivalent_split_start", "generated_at": "2026-05-05T11:49:18.474023Z", "mode": "profit_moonshot_taker_flow_exhaustion_eth_reactive_mode", "split": "val", "start": "2026-01-01", "symbols": ["ETH/USDT"]}
{"chunk_days": 7, "chunk_end": "2026-01-07T23:59:59.999999", "chunk_start": "2026-01-01T00:00:00", "event": "live_equivalent_chunk_load", "generated_at": "2026-05-05T11:49:18.474497Z", "mode": "profit_moonshot_taker_flow_exhaustion_eth_reactive_mode", "split": "val"}
{"chunk_days": 7, "chunk_end": "2026-01-14T23:59:59.999999", "chunk_start": "2026-01-08T00:00:00", "event": "live_equivalent_chunk_load", "generated_at": "2026-05-05T11:49:23.081938Z", "mode": "profit_moonshot_taker_flow_exhaustion_eth_reactive_mode", "split": "val"}
{"chunk_days": 7, "chunk_end": "2026-01-21T23:59:59.999999", "chunk_start": "2026-01-15T00:00:00", "event": "live_equivalent_chunk_load", "generated_at": "2026-05-05T11:49:27.642477Z", "mode": "profit_moonshot_taker_flow_exhaustion_eth_reactive_mode", "split": "val"}
{"chunk_days": 7, "chunk_end": "2026-01-28T23:59:59.999999", "chunk_start": "2026-01-22T00:00:00", "event": "live_equivalent_chunk_load", "generated_at": "2026-05-05T11:49:32.123490Z", "mode": "profit_moonshot_taker_flow_exhaustion_eth_reactive_mode", "split": "val"}
{"chunk_days": 7, "chunk_end": "2026-02-04T23:59:59.999999", "chunk_start": "2026-01-29T00:00:00", "event": "live_equivalent_chunk_load", "generated_at": "2026-05-05T11:49:36.408253Z", "mode": "profit_moonshot_taker_flow_exhaustion_eth_reactive_mode", "split": "val"}
{"chunk_days": 7, "chunk_end": "2026-02-11T23:59:59.999999", "chunk_start": "2026-02-05T00:00:00", "event": "live_equivalent_chunk_load", "generated_at": "2026-05-05T11:49:40.740890Z", "mode": "profit_moonshot_taker_flow_exhaustion_eth_reactive_mode", "split": "val"}
{"chunk_days": 7, "chunk_end": "2026-02-18T23:59:59.999999", "chunk_start": "2026-02-12T00:00:00", "event": "live_equivalent_chunk_load", "generated_at": "2026-05-05T11:49:45.046517Z", "mode": "profit_moonshot_taker_flow_exhaustion_eth_reactive_mode", "split": "val"}
{"chunk_days": 7, "chunk_end": "2026-02-25T23:59:59.999999", "chunk_start": "2026-02-19T00:00:00", "event": "live_equivalent_chunk_load", "generated_at": "2026-05-05T11:49:49.308299Z", "mode": "profit_moonshot_taker_flow_exhaustion_eth_reactive_mode", "split": "val"}
{"chunk_days": 7, "chunk_end": "2026-02-28T23:59:59.999999", "chunk_start": "2026-02-26T00:00:00", "event": "live_equivalent_chunk_load", "generated_at": "2026-05-05T11:49:53.840531Z", "mode": "profit_moonshot_taker_flow_exhaustion_eth_reactive_mode", "split": "val"}
{"event": "live_equivalent_split_complete", "final_equity": 10002.09878135243, "generated_at": "2026-05-05T11:49:55.606409Z", "metrics": {"cagr": 6.225133859505405e-07, "calmar": 0.0046290363214032725, "max_drawdown": 0.0001344801256089147, "sharpe": 0.07647220839700275, "sortino": 0.02851015635809605, "total_return": 0.00020987813524286913, "volatility": 8.140817979145513e-06}, "mode": "profit_moonshot_taker_flow_exhaustion_eth_reactive_mode", "split": "val", "trade_count": 18}
{"end_inclusive": "2026-05-04", "event": "live_equivalent_split_start", "generated_at": "2026-05-05T11:49:55.606516Z", "mode": "profit_moonshot_taker_flow_exhaustion_eth_reactive_mode", "split": "oos", "start": "2026-03-01", "symbols": ["ETH/USDT"]}
{"chunk_days": 7, "chunk_end": "2026-03-07T23:59:59.999999", "chunk_start": "2026-03-01T00:00:00", "event": "live_equivalent_chunk_load", "generated_at": "2026-05-05T11:49:55.607241Z", "mode": "profit_moonshot_taker_flow_exhaustion_eth_reactive_mode", "split": "oos"}
{"chunk_days": 7, "chunk_end": "2026-03-14T23:59:59.999999", "chunk_start": "2026-03-08T00:00:00", "event": "live_equivalent_chunk_load", "generated_at": "2026-05-05T11:49:59.733406Z", "mode": "profit_moonshot_taker_flow_exhaustion_eth_reactive_mode", "split": "oos"}
{"chunk_days": 7, "chunk_end": "2026-03-21T23:59:59.999999", "chunk_start": "2026-03-15T00:00:00", "event": "live_equivalent_chunk_load", "generated_at": "2026-05-05T11:50:04.509874Z", "mode": "profit_moonshot_taker_flow_exhaustion_eth_reactive_mode", "split": "oos"}
{"chunk_days": 7, "chunk_end": "2026-03-28T23:59:59.999999", "chunk_start": "2026-03-22T00:00:00", "event": "live_equivalent_chunk_load", "generated_at": "2026-05-05T11:50:08.718869Z", "mode": "profit_moonshot_taker_flow_exhaustion_eth_reactive_mode", "split": "oos"}
{"chunk_days": 7, "chunk_end": "2026-04-04T23:59:59.999999", "chunk_start": "2026-03-29T00:00:00", "event": "live_equivalent_chunk_load", "generated_at": "2026-05-05T11:50:12.934536Z", "mode": "profit_moonshot_taker_flow_exhaustion_eth_reactive_mode", "split": "oos"}
{"chunk_days": 7, "chunk_end": "2026-04-11T23:59:59.999999", "chunk_start": "2026-04-05T00:00:00", "event": "live_equivalent_chunk_load", "generated_at": "2026-05-05T11:50:17.215358Z", "mode": "profit_moonshot_taker_flow_exhaustion_eth_reactive_mode", "split": "oos"}
{"chunk_days": 7, "chunk_end": "2026-04-18T23:59:59.999999", "chunk_start": "2026-04-12T00:00:00", "event": "live_equivalent_chunk_load", "generated_at": "2026-05-05T11:50:21.726436Z", "mode": "profit_moonshot_taker_flow_exhaustion_eth_reactive_mode", "split": "oos"}
{"chunk_days": 7, "chunk_end": "2026-04-25T23:59:59.999999", "chunk_start": "2026-04-19T00:00:00", "event": "live_equivalent_chunk_load", "generated_at": "2026-05-05T11:50:25.713584Z", "mode": "profit_moonshot_taker_flow_exhaustion_eth_reactive_mode", "split": "oos"}
{"chunk_days": 7, "chunk_end": "2026-05-02T23:59:59.999999", "chunk_start": "2026-04-26T00:00:00", "event": "live_equivalent_chunk_load", "generated_at": "2026-05-05T11:50:30.217843Z", "mode": "profit_moonshot_taker_flow_exhaustion_eth_reactive_mode", "split": "oos"}
{"chunk_days": 7, "chunk_end": "2026-05-04T23:59:59.999999", "chunk_start": "2026-05-03T00:00:00", "event": "live_equivalent_chunk_load", "generated_at": "2026-05-05T11:50:35.177387Z", "mode": "profit_moonshot_taker_flow_exhaustion_eth_reactive_mode", "split": "oos"}
{"event": "live_equivalent_split_complete", "final_equity": 9997.088925813097, "generated_at": "2026-05-05T11:50:36.599672Z", "metrics": {"cagr": -7.871780828283548e-07, "calmar": -0.002160472888943255, "max_drawdown": 0.0003643545294444239, "sharpe": -0.0859876215252113, "sortino": -0.03355154441144862, "total_return": -0.0002911074186903173, "volatility": 9.154067520250463e-06}, "mode": "profit_moonshot_taker_flow_exhaustion_eth_reactive_mode", "split": "oos", "trade_count": 32}
{
  "artifact_reset_csv": "/home/hoky/Quants-agent/LuminaQuant/var/reports/profit_moonshot_20260501/current_tail_20260505/live_equivalent/profit_moonshot_taker_flow_exhaustion_eth_reactive_mode/live_equivalent_revalidation_artifact_reset_20260426.csv",
  "json": "/home/hoky/Quants-agent/LuminaQuant/var/reports/profit_moonshot_20260501/current_tail_20260505/live_equivalent/profit_moonshot_taker_flow_exhaustion_eth_reactive_mode/live_equivalent_revalidation_latest.json",
  "live_decision": "",
  "markdown": "/home/hoky/Quants-agent/LuminaQuant/var/reports/profit_moonshot_20260501/current_tail_20260505/live_equivalent/profit_moonshot_taker_flow_exhaustion_eth_reactive_mode/live_equivalent_revalidation_latest.md",
  "mode_csv": "/home/hoky/Quants-agent/LuminaQuant/var/reports/profit_moonshot_20260501/current_tail_20260505/live_equivalent/profit_moonshot_taker_flow_exhaustion_eth_reactive_mode/live_equivalent_revalidation_candidates_20260426.csv"
}
	Command being timed: "uv run python scripts/research/revalidate_live_equivalent_candidates.py --output-dir var/reports/profit_moonshot_20260501/current_tail_20260505/live_equivalent/profit_moonshot_taker_flow_exhaustion_eth_reactive_mode --backtest-checkpoint-path var/reports/profit_moonshot_20260501/current_tail_20260505/live_equivalent/profit_moonshot_taker_flow_exhaustion_eth_reactive_mode_checkpoint.json --portfolio-modes profit_moonshot_taker_flow_exhaustion_eth_reactive_mode --execute-backtests --chunk-days 7 --no-live-decision-update"
	User time (seconds): 313.16
	System time (seconds): 31.36
	Percent of CPU this job got: 112%
	Elapsed (wall clock) time (h:mm:ss or m:ss): 5:06.60
	Average shared text size (kbytes): 0
	Average unshared data size (kbytes): 0
	Average stack size (kbytes): 0
	Average total size (kbytes): 0
	Maximum resident set size (kbytes): 1315116
	Average resident set size (kbytes): 0
	Major (requiring I/O) page faults: 1
	Minor (reclaiming a frame) page faults: 1700241
	Voluntary context switches: 1111762
	Involuntary context switches: 8364
	Swaps: 0
	File system inputs: 0
	File system outputs: 6544
	Socket messages sent: 0
	Socket messages received: 0
	Signals delivered: 0
	Page size (bytes): 4096
	Exit status: 0
