{"csv": "var/reports/profit_moonshot_20260501/current_tail_20260508/all_family_expansion/fresh_start_overhaul_replay_candidates.csv", "json": "var/reports/profit_moonshot_20260501/current_tail_20260508/all_family_expansion/fresh_start_overhaul_replay_latest.json", "markdown": "var/reports/profit_moonshot_20260501/current_tail_20260508/all_family_expansion/fresh_start_overhaul_replay_latest.md", "peak_rss_mib": 289.46484375, "replay_survivor_count": 300, "spec_count": 6805, "success_candidate_count": 300}
	Command being timed: "uv run python scripts/research/replay_profit_moonshot_fresh_start.py --output-dir var/reports/profit_moonshot_20260501/current_tail_20260508/all_family_expansion --panel-cache-dir var/cache/profit_moonshot_fresh_start --oos-end-date 2026-05-08"
	User time (seconds): 313.68
	System time (seconds): 0.45
	Percent of CPU this job got: 100%
	Elapsed (wall clock) time (h:mm:ss or m:ss): 5:13.07
	Average shared text size (kbytes): 0
	Average unshared data size (kbytes): 0
	Average stack size (kbytes): 0
	Average total size (kbytes): 0
	Maximum resident set size (kbytes): 296412
	Average resident set size (kbytes): 0
	Major (requiring I/O) page faults: 0
	Minor (reclaiming a frame) page faults: 56380
	Voluntary context switches: 58
	Involuntary context switches: 979
	Swaps: 0
	File system inputs: 0
	File system outputs: 22304
	Socket messages sent: 0
	Socket messages received: 0
	Signals delivered: 0
	Page size (bytes): 4096
	Exit status: 0
