{"csv": "var/reports/profit_moonshot_20260501/current_tail_20260508/all_family_expansion/fresh_portfolio_tuning_candidates.csv", "json": "var/reports/profit_moonshot_20260501/current_tail_20260508/all_family_expansion/fresh_portfolio_tuning_latest.json", "markdown": "var/reports/profit_moonshot_20260501/current_tail_20260508/all_family_expansion/fresh_portfolio_tuning_latest.md", "peak_rss_mib": 422.984375, "success_candidate_count": 0}
	Command being timed: "uv run python scripts/research/tune_profit_moonshot_fresh_portfolio.py --output-dir var/reports/profit_moonshot_20260501/current_tail_20260508/all_family_expansion --candidate-csv var/reports/profit_moonshot_20260501/current_tail_20260508/all_family_expansion/fresh_start_overhaul_replay_candidates.csv --oos-end-date 2026-05-08 --top-n 72 --family-quota 4 --max-sleeves 6 --max-combos-per-size 1200"
	User time (seconds): 89.87
	System time (seconds): 0.83
	Percent of CPU this job got: 99%
	Elapsed (wall clock) time (h:mm:ss or m:ss): 1:30.91
	Average shared text size (kbytes): 0
	Average unshared data size (kbytes): 0
	Average stack size (kbytes): 0
	Average total size (kbytes): 0
	Maximum resident set size (kbytes): 433136
	Average resident set size (kbytes): 0
	Major (requiring I/O) page faults: 0
	Minor (reclaiming a frame) page faults: 91830
	Voluntary context switches: 61
	Involuntary context switches: 284
	Swaps: 0
	File system inputs: 0
	File system outputs: 45616
	Socket messages sent: 0
	Socket messages received: 0
	Signals delivered: 0
	Page size (bytes): 4096
	Exit status: 0
