{"csv": "var/reports/profit_moonshot_20260501/current_tail_20260508/continuation/fresh_start_overhaul_replay_candidates.csv", "json": "var/reports/profit_moonshot_20260501/current_tail_20260508/continuation/fresh_start_overhaul_replay_latest.json", "markdown": "var/reports/profit_moonshot_20260501/current_tail_20260508/continuation/fresh_start_overhaul_replay_latest.md", "peak_rss_mib": 2129.16015625, "replay_survivor_count": 63, "spec_count": 4941, "success_candidate_count": 63}
	Command being timed: "uv run python scripts/research/replay_profit_moonshot_fresh_start.py --output-dir var/reports/profit_moonshot_20260501/current_tail_20260508/continuation --panel-cache-dir var/cache/profit_moonshot_fresh_start --refresh-panel-cache --oos-end-date 2026-05-08"
	User time (seconds): 214.34
	System time (seconds): 4.05
	Percent of CPU this job got: 98%
	Elapsed (wall clock) time (h:mm:ss or m:ss): 3:40.77
	Average shared text size (kbytes): 0
	Average unshared data size (kbytes): 0
	Average stack size (kbytes): 0
	Average total size (kbytes): 0
	Maximum resident set size (kbytes): 2180260
	Average resident set size (kbytes): 0
	Major (requiring I/O) page faults: 11983
	Minor (reclaiming a frame) page faults: 563220
	Voluntary context switches: 32743
	Involuntary context switches: 646
	Swaps: 0
	File system inputs: 3059072
	File system outputs: 20352
	Socket messages sent: 0
	Socket messages received: 0
	Signals delivered: 0
	Page size (bytes): 4096
	Exit status: 0
