{"funding_survivors": 0, "leadlag_survivors": 2, "output_json": "var/reports/profit_moonshot_20260501/current_tail_20260505/external_alpha_screen_all5/external_alpha_screen_all5_20260505.json", "output_md": "var/reports/profit_moonshot_20260501/current_tail_20260505/external_alpha_screen_all5/external_alpha_screen_all5_20260505.md", "peak_rss_mib": 2619.10546875}
	Command being timed: "uv run python scripts/research/screen_profit_moonshot_external_alpha.py --symbols BTC/USDT,ETH/USDT,BNB/USDT,SOL/USDT,TRX/USDT --start-date 2025-01-01 --end-date 2026-05-04 --output-json var/reports/profit_moonshot_20260501/current_tail_20260505/external_alpha_screen_all5/external_alpha_screen_all5_20260505.json --output-md var/reports/profit_moonshot_20260501/current_tail_20260505/external_alpha_screen_all5/external_alpha_screen_all5_20260505.md"
	User time (seconds): 168.67
	System time (seconds): 312.45
	Percent of CPU this job got: 378%
	Elapsed (wall clock) time (h:mm:ss or m:ss): 2:07.11
	Average shared text size (kbytes): 0
	Average unshared data size (kbytes): 0
	Average stack size (kbytes): 0
	Average total size (kbytes): 0
	Maximum resident set size (kbytes): 2681964
	Average resident set size (kbytes): 0
	Major (requiring I/O) page faults: 2
	Minor (reclaiming a frame) page faults: 677747
	Voluntary context switches: 10225440
	Involuntary context switches: 151257
	Swaps: 0
	File system inputs: 0
	File system outputs: 224
	Socket messages sent: 0
	Socket messages received: 0
	Signals delivered: 0
	Page size (bytes): 4096
	Exit status: 0
