	Command being timed: "uv run --extra optimize python scripts/research/optuna_tune_profit_moonshot_calendar.py --output-dir var/reports/profit_moonshot_20260501/current_tail_20260507/external_overhaul --n-trials 64 --seed 42"
	User time (seconds): 9.26
	System time (seconds): 0.21
	Percent of CPU this job got: 111%
	Elapsed (wall clock) time (h:mm:ss or m:ss): 0:08.53
	Average shared text size (kbytes): 0
	Average unshared data size (kbytes): 0
	Average stack size (kbytes): 0
	Average total size (kbytes): 0
	Maximum resident set size (kbytes): 258676
	Average resident set size (kbytes): 0
	Major (requiring I/O) page faults: 8
	Minor (reclaiming a frame) page faults: 48813
	Voluntary context switches: 725
	Involuntary context switches: 94
	Swaps: 0
	File system inputs: 5192
	File system outputs: 368
	Socket messages sent: 0
	Socket messages received: 0
	Signals delivered: 0
	Page size (bytes): 4096
	Exit status: 0
