	Command being timed: "uv run python scripts/research/replay_profit_moonshot_fresh_start.py --oos-end-date 2026-05-06 --output-dir var/reports/profit_moonshot_20260501/current_tail_20260507/external_overhaul"
	User time (seconds): 175.89
	System time (seconds): 0.33
	Percent of CPU this job got: 100%
	Elapsed (wall clock) time (h:mm:ss or m:ss): 2:55.18
	Average shared text size (kbytes): 0
	Average unshared data size (kbytes): 0
	Average stack size (kbytes): 0
	Average total size (kbytes): 0
	Maximum resident set size (kbytes): 288124
	Average resident set size (kbytes): 0
	Major (requiring I/O) page faults: 0
	Minor (reclaiming a frame) page faults: 55422
	Voluntary context switches: 508
	Involuntary context switches: 389
	Swaps: 0
	File system inputs: 0
	File system outputs: 16296
	Socket messages sent: 0
	Socket messages received: 0
	Signals delivered: 0
	Page size (bytes): 4096
	Exit status: 0
