	Command being timed: "uv run python scripts/research/tune_profit_moonshot_fresh_portfolio.py --candidate-csv var/reports/profit_moonshot_20260501/current_tail_20260507/external_overhaul/fresh_start_overhaul_replay_candidates.csv --output-dir var/reports/profit_moonshot_20260501/current_tail_20260507/external_overhaul --top-n 24 --max-sleeves 6 --max-combos-per-size 1000"
	User time (seconds): 59.81
	System time (seconds): 0.47
	Percent of CPU this job got: 101%
	Elapsed (wall clock) time (h:mm:ss or m:ss): 0:59.23
	Average shared text size (kbytes): 0
	Average unshared data size (kbytes): 0
	Average stack size (kbytes): 0
	Average total size (kbytes): 0
	Maximum resident set size (kbytes): 378996
	Average resident set size (kbytes): 0
	Major (requiring I/O) page faults: 0
	Minor (reclaiming a frame) page faults: 78959
	Voluntary context switches: 530
	Involuntary context switches: 154
	Swaps: 0
	File system inputs: 0
	File system outputs: 34080
	Socket messages sent: 0
	Socket messages received: 0
	Signals delivered: 0
	Page size (bytes): 4096
	Exit status: 0
