{"end_inclusive": "2025-12-31", "event": "live_equivalent_split_start", "generated_at": "2026-05-05T11:41:00.811285Z", "mode": "profit_moonshot_taker_flow_exhaustion_eth_mode", "split": "train", "start": "2025-01-01", "symbols": ["ETH/USDT"]}
{"chunk_days": 7, "chunk_end": "2025-01-07T23:59:59.999999", "chunk_start": "2025-01-01T00:00:00", "event": "live_equivalent_chunk_load", "generated_at": "2026-05-05T11:41:00.811713Z", "mode": "profit_moonshot_taker_flow_exhaustion_eth_mode", "split": "train"}
{"chunk_days": 7, "chunk_end": "2025-01-14T23:59:59.999999", "chunk_start": "2025-01-08T00:00:00", "event": "live_equivalent_chunk_load", "generated_at": "2026-05-05T11:41:04.042288Z", "mode": "profit_moonshot_taker_flow_exhaustion_eth_mode", "split": "train"}
{"chunk_days": 7, "chunk_end": "2025-01-21T23:59:59.999999", "chunk_start": "2025-01-15T00:00:00", "event": "live_equivalent_chunk_load", "generated_at": "2026-05-05T11:41:07.359775Z", "mode": "profit_moonshot_taker_flow_exhaustion_eth_mode", "split": "train"}
{"chunk_days": 7, "chunk_end": "2025-01-28T23:59:59.999999", "chunk_start": "2025-01-22T00:00:00", "event": "live_equivalent_chunk_load", "generated_at": "2026-05-05T11:41:10.547111Z", "mode": "profit_moonshot_taker_flow_exhaustion_eth_mode", "split": "train"}
{"chunk_days": 7, "chunk_end": "2025-02-04T23:59:59.999999", "chunk_start": "2025-01-29T00:00:00", "event": "live_equivalent_chunk_load", "generated_at": "2026-05-05T11:41:13.680557Z", "mode": "profit_moonshot_taker_flow_exhaustion_eth_mode", "split": "train"}
{"chunk_days": 7, "chunk_end": "2025-02-11T23:59:59.999999", "chunk_start": "2025-02-05T00:00:00", "event": "live_equivalent_chunk_load", "generated_at": "2026-05-05T11:41:16.993677Z", "mode": "profit_moonshot_taker_flow_exhaustion_eth_mode", "split": "train"}
{"chunk_days": 7, "chunk_end": "2025-02-18T23:59:59.999999", "chunk_start": "2025-02-12T00:00:00", "event": "live_equivalent_chunk_load", "generated_at": "2026-05-05T11:41:20.209452Z", "mode": "profit_moonshot_taker_flow_exhaustion_eth_mode", "split": "train"}
{"chunk_days": 7, "chunk_end": "2025-02-25T23:59:59.999999", "chunk_start": "2025-02-19T00:00:00", "event": "live_equivalent_chunk_load", "generated_at": "2026-05-05T11:41:23.397170Z", "mode": "profit_moonshot_taker_flow_exhaustion_eth_mode", "split": "train"}
{"chunk_days": 7, "chunk_end": "2025-03-04T23:59:59.999999", "chunk_start": "2025-02-26T00:00:00", "event": "live_equivalent_chunk_load", "generated_at": "2026-05-05T11:41:26.736735Z", "mode": "profit_moonshot_taker_flow_exhaustion_eth_mode", "split": "train"}
{"chunk_days": 7, "chunk_end": "2025-03-11T23:59:59.999999", "chunk_start": "2025-03-05T00:00:00", "event": "live_equivalent_chunk_load", "generated_at": "2026-05-05T11:41:30.021658Z", "mode": "profit_moonshot_taker_flow_exhaustion_eth_mode", "split": "train"}
{"chunk_days": 7, "chunk_end": "2025-03-18T23:59:59.999999", "chunk_start": "2025-03-12T00:00:00", "event": "live_equivalent_chunk_load", "generated_at": "2026-05-05T11:41:33.261295Z", "mode": "profit_moonshot_taker_flow_exhaustion_eth_mode", "split": "train"}
{"chunk_days": 7, "chunk_end": "2025-03-25T23:59:59.999999", "chunk_start": "2025-03-19T00:00:00", "event": "live_equivalent_chunk_load", "generated_at": "2026-05-05T11:41:36.477993Z", "mode": "profit_moonshot_taker_flow_exhaustion_eth_mode", "split": "train"}
{"chunk_days": 7, "chunk_end": "2025-04-01T23:59:59.999999", "chunk_start": "2025-03-26T00:00:00", "event": "live_equivalent_chunk_load", "generated_at": "2026-05-05T11:41:39.779742Z", "mode": "profit_moonshot_taker_flow_exhaustion_eth_mode", "split": "train"}
{"chunk_days": 7, "chunk_end": "2025-04-08T23:59:59.999999", "chunk_start": "2025-04-02T00:00:00", "event": "live_equivalent_chunk_load", "generated_at": "2026-05-05T11:41:43.067341Z", "mode": "profit_moonshot_taker_flow_exhaustion_eth_mode", "split": "train"}
{"chunk_days": 7, "chunk_end": "2025-04-15T23:59:59.999999", "chunk_start": "2025-04-09T00:00:00", "event": "live_equivalent_chunk_load", "generated_at": "2026-05-05T11:41:46.304483Z", "mode": "profit_moonshot_taker_flow_exhaustion_eth_mode", "split": "train"}
{"chunk_days": 7, "chunk_end": "2025-04-22T23:59:59.999999", "chunk_start": "2025-04-16T00:00:00", "event": "live_equivalent_chunk_load", "generated_at": "2026-05-05T11:41:49.587865Z", "mode": "profit_moonshot_taker_flow_exhaustion_eth_mode", "split": "train"}
{"chunk_days": 7, "chunk_end": "2025-04-29T23:59:59.999999", "chunk_start": "2025-04-23T00:00:00", "event": "live_equivalent_chunk_load", "generated_at": "2026-05-05T11:41:52.800399Z", "mode": "profit_moonshot_taker_flow_exhaustion_eth_mode", "split": "train"}
{"chunk_days": 7, "chunk_end": "2025-05-06T23:59:59.999999", "chunk_start": "2025-04-30T00:00:00", "event": "live_equivalent_chunk_load", "generated_at": "2026-05-05T11:41:56.010770Z", "mode": "profit_moonshot_taker_flow_exhaustion_eth_mode", "split": "train"}
{"chunk_days": 7, "chunk_end": "2025-05-13T23:59:59.999999", "chunk_start": "2025-05-07T00:00:00", "event": "live_equivalent_chunk_load", "generated_at": "2026-05-05T11:41:59.441833Z", "mode": "profit_moonshot_taker_flow_exhaustion_eth_mode", "split": "train"}
{"chunk_days": 7, "chunk_end": "2025-05-20T23:59:59.999999", "chunk_start": "2025-05-14T00:00:00", "event": "live_equivalent_chunk_load", "generated_at": "2026-05-05T11:42:02.699014Z", "mode": "profit_moonshot_taker_flow_exhaustion_eth_mode", "split": "train"}
{"chunk_days": 7, "chunk_end": "2025-05-27T23:59:59.999999", "chunk_start": "2025-05-21T00:00:00", "event": "live_equivalent_chunk_load", "generated_at": "2026-05-05T11:42:05.839237Z", "mode": "profit_moonshot_taker_flow_exhaustion_eth_mode", "split": "train"}
{"chunk_days": 7, "chunk_end": "2025-06-03T23:59:59.999999", "chunk_start": "2025-05-28T00:00:00", "event": "live_equivalent_chunk_load", "generated_at": "2026-05-05T11:42:09.021788Z", "mode": "profit_moonshot_taker_flow_exhaustion_eth_mode", "split": "train"}
{"chunk_days": 7, "chunk_end": "2025-06-10T23:59:59.999999", "chunk_start": "2025-06-04T00:00:00", "event": "live_equivalent_chunk_load", "generated_at": "2026-05-05T11:42:12.152634Z", "mode": "profit_moonshot_taker_flow_exhaustion_eth_mode", "split": "train"}
{"chunk_days": 7, "chunk_end": "2025-06-17T23:59:59.999999", "chunk_start": "2025-06-11T00:00:00", "event": "live_equivalent_chunk_load", "generated_at": "2026-05-05T11:42:15.267233Z", "mode": "profit_moonshot_taker_flow_exhaustion_eth_mode", "split": "train"}
{"chunk_days": 7, "chunk_end": "2025-06-24T23:59:59.999999", "chunk_start": "2025-06-18T00:00:00", "event": "live_equivalent_chunk_load", "generated_at": "2026-05-05T11:42:18.436072Z", "mode": "profit_moonshot_taker_flow_exhaustion_eth_mode", "split": "train"}
{"chunk_days": 7, "chunk_end": "2025-07-01T23:59:59.999999", "chunk_start": "2025-06-25T00:00:00", "event": "live_equivalent_chunk_load", "generated_at": "2026-05-05T11:42:21.651811Z", "mode": "profit_moonshot_taker_flow_exhaustion_eth_mode", "split": "train"}
{"chunk_days": 7, "chunk_end": "2025-07-08T23:59:59.999999", "chunk_start": "2025-07-02T00:00:00", "event": "live_equivalent_chunk_load", "generated_at": "2026-05-05T11:42:24.776181Z", "mode": "profit_moonshot_taker_flow_exhaustion_eth_mode", "split": "train"}
{"chunk_days": 7, "chunk_end": "2025-07-15T23:59:59.999999", "chunk_start": "2025-07-09T00:00:00", "event": "live_equivalent_chunk_load", "generated_at": "2026-05-05T11:42:28.097914Z", "mode": "profit_moonshot_taker_flow_exhaustion_eth_mode", "split": "train"}
{"chunk_days": 7, "chunk_end": "2025-07-22T23:59:59.999999", "chunk_start": "2025-07-16T00:00:00", "event": "live_equivalent_chunk_load", "generated_at": "2026-05-05T11:42:31.309646Z", "mode": "profit_moonshot_taker_flow_exhaustion_eth_mode", "split": "train"}
{"chunk_days": 7, "chunk_end": "2025-07-29T23:59:59.999999", "chunk_start": "2025-07-23T00:00:00", "event": "live_equivalent_chunk_load", "generated_at": "2026-05-05T11:42:34.687475Z", "mode": "profit_moonshot_taker_flow_exhaustion_eth_mode", "split": "train"}
{"chunk_days": 7, "chunk_end": "2025-08-05T23:59:59.999999", "chunk_start": "2025-07-30T00:00:00", "event": "live_equivalent_chunk_load", "generated_at": "2026-05-05T11:42:37.850472Z", "mode": "profit_moonshot_taker_flow_exhaustion_eth_mode", "split": "train"}
{"chunk_days": 7, "chunk_end": "2025-08-12T23:59:59.999999", "chunk_start": "2025-08-06T00:00:00", "event": "live_equivalent_chunk_load", "generated_at": "2026-05-05T11:42:41.093515Z", "mode": "profit_moonshot_taker_flow_exhaustion_eth_mode", "split": "train"}
{"chunk_days": 7, "chunk_end": "2025-08-19T23:59:59.999999", "chunk_start": "2025-08-13T00:00:00", "event": "live_equivalent_chunk_load", "generated_at": "2026-05-05T11:42:44.264046Z", "mode": "profit_moonshot_taker_flow_exhaustion_eth_mode", "split": "train"}
{"chunk_days": 7, "chunk_end": "2025-08-26T23:59:59.999999", "chunk_start": "2025-08-20T00:00:00", "event": "live_equivalent_chunk_load", "generated_at": "2026-05-05T11:42:47.454496Z", "mode": "profit_moonshot_taker_flow_exhaustion_eth_mode", "split": "train"}
{"chunk_days": 7, "chunk_end": "2025-09-02T23:59:59.999999", "chunk_start": "2025-08-27T00:00:00", "event": "live_equivalent_chunk_load", "generated_at": "2026-05-05T11:42:50.645997Z", "mode": "profit_moonshot_taker_flow_exhaustion_eth_mode", "split": "train"}
{"chunk_days": 7, "chunk_end": "2025-09-09T23:59:59.999999", "chunk_start": "2025-09-03T00:00:00", "event": "live_equivalent_chunk_load", "generated_at": "2026-05-05T11:42:53.789215Z", "mode": "profit_moonshot_taker_flow_exhaustion_eth_mode", "split": "train"}
{"chunk_days": 7, "chunk_end": "2025-09-16T23:59:59.999999", "chunk_start": "2025-09-10T00:00:00", "event": "live_equivalent_chunk_load", "generated_at": "2026-05-05T11:42:57.005520Z", "mode": "profit_moonshot_taker_flow_exhaustion_eth_mode", "split": "train"}
{"chunk_days": 7, "chunk_end": "2025-09-23T23:59:59.999999", "chunk_start": "2025-09-17T00:00:00", "event": "live_equivalent_chunk_load", "generated_at": "2026-05-05T11:43:00.183511Z", "mode": "profit_moonshot_taker_flow_exhaustion_eth_mode", "split": "train"}
{"chunk_days": 7, "chunk_end": "2025-09-30T23:59:59.999999", "chunk_start": "2025-09-24T00:00:00", "event": "live_equivalent_chunk_load", "generated_at": "2026-05-05T11:43:03.349469Z", "mode": "profit_moonshot_taker_flow_exhaustion_eth_mode", "split": "train"}
{"chunk_days": 7, "chunk_end": "2025-10-07T23:59:59.999999", "chunk_start": "2025-10-01T00:00:00", "event": "live_equivalent_chunk_load", "generated_at": "2026-05-05T11:43:06.688913Z", "mode": "profit_moonshot_taker_flow_exhaustion_eth_mode", "split": "train"}
{"chunk_days": 7, "chunk_end": "2025-10-14T23:59:59.999999", "chunk_start": "2025-10-08T00:00:00", "event": "live_equivalent_chunk_load", "generated_at": "2026-05-05T11:43:09.849871Z", "mode": "profit_moonshot_taker_flow_exhaustion_eth_mode", "split": "train"}
{"chunk_days": 7, "chunk_end": "2025-10-21T23:59:59.999999", "chunk_start": "2025-10-15T00:00:00", "event": "live_equivalent_chunk_load", "generated_at": "2026-05-05T11:43:13.122958Z", "mode": "profit_moonshot_taker_flow_exhaustion_eth_mode", "split": "train"}
{"chunk_days": 7, "chunk_end": "2025-10-28T23:59:59.999999", "chunk_start": "2025-10-22T00:00:00", "event": "live_equivalent_chunk_load", "generated_at": "2026-05-05T11:43:16.455791Z", "mode": "profit_moonshot_taker_flow_exhaustion_eth_mode", "split": "train"}
{"chunk_days": 7, "chunk_end": "2025-11-04T23:59:59.999999", "chunk_start": "2025-10-29T00:00:00", "event": "live_equivalent_chunk_load", "generated_at": "2026-05-05T11:43:19.644766Z", "mode": "profit_moonshot_taker_flow_exhaustion_eth_mode", "split": "train"}
{"chunk_days": 7, "chunk_end": "2025-11-11T23:59:59.999999", "chunk_start": "2025-11-05T00:00:00", "event": "live_equivalent_chunk_load", "generated_at": "2026-05-05T11:43:22.851230Z", "mode": "profit_moonshot_taker_flow_exhaustion_eth_mode", "split": "train"}
{"chunk_days": 7, "chunk_end": "2025-11-18T23:59:59.999999", "chunk_start": "2025-11-12T00:00:00", "event": "live_equivalent_chunk_load", "generated_at": "2026-05-05T11:43:26.031261Z", "mode": "profit_moonshot_taker_flow_exhaustion_eth_mode", "split": "train"}
{"chunk_days": 7, "chunk_end": "2025-11-25T23:59:59.999999", "chunk_start": "2025-11-19T00:00:00", "event": "live_equivalent_chunk_load", "generated_at": "2026-05-05T11:43:29.237194Z", "mode": "profit_moonshot_taker_flow_exhaustion_eth_mode", "split": "train"}
{"chunk_days": 7, "chunk_end": "2025-12-02T23:59:59.999999", "chunk_start": "2025-11-26T00:00:00", "event": "live_equivalent_chunk_load", "generated_at": "2026-05-05T11:43:32.420550Z", "mode": "profit_moonshot_taker_flow_exhaustion_eth_mode", "split": "train"}
{"chunk_days": 7, "chunk_end": "2025-12-09T23:59:59.999999", "chunk_start": "2025-12-03T00:00:00", "event": "live_equivalent_chunk_load", "generated_at": "2026-05-05T11:43:35.622815Z", "mode": "profit_moonshot_taker_flow_exhaustion_eth_mode", "split": "train"}
{"chunk_days": 7, "chunk_end": "2025-12-16T23:59:59.999999", "chunk_start": "2025-12-10T00:00:00", "event": "live_equivalent_chunk_load", "generated_at": "2026-05-05T11:43:38.762638Z", "mode": "profit_moonshot_taker_flow_exhaustion_eth_mode", "split": "train"}
{"chunk_days": 7, "chunk_end": "2025-12-23T23:59:59.999999", "chunk_start": "2025-12-17T00:00:00", "event": "live_equivalent_chunk_load", "generated_at": "2026-05-05T11:43:42.012807Z", "mode": "profit_moonshot_taker_flow_exhaustion_eth_mode", "split": "train"}
{"chunk_days": 7, "chunk_end": "2025-12-30T23:59:59.999999", "chunk_start": "2025-12-24T00:00:00", "event": "live_equivalent_chunk_load", "generated_at": "2026-05-05T11:43:45.219872Z", "mode": "profit_moonshot_taker_flow_exhaustion_eth_mode", "split": "train"}
{"chunk_days": 7, "chunk_end": "2025-12-31T23:59:59.999999", "chunk_start": "2025-12-31T00:00:00", "event": "live_equivalent_chunk_load", "generated_at": "2026-05-05T11:43:48.563240Z", "mode": "profit_moonshot_taker_flow_exhaustion_eth_mode", "split": "train"}
{"event": "live_equivalent_split_complete", "final_equity": 10000.889753189327, "generated_at": "2026-05-05T11:43:49.173720Z", "metrics": {"cagr": 4.2755932350146963e-08, "calmar": 0.0008902586022641279, "max_drawdown": 4.8026418662407765e-05, "sharpe": 0.026952421993404724, "sortino": 0.0024000807589889804, "total_return": 8.897531893281574e-05, "volatility": 1.5863950880071876e-06}, "mode": "profit_moonshot_taker_flow_exhaustion_eth_mode", "split": "train", "trade_count": 4}
{"end_inclusive": "2026-02-28", "event": "live_equivalent_split_start", "generated_at": "2026-05-05T11:43:49.173787Z", "mode": "profit_moonshot_taker_flow_exhaustion_eth_mode", "split": "val", "start": "2026-01-01", "symbols": ["ETH/USDT"]}
{"chunk_days": 7, "chunk_end": "2026-01-07T23:59:59.999999", "chunk_start": "2026-01-01T00:00:00", "event": "live_equivalent_chunk_load", "generated_at": "2026-05-05T11:43:49.174277Z", "mode": "profit_moonshot_taker_flow_exhaustion_eth_mode", "split": "val"}
{"chunk_days": 7, "chunk_end": "2026-01-14T23:59:59.999999", "chunk_start": "2026-01-08T00:00:00", "event": "live_equivalent_chunk_load", "generated_at": "2026-05-05T11:43:52.398926Z", "mode": "profit_moonshot_taker_flow_exhaustion_eth_mode", "split": "val"}
{"chunk_days": 7, "chunk_end": "2026-01-21T23:59:59.999999", "chunk_start": "2026-01-15T00:00:00", "event": "live_equivalent_chunk_load", "generated_at": "2026-05-05T11:43:55.640747Z", "mode": "profit_moonshot_taker_flow_exhaustion_eth_mode", "split": "val"}
{"chunk_days": 7, "chunk_end": "2026-01-28T23:59:59.999999", "chunk_start": "2026-01-22T00:00:00", "event": "live_equivalent_chunk_load", "generated_at": "2026-05-05T11:43:58.756706Z", "mode": "profit_moonshot_taker_flow_exhaustion_eth_mode", "split": "val"}
{"chunk_days": 7, "chunk_end": "2026-02-04T23:59:59.999999", "chunk_start": "2026-01-29T00:00:00", "event": "live_equivalent_chunk_load", "generated_at": "2026-05-05T11:44:01.953616Z", "mode": "profit_moonshot_taker_flow_exhaustion_eth_mode", "split": "val"}
{"chunk_days": 7, "chunk_end": "2026-02-11T23:59:59.999999", "chunk_start": "2026-02-05T00:00:00", "event": "live_equivalent_chunk_load", "generated_at": "2026-05-05T11:44:05.231805Z", "mode": "profit_moonshot_taker_flow_exhaustion_eth_mode", "split": "val"}
{"chunk_days": 7, "chunk_end": "2026-02-18T23:59:59.999999", "chunk_start": "2026-02-12T00:00:00", "event": "live_equivalent_chunk_load", "generated_at": "2026-05-05T11:44:08.457384Z", "mode": "profit_moonshot_taker_flow_exhaustion_eth_mode", "split": "val"}
{"chunk_days": 7, "chunk_end": "2026-02-25T23:59:59.999999", "chunk_start": "2026-02-19T00:00:00", "event": "live_equivalent_chunk_load", "generated_at": "2026-05-05T11:44:11.605051Z", "mode": "profit_moonshot_taker_flow_exhaustion_eth_mode", "split": "val"}
{"chunk_days": 7, "chunk_end": "2026-02-28T23:59:59.999999", "chunk_start": "2026-02-26T00:00:00", "event": "live_equivalent_chunk_load", "generated_at": "2026-05-05T11:44:14.731007Z", "mode": "profit_moonshot_taker_flow_exhaustion_eth_mode", "split": "val"}
{"event": "live_equivalent_split_complete", "final_equity": 10000.0, "generated_at": "2026-05-05T11:44:16.122794Z", "metrics": {"cagr": 0.0, "calmar": 0.0, "max_drawdown": 0.0, "sharpe": 0.0, "sortino": 0.0, "total_return": 0.0, "volatility": 0.0}, "mode": "profit_moonshot_taker_flow_exhaustion_eth_mode", "split": "val", "trade_count": 0}
{"end_inclusive": "2026-05-04", "event": "live_equivalent_split_start", "generated_at": "2026-05-05T11:44:16.122849Z", "mode": "profit_moonshot_taker_flow_exhaustion_eth_mode", "split": "oos", "start": "2026-03-01", "symbols": ["ETH/USDT"]}
{"chunk_days": 7, "chunk_end": "2026-03-07T23:59:59.999999", "chunk_start": "2026-03-01T00:00:00", "event": "live_equivalent_chunk_load", "generated_at": "2026-05-05T11:44:16.123316Z", "mode": "profit_moonshot_taker_flow_exhaustion_eth_mode", "split": "oos"}
{"chunk_days": 7, "chunk_end": "2026-03-14T23:59:59.999999", "chunk_start": "2026-03-08T00:00:00", "event": "live_equivalent_chunk_load", "generated_at": "2026-05-05T11:44:19.202849Z", "mode": "profit_moonshot_taker_flow_exhaustion_eth_mode", "split": "oos"}
{"chunk_days": 7, "chunk_end": "2026-03-21T23:59:59.999999", "chunk_start": "2026-03-15T00:00:00", "event": "live_equivalent_chunk_load", "generated_at": "2026-05-05T11:44:22.421905Z", "mode": "profit_moonshot_taker_flow_exhaustion_eth_mode", "split": "oos"}
{"chunk_days": 7, "chunk_end": "2026-03-28T23:59:59.999999", "chunk_start": "2026-03-22T00:00:00", "event": "live_equivalent_chunk_load", "generated_at": "2026-05-05T11:44:25.456844Z", "mode": "profit_moonshot_taker_flow_exhaustion_eth_mode", "split": "oos"}
{"chunk_days": 7, "chunk_end": "2026-04-04T23:59:59.999999", "chunk_start": "2026-03-29T00:00:00", "event": "live_equivalent_chunk_load", "generated_at": "2026-05-05T11:44:28.662312Z", "mode": "profit_moonshot_taker_flow_exhaustion_eth_mode", "split": "oos"}
{"chunk_days": 7, "chunk_end": "2026-04-11T23:59:59.999999", "chunk_start": "2026-04-05T00:00:00", "event": "live_equivalent_chunk_load", "generated_at": "2026-05-05T11:44:31.858311Z", "mode": "profit_moonshot_taker_flow_exhaustion_eth_mode", "split": "oos"}
{"chunk_days": 7, "chunk_end": "2026-04-18T23:59:59.999999", "chunk_start": "2026-04-12T00:00:00", "event": "live_equivalent_chunk_load", "generated_at": "2026-05-05T11:44:34.945726Z", "mode": "profit_moonshot_taker_flow_exhaustion_eth_mode", "split": "oos"}
{"chunk_days": 7, "chunk_end": "2026-04-25T23:59:59.999999", "chunk_start": "2026-04-19T00:00:00", "event": "live_equivalent_chunk_load", "generated_at": "2026-05-05T11:44:38.111604Z", "mode": "profit_moonshot_taker_flow_exhaustion_eth_mode", "split": "oos"}
{"chunk_days": 7, "chunk_end": "2026-05-02T23:59:59.999999", "chunk_start": "2026-04-26T00:00:00", "event": "live_equivalent_chunk_load", "generated_at": "2026-05-05T11:44:41.205112Z", "mode": "profit_moonshot_taker_flow_exhaustion_eth_mode", "split": "oos"}
{"chunk_days": 7, "chunk_end": "2026-05-04T23:59:59.999999", "chunk_start": "2026-05-03T00:00:00", "event": "live_equivalent_chunk_load", "generated_at": "2026-05-05T11:44:44.406069Z", "mode": "profit_moonshot_taker_flow_exhaustion_eth_mode", "split": "oos"}
{"event": "live_equivalent_split_complete", "final_equity": 10000.0, "generated_at": "2026-05-05T11:44:45.382197Z", "metrics": {"cagr": 0.0, "calmar": 0.0, "max_drawdown": 0.0, "sharpe": 0.0, "sortino": 0.0, "total_return": 0.0, "volatility": 0.0}, "mode": "profit_moonshot_taker_flow_exhaustion_eth_mode", "split": "oos", "trade_count": 0}
{
  "artifact_reset_csv": "/home/hoky/Quants-agent/LuminaQuant/var/reports/profit_moonshot_20260501/current_tail_20260505/live_equivalent/profit_moonshot_taker_flow_exhaustion_eth_mode/live_equivalent_revalidation_artifact_reset_20260426.csv",
  "json": "/home/hoky/Quants-agent/LuminaQuant/var/reports/profit_moonshot_20260501/current_tail_20260505/live_equivalent/profit_moonshot_taker_flow_exhaustion_eth_mode/live_equivalent_revalidation_latest.json",
  "live_decision": "",
  "markdown": "/home/hoky/Quants-agent/LuminaQuant/var/reports/profit_moonshot_20260501/current_tail_20260505/live_equivalent/profit_moonshot_taker_flow_exhaustion_eth_mode/live_equivalent_revalidation_latest.md",
  "mode_csv": "/home/hoky/Quants-agent/LuminaQuant/var/reports/profit_moonshot_20260501/current_tail_20260505/live_equivalent/profit_moonshot_taker_flow_exhaustion_eth_mode/live_equivalent_revalidation_candidates_20260426.csv"
}
	Command being timed: "uv run python scripts/research/revalidate_live_equivalent_candidates.py --output-dir var/reports/profit_moonshot_20260501/current_tail_20260505/live_equivalent/profit_moonshot_taker_flow_exhaustion_eth_mode --backtest-checkpoint-path var/reports/profit_moonshot_20260501/current_tail_20260505/live_equivalent/profit_moonshot_taker_flow_exhaustion_eth_mode_checkpoint.json --portfolio-modes profit_moonshot_taker_flow_exhaustion_eth_mode --execute-backtests --chunk-days 7 --no-live-decision-update"
	User time (seconds): 230.70
	System time (seconds): 28.94
	Percent of CPU this job got: 114%
	Elapsed (wall clock) time (h:mm:ss or m:ss): 3:45.82
	Average shared text size (kbytes): 0
	Average unshared data size (kbytes): 0
	Average stack size (kbytes): 0
	Average total size (kbytes): 0
	Maximum resident set size (kbytes): 1308796
	Average resident set size (kbytes): 0
	Major (requiring I/O) page faults: 0
	Minor (reclaiming a frame) page faults: 1771119
	Voluntary context switches: 1100201
	Involuntary context switches: 7309
	Swaps: 0
	File system inputs: 0
	File system outputs: 6536
	Socket messages sent: 0
	Socket messages received: 0
	Signals delivered: 0
	Page size (bytes): 4096
	Exit status: 0
