{"end_inclusive": "2025-12-31", "event": "live_equivalent_split_start", "generated_at": "2026-05-05T10:51:31.033232Z", "mode": "profit_moonshot_hourly_shock_reversion_eth_12h_funding_guard_mode", "split": "train", "start": "2025-01-01", "symbols": ["ETH/USDT"]}
{"chunk_days": 7, "chunk_end": "2025-01-07T23:59:59.999999", "chunk_start": "2025-01-01T00:00:00", "event": "live_equivalent_chunk_load", "generated_at": "2026-05-05T10:51:31.033705Z", "mode": "profit_moonshot_hourly_shock_reversion_eth_12h_funding_guard_mode", "split": "train"}
{"chunk_days": 7, "chunk_end": "2025-01-14T23:59:59.999999", "chunk_start": "2025-01-08T00:00:00", "event": "live_equivalent_chunk_load", "generated_at": "2026-05-05T10:51:35.699938Z", "mode": "profit_moonshot_hourly_shock_reversion_eth_12h_funding_guard_mode", "split": "train"}
{"chunk_days": 7, "chunk_end": "2025-01-21T23:59:59.999999", "chunk_start": "2025-01-15T00:00:00", "event": "live_equivalent_chunk_load", "generated_at": "2026-05-05T10:51:40.982696Z", "mode": "profit_moonshot_hourly_shock_reversion_eth_12h_funding_guard_mode", "split": "train"}
{"chunk_days": 7, "chunk_end": "2025-01-28T23:59:59.999999", "chunk_start": "2025-01-22T00:00:00", "event": "live_equivalent_chunk_load", "generated_at": "2026-05-05T10:51:46.187996Z", "mode": "profit_moonshot_hourly_shock_reversion_eth_12h_funding_guard_mode", "split": "train"}
{"chunk_days": 7, "chunk_end": "2025-02-04T23:59:59.999999", "chunk_start": "2025-01-29T00:00:00", "event": "live_equivalent_chunk_load", "generated_at": "2026-05-05T10:51:51.579427Z", "mode": "profit_moonshot_hourly_shock_reversion_eth_12h_funding_guard_mode", "split": "train"}
{"chunk_days": 7, "chunk_end": "2025-02-11T23:59:59.999999", "chunk_start": "2025-02-05T00:00:00", "event": "live_equivalent_chunk_load", "generated_at": "2026-05-05T10:51:56.893395Z", "mode": "profit_moonshot_hourly_shock_reversion_eth_12h_funding_guard_mode", "split": "train"}
[Realism] Partial Fill: Req 0.029 > Limit 0.0115. Filling 0.011500000000000002 and keeping remainder.
{"chunk_days": 7, "chunk_end": "2025-02-18T23:59:59.999999", "chunk_start": "2025-02-12T00:00:00", "event": "live_equivalent_chunk_load", "generated_at": "2026-05-05T10:52:02.254656Z", "mode": "profit_moonshot_hourly_shock_reversion_eth_12h_funding_guard_mode", "split": "train"}
{"chunk_days": 7, "chunk_end": "2025-02-25T23:59:59.999999", "chunk_start": "2025-02-19T00:00:00", "event": "live_equivalent_chunk_load", "generated_at": "2026-05-05T10:52:07.607494Z", "mode": "profit_moonshot_hourly_shock_reversion_eth_12h_funding_guard_mode", "split": "train"}
{"chunk_days": 7, "chunk_end": "2025-03-04T23:59:59.999999", "chunk_start": "2025-02-26T00:00:00", "event": "live_equivalent_chunk_load", "generated_at": "2026-05-05T10:52:12.967663Z", "mode": "profit_moonshot_hourly_shock_reversion_eth_12h_funding_guard_mode", "split": "train"}
{"chunk_days": 7, "chunk_end": "2025-03-11T23:59:59.999999", "chunk_start": "2025-03-05T00:00:00", "event": "live_equivalent_chunk_load", "generated_at": "2026-05-05T10:52:18.308954Z", "mode": "profit_moonshot_hourly_shock_reversion_eth_12h_funding_guard_mode", "split": "train"}
{"chunk_days": 7, "chunk_end": "2025-03-18T23:59:59.999999", "chunk_start": "2025-03-12T00:00:00", "event": "live_equivalent_chunk_load", "generated_at": "2026-05-05T10:52:23.627146Z", "mode": "profit_moonshot_hourly_shock_reversion_eth_12h_funding_guard_mode", "split": "train"}
{"chunk_days": 7, "chunk_end": "2025-03-25T23:59:59.999999", "chunk_start": "2025-03-19T00:00:00", "event": "live_equivalent_chunk_load", "generated_at": "2026-05-05T10:52:29.033312Z", "mode": "profit_moonshot_hourly_shock_reversion_eth_12h_funding_guard_mode", "split": "train"}
{"chunk_days": 7, "chunk_end": "2025-04-01T23:59:59.999999", "chunk_start": "2025-03-26T00:00:00", "event": "live_equivalent_chunk_load", "generated_at": "2026-05-05T10:52:34.446421Z", "mode": "profit_moonshot_hourly_shock_reversion_eth_12h_funding_guard_mode", "split": "train"}
{"chunk_days": 7, "chunk_end": "2025-04-08T23:59:59.999999", "chunk_start": "2025-04-02T00:00:00", "event": "live_equivalent_chunk_load", "generated_at": "2026-05-05T10:52:39.833359Z", "mode": "profit_moonshot_hourly_shock_reversion_eth_12h_funding_guard_mode", "split": "train"}
{"chunk_days": 7, "chunk_end": "2025-04-15T23:59:59.999999", "chunk_start": "2025-04-09T00:00:00", "event": "live_equivalent_chunk_load", "generated_at": "2026-05-05T10:52:45.152822Z", "mode": "profit_moonshot_hourly_shock_reversion_eth_12h_funding_guard_mode", "split": "train"}
{"chunk_days": 7, "chunk_end": "2025-04-22T23:59:59.999999", "chunk_start": "2025-04-16T00:00:00", "event": "live_equivalent_chunk_load", "generated_at": "2026-05-05T10:52:50.560819Z", "mode": "profit_moonshot_hourly_shock_reversion_eth_12h_funding_guard_mode", "split": "train"}
{"chunk_days": 7, "chunk_end": "2025-04-29T23:59:59.999999", "chunk_start": "2025-04-23T00:00:00", "event": "live_equivalent_chunk_load", "generated_at": "2026-05-05T10:52:56.049263Z", "mode": "profit_moonshot_hourly_shock_reversion_eth_12h_funding_guard_mode", "split": "train"}
{"chunk_days": 7, "chunk_end": "2025-05-06T23:59:59.999999", "chunk_start": "2025-04-30T00:00:00", "event": "live_equivalent_chunk_load", "generated_at": "2026-05-05T10:53:01.493646Z", "mode": "profit_moonshot_hourly_shock_reversion_eth_12h_funding_guard_mode", "split": "train"}
{"chunk_days": 7, "chunk_end": "2025-05-13T23:59:59.999999", "chunk_start": "2025-05-07T00:00:00", "event": "live_equivalent_chunk_load", "generated_at": "2026-05-05T10:53:07.039613Z", "mode": "profit_moonshot_hourly_shock_reversion_eth_12h_funding_guard_mode", "split": "train"}
{"chunk_days": 7, "chunk_end": "2025-05-20T23:59:59.999999", "chunk_start": "2025-05-14T00:00:00", "event": "live_equivalent_chunk_load", "generated_at": "2026-05-05T10:53:12.456036Z", "mode": "profit_moonshot_hourly_shock_reversion_eth_12h_funding_guard_mode", "split": "train"}
{"chunk_days": 7, "chunk_end": "2025-05-27T23:59:59.999999", "chunk_start": "2025-05-21T00:00:00", "event": "live_equivalent_chunk_load", "generated_at": "2026-05-05T10:53:17.885720Z", "mode": "profit_moonshot_hourly_shock_reversion_eth_12h_funding_guard_mode", "split": "train"}
{"chunk_days": 7, "chunk_end": "2025-06-03T23:59:59.999999", "chunk_start": "2025-05-28T00:00:00", "event": "live_equivalent_chunk_load", "generated_at": "2026-05-05T10:53:23.265823Z", "mode": "profit_moonshot_hourly_shock_reversion_eth_12h_funding_guard_mode", "split": "train"}
{"chunk_days": 7, "chunk_end": "2025-06-10T23:59:59.999999", "chunk_start": "2025-06-04T00:00:00", "event": "live_equivalent_chunk_load", "generated_at": "2026-05-05T10:53:28.677814Z", "mode": "profit_moonshot_hourly_shock_reversion_eth_12h_funding_guard_mode", "split": "train"}
{"chunk_days": 7, "chunk_end": "2025-06-17T23:59:59.999999", "chunk_start": "2025-06-11T00:00:00", "event": "live_equivalent_chunk_load", "generated_at": "2026-05-05T10:53:34.267569Z", "mode": "profit_moonshot_hourly_shock_reversion_eth_12h_funding_guard_mode", "split": "train"}
{"chunk_days": 7, "chunk_end": "2025-06-24T23:59:59.999999", "chunk_start": "2025-06-18T00:00:00", "event": "live_equivalent_chunk_load", "generated_at": "2026-05-05T10:53:39.675681Z", "mode": "profit_moonshot_hourly_shock_reversion_eth_12h_funding_guard_mode", "split": "train"}
[Realism] Partial Fill: Req 0.031 > Limit 0.0000. Filling 0.0 and keeping remainder.
{"chunk_days": 7, "chunk_end": "2025-07-01T23:59:59.999999", "chunk_start": "2025-06-25T00:00:00", "event": "live_equivalent_chunk_load", "generated_at": "2026-05-05T10:53:45.176785Z", "mode": "profit_moonshot_hourly_shock_reversion_eth_12h_funding_guard_mode", "split": "train"}
{"chunk_days": 7, "chunk_end": "2025-07-08T23:59:59.999999", "chunk_start": "2025-07-02T00:00:00", "event": "live_equivalent_chunk_load", "generated_at": "2026-05-05T10:53:50.717919Z", "mode": "profit_moonshot_hourly_shock_reversion_eth_12h_funding_guard_mode", "split": "train"}
{"chunk_days": 7, "chunk_end": "2025-07-15T23:59:59.999999", "chunk_start": "2025-07-09T00:00:00", "event": "live_equivalent_chunk_load", "generated_at": "2026-05-05T10:53:56.403076Z", "mode": "profit_moonshot_hourly_shock_reversion_eth_12h_funding_guard_mode", "split": "train"}
{"chunk_days": 7, "chunk_end": "2025-07-22T23:59:59.999999", "chunk_start": "2025-07-16T00:00:00", "event": "live_equivalent_chunk_load", "generated_at": "2026-05-05T10:54:02.539393Z", "mode": "profit_moonshot_hourly_shock_reversion_eth_12h_funding_guard_mode", "split": "train"}
{"chunk_days": 7, "chunk_end": "2025-07-29T23:59:59.999999", "chunk_start": "2025-07-23T00:00:00", "event": "live_equivalent_chunk_load", "generated_at": "2026-05-05T10:54:09.538734Z", "mode": "profit_moonshot_hourly_shock_reversion_eth_12h_funding_guard_mode", "split": "train"}
{"chunk_days": 7, "chunk_end": "2025-08-05T23:59:59.999999", "chunk_start": "2025-07-30T00:00:00", "event": "live_equivalent_chunk_load", "generated_at": "2026-05-05T10:54:15.436016Z", "mode": "profit_moonshot_hourly_shock_reversion_eth_12h_funding_guard_mode", "split": "train"}
{"chunk_days": 7, "chunk_end": "2025-08-12T23:59:59.999999", "chunk_start": "2025-08-06T00:00:00", "event": "live_equivalent_chunk_load", "generated_at": "2026-05-05T10:54:21.309287Z", "mode": "profit_moonshot_hourly_shock_reversion_eth_12h_funding_guard_mode", "split": "train"}
{"chunk_days": 7, "chunk_end": "2025-08-19T23:59:59.999999", "chunk_start": "2025-08-13T00:00:00", "event": "live_equivalent_chunk_load", "generated_at": "2026-05-05T10:54:27.123968Z", "mode": "profit_moonshot_hourly_shock_reversion_eth_12h_funding_guard_mode", "split": "train"}
{"chunk_days": 7, "chunk_end": "2025-08-26T23:59:59.999999", "chunk_start": "2025-08-20T00:00:00", "event": "live_equivalent_chunk_load", "generated_at": "2026-05-05T10:54:32.761169Z", "mode": "profit_moonshot_hourly_shock_reversion_eth_12h_funding_guard_mode", "split": "train"}
{"chunk_days": 7, "chunk_end": "2025-09-02T23:59:59.999999", "chunk_start": "2025-08-27T00:00:00", "event": "live_equivalent_chunk_load", "generated_at": "2026-05-05T10:54:38.432989Z", "mode": "profit_moonshot_hourly_shock_reversion_eth_12h_funding_guard_mode", "split": "train"}
{"chunk_days": 7, "chunk_end": "2025-09-09T23:59:59.999999", "chunk_start": "2025-09-03T00:00:00", "event": "live_equivalent_chunk_load", "generated_at": "2026-05-05T10:54:44.021758Z", "mode": "profit_moonshot_hourly_shock_reversion_eth_12h_funding_guard_mode", "split": "train"}
{"chunk_days": 7, "chunk_end": "2025-09-16T23:59:59.999999", "chunk_start": "2025-09-10T00:00:00", "event": "live_equivalent_chunk_load", "generated_at": "2026-05-05T10:54:49.858136Z", "mode": "profit_moonshot_hourly_shock_reversion_eth_12h_funding_guard_mode", "split": "train"}
{"chunk_days": 7, "chunk_end": "2025-09-23T23:59:59.999999", "chunk_start": "2025-09-17T00:00:00", "event": "live_equivalent_chunk_load", "generated_at": "2026-05-05T10:54:55.712994Z", "mode": "profit_moonshot_hourly_shock_reversion_eth_12h_funding_guard_mode", "split": "train"}
{"chunk_days": 7, "chunk_end": "2025-09-30T23:59:59.999999", "chunk_start": "2025-09-24T00:00:00", "event": "live_equivalent_chunk_load", "generated_at": "2026-05-05T10:55:01.438126Z", "mode": "profit_moonshot_hourly_shock_reversion_eth_12h_funding_guard_mode", "split": "train"}
{"chunk_days": 7, "chunk_end": "2025-10-07T23:59:59.999999", "chunk_start": "2025-10-01T00:00:00", "event": "live_equivalent_chunk_load", "generated_at": "2026-05-05T10:55:07.090839Z", "mode": "profit_moonshot_hourly_shock_reversion_eth_12h_funding_guard_mode", "split": "train"}
{"chunk_days": 7, "chunk_end": "2025-10-14T23:59:59.999999", "chunk_start": "2025-10-08T00:00:00", "event": "live_equivalent_chunk_load", "generated_at": "2026-05-05T10:55:12.834351Z", "mode": "profit_moonshot_hourly_shock_reversion_eth_12h_funding_guard_mode", "split": "train"}
{"chunk_days": 7, "chunk_end": "2025-10-21T23:59:59.999999", "chunk_start": "2025-10-15T00:00:00", "event": "live_equivalent_chunk_load", "generated_at": "2026-05-05T10:55:18.589395Z", "mode": "profit_moonshot_hourly_shock_reversion_eth_12h_funding_guard_mode", "split": "train"}
{"chunk_days": 7, "chunk_end": "2025-10-28T23:59:59.999999", "chunk_start": "2025-10-22T00:00:00", "event": "live_equivalent_chunk_load", "generated_at": "2026-05-05T10:55:24.457648Z", "mode": "profit_moonshot_hourly_shock_reversion_eth_12h_funding_guard_mode", "split": "train"}
{"chunk_days": 7, "chunk_end": "2025-11-04T23:59:59.999999", "chunk_start": "2025-10-29T00:00:00", "event": "live_equivalent_chunk_load", "generated_at": "2026-05-05T10:55:30.347435Z", "mode": "profit_moonshot_hourly_shock_reversion_eth_12h_funding_guard_mode", "split": "train"}
{"chunk_days": 7, "chunk_end": "2025-11-11T23:59:59.999999", "chunk_start": "2025-11-05T00:00:00", "event": "live_equivalent_chunk_load", "generated_at": "2026-05-05T10:55:36.914645Z", "mode": "profit_moonshot_hourly_shock_reversion_eth_12h_funding_guard_mode", "split": "train"}
{"chunk_days": 7, "chunk_end": "2025-11-18T23:59:59.999999", "chunk_start": "2025-11-12T00:00:00", "event": "live_equivalent_chunk_load", "generated_at": "2026-05-05T10:55:43.042453Z", "mode": "profit_moonshot_hourly_shock_reversion_eth_12h_funding_guard_mode", "split": "train"}
{"chunk_days": 7, "chunk_end": "2025-11-25T23:59:59.999999", "chunk_start": "2025-11-19T00:00:00", "event": "live_equivalent_chunk_load", "generated_at": "2026-05-05T10:55:49.409534Z", "mode": "profit_moonshot_hourly_shock_reversion_eth_12h_funding_guard_mode", "split": "train"}
{"chunk_days": 7, "chunk_end": "2025-12-02T23:59:59.999999", "chunk_start": "2025-11-26T00:00:00", "event": "live_equivalent_chunk_load", "generated_at": "2026-05-05T10:55:56.099649Z", "mode": "profit_moonshot_hourly_shock_reversion_eth_12h_funding_guard_mode", "split": "train"}
{"chunk_days": 7, "chunk_end": "2025-12-09T23:59:59.999999", "chunk_start": "2025-12-03T00:00:00", "event": "live_equivalent_chunk_load", "generated_at": "2026-05-05T10:56:02.924618Z", "mode": "profit_moonshot_hourly_shock_reversion_eth_12h_funding_guard_mode", "split": "train"}
{"chunk_days": 7, "chunk_end": "2025-12-16T23:59:59.999999", "chunk_start": "2025-12-10T00:00:00", "event": "live_equivalent_chunk_load", "generated_at": "2026-05-05T10:56:09.385659Z", "mode": "profit_moonshot_hourly_shock_reversion_eth_12h_funding_guard_mode", "split": "train"}
{"chunk_days": 7, "chunk_end": "2025-12-23T23:59:59.999999", "chunk_start": "2025-12-17T00:00:00", "event": "live_equivalent_chunk_load", "generated_at": "2026-05-05T10:56:15.479458Z", "mode": "profit_moonshot_hourly_shock_reversion_eth_12h_funding_guard_mode", "split": "train"}
{"chunk_days": 7, "chunk_end": "2025-12-30T23:59:59.999999", "chunk_start": "2025-12-24T00:00:00", "event": "live_equivalent_chunk_load", "generated_at": "2026-05-05T10:56:21.563275Z", "mode": "profit_moonshot_hourly_shock_reversion_eth_12h_funding_guard_mode", "split": "train"}
{"chunk_days": 7, "chunk_end": "2025-12-31T23:59:59.999999", "chunk_start": "2025-12-31T00:00:00", "event": "live_equivalent_chunk_load", "generated_at": "2026-05-05T10:56:27.495353Z", "mode": "profit_moonshot_hourly_shock_reversion_eth_12h_funding_guard_mode", "split": "train"}
{"event": "live_equivalent_split_complete", "final_equity": 10139.462393707918, "generated_at": "2026-05-05T10:56:28.570753Z", "metrics": {"cagr": 6.654963879748621e-06, "calmar": 0.0003023024614948364, "max_drawdown": 0.02201425634062293, "sharpe": 0.024520188999535644, "sortino": 0.02793272159664743, "total_return": 0.013944685370791632, "volatility": 0.0002729255680919415}, "mode": "profit_moonshot_hourly_shock_reversion_eth_12h_funding_guard_mode", "split": "train", "trade_count": 254}
{"end_inclusive": "2026-02-28", "event": "live_equivalent_split_start", "generated_at": "2026-05-05T10:56:28.570785Z", "mode": "profit_moonshot_hourly_shock_reversion_eth_12h_funding_guard_mode", "split": "val", "start": "2026-01-01", "symbols": ["ETH/USDT"]}
{"chunk_days": 7, "chunk_end": "2026-01-07T23:59:59.999999", "chunk_start": "2026-01-01T00:00:00", "event": "live_equivalent_chunk_load", "generated_at": "2026-05-05T10:56:28.571222Z", "mode": "profit_moonshot_hourly_shock_reversion_eth_12h_funding_guard_mode", "split": "val"}
{"chunk_days": 7, "chunk_end": "2026-01-14T23:59:59.999999", "chunk_start": "2026-01-08T00:00:00", "event": "live_equivalent_chunk_load", "generated_at": "2026-05-05T10:56:33.889360Z", "mode": "profit_moonshot_hourly_shock_reversion_eth_12h_funding_guard_mode", "split": "val"}
[Realism] Partial Fill: Req 0.025 > Limit 0.0072. Filling 0.0072000000000000015 and keeping remainder.
{"chunk_days": 7, "chunk_end": "2026-01-21T23:59:59.999999", "chunk_start": "2026-01-15T00:00:00", "event": "live_equivalent_chunk_load", "generated_at": "2026-05-05T10:56:39.856574Z", "mode": "profit_moonshot_hourly_shock_reversion_eth_12h_funding_guard_mode", "split": "val"}
{"chunk_days": 7, "chunk_end": "2026-01-28T23:59:59.999999", "chunk_start": "2026-01-22T00:00:00", "event": "live_equivalent_chunk_load", "generated_at": "2026-05-05T10:56:46.028826Z", "mode": "profit_moonshot_hourly_shock_reversion_eth_12h_funding_guard_mode", "split": "val"}
{"chunk_days": 7, "chunk_end": "2026-02-04T23:59:59.999999", "chunk_start": "2026-01-29T00:00:00", "event": "live_equivalent_chunk_load", "generated_at": "2026-05-05T10:56:52.393922Z", "mode": "profit_moonshot_hourly_shock_reversion_eth_12h_funding_guard_mode", "split": "val"}
{"chunk_days": 7, "chunk_end": "2026-02-11T23:59:59.999999", "chunk_start": "2026-02-05T00:00:00", "event": "live_equivalent_chunk_load", "generated_at": "2026-05-05T10:56:58.397210Z", "mode": "profit_moonshot_hourly_shock_reversion_eth_12h_funding_guard_mode", "split": "val"}
{"chunk_days": 7, "chunk_end": "2026-02-18T23:59:59.999999", "chunk_start": "2026-02-12T00:00:00", "event": "live_equivalent_chunk_load", "generated_at": "2026-05-05T10:57:04.766330Z", "mode": "profit_moonshot_hourly_shock_reversion_eth_12h_funding_guard_mode", "split": "val"}
{"chunk_days": 7, "chunk_end": "2026-02-25T23:59:59.999999", "chunk_start": "2026-02-19T00:00:00", "event": "live_equivalent_chunk_load", "generated_at": "2026-05-05T10:57:11.480568Z", "mode": "profit_moonshot_hourly_shock_reversion_eth_12h_funding_guard_mode", "split": "val"}
{"chunk_days": 7, "chunk_end": "2026-02-28T23:59:59.999999", "chunk_start": "2026-02-26T00:00:00", "event": "live_equivalent_chunk_load", "generated_at": "2026-05-05T10:57:17.601210Z", "mode": "profit_moonshot_hourly_shock_reversion_eth_12h_funding_guard_mode", "split": "val"}
{"event": "live_equivalent_split_complete", "final_equity": 10050.234728824056, "generated_at": "2026-05-05T10:57:20.574994Z", "metrics": {"cagr": 1.4863706618406525e-05, "calmar": 0.005542724328712168, "max_drawdown": 0.0026816608109860754, "sharpe": 0.06301931052712983, "sortino": 0.07198879570642576, "total_return": 0.005023257882405652, "volatility": 0.00023630082955197756}, "mode": "profit_moonshot_hourly_shock_reversion_eth_12h_funding_guard_mode", "split": "val", "trade_count": 47}
{"end_inclusive": "2026-05-04", "event": "live_equivalent_split_start", "generated_at": "2026-05-05T10:57:20.575046Z", "mode": "profit_moonshot_hourly_shock_reversion_eth_12h_funding_guard_mode", "split": "oos", "start": "2026-03-01", "symbols": ["ETH/USDT"]}
{"chunk_days": 7, "chunk_end": "2026-03-07T23:59:59.999999", "chunk_start": "2026-03-01T00:00:00", "event": "live_equivalent_chunk_load", "generated_at": "2026-05-05T10:57:20.575609Z", "mode": "profit_moonshot_hourly_shock_reversion_eth_12h_funding_guard_mode", "split": "oos"}
{"chunk_days": 7, "chunk_end": "2026-03-14T23:59:59.999999", "chunk_start": "2026-03-08T00:00:00", "event": "live_equivalent_chunk_load", "generated_at": "2026-05-05T10:57:26.018455Z", "mode": "profit_moonshot_hourly_shock_reversion_eth_12h_funding_guard_mode", "split": "oos"}
{"chunk_days": 7, "chunk_end": "2026-03-21T23:59:59.999999", "chunk_start": "2026-03-15T00:00:00", "event": "live_equivalent_chunk_load", "generated_at": "2026-05-05T10:57:32.295407Z", "mode": "profit_moonshot_hourly_shock_reversion_eth_12h_funding_guard_mode", "split": "oos"}
{"chunk_days": 7, "chunk_end": "2026-03-28T23:59:59.999999", "chunk_start": "2026-03-22T00:00:00", "event": "live_equivalent_chunk_load", "generated_at": "2026-05-05T10:57:38.226098Z", "mode": "profit_moonshot_hourly_shock_reversion_eth_12h_funding_guard_mode", "split": "oos"}
{"chunk_days": 7, "chunk_end": "2026-04-04T23:59:59.999999", "chunk_start": "2026-03-29T00:00:00", "event": "live_equivalent_chunk_load", "generated_at": "2026-05-05T10:57:44.459604Z", "mode": "profit_moonshot_hourly_shock_reversion_eth_12h_funding_guard_mode", "split": "oos"}
{"chunk_days": 7, "chunk_end": "2026-04-11T23:59:59.999999", "chunk_start": "2026-04-05T00:00:00", "event": "live_equivalent_chunk_load", "generated_at": "2026-05-05T10:57:51.124051Z", "mode": "profit_moonshot_hourly_shock_reversion_eth_12h_funding_guard_mode", "split": "oos"}
{"chunk_days": 7, "chunk_end": "2026-04-18T23:59:59.999999", "chunk_start": "2026-04-12T00:00:00", "event": "live_equivalent_chunk_load", "generated_at": "2026-05-05T10:57:57.579641Z", "mode": "profit_moonshot_hourly_shock_reversion_eth_12h_funding_guard_mode", "split": "oos"}
{"chunk_days": 7, "chunk_end": "2026-04-25T23:59:59.999999", "chunk_start": "2026-04-19T00:00:00", "event": "live_equivalent_chunk_load", "generated_at": "2026-05-05T10:58:04.167386Z", "mode": "profit_moonshot_hourly_shock_reversion_eth_12h_funding_guard_mode", "split": "oos"}
{"chunk_days": 7, "chunk_end": "2026-05-02T23:59:59.999999", "chunk_start": "2026-04-26T00:00:00", "event": "live_equivalent_chunk_load", "generated_at": "2026-05-05T10:58:11.040809Z", "mode": "profit_moonshot_hourly_shock_reversion_eth_12h_funding_guard_mode", "split": "oos"}
{"chunk_days": 7, "chunk_end": "2026-05-04T23:59:59.999999", "chunk_start": "2026-05-03T00:00:00", "event": "live_equivalent_chunk_load", "generated_at": "2026-05-05T10:58:17.795088Z", "mode": "profit_moonshot_hourly_shock_reversion_eth_12h_funding_guard_mode", "split": "oos"}
{"event": "live_equivalent_split_complete", "final_equity": 10072.072886264728, "generated_at": "2026-05-05T10:58:19.961516Z", "metrics": {"cagr": 1.9413828565628677e-05, "calmar": 0.010918215763708574, "max_drawdown": 0.0017781136575592284, "sharpe": 0.11122460571327704, "sortino": 0.13583082076772565, "total_return": 0.007206268626472667, "volatility": 0.00017468164772302416}, "mode": "profit_moonshot_hourly_shock_reversion_eth_12h_funding_guard_mode", "split": "oos", "trade_count": 34}
{
  "artifact_reset_csv": "/home/hoky/Quants-agent/LuminaQuant/var/reports/profit_moonshot_20260501/current_tail_20260505/live_equivalent/profit_moonshot_hourly_shock_reversion_eth_12h_funding_guard_mode/live_equivalent_revalidation_artifact_reset_20260426.csv",
  "json": "/home/hoky/Quants-agent/LuminaQuant/var/reports/profit_moonshot_20260501/current_tail_20260505/live_equivalent/profit_moonshot_hourly_shock_reversion_eth_12h_funding_guard_mode/live_equivalent_revalidation_latest.json",
  "live_decision": "",
  "markdown": "/home/hoky/Quants-agent/LuminaQuant/var/reports/profit_moonshot_20260501/current_tail_20260505/live_equivalent/profit_moonshot_hourly_shock_reversion_eth_12h_funding_guard_mode/live_equivalent_revalidation_latest.md",
  "mode_csv": "/home/hoky/Quants-agent/LuminaQuant/var/reports/profit_moonshot_20260501/current_tail_20260505/live_equivalent/profit_moonshot_hourly_shock_reversion_eth_12h_funding_guard_mode/live_equivalent_revalidation_candidates_20260426.csv"
}
	Command being timed: "uv run python scripts/research/revalidate_live_equivalent_candidates.py --output-dir var/reports/profit_moonshot_20260501/current_tail_20260505/live_equivalent/profit_moonshot_hourly_shock_reversion_eth_12h_funding_guard_mode --backtest-checkpoint-path var/reports/profit_moonshot_20260501/current_tail_20260505/live_equivalent/profit_moonshot_hourly_shock_reversion_eth_12h_funding_guard_mode_checkpoint.json --portfolio-modes profit_moonshot_hourly_shock_reversion_eth_12h_funding_guard_mode --execute-backtests --chunk-days 7 --no-live-decision-update"
	User time (seconds): 412.89
	System time (seconds): 30.53
	Percent of CPU this job got: 108%
	Elapsed (wall clock) time (h:mm:ss or m:ss): 6:50.06
	Average shared text size (kbytes): 0
	Average unshared data size (kbytes): 0
	Average stack size (kbytes): 0
	Average total size (kbytes): 0
	Maximum resident set size (kbytes): 1320772
	Average resident set size (kbytes): 0
	Major (requiring I/O) page faults: 1956
	Minor (reclaiming a frame) page faults: 1635772
	Voluntary context switches: 1113047
	Involuntary context switches: 8870
	Swaps: 0
	File system inputs: 990656
	File system outputs: 6880
	Socket messages sent: 0
	Socket messages received: 0
	Signals delivered: 0
	Page size (bytes): 4096
	Exit status: 0
