	Command being timed: "uv run --extra dev python scripts/research/tune_profit_moonshot_fresh_portfolio.py --candidate-csv var/reports/profit_moonshot_20260501/current_tail_20260508/alpha_v2/merged_alpha_v2_candidates.csv --output-dir var/reports/profit_moonshot_20260501/current_tail_20260508/alpha_v2/integer_leverage_alpha_v2_top40_20260509 --top-n 40 --family-quota 6 --calendar-neighborhood-reps 10 --cluster-cap 0.40 --sleeve-cap 0.25 --max-sleeves 4 --max-combos-per-size 12000"
	User time (seconds): 1349.11
	System time (seconds): 5.92
	Percent of CPU this job got: 100%
	Elapsed (wall clock) time (h:mm:ss or m:ss): 22:34.38
	Average shared text size (kbytes): 0
	Average unshared data size (kbytes): 0
	Average stack size (kbytes): 0
	Average total size (kbytes): 0
	Maximum resident set size (kbytes): 2584088
	Average resident set size (kbytes): 0
	Major (requiring I/O) page faults: 0
	Minor (reclaiming a frame) page faults: 630291
	Voluntary context switches: 689
	Involuntary context switches: 4011
	Swaps: 0
	File system inputs: 0
	File system outputs: 706872
	Socket messages sent: 0
	Socket messages received: 0
	Signals delivered: 0
	Page size (bytes): 4096
	Exit status: 0
