	Command being timed: "uv run --extra dev python scripts/research/tune_profit_moonshot_fresh_portfolio.py --candidate-csv var/reports/profit_moonshot_20260501/current_tail_20260508/alpha_v2/merged_alpha_v2_candidates.csv --output-dir var/reports/profit_moonshot_20260501/current_tail_20260508/alpha_v2/integer_leverage_alpha_v2_20260509 --top-n 30 --family-quota 5 --calendar-neighborhood-reps 8 --cluster-cap 0.40 --sleeve-cap 0.25 --max-sleeves 4 --max-combos-per-size 6000"
	User time (seconds): 432.95
	System time (seconds): 1.62
	Percent of CPU this job got: 99%
	Elapsed (wall clock) time (h:mm:ss or m:ss): 7:14.67
	Average shared text size (kbytes): 0
	Average unshared data size (kbytes): 0
	Average stack size (kbytes): 0
	Average total size (kbytes): 0
	Maximum resident set size (kbytes): 1351256
	Average resident set size (kbytes): 0
	Major (requiring I/O) page faults: 0
	Minor (reclaiming a frame) page faults: 322086
	Voluntary context switches: 525
	Involuntary context switches: 1483
	Swaps: 0
	File system inputs: 0
	File system outputs: 330960
	Socket messages sent: 0
	Socket messages received: 0
	Signals delivered: 0
	Page size (bytes): 4096
	Exit status: 0
