{"end_inclusive": "2025-12-31", "event": "live_equivalent_split_start", "generated_at": "2026-05-05T09:49:42.526714Z", "mode": "profit_moonshot_hourly_shock_reversion_eth_12h_mode", "split": "train", "start": "2025-01-01", "symbols": ["ETH/USDT"]}
{"chunk_days": 7, "chunk_end": "2025-01-07T23:59:59.999999", "chunk_start": "2025-01-01T00:00:00", "event": "live_equivalent_chunk_load", "generated_at": "2026-05-05T09:49:42.527187Z", "mode": "profit_moonshot_hourly_shock_reversion_eth_12h_mode", "split": "train"}
{"chunk_days": 7, "chunk_end": "2025-01-14T23:59:59.999999", "chunk_start": "2025-01-08T00:00:00", "event": "live_equivalent_chunk_load", "generated_at": "2026-05-05T09:49:48.192862Z", "mode": "profit_moonshot_hourly_shock_reversion_eth_12h_mode", "split": "train"}
{"chunk_days": 7, "chunk_end": "2025-01-21T23:59:59.999999", "chunk_start": "2025-01-15T00:00:00", "event": "live_equivalent_chunk_load", "generated_at": "2026-05-05T09:49:54.738140Z", "mode": "profit_moonshot_hourly_shock_reversion_eth_12h_mode", "split": "train"}
{"chunk_days": 7, "chunk_end": "2025-01-28T23:59:59.999999", "chunk_start": "2025-01-22T00:00:00", "event": "live_equivalent_chunk_load", "generated_at": "2026-05-05T09:50:01.206940Z", "mode": "profit_moonshot_hourly_shock_reversion_eth_12h_mode", "split": "train"}
{"chunk_days": 7, "chunk_end": "2025-02-04T23:59:59.999999", "chunk_start": "2025-01-29T00:00:00", "event": "live_equivalent_chunk_load", "generated_at": "2026-05-05T09:50:07.858146Z", "mode": "profit_moonshot_hourly_shock_reversion_eth_12h_mode", "split": "train"}
{"chunk_days": 7, "chunk_end": "2025-02-11T23:59:59.999999", "chunk_start": "2025-02-05T00:00:00", "event": "live_equivalent_chunk_load", "generated_at": "2026-05-05T09:50:14.373511Z", "mode": "profit_moonshot_hourly_shock_reversion_eth_12h_mode", "split": "train"}
{"chunk_days": 7, "chunk_end": "2025-02-18T23:59:59.999999", "chunk_start": "2025-02-12T00:00:00", "event": "live_equivalent_chunk_load", "generated_at": "2026-05-05T09:50:20.782964Z", "mode": "profit_moonshot_hourly_shock_reversion_eth_12h_mode", "split": "train"}
{"chunk_days": 7, "chunk_end": "2025-02-25T23:59:59.999999", "chunk_start": "2025-02-19T00:00:00", "event": "live_equivalent_chunk_load", "generated_at": "2026-05-05T09:50:27.201915Z", "mode": "profit_moonshot_hourly_shock_reversion_eth_12h_mode", "split": "train"}
{"chunk_days": 7, "chunk_end": "2025-03-04T23:59:59.999999", "chunk_start": "2025-02-26T00:00:00", "event": "live_equivalent_chunk_load", "generated_at": "2026-05-05T09:50:33.820715Z", "mode": "profit_moonshot_hourly_shock_reversion_eth_12h_mode", "split": "train"}
{"chunk_days": 7, "chunk_end": "2025-03-11T23:59:59.999999", "chunk_start": "2025-03-05T00:00:00", "event": "live_equivalent_chunk_load", "generated_at": "2026-05-05T09:50:40.864616Z", "mode": "profit_moonshot_hourly_shock_reversion_eth_12h_mode", "split": "train"}
{"chunk_days": 7, "chunk_end": "2025-03-18T23:59:59.999999", "chunk_start": "2025-03-12T00:00:00", "event": "live_equivalent_chunk_load", "generated_at": "2026-05-05T09:50:47.468991Z", "mode": "profit_moonshot_hourly_shock_reversion_eth_12h_mode", "split": "train"}
{"chunk_days": 7, "chunk_end": "2025-03-25T23:59:59.999999", "chunk_start": "2025-03-19T00:00:00", "event": "live_equivalent_chunk_load", "generated_at": "2026-05-05T09:50:54.026649Z", "mode": "profit_moonshot_hourly_shock_reversion_eth_12h_mode", "split": "train"}
{"chunk_days": 7, "chunk_end": "2025-04-01T23:59:59.999999", "chunk_start": "2025-03-26T00:00:00", "event": "live_equivalent_chunk_load", "generated_at": "2026-05-05T09:51:00.832156Z", "mode": "profit_moonshot_hourly_shock_reversion_eth_12h_mode", "split": "train"}
{"chunk_days": 7, "chunk_end": "2025-04-08T23:59:59.999999", "chunk_start": "2025-04-02T00:00:00", "event": "live_equivalent_chunk_load", "generated_at": "2026-05-05T09:51:07.678207Z", "mode": "profit_moonshot_hourly_shock_reversion_eth_12h_mode", "split": "train"}
{"chunk_days": 7, "chunk_end": "2025-04-15T23:59:59.999999", "chunk_start": "2025-04-09T00:00:00", "event": "live_equivalent_chunk_load", "generated_at": "2026-05-05T09:51:14.610281Z", "mode": "profit_moonshot_hourly_shock_reversion_eth_12h_mode", "split": "train"}
{"chunk_days": 7, "chunk_end": "2025-04-22T23:59:59.999999", "chunk_start": "2025-04-16T00:00:00", "event": "live_equivalent_chunk_load", "generated_at": "2026-05-05T09:51:21.465435Z", "mode": "profit_moonshot_hourly_shock_reversion_eth_12h_mode", "split": "train"}
{"chunk_days": 7, "chunk_end": "2025-04-29T23:59:59.999999", "chunk_start": "2025-04-23T00:00:00", "event": "live_equivalent_chunk_load", "generated_at": "2026-05-05T09:51:27.952198Z", "mode": "profit_moonshot_hourly_shock_reversion_eth_12h_mode", "split": "train"}
{"chunk_days": 7, "chunk_end": "2025-05-06T23:59:59.999999", "chunk_start": "2025-04-30T00:00:00", "event": "live_equivalent_chunk_load", "generated_at": "2026-05-05T09:51:34.703672Z", "mode": "profit_moonshot_hourly_shock_reversion_eth_12h_mode", "split": "train"}
{"chunk_days": 7, "chunk_end": "2025-05-13T23:59:59.999999", "chunk_start": "2025-05-07T00:00:00", "event": "live_equivalent_chunk_load", "generated_at": "2026-05-05T09:51:41.337405Z", "mode": "profit_moonshot_hourly_shock_reversion_eth_12h_mode", "split": "train"}
{"chunk_days": 7, "chunk_end": "2025-05-20T23:59:59.999999", "chunk_start": "2025-05-14T00:00:00", "event": "live_equivalent_chunk_load", "generated_at": "2026-05-05T09:51:47.914113Z", "mode": "profit_moonshot_hourly_shock_reversion_eth_12h_mode", "split": "train"}
{"chunk_days": 7, "chunk_end": "2025-05-27T23:59:59.999999", "chunk_start": "2025-05-21T00:00:00", "event": "live_equivalent_chunk_load", "generated_at": "2026-05-05T09:51:54.498689Z", "mode": "profit_moonshot_hourly_shock_reversion_eth_12h_mode", "split": "train"}
{"chunk_days": 7, "chunk_end": "2025-06-03T23:59:59.999999", "chunk_start": "2025-05-28T00:00:00", "event": "live_equivalent_chunk_load", "generated_at": "2026-05-05T09:52:00.819319Z", "mode": "profit_moonshot_hourly_shock_reversion_eth_12h_mode", "split": "train"}
{"chunk_days": 7, "chunk_end": "2025-06-10T23:59:59.999999", "chunk_start": "2025-06-04T00:00:00", "event": "live_equivalent_chunk_load", "generated_at": "2026-05-05T09:52:08.129330Z", "mode": "profit_moonshot_hourly_shock_reversion_eth_12h_mode", "split": "train"}
{"chunk_days": 7, "chunk_end": "2025-06-17T23:59:59.999999", "chunk_start": "2025-06-11T00:00:00", "event": "live_equivalent_chunk_load", "generated_at": "2026-05-05T09:52:15.069593Z", "mode": "profit_moonshot_hourly_shock_reversion_eth_12h_mode", "split": "train"}
{"chunk_days": 7, "chunk_end": "2025-06-24T23:59:59.999999", "chunk_start": "2025-06-18T00:00:00", "event": "live_equivalent_chunk_load", "generated_at": "2026-05-05T09:52:21.844287Z", "mode": "profit_moonshot_hourly_shock_reversion_eth_12h_mode", "split": "train"}
{"chunk_days": 7, "chunk_end": "2025-07-01T23:59:59.999999", "chunk_start": "2025-06-25T00:00:00", "event": "live_equivalent_chunk_load", "generated_at": "2026-05-05T09:52:28.438454Z", "mode": "profit_moonshot_hourly_shock_reversion_eth_12h_mode", "split": "train"}
{"chunk_days": 7, "chunk_end": "2025-07-08T23:59:59.999999", "chunk_start": "2025-07-02T00:00:00", "event": "live_equivalent_chunk_load", "generated_at": "2026-05-05T09:52:35.848284Z", "mode": "profit_moonshot_hourly_shock_reversion_eth_12h_mode", "split": "train"}
{"chunk_days": 7, "chunk_end": "2025-07-15T23:59:59.999999", "chunk_start": "2025-07-09T00:00:00", "event": "live_equivalent_chunk_load", "generated_at": "2026-05-05T09:52:43.477732Z", "mode": "profit_moonshot_hourly_shock_reversion_eth_12h_mode", "split": "train"}
{"chunk_days": 7, "chunk_end": "2025-07-22T23:59:59.999999", "chunk_start": "2025-07-16T00:00:00", "event": "live_equivalent_chunk_load", "generated_at": "2026-05-05T09:52:50.932592Z", "mode": "profit_moonshot_hourly_shock_reversion_eth_12h_mode", "split": "train"}
{"chunk_days": 7, "chunk_end": "2025-07-29T23:59:59.999999", "chunk_start": "2025-07-23T00:00:00", "event": "live_equivalent_chunk_load", "generated_at": "2026-05-05T09:52:58.131113Z", "mode": "profit_moonshot_hourly_shock_reversion_eth_12h_mode", "split": "train"}
{"chunk_days": 7, "chunk_end": "2025-08-05T23:59:59.999999", "chunk_start": "2025-07-30T00:00:00", "event": "live_equivalent_chunk_load", "generated_at": "2026-05-05T09:53:05.641338Z", "mode": "profit_moonshot_hourly_shock_reversion_eth_12h_mode", "split": "train"}
{"chunk_days": 7, "chunk_end": "2025-08-12T23:59:59.999999", "chunk_start": "2025-08-06T00:00:00", "event": "live_equivalent_chunk_load", "generated_at": "2026-05-05T09:53:13.132310Z", "mode": "profit_moonshot_hourly_shock_reversion_eth_12h_mode", "split": "train"}
{"chunk_days": 7, "chunk_end": "2025-08-19T23:59:59.999999", "chunk_start": "2025-08-13T00:00:00", "event": "live_equivalent_chunk_load", "generated_at": "2026-05-05T09:53:20.325828Z", "mode": "profit_moonshot_hourly_shock_reversion_eth_12h_mode", "split": "train"}
{"chunk_days": 7, "chunk_end": "2025-08-26T23:59:59.999999", "chunk_start": "2025-08-20T00:00:00", "event": "live_equivalent_chunk_load", "generated_at": "2026-05-05T09:53:27.342115Z", "mode": "profit_moonshot_hourly_shock_reversion_eth_12h_mode", "split": "train"}
{"chunk_days": 7, "chunk_end": "2025-09-02T23:59:59.999999", "chunk_start": "2025-08-27T00:00:00", "event": "live_equivalent_chunk_load", "generated_at": "2026-05-05T09:53:34.230636Z", "mode": "profit_moonshot_hourly_shock_reversion_eth_12h_mode", "split": "train"}
{"chunk_days": 7, "chunk_end": "2025-09-09T23:59:59.999999", "chunk_start": "2025-09-03T00:00:00", "event": "live_equivalent_chunk_load", "generated_at": "2026-05-05T09:53:40.921141Z", "mode": "profit_moonshot_hourly_shock_reversion_eth_12h_mode", "split": "train"}
{"chunk_days": 7, "chunk_end": "2025-09-16T23:59:59.999999", "chunk_start": "2025-09-10T00:00:00", "event": "live_equivalent_chunk_load", "generated_at": "2026-05-05T09:53:47.527405Z", "mode": "profit_moonshot_hourly_shock_reversion_eth_12h_mode", "split": "train"}
{"chunk_days": 7, "chunk_end": "2025-09-23T23:59:59.999999", "chunk_start": "2025-09-17T00:00:00", "event": "live_equivalent_chunk_load", "generated_at": "2026-05-05T09:53:54.238015Z", "mode": "profit_moonshot_hourly_shock_reversion_eth_12h_mode", "split": "train"}
{"chunk_days": 7, "chunk_end": "2025-09-30T23:59:59.999999", "chunk_start": "2025-09-24T00:00:00", "event": "live_equivalent_chunk_load", "generated_at": "2026-05-05T09:54:01.461149Z", "mode": "profit_moonshot_hourly_shock_reversion_eth_12h_mode", "split": "train"}
{"chunk_days": 7, "chunk_end": "2025-10-07T23:59:59.999999", "chunk_start": "2025-10-01T00:00:00", "event": "live_equivalent_chunk_load", "generated_at": "2026-05-05T09:54:09.314616Z", "mode": "profit_moonshot_hourly_shock_reversion_eth_12h_mode", "split": "train"}
{"chunk_days": 7, "chunk_end": "2025-10-14T23:59:59.999999", "chunk_start": "2025-10-08T00:00:00", "event": "live_equivalent_chunk_load", "generated_at": "2026-05-05T09:54:16.363058Z", "mode": "profit_moonshot_hourly_shock_reversion_eth_12h_mode", "split": "train"}
{"chunk_days": 7, "chunk_end": "2025-10-21T23:59:59.999999", "chunk_start": "2025-10-15T00:00:00", "event": "live_equivalent_chunk_load", "generated_at": "2026-05-05T09:54:22.029349Z", "mode": "profit_moonshot_hourly_shock_reversion_eth_12h_mode", "split": "train"}
{"chunk_days": 7, "chunk_end": "2025-10-28T23:59:59.999999", "chunk_start": "2025-10-22T00:00:00", "event": "live_equivalent_chunk_load", "generated_at": "2026-05-05T09:54:29.197029Z", "mode": "profit_moonshot_hourly_shock_reversion_eth_12h_mode", "split": "train"}
{"chunk_days": 7, "chunk_end": "2025-11-04T23:59:59.999999", "chunk_start": "2025-10-29T00:00:00", "event": "live_equivalent_chunk_load", "generated_at": "2026-05-05T09:54:36.966981Z", "mode": "profit_moonshot_hourly_shock_reversion_eth_12h_mode", "split": "train"}
{"chunk_days": 7, "chunk_end": "2025-11-11T23:59:59.999999", "chunk_start": "2025-11-05T00:00:00", "event": "live_equivalent_chunk_load", "generated_at": "2026-05-05T09:54:43.861230Z", "mode": "profit_moonshot_hourly_shock_reversion_eth_12h_mode", "split": "train"}
{"chunk_days": 7, "chunk_end": "2025-11-18T23:59:59.999999", "chunk_start": "2025-11-12T00:00:00", "event": "live_equivalent_chunk_load", "generated_at": "2026-05-05T09:54:50.983419Z", "mode": "profit_moonshot_hourly_shock_reversion_eth_12h_mode", "split": "train"}
{"chunk_days": 7, "chunk_end": "2025-11-25T23:59:59.999999", "chunk_start": "2025-11-19T00:00:00", "event": "live_equivalent_chunk_load", "generated_at": "2026-05-05T09:54:58.024917Z", "mode": "profit_moonshot_hourly_shock_reversion_eth_12h_mode", "split": "train"}
{"chunk_days": 7, "chunk_end": "2025-12-02T23:59:59.999999", "chunk_start": "2025-11-26T00:00:00", "event": "live_equivalent_chunk_load", "generated_at": "2026-05-05T09:55:06.077327Z", "mode": "profit_moonshot_hourly_shock_reversion_eth_12h_mode", "split": "train"}
{"chunk_days": 7, "chunk_end": "2025-12-09T23:59:59.999999", "chunk_start": "2025-12-03T00:00:00", "event": "live_equivalent_chunk_load", "generated_at": "2026-05-05T09:55:14.298953Z", "mode": "profit_moonshot_hourly_shock_reversion_eth_12h_mode", "split": "train"}
{"chunk_days": 7, "chunk_end": "2025-12-16T23:59:59.999999", "chunk_start": "2025-12-10T00:00:00", "event": "live_equivalent_chunk_load", "generated_at": "2026-05-05T09:55:21.179176Z", "mode": "profit_moonshot_hourly_shock_reversion_eth_12h_mode", "split": "train"}
{"chunk_days": 7, "chunk_end": "2025-12-23T23:59:59.999999", "chunk_start": "2025-12-17T00:00:00", "event": "live_equivalent_chunk_load", "generated_at": "2026-05-05T09:55:28.148336Z", "mode": "profit_moonshot_hourly_shock_reversion_eth_12h_mode", "split": "train"}
{"chunk_days": 7, "chunk_end": "2025-12-30T23:59:59.999999", "chunk_start": "2025-12-24T00:00:00", "event": "live_equivalent_chunk_load", "generated_at": "2026-05-05T09:55:35.318969Z", "mode": "profit_moonshot_hourly_shock_reversion_eth_12h_mode", "split": "train"}
[Realism] Partial Fill: Req 0.027 > Limit 0.0013. Filling 0.0013 and keeping remainder.
[Realism] Partial Fill: Req 0.0257 > Limit 0.0028. Filling 0.0028000000000000004 and keeping remainder.
{"chunk_days": 7, "chunk_end": "2025-12-31T23:59:59.999999", "chunk_start": "2025-12-31T00:00:00", "event": "live_equivalent_chunk_load", "generated_at": "2026-05-05T09:55:42.161274Z", "mode": "profit_moonshot_hourly_shock_reversion_eth_12h_mode", "split": "train"}
{"event": "live_equivalent_split_complete", "final_equity": 10245.240276559154, "generated_at": "2026-05-05T09:55:43.377848Z", "metrics": {"cagr": 1.1642601424499688e-05, "calmar": 0.0005519930708375277, "max_drawdown": 0.021091934010755986, "sharpe": 0.034278913698055795, "sortino": 0.04009322705943599, "total_return": 0.02452295665591553, "volatility": 0.00034134074141711947}, "mode": "profit_moonshot_hourly_shock_reversion_eth_12h_mode", "split": "train", "trade_count": 264}
{"end_inclusive": "2026-02-28", "event": "live_equivalent_split_start", "generated_at": "2026-05-05T09:55:43.377915Z", "mode": "profit_moonshot_hourly_shock_reversion_eth_12h_mode", "split": "val", "start": "2026-01-01", "symbols": ["ETH/USDT"]}
{"chunk_days": 7, "chunk_end": "2026-01-07T23:59:59.999999", "chunk_start": "2026-01-01T00:00:00", "event": "live_equivalent_chunk_load", "generated_at": "2026-05-05T09:55:43.378387Z", "mode": "profit_moonshot_hourly_shock_reversion_eth_12h_mode", "split": "val"}
{"chunk_days": 7, "chunk_end": "2026-01-14T23:59:59.999999", "chunk_start": "2026-01-08T00:00:00", "event": "live_equivalent_chunk_load", "generated_at": "2026-05-05T09:55:49.280955Z", "mode": "profit_moonshot_hourly_shock_reversion_eth_12h_mode", "split": "val"}
{"chunk_days": 7, "chunk_end": "2026-01-21T23:59:59.999999", "chunk_start": "2026-01-15T00:00:00", "event": "live_equivalent_chunk_load", "generated_at": "2026-05-05T09:55:55.503616Z", "mode": "profit_moonshot_hourly_shock_reversion_eth_12h_mode", "split": "val"}
{"chunk_days": 7, "chunk_end": "2026-01-28T23:59:59.999999", "chunk_start": "2026-01-22T00:00:00", "event": "live_equivalent_chunk_load", "generated_at": "2026-05-05T09:56:01.716569Z", "mode": "profit_moonshot_hourly_shock_reversion_eth_12h_mode", "split": "val"}
{"chunk_days": 7, "chunk_end": "2026-02-04T23:59:59.999999", "chunk_start": "2026-01-29T00:00:00", "event": "live_equivalent_chunk_load", "generated_at": "2026-05-05T09:56:08.431675Z", "mode": "profit_moonshot_hourly_shock_reversion_eth_12h_mode", "split": "val"}
{"chunk_days": 7, "chunk_end": "2026-02-11T23:59:59.999999", "chunk_start": "2026-02-05T00:00:00", "event": "live_equivalent_chunk_load", "generated_at": "2026-05-05T09:56:15.191724Z", "mode": "profit_moonshot_hourly_shock_reversion_eth_12h_mode", "split": "val"}
{"chunk_days": 7, "chunk_end": "2026-02-18T23:59:59.999999", "chunk_start": "2026-02-12T00:00:00", "event": "live_equivalent_chunk_load", "generated_at": "2026-05-05T09:56:22.209866Z", "mode": "profit_moonshot_hourly_shock_reversion_eth_12h_mode", "split": "val"}
[Realism] Partial Fill: Req 0.038 > Limit 0.0025. Filling 0.0025000000000000005 and keeping remainder.
[Realism] Partial Fill: Req 0.0355 > Limit 0.0000. Filling 0.0 and keeping remainder.
[Realism] Partial Fill: Req 0.04 > Limit 0.0000. Filling 0.0 and keeping remainder.
{"chunk_days": 7, "chunk_end": "2026-02-25T23:59:59.999999", "chunk_start": "2026-02-19T00:00:00", "event": "live_equivalent_chunk_load", "generated_at": "2026-05-05T09:56:29.298730Z", "mode": "profit_moonshot_hourly_shock_reversion_eth_12h_mode", "split": "val"}
{"chunk_days": 7, "chunk_end": "2026-02-28T23:59:59.999999", "chunk_start": "2026-02-26T00:00:00", "event": "live_equivalent_chunk_load", "generated_at": "2026-05-05T09:56:36.255022Z", "mode": "profit_moonshot_hourly_shock_reversion_eth_12h_mode", "split": "val"}
{"event": "live_equivalent_split_complete", "final_equity": 10063.26941036365, "generated_at": "2026-05-05T09:56:39.769068Z", "metrics": {"cagr": 1.869877573756895e-05, "calmar": 0.004272209394318601, "max_drawdown": 0.0043768397125935644, "sharpe": 0.0709462598133011, "sortino": 0.08088629030043226, "total_return": 0.00632341503636491, "volatility": 0.0002640514532260825}, "mode": "profit_moonshot_hourly_shock_reversion_eth_12h_mode", "split": "val", "trade_count": 47}
{"end_inclusive": "2026-05-04", "event": "live_equivalent_split_start", "generated_at": "2026-05-05T09:56:39.769126Z", "mode": "profit_moonshot_hourly_shock_reversion_eth_12h_mode", "split": "oos", "start": "2026-03-01", "symbols": ["ETH/USDT"]}
{"chunk_days": 7, "chunk_end": "2026-03-07T23:59:59.999999", "chunk_start": "2026-03-01T00:00:00", "event": "live_equivalent_chunk_load", "generated_at": "2026-05-05T09:56:39.769776Z", "mode": "profit_moonshot_hourly_shock_reversion_eth_12h_mode", "split": "oos"}
{"chunk_days": 7, "chunk_end": "2026-03-14T23:59:59.999999", "chunk_start": "2026-03-08T00:00:00", "event": "live_equivalent_chunk_load", "generated_at": "2026-05-05T09:56:46.076255Z", "mode": "profit_moonshot_hourly_shock_reversion_eth_12h_mode", "split": "oos"}
{"chunk_days": 7, "chunk_end": "2026-03-21T23:59:59.999999", "chunk_start": "2026-03-15T00:00:00", "event": "live_equivalent_chunk_load", "generated_at": "2026-05-05T09:56:52.603494Z", "mode": "profit_moonshot_hourly_shock_reversion_eth_12h_mode", "split": "oos"}
{"chunk_days": 7, "chunk_end": "2026-03-28T23:59:59.999999", "chunk_start": "2026-03-22T00:00:00", "event": "live_equivalent_chunk_load", "generated_at": "2026-05-05T09:56:58.736415Z", "mode": "profit_moonshot_hourly_shock_reversion_eth_12h_mode", "split": "oos"}
{"chunk_days": 7, "chunk_end": "2026-04-04T23:59:59.999999", "chunk_start": "2026-03-29T00:00:00", "event": "live_equivalent_chunk_load", "generated_at": "2026-05-05T09:57:06.147792Z", "mode": "profit_moonshot_hourly_shock_reversion_eth_12h_mode", "split": "oos"}
{"chunk_days": 7, "chunk_end": "2026-04-11T23:59:59.999999", "chunk_start": "2026-04-05T00:00:00", "event": "live_equivalent_chunk_load", "generated_at": "2026-05-05T09:57:13.367732Z", "mode": "profit_moonshot_hourly_shock_reversion_eth_12h_mode", "split": "oos"}
{"chunk_days": 7, "chunk_end": "2026-04-18T23:59:59.999999", "chunk_start": "2026-04-12T00:00:00", "event": "live_equivalent_chunk_load", "generated_at": "2026-05-05T09:57:20.079526Z", "mode": "profit_moonshot_hourly_shock_reversion_eth_12h_mode", "split": "oos"}
{"chunk_days": 7, "chunk_end": "2026-04-25T23:59:59.999999", "chunk_start": "2026-04-19T00:00:00", "event": "live_equivalent_chunk_load", "generated_at": "2026-05-05T09:57:26.906302Z", "mode": "profit_moonshot_hourly_shock_reversion_eth_12h_mode", "split": "oos"}
{"chunk_days": 7, "chunk_end": "2026-05-02T23:59:59.999999", "chunk_start": "2026-04-26T00:00:00", "event": "live_equivalent_chunk_load", "generated_at": "2026-05-05T09:57:33.985661Z", "mode": "profit_moonshot_hourly_shock_reversion_eth_12h_mode", "split": "oos"}
{"chunk_days": 7, "chunk_end": "2026-05-04T23:59:59.999999", "chunk_start": "2026-05-03T00:00:00", "event": "live_equivalent_chunk_load", "generated_at": "2026-05-05T09:57:41.143656Z", "mode": "profit_moonshot_hourly_shock_reversion_eth_12h_mode", "split": "oos"}
{"event": "live_equivalent_split_complete", "final_equity": 10082.856846816749, "generated_at": "2026-05-05T09:57:43.375430Z", "metrics": {"cagr": 2.230644305400986e-05, "calmar": 0.007911579902341726, "max_drawdown": 0.0028194675816150755, "sharpe": 0.10065076094708575, "sortino": 0.12832138288955808, "total_return": 0.008284409681674987, "volatility": 0.0002218642578021208}, "mode": "profit_moonshot_hourly_shock_reversion_eth_12h_mode", "split": "oos", "trade_count": 30}
{
  "artifact_reset_csv": "/home/hoky/Quants-agent/LuminaQuant/var/reports/profit_moonshot_20260501/current_tail_20260505/live_equivalent/profit_moonshot_hourly_shock_reversion_eth_12h_mode/live_equivalent_revalidation_artifact_reset_20260426.csv",
  "json": "/home/hoky/Quants-agent/LuminaQuant/var/reports/profit_moonshot_20260501/current_tail_20260505/live_equivalent/profit_moonshot_hourly_shock_reversion_eth_12h_mode/live_equivalent_revalidation_latest.json",
  "live_decision": "",
  "markdown": "/home/hoky/Quants-agent/LuminaQuant/var/reports/profit_moonshot_20260501/current_tail_20260505/live_equivalent/profit_moonshot_hourly_shock_reversion_eth_12h_mode/live_equivalent_revalidation_latest.md",
  "mode_csv": "/home/hoky/Quants-agent/LuminaQuant/var/reports/profit_moonshot_20260501/current_tail_20260505/live_equivalent/profit_moonshot_hourly_shock_reversion_eth_12h_mode/live_equivalent_revalidation_candidates_20260426.csv"
}
	Command being timed: "uv run python scripts/research/revalidate_live_equivalent_candidates.py --output-dir var/reports/profit_moonshot_20260501/current_tail_20260505/live_equivalent/profit_moonshot_hourly_shock_reversion_eth_12h_mode --backtest-checkpoint-path var/reports/profit_moonshot_20260501/current_tail_20260505/live_equivalent/profit_moonshot_hourly_shock_reversion_eth_12h_mode_checkpoint.json --portfolio-modes profit_moonshot_hourly_shock_reversion_eth_12h_mode --execute-backtests --chunk-days 7 --no-live-decision-update"
	User time (seconds): 488.23
	System time (seconds): 33.09
	Percent of CPU this job got: 108%
	Elapsed (wall clock) time (h:mm:ss or m:ss): 8:02.04
	Average shared text size (kbytes): 0
	Average unshared data size (kbytes): 0
	Average stack size (kbytes): 0
	Average total size (kbytes): 0
	Maximum resident set size (kbytes): 1331376
	Average resident set size (kbytes): 0
	Major (requiring I/O) page faults: 2
	Minor (reclaiming a frame) page faults: 1644688
	Voluntary context switches: 1113068
	Involuntary context switches: 10670
	Swaps: 0
	File system inputs: 0
	File system outputs: 6872
	Socket messages sent: 0
	Socket messages received: 0
	Signals delivered: 0
	Page size (bytes): 4096
	Exit status: 0
