{"end_inclusive": "2025-12-31", "event": "live_equivalent_split_start", "generated_at": "2026-05-05T12:01:54.315625Z", "mode": "profit_moonshot_taker_flow_exhaustion_eth_slow_momentum_mode", "split": "train", "start": "2025-01-01", "symbols": ["ETH/USDT"]}
{"chunk_days": 7, "chunk_end": "2025-01-07T23:59:59.999999", "chunk_start": "2025-01-01T00:00:00", "event": "live_equivalent_chunk_load", "generated_at": "2026-05-05T12:01:54.316156Z", "mode": "profit_moonshot_taker_flow_exhaustion_eth_slow_momentum_mode", "split": "train"}
{"chunk_days": 7, "chunk_end": "2025-01-14T23:59:59.999999", "chunk_start": "2025-01-08T00:00:00", "event": "live_equivalent_chunk_load", "generated_at": "2026-05-05T12:01:59.847262Z", "mode": "profit_moonshot_taker_flow_exhaustion_eth_slow_momentum_mode", "split": "train"}
[Realism] Partial Fill: Req 0.008 > Limit 0.0002. Filling 0.0002 and keeping remainder.
{"chunk_days": 7, "chunk_end": "2025-01-21T23:59:59.999999", "chunk_start": "2025-01-15T00:00:00", "event": "live_equivalent_chunk_load", "generated_at": "2026-05-05T12:02:06.243624Z", "mode": "profit_moonshot_taker_flow_exhaustion_eth_slow_momentum_mode", "split": "train"}
{"chunk_days": 7, "chunk_end": "2025-01-28T23:59:59.999999", "chunk_start": "2025-01-22T00:00:00", "event": "live_equivalent_chunk_load", "generated_at": "2026-05-05T12:02:12.339665Z", "mode": "profit_moonshot_taker_flow_exhaustion_eth_slow_momentum_mode", "split": "train"}
{"chunk_days": 7, "chunk_end": "2025-02-04T23:59:59.999999", "chunk_start": "2025-01-29T00:00:00", "event": "live_equivalent_chunk_load", "generated_at": "2026-05-05T12:02:18.440877Z", "mode": "profit_moonshot_taker_flow_exhaustion_eth_slow_momentum_mode", "split": "train"}
{"chunk_days": 7, "chunk_end": "2025-02-11T23:59:59.999999", "chunk_start": "2025-02-05T00:00:00", "event": "live_equivalent_chunk_load", "generated_at": "2026-05-05T12:02:24.490110Z", "mode": "profit_moonshot_taker_flow_exhaustion_eth_slow_momentum_mode", "split": "train"}
{"chunk_days": 7, "chunk_end": "2025-02-18T23:59:59.999999", "chunk_start": "2025-02-12T00:00:00", "event": "live_equivalent_chunk_load", "generated_at": "2026-05-05T12:02:30.461126Z", "mode": "profit_moonshot_taker_flow_exhaustion_eth_slow_momentum_mode", "split": "train"}
[Realism] Partial Fill: Req 0.01 > Limit 0.0037. Filling 0.0037 and keeping remainder.
{"chunk_days": 7, "chunk_end": "2025-02-25T23:59:59.999999", "chunk_start": "2025-02-19T00:00:00", "event": "live_equivalent_chunk_load", "generated_at": "2026-05-05T12:02:36.665830Z", "mode": "profit_moonshot_taker_flow_exhaustion_eth_slow_momentum_mode", "split": "train"}
{"chunk_days": 7, "chunk_end": "2025-03-04T23:59:59.999999", "chunk_start": "2025-02-26T00:00:00", "event": "live_equivalent_chunk_load", "generated_at": "2026-05-05T12:02:42.768722Z", "mode": "profit_moonshot_taker_flow_exhaustion_eth_slow_momentum_mode", "split": "train"}
{"chunk_days": 7, "chunk_end": "2025-03-11T23:59:59.999999", "chunk_start": "2025-03-05T00:00:00", "event": "live_equivalent_chunk_load", "generated_at": "2026-05-05T12:02:48.740127Z", "mode": "profit_moonshot_taker_flow_exhaustion_eth_slow_momentum_mode", "split": "train"}
{"chunk_days": 7, "chunk_end": "2025-03-18T23:59:59.999999", "chunk_start": "2025-03-12T00:00:00", "event": "live_equivalent_chunk_load", "generated_at": "2026-05-05T12:02:54.800349Z", "mode": "profit_moonshot_taker_flow_exhaustion_eth_slow_momentum_mode", "split": "train"}
{"chunk_days": 7, "chunk_end": "2025-03-25T23:59:59.999999", "chunk_start": "2025-03-19T00:00:00", "event": "live_equivalent_chunk_load", "generated_at": "2026-05-05T12:03:01.030372Z", "mode": "profit_moonshot_taker_flow_exhaustion_eth_slow_momentum_mode", "split": "train"}
{"chunk_days": 7, "chunk_end": "2025-04-01T23:59:59.999999", "chunk_start": "2025-03-26T00:00:00", "event": "live_equivalent_chunk_load", "generated_at": "2026-05-05T12:03:07.350435Z", "mode": "profit_moonshot_taker_flow_exhaustion_eth_slow_momentum_mode", "split": "train"}
{"chunk_days": 7, "chunk_end": "2025-04-08T23:59:59.999999", "chunk_start": "2025-04-02T00:00:00", "event": "live_equivalent_chunk_load", "generated_at": "2026-05-05T12:03:13.681267Z", "mode": "profit_moonshot_taker_flow_exhaustion_eth_slow_momentum_mode", "split": "train"}
{"chunk_days": 7, "chunk_end": "2025-04-15T23:59:59.999999", "chunk_start": "2025-04-09T00:00:00", "event": "live_equivalent_chunk_load", "generated_at": "2026-05-05T12:03:20.013117Z", "mode": "profit_moonshot_taker_flow_exhaustion_eth_slow_momentum_mode", "split": "train"}
{"chunk_days": 7, "chunk_end": "2025-04-22T23:59:59.999999", "chunk_start": "2025-04-16T00:00:00", "event": "live_equivalent_chunk_load", "generated_at": "2026-05-05T12:03:25.963790Z", "mode": "profit_moonshot_taker_flow_exhaustion_eth_slow_momentum_mode", "split": "train"}
[Realism] Partial Fill: Req 0.017 > Limit 0.0120. Filling 0.012 and keeping remainder.
{"chunk_days": 7, "chunk_end": "2025-04-29T23:59:59.999999", "chunk_start": "2025-04-23T00:00:00", "event": "live_equivalent_chunk_load", "generated_at": "2026-05-05T12:03:32.155252Z", "mode": "profit_moonshot_taker_flow_exhaustion_eth_slow_momentum_mode", "split": "train"}
{"chunk_days": 7, "chunk_end": "2025-05-06T23:59:59.999999", "chunk_start": "2025-04-30T00:00:00", "event": "live_equivalent_chunk_load", "generated_at": "2026-05-05T12:03:38.097695Z", "mode": "profit_moonshot_taker_flow_exhaustion_eth_slow_momentum_mode", "split": "train"}
{"chunk_days": 7, "chunk_end": "2025-05-13T23:59:59.999999", "chunk_start": "2025-05-07T00:00:00", "event": "live_equivalent_chunk_load", "generated_at": "2026-05-05T12:03:44.208518Z", "mode": "profit_moonshot_taker_flow_exhaustion_eth_slow_momentum_mode", "split": "train"}
{"chunk_days": 7, "chunk_end": "2025-05-20T23:59:59.999999", "chunk_start": "2025-05-14T00:00:00", "event": "live_equivalent_chunk_load", "generated_at": "2026-05-05T12:03:50.203901Z", "mode": "profit_moonshot_taker_flow_exhaustion_eth_slow_momentum_mode", "split": "train"}
{"chunk_days": 7, "chunk_end": "2025-05-27T23:59:59.999999", "chunk_start": "2025-05-21T00:00:00", "event": "live_equivalent_chunk_load", "generated_at": "2026-05-05T12:03:56.096867Z", "mode": "profit_moonshot_taker_flow_exhaustion_eth_slow_momentum_mode", "split": "train"}
{"chunk_days": 7, "chunk_end": "2025-06-03T23:59:59.999999", "chunk_start": "2025-05-28T00:00:00", "event": "live_equivalent_chunk_load", "generated_at": "2026-05-05T12:04:02.315005Z", "mode": "profit_moonshot_taker_flow_exhaustion_eth_slow_momentum_mode", "split": "train"}
{"chunk_days": 7, "chunk_end": "2025-06-10T23:59:59.999999", "chunk_start": "2025-06-04T00:00:00", "event": "live_equivalent_chunk_load", "generated_at": "2026-05-05T12:04:08.542042Z", "mode": "profit_moonshot_taker_flow_exhaustion_eth_slow_momentum_mode", "split": "train"}
{"chunk_days": 7, "chunk_end": "2025-06-17T23:59:59.999999", "chunk_start": "2025-06-11T00:00:00", "event": "live_equivalent_chunk_load", "generated_at": "2026-05-05T12:04:14.830816Z", "mode": "profit_moonshot_taker_flow_exhaustion_eth_slow_momentum_mode", "split": "train"}
{"chunk_days": 7, "chunk_end": "2025-06-24T23:59:59.999999", "chunk_start": "2025-06-18T00:00:00", "event": "live_equivalent_chunk_load", "generated_at": "2026-05-05T12:04:21.022349Z", "mode": "profit_moonshot_taker_flow_exhaustion_eth_slow_momentum_mode", "split": "train"}
{"chunk_days": 7, "chunk_end": "2025-07-01T23:59:59.999999", "chunk_start": "2025-06-25T00:00:00", "event": "live_equivalent_chunk_load", "generated_at": "2026-05-05T12:04:27.116643Z", "mode": "profit_moonshot_taker_flow_exhaustion_eth_slow_momentum_mode", "split": "train"}
{"chunk_days": 7, "chunk_end": "2025-07-08T23:59:59.999999", "chunk_start": "2025-07-02T00:00:00", "event": "live_equivalent_chunk_load", "generated_at": "2026-05-05T12:04:33.073107Z", "mode": "profit_moonshot_taker_flow_exhaustion_eth_slow_momentum_mode", "split": "train"}
{"chunk_days": 7, "chunk_end": "2025-07-15T23:59:59.999999", "chunk_start": "2025-07-09T00:00:00", "event": "live_equivalent_chunk_load", "generated_at": "2026-05-05T12:04:39.182217Z", "mode": "profit_moonshot_taker_flow_exhaustion_eth_slow_momentum_mode", "split": "train"}
{"chunk_days": 7, "chunk_end": "2025-07-22T23:59:59.999999", "chunk_start": "2025-07-16T00:00:00", "event": "live_equivalent_chunk_load", "generated_at": "2026-05-05T12:04:45.200815Z", "mode": "profit_moonshot_taker_flow_exhaustion_eth_slow_momentum_mode", "split": "train"}
{"chunk_days": 7, "chunk_end": "2025-07-29T23:59:59.999999", "chunk_start": "2025-07-23T00:00:00", "event": "live_equivalent_chunk_load", "generated_at": "2026-05-05T12:04:51.176846Z", "mode": "profit_moonshot_taker_flow_exhaustion_eth_slow_momentum_mode", "split": "train"}
{"chunk_days": 7, "chunk_end": "2025-08-05T23:59:59.999999", "chunk_start": "2025-07-30T00:00:00", "event": "live_equivalent_chunk_load", "generated_at": "2026-05-05T12:04:57.266077Z", "mode": "profit_moonshot_taker_flow_exhaustion_eth_slow_momentum_mode", "split": "train"}
{"chunk_days": 7, "chunk_end": "2025-08-12T23:59:59.999999", "chunk_start": "2025-08-06T00:00:00", "event": "live_equivalent_chunk_load", "generated_at": "2026-05-05T12:05:03.491202Z", "mode": "profit_moonshot_taker_flow_exhaustion_eth_slow_momentum_mode", "split": "train"}
{"chunk_days": 7, "chunk_end": "2025-08-19T23:59:59.999999", "chunk_start": "2025-08-13T00:00:00", "event": "live_equivalent_chunk_load", "generated_at": "2026-05-05T12:05:09.445295Z", "mode": "profit_moonshot_taker_flow_exhaustion_eth_slow_momentum_mode", "split": "train"}
{"chunk_days": 7, "chunk_end": "2025-08-26T23:59:59.999999", "chunk_start": "2025-08-20T00:00:00", "event": "live_equivalent_chunk_load", "generated_at": "2026-05-05T12:05:15.506677Z", "mode": "profit_moonshot_taker_flow_exhaustion_eth_slow_momentum_mode", "split": "train"}
{"chunk_days": 7, "chunk_end": "2025-09-02T23:59:59.999999", "chunk_start": "2025-08-27T00:00:00", "event": "live_equivalent_chunk_load", "generated_at": "2026-05-05T12:05:21.585914Z", "mode": "profit_moonshot_taker_flow_exhaustion_eth_slow_momentum_mode", "split": "train"}
{"chunk_days": 7, "chunk_end": "2025-09-09T23:59:59.999999", "chunk_start": "2025-09-03T00:00:00", "event": "live_equivalent_chunk_load", "generated_at": "2026-05-05T12:05:27.741631Z", "mode": "profit_moonshot_taker_flow_exhaustion_eth_slow_momentum_mode", "split": "train"}
{"chunk_days": 7, "chunk_end": "2025-09-16T23:59:59.999999", "chunk_start": "2025-09-10T00:00:00", "event": "live_equivalent_chunk_load", "generated_at": "2026-05-05T12:05:33.970807Z", "mode": "profit_moonshot_taker_flow_exhaustion_eth_slow_momentum_mode", "split": "train"}
{"chunk_days": 7, "chunk_end": "2025-09-23T23:59:59.999999", "chunk_start": "2025-09-17T00:00:00", "event": "live_equivalent_chunk_load", "generated_at": "2026-05-05T12:05:40.065792Z", "mode": "profit_moonshot_taker_flow_exhaustion_eth_slow_momentum_mode", "split": "train"}
[Realism] Partial Fill: Req 0.006 > Limit 0.0002. Filling 0.0002 and keeping remainder.
{"chunk_days": 7, "chunk_end": "2025-09-30T23:59:59.999999", "chunk_start": "2025-09-24T00:00:00", "event": "live_equivalent_chunk_load", "generated_at": "2026-05-05T12:05:46.296205Z", "mode": "profit_moonshot_taker_flow_exhaustion_eth_slow_momentum_mode", "split": "train"}
{"chunk_days": 7, "chunk_end": "2025-10-07T23:59:59.999999", "chunk_start": "2025-10-01T00:00:00", "event": "live_equivalent_chunk_load", "generated_at": "2026-05-05T12:05:52.589938Z", "mode": "profit_moonshot_taker_flow_exhaustion_eth_slow_momentum_mode", "split": "train"}
{"chunk_days": 7, "chunk_end": "2025-10-14T23:59:59.999999", "chunk_start": "2025-10-08T00:00:00", "event": "live_equivalent_chunk_load", "generated_at": "2026-05-05T12:05:58.769058Z", "mode": "profit_moonshot_taker_flow_exhaustion_eth_slow_momentum_mode", "split": "train"}
{"chunk_days": 7, "chunk_end": "2025-10-21T23:59:59.999999", "chunk_start": "2025-10-15T00:00:00", "event": "live_equivalent_chunk_load", "generated_at": "2026-05-05T12:06:05.054602Z", "mode": "profit_moonshot_taker_flow_exhaustion_eth_slow_momentum_mode", "split": "train"}
{"chunk_days": 7, "chunk_end": "2025-10-28T23:59:59.999999", "chunk_start": "2025-10-22T00:00:00", "event": "live_equivalent_chunk_load", "generated_at": "2026-05-05T12:06:10.927740Z", "mode": "profit_moonshot_taker_flow_exhaustion_eth_slow_momentum_mode", "split": "train"}
{"chunk_days": 7, "chunk_end": "2025-11-04T23:59:59.999999", "chunk_start": "2025-10-29T00:00:00", "event": "live_equivalent_chunk_load", "generated_at": "2026-05-05T12:06:16.899069Z", "mode": "profit_moonshot_taker_flow_exhaustion_eth_slow_momentum_mode", "split": "train"}
{"chunk_days": 7, "chunk_end": "2025-11-11T23:59:59.999999", "chunk_start": "2025-11-05T00:00:00", "event": "live_equivalent_chunk_load", "generated_at": "2026-05-05T12:06:22.945724Z", "mode": "profit_moonshot_taker_flow_exhaustion_eth_slow_momentum_mode", "split": "train"}
{"chunk_days": 7, "chunk_end": "2025-11-18T23:59:59.999999", "chunk_start": "2025-11-12T00:00:00", "event": "live_equivalent_chunk_load", "generated_at": "2026-05-05T12:06:29.019456Z", "mode": "profit_moonshot_taker_flow_exhaustion_eth_slow_momentum_mode", "split": "train"}
{"chunk_days": 7, "chunk_end": "2025-11-25T23:59:59.999999", "chunk_start": "2025-11-19T00:00:00", "event": "live_equivalent_chunk_load", "generated_at": "2026-05-05T12:06:35.658210Z", "mode": "profit_moonshot_taker_flow_exhaustion_eth_slow_momentum_mode", "split": "train"}
{"chunk_days": 7, "chunk_end": "2025-12-02T23:59:59.999999", "chunk_start": "2025-11-26T00:00:00", "event": "live_equivalent_chunk_load", "generated_at": "2026-05-05T12:06:41.180624Z", "mode": "profit_moonshot_taker_flow_exhaustion_eth_slow_momentum_mode", "split": "train"}
{"chunk_days": 7, "chunk_end": "2025-12-09T23:59:59.999999", "chunk_start": "2025-12-03T00:00:00", "event": "live_equivalent_chunk_load", "generated_at": "2026-05-05T12:06:46.277344Z", "mode": "profit_moonshot_taker_flow_exhaustion_eth_slow_momentum_mode", "split": "train"}
{"chunk_days": 7, "chunk_end": "2025-12-16T23:59:59.999999", "chunk_start": "2025-12-10T00:00:00", "event": "live_equivalent_chunk_load", "generated_at": "2026-05-05T12:06:51.826350Z", "mode": "profit_moonshot_taker_flow_exhaustion_eth_slow_momentum_mode", "split": "train"}
{"chunk_days": 7, "chunk_end": "2025-12-23T23:59:59.999999", "chunk_start": "2025-12-17T00:00:00", "event": "live_equivalent_chunk_load", "generated_at": "2026-05-05T12:06:56.991792Z", "mode": "profit_moonshot_taker_flow_exhaustion_eth_slow_momentum_mode", "split": "train"}
{"chunk_days": 7, "chunk_end": "2025-12-30T23:59:59.999999", "chunk_start": "2025-12-24T00:00:00", "event": "live_equivalent_chunk_load", "generated_at": "2026-05-05T12:07:02.954549Z", "mode": "profit_moonshot_taker_flow_exhaustion_eth_slow_momentum_mode", "split": "train"}
{"chunk_days": 7, "chunk_end": "2025-12-31T23:59:59.999999", "chunk_start": "2025-12-31T00:00:00", "event": "live_equivalent_chunk_load", "generated_at": "2026-05-05T12:07:09.129181Z", "mode": "profit_moonshot_taker_flow_exhaustion_eth_slow_momentum_mode", "split": "train"}
{"event": "live_equivalent_split_complete", "final_equity": 9975.783008186461, "generated_at": "2026-05-05T12:07:10.155375Z", "metrics": {"cagr": -1.1651785425392802e-06, "calmar": -0.00015781843735349836, "max_drawdown": 0.007383031805906116, "sharpe": -0.01074079310770599, "sortino": -0.011639095226375113, "total_return": -0.0024216991813538202, "volatility": 0.00010793930578607751}, "mode": "profit_moonshot_taker_flow_exhaustion_eth_slow_momentum_mode", "split": "train", "trade_count": 103}
{"end_inclusive": "2026-02-28", "event": "live_equivalent_split_start", "generated_at": "2026-05-05T12:07:10.155454Z", "mode": "profit_moonshot_taker_flow_exhaustion_eth_slow_momentum_mode", "split": "val", "start": "2026-01-01", "symbols": ["ETH/USDT"]}
{"chunk_days": 7, "chunk_end": "2026-01-07T23:59:59.999999", "chunk_start": "2026-01-01T00:00:00", "event": "live_equivalent_chunk_load", "generated_at": "2026-05-05T12:07:10.156153Z", "mode": "profit_moonshot_taker_flow_exhaustion_eth_slow_momentum_mode", "split": "val"}
{"chunk_days": 7, "chunk_end": "2026-01-14T23:59:59.999999", "chunk_start": "2026-01-08T00:00:00", "event": "live_equivalent_chunk_load", "generated_at": "2026-05-05T12:07:16.110815Z", "mode": "profit_moonshot_taker_flow_exhaustion_eth_slow_momentum_mode", "split": "val"}
{"chunk_days": 7, "chunk_end": "2026-01-21T23:59:59.999999", "chunk_start": "2026-01-15T00:00:00", "event": "live_equivalent_chunk_load", "generated_at": "2026-05-05T12:07:22.330034Z", "mode": "profit_moonshot_taker_flow_exhaustion_eth_slow_momentum_mode", "split": "val"}
{"chunk_days": 7, "chunk_end": "2026-01-28T23:59:59.999999", "chunk_start": "2026-01-22T00:00:00", "event": "live_equivalent_chunk_load", "generated_at": "2026-05-05T12:07:28.595217Z", "mode": "profit_moonshot_taker_flow_exhaustion_eth_slow_momentum_mode", "split": "val"}
{"chunk_days": 7, "chunk_end": "2026-02-04T23:59:59.999999", "chunk_start": "2026-01-29T00:00:00", "event": "live_equivalent_chunk_load", "generated_at": "2026-05-05T12:07:34.719427Z", "mode": "profit_moonshot_taker_flow_exhaustion_eth_slow_momentum_mode", "split": "val"}
{"chunk_days": 7, "chunk_end": "2026-02-11T23:59:59.999999", "chunk_start": "2026-02-05T00:00:00", "event": "live_equivalent_chunk_load", "generated_at": "2026-05-05T12:07:40.588691Z", "mode": "profit_moonshot_taker_flow_exhaustion_eth_slow_momentum_mode", "split": "val"}
{"chunk_days": 7, "chunk_end": "2026-02-18T23:59:59.999999", "chunk_start": "2026-02-12T00:00:00", "event": "live_equivalent_chunk_load", "generated_at": "2026-05-05T12:07:45.251517Z", "mode": "profit_moonshot_taker_flow_exhaustion_eth_slow_momentum_mode", "split": "val"}
{"chunk_days": 7, "chunk_end": "2026-02-25T23:59:59.999999", "chunk_start": "2026-02-19T00:00:00", "event": "live_equivalent_chunk_load", "generated_at": "2026-05-05T12:07:50.021793Z", "mode": "profit_moonshot_taker_flow_exhaustion_eth_slow_momentum_mode", "split": "val"}
{"chunk_days": 7, "chunk_end": "2026-02-28T23:59:59.999999", "chunk_start": "2026-02-26T00:00:00", "event": "live_equivalent_chunk_load", "generated_at": "2026-05-05T12:07:55.605049Z", "mode": "profit_moonshot_taker_flow_exhaustion_eth_slow_momentum_mode", "split": "val"}
{"event": "live_equivalent_split_complete", "final_equity": 9967.899358848115, "generated_at": "2026-05-05T12:07:57.701831Z", "metrics": {"cagr": -9.537544106263951e-06, "calmar": -0.0029466551301616127, "max_drawdown": 0.003236735785141186, "sharpe": -0.13500262977519106, "sortino": -0.12285251792545365, "total_return": -0.003210064115188427, "volatility": 7.062895911455248e-05}, "mode": "profit_moonshot_taker_flow_exhaustion_eth_slow_momentum_mode", "split": "val", "trade_count": 18}
{"end_inclusive": "2026-05-04", "event": "live_equivalent_split_start", "generated_at": "2026-05-05T12:07:57.701909Z", "mode": "profit_moonshot_taker_flow_exhaustion_eth_slow_momentum_mode", "split": "oos", "start": "2026-03-01", "symbols": ["ETH/USDT"]}
{"chunk_days": 7, "chunk_end": "2026-03-07T23:59:59.999999", "chunk_start": "2026-03-01T00:00:00", "event": "live_equivalent_chunk_load", "generated_at": "2026-05-05T12:07:57.702557Z", "mode": "profit_moonshot_taker_flow_exhaustion_eth_slow_momentum_mode", "split": "oos"}
{"chunk_days": 7, "chunk_end": "2026-03-14T23:59:59.999999", "chunk_start": "2026-03-08T00:00:00", "event": "live_equivalent_chunk_load", "generated_at": "2026-05-05T12:08:02.515797Z", "mode": "profit_moonshot_taker_flow_exhaustion_eth_slow_momentum_mode", "split": "oos"}
{"chunk_days": 7, "chunk_end": "2026-03-21T23:59:59.999999", "chunk_start": "2026-03-15T00:00:00", "event": "live_equivalent_chunk_load", "generated_at": "2026-05-05T12:08:08.473390Z", "mode": "profit_moonshot_taker_flow_exhaustion_eth_slow_momentum_mode", "split": "oos"}
{"chunk_days": 7, "chunk_end": "2026-03-28T23:59:59.999999", "chunk_start": "2026-03-22T00:00:00", "event": "live_equivalent_chunk_load", "generated_at": "2026-05-05T12:08:13.418389Z", "mode": "profit_moonshot_taker_flow_exhaustion_eth_slow_momentum_mode", "split": "oos"}
{"chunk_days": 7, "chunk_end": "2026-04-04T23:59:59.999999", "chunk_start": "2026-03-29T00:00:00", "event": "live_equivalent_chunk_load", "generated_at": "2026-05-05T12:08:19.291875Z", "mode": "profit_moonshot_taker_flow_exhaustion_eth_slow_momentum_mode", "split": "oos"}
{"chunk_days": 7, "chunk_end": "2026-04-11T23:59:59.999999", "chunk_start": "2026-04-05T00:00:00", "event": "live_equivalent_chunk_load", "generated_at": "2026-05-05T12:08:24.551369Z", "mode": "profit_moonshot_taker_flow_exhaustion_eth_slow_momentum_mode", "split": "oos"}
{"chunk_days": 7, "chunk_end": "2026-04-18T23:59:59.999999", "chunk_start": "2026-04-12T00:00:00", "event": "live_equivalent_chunk_load", "generated_at": "2026-05-05T12:08:29.804973Z", "mode": "profit_moonshot_taker_flow_exhaustion_eth_slow_momentum_mode", "split": "oos"}
{"chunk_days": 7, "chunk_end": "2026-04-25T23:59:59.999999", "chunk_start": "2026-04-19T00:00:00", "event": "live_equivalent_chunk_load", "generated_at": "2026-05-05T12:08:35.729494Z", "mode": "profit_moonshot_taker_flow_exhaustion_eth_slow_momentum_mode", "split": "oos"}
{"chunk_days": 7, "chunk_end": "2026-05-02T23:59:59.999999", "chunk_start": "2026-04-26T00:00:00", "event": "live_equivalent_chunk_load", "generated_at": "2026-05-05T12:08:42.189752Z", "mode": "profit_moonshot_taker_flow_exhaustion_eth_slow_momentum_mode", "split": "oos"}
{"chunk_days": 7, "chunk_end": "2026-05-04T23:59:59.999999", "chunk_start": "2026-05-03T00:00:00", "event": "live_equivalent_chunk_load", "generated_at": "2026-05-05T12:08:48.455769Z", "mode": "profit_moonshot_taker_flow_exhaustion_eth_slow_momentum_mode", "split": "oos"}
{"event": "live_equivalent_split_complete", "final_equity": 9994.906450327951, "generated_at": "2026-05-05T12:08:50.345085Z", "metrics": {"cagr": -1.3710030887237323e-06, "calmar": -0.001304357174757165, "max_drawdown": 0.001051094834494988, "sharpe": -0.03630438213258195, "sortino": -0.035671862509068904, "total_return": -0.0005069579672050128, "volatility": 3.774452638056362e-05}, "mode": "profit_moonshot_taker_flow_exhaustion_eth_slow_momentum_mode", "split": "oos", "trade_count": 16}
{
  "artifact_reset_csv": "/home/hoky/Quants-agent/LuminaQuant/var/reports/profit_moonshot_20260501/current_tail_20260505/live_equivalent/profit_moonshot_taker_flow_exhaustion_eth_slow_momentum_mode/live_equivalent_revalidation_artifact_reset_20260426.csv",
  "json": "/home/hoky/Quants-agent/LuminaQuant/var/reports/profit_moonshot_20260501/current_tail_20260505/live_equivalent/profit_moonshot_taker_flow_exhaustion_eth_slow_momentum_mode/live_equivalent_revalidation_latest.json",
  "live_decision": "",
  "markdown": "/home/hoky/Quants-agent/LuminaQuant/var/reports/profit_moonshot_20260501/current_tail_20260505/live_equivalent/profit_moonshot_taker_flow_exhaustion_eth_slow_momentum_mode/live_equivalent_revalidation_latest.md",
  "mode_csv": "/home/hoky/Quants-agent/LuminaQuant/var/reports/profit_moonshot_20260501/current_tail_20260505/live_equivalent/profit_moonshot_taker_flow_exhaustion_eth_slow_momentum_mode/live_equivalent_revalidation_candidates_20260426.csv"
}
	Command being timed: "uv run python scripts/research/revalidate_live_equivalent_candidates.py --output-dir var/reports/profit_moonshot_20260501/current_tail_20260505/live_equivalent/profit_moonshot_taker_flow_exhaustion_eth_slow_momentum_mode --backtest-checkpoint-path var/reports/profit_moonshot_20260501/current_tail_20260505/live_equivalent/profit_moonshot_taker_flow_exhaustion_eth_slow_momentum_mode_checkpoint.json --portfolio-modes profit_moonshot_taker_flow_exhaustion_eth_slow_momentum_mode --execute-backtests --chunk-days 7 --no-live-decision-update"
	User time (seconds): 423.57
	System time (seconds): 33.89
	Percent of CPU this job got: 109%
	Elapsed (wall clock) time (h:mm:ss or m:ss): 6:57.31
	Average shared text size (kbytes): 0
	Average unshared data size (kbytes): 0
	Average stack size (kbytes): 0
	Average total size (kbytes): 0
	Maximum resident set size (kbytes): 1314468
	Average resident set size (kbytes): 0
	Major (requiring I/O) page faults: 0
	Minor (reclaiming a frame) page faults: 1803229
	Voluntary context switches: 1113118
	Involuntary context switches: 9629
	Swaps: 0
	File system inputs: 0
	File system outputs: 6544
	Socket messages sent: 0
	Socket messages received: 0
	Signals delivered: 0
	Page size (bytes): 4096
	Exit status: 0
