{"event": "live_equivalent_split_resume", "generated_at": "2026-05-05T05:21:10.831753Z", "mode": "profit_moonshot_leadlag_slow_diffusion_mode", "split": "train"}
{"event": "live_equivalent_split_resume", "generated_at": "2026-05-05T05:21:10.831845Z", "mode": "profit_moonshot_leadlag_slow_diffusion_mode", "split": "val"}
{"end_inclusive": "2026-05-04", "event": "live_equivalent_split_start", "generated_at": "2026-05-05T05:21:10.831882Z", "mode": "profit_moonshot_leadlag_slow_diffusion_mode", "split": "oos", "start": "2026-03-01", "symbols": ["BTC/USDT", "ETH/USDT"]}
{"chunk_days": 7, "chunk_end": "2026-03-07T23:59:59.999999", "chunk_start": "2026-03-01T00:00:00", "event": "live_equivalent_chunk_load", "generated_at": "2026-05-05T05:21:10.832549Z", "mode": "profit_moonshot_leadlag_slow_diffusion_mode", "split": "oos"}
{"chunk_days": 7, "chunk_end": "2026-03-14T23:59:59.999999", "chunk_start": "2026-03-08T00:00:00", "event": "live_equivalent_chunk_load", "generated_at": "2026-05-05T05:21:30.756074Z", "mode": "profit_moonshot_leadlag_slow_diffusion_mode", "split": "oos"}
{"chunk_days": 7, "chunk_end": "2026-03-21T23:59:59.999999", "chunk_start": "2026-03-15T00:00:00", "event": "live_equivalent_chunk_load", "generated_at": "2026-05-05T05:21:42.821034Z", "mode": "profit_moonshot_leadlag_slow_diffusion_mode", "split": "oos"}
{"chunk_days": 7, "chunk_end": "2026-03-28T23:59:59.999999", "chunk_start": "2026-03-22T00:00:00", "event": "live_equivalent_chunk_load", "generated_at": "2026-05-05T05:22:03.799173Z", "mode": "profit_moonshot_leadlag_slow_diffusion_mode", "split": "oos"}
{"chunk_days": 7, "chunk_end": "2026-04-04T23:59:59.999999", "chunk_start": "2026-03-29T00:00:00", "event": "live_equivalent_chunk_load", "generated_at": "2026-05-05T05:22:25.965679Z", "mode": "profit_moonshot_leadlag_slow_diffusion_mode", "split": "oos"}
{"chunk_days": 7, "chunk_end": "2026-04-11T23:59:59.999999", "chunk_start": "2026-04-05T00:00:00", "event": "live_equivalent_chunk_load", "generated_at": "2026-05-05T05:22:47.577849Z", "mode": "profit_moonshot_leadlag_slow_diffusion_mode", "split": "oos"}
{"chunk_days": 7, "chunk_end": "2026-04-18T23:59:59.999999", "chunk_start": "2026-04-12T00:00:00", "event": "live_equivalent_chunk_load", "generated_at": "2026-05-05T05:23:09.174469Z", "mode": "profit_moonshot_leadlag_slow_diffusion_mode", "split": "oos"}
{"chunk_days": 7, "chunk_end": "2026-04-25T23:59:59.999999", "chunk_start": "2026-04-19T00:00:00", "event": "live_equivalent_chunk_load", "generated_at": "2026-05-05T05:23:41.065448Z", "mode": "profit_moonshot_leadlag_slow_diffusion_mode", "split": "oos"}
{"chunk_days": 7, "chunk_end": "2026-05-02T23:59:59.999999", "chunk_start": "2026-04-26T00:00:00", "event": "live_equivalent_chunk_load", "generated_at": "2026-05-05T05:23:53.444292Z", "mode": "profit_moonshot_leadlag_slow_diffusion_mode", "split": "oos"}
{"chunk_days": 7, "chunk_end": "2026-05-04T23:59:59.999999", "chunk_start": "2026-05-03T00:00:00", "event": "live_equivalent_chunk_load", "generated_at": "2026-05-05T05:24:14.074519Z", "mode": "profit_moonshot_leadlag_slow_diffusion_mode", "split": "oos"}
{"event": "live_equivalent_split_complete", "final_equity": 10029.278473147682, "generated_at": "2026-05-05T05:24:20.308762Z", "metrics": {"cagr": 7.823428646913655e-06, "calmar": 0.00011047339409859917, "max_drawdown": 0.07081731045514114, "sharpe": 0.0040594379996532585, "sortino": 0.004141570987630415, "total_return": 0.0029099973147681535, "volatility": 0.005002301338796817}, "mode": "profit_moonshot_leadlag_slow_diffusion_mode", "split": "oos", "trade_count": 40}
{
  "artifact_reset_csv": "/home/hoky/Quants-agent/LuminaQuant/var/reports/profit_moonshot_20260501/current_tail_20260505/live_equivalent/profit_moonshot_leadlag_slow_diffusion_mode/live_equivalent_revalidation_artifact_reset_20260426.csv",
  "json": "/home/hoky/Quants-agent/LuminaQuant/var/reports/profit_moonshot_20260501/current_tail_20260505/live_equivalent/profit_moonshot_leadlag_slow_diffusion_mode/live_equivalent_revalidation_latest.json",
  "live_decision": "",
  "markdown": "/home/hoky/Quants-agent/LuminaQuant/var/reports/profit_moonshot_20260501/current_tail_20260505/live_equivalent/profit_moonshot_leadlag_slow_diffusion_mode/live_equivalent_revalidation_latest.md",
  "mode_csv": "/home/hoky/Quants-agent/LuminaQuant/var/reports/profit_moonshot_20260501/current_tail_20260505/live_equivalent/profit_moonshot_leadlag_slow_diffusion_mode/live_equivalent_revalidation_candidates_20260426.csv"
}
	Command being timed: "uv run python scripts/research/revalidate_live_equivalent_candidates.py --output-dir var/reports/profit_moonshot_20260501/current_tail_20260505/live_equivalent/profit_moonshot_leadlag_slow_diffusion_mode --backtest-checkpoint-path var/reports/profit_moonshot_20260501/current_tail_20260505/live_equivalent/profit_moonshot_leadlag_slow_diffusion_mode_checkpoint.json --portfolio-modes profit_moonshot_leadlag_slow_diffusion_mode --execute-backtests --chunk-days 7 --no-live-decision-update"
	User time (seconds): 200.33
	System time (seconds): 13.50
	Percent of CPU this job got: 106%
	Elapsed (wall clock) time (h:mm:ss or m:ss): 3:21.15
	Average shared text size (kbytes): 0
	Average unshared data size (kbytes): 0
	Average stack size (kbytes): 0
	Average total size (kbytes): 0
	Maximum resident set size (kbytes): 1800912
	Average resident set size (kbytes): 0
	Major (requiring I/O) page faults: 502
	Minor (reclaiming a frame) page faults: 729405
	Voluntary context switches: 281080
	Involuntary context switches: 3087
	Swaps: 0
	File system inputs: 236600
	File system outputs: 6608
	Socket messages sent: 0
	Socket messages received: 0
	Signals delivered: 0
	Page size (bytes): 4096
	Exit status: 0
