{"end_inclusive": "2025-12-31", "event": "live_equivalent_split_start", "generated_at": "2026-05-05T04:58:35.797773Z", "mode": "profit_moonshot_leadlag_slow_diffusion_mode", "split": "train", "start": "2025-01-01", "symbols": ["BTC/USDT", "ETH/USDT"]}
{"chunk_days": 7, "chunk_end": "2025-01-07T23:59:59.999999", "chunk_start": "2025-01-01T00:00:00", "event": "live_equivalent_chunk_load", "generated_at": "2026-05-05T04:58:35.798414Z", "mode": "profit_moonshot_leadlag_slow_diffusion_mode", "split": "train"}
{"chunk_days": 7, "chunk_end": "2025-01-14T23:59:59.999999", "chunk_start": "2025-01-08T00:00:00", "event": "live_equivalent_chunk_load", "generated_at": "2026-05-05T04:58:47.998996Z", "mode": "profit_moonshot_leadlag_slow_diffusion_mode", "split": "train"}
{"chunk_days": 7, "chunk_end": "2025-01-21T23:59:59.999999", "chunk_start": "2025-01-15T00:00:00", "event": "live_equivalent_chunk_load", "generated_at": "2026-05-05T04:59:06.334802Z", "mode": "profit_moonshot_leadlag_slow_diffusion_mode", "split": "train"}
{"chunk_days": 7, "chunk_end": "2025-01-28T23:59:59.999999", "chunk_start": "2025-01-22T00:00:00", "event": "live_equivalent_chunk_load", "generated_at": "2026-05-05T04:59:24.210090Z", "mode": "profit_moonshot_leadlag_slow_diffusion_mode", "split": "train"}
{"chunk_days": 7, "chunk_end": "2025-02-04T23:59:59.999999", "chunk_start": "2025-01-29T00:00:00", "event": "live_equivalent_chunk_load", "generated_at": "2026-05-05T04:59:44.923310Z", "mode": "profit_moonshot_leadlag_slow_diffusion_mode", "split": "train"}
{"chunk_days": 7, "chunk_end": "2025-02-11T23:59:59.999999", "chunk_start": "2025-02-05T00:00:00", "event": "live_equivalent_chunk_load", "generated_at": "2026-05-05T05:00:04.317258Z", "mode": "profit_moonshot_leadlag_slow_diffusion_mode", "split": "train"}
{"chunk_days": 7, "chunk_end": "2025-02-18T23:59:59.999999", "chunk_start": "2025-02-12T00:00:00", "event": "live_equivalent_chunk_load", "generated_at": "2026-05-05T05:00:23.539872Z", "mode": "profit_moonshot_leadlag_slow_diffusion_mode", "split": "train"}
{"chunk_days": 7, "chunk_end": "2025-02-25T23:59:59.999999", "chunk_start": "2025-02-19T00:00:00", "event": "live_equivalent_chunk_load", "generated_at": "2026-05-05T05:00:43.314994Z", "mode": "profit_moonshot_leadlag_slow_diffusion_mode", "split": "train"}
{"chunk_days": 7, "chunk_end": "2025-03-04T23:59:59.999999", "chunk_start": "2025-02-26T00:00:00", "event": "live_equivalent_chunk_load", "generated_at": "2026-05-05T05:01:03.132977Z", "mode": "profit_moonshot_leadlag_slow_diffusion_mode", "split": "train"}
{"chunk_days": 7, "chunk_end": "2025-03-11T23:59:59.999999", "chunk_start": "2025-03-05T00:00:00", "event": "live_equivalent_chunk_load", "generated_at": "2026-05-05T05:01:23.670148Z", "mode": "profit_moonshot_leadlag_slow_diffusion_mode", "split": "train"}
{"chunk_days": 7, "chunk_end": "2025-03-18T23:59:59.999999", "chunk_start": "2025-03-12T00:00:00", "event": "live_equivalent_chunk_load", "generated_at": "2026-05-05T05:01:43.565377Z", "mode": "profit_moonshot_leadlag_slow_diffusion_mode", "split": "train"}
{"chunk_days": 7, "chunk_end": "2025-03-25T23:59:59.999999", "chunk_start": "2025-03-19T00:00:00", "event": "live_equivalent_chunk_load", "generated_at": "2026-05-05T05:02:04.494528Z", "mode": "profit_moonshot_leadlag_slow_diffusion_mode", "split": "train"}
{"chunk_days": 7, "chunk_end": "2025-04-01T23:59:59.999999", "chunk_start": "2025-03-26T00:00:00", "event": "live_equivalent_chunk_load", "generated_at": "2026-05-05T05:02:23.299348Z", "mode": "profit_moonshot_leadlag_slow_diffusion_mode", "split": "train"}
{"chunk_days": 7, "chunk_end": "2025-04-08T23:59:59.999999", "chunk_start": "2025-04-02T00:00:00", "event": "live_equivalent_chunk_load", "generated_at": "2026-05-05T05:02:42.178572Z", "mode": "profit_moonshot_leadlag_slow_diffusion_mode", "split": "train"}
{"chunk_days": 7, "chunk_end": "2025-04-15T23:59:59.999999", "chunk_start": "2025-04-09T00:00:00", "event": "live_equivalent_chunk_load", "generated_at": "2026-05-05T05:03:02.928792Z", "mode": "profit_moonshot_leadlag_slow_diffusion_mode", "split": "train"}
{"chunk_days": 7, "chunk_end": "2025-04-22T23:59:59.999999", "chunk_start": "2025-04-16T00:00:00", "event": "live_equivalent_chunk_load", "generated_at": "2026-05-05T05:03:23.143313Z", "mode": "profit_moonshot_leadlag_slow_diffusion_mode", "split": "train"}
{"chunk_days": 7, "chunk_end": "2025-04-29T23:59:59.999999", "chunk_start": "2025-04-23T00:00:00", "event": "live_equivalent_chunk_load", "generated_at": "2026-05-05T05:03:43.464967Z", "mode": "profit_moonshot_leadlag_slow_diffusion_mode", "split": "train"}
{"chunk_days": 7, "chunk_end": "2025-05-06T23:59:59.999999", "chunk_start": "2025-04-30T00:00:00", "event": "live_equivalent_chunk_load", "generated_at": "2026-05-05T05:04:04.180206Z", "mode": "profit_moonshot_leadlag_slow_diffusion_mode", "split": "train"}
{"chunk_days": 7, "chunk_end": "2025-05-13T23:59:59.999999", "chunk_start": "2025-05-07T00:00:00", "event": "live_equivalent_chunk_load", "generated_at": "2026-05-05T05:04:23.158021Z", "mode": "profit_moonshot_leadlag_slow_diffusion_mode", "split": "train"}
{"chunk_days": 7, "chunk_end": "2025-05-20T23:59:59.999999", "chunk_start": "2025-05-14T00:00:00", "event": "live_equivalent_chunk_load", "generated_at": "2026-05-05T05:04:39.830753Z", "mode": "profit_moonshot_leadlag_slow_diffusion_mode", "split": "train"}
{"chunk_days": 7, "chunk_end": "2025-05-27T23:59:59.999999", "chunk_start": "2025-05-21T00:00:00", "event": "live_equivalent_chunk_load", "generated_at": "2026-05-05T05:05:01.194463Z", "mode": "profit_moonshot_leadlag_slow_diffusion_mode", "split": "train"}
{"chunk_days": 7, "chunk_end": "2025-06-03T23:59:59.999999", "chunk_start": "2025-05-28T00:00:00", "event": "live_equivalent_chunk_load", "generated_at": "2026-05-05T05:05:21.844819Z", "mode": "profit_moonshot_leadlag_slow_diffusion_mode", "split": "train"}
{"chunk_days": 7, "chunk_end": "2025-06-10T23:59:59.999999", "chunk_start": "2025-06-04T00:00:00", "event": "live_equivalent_chunk_load", "generated_at": "2026-05-05T05:05:42.378130Z", "mode": "profit_moonshot_leadlag_slow_diffusion_mode", "split": "train"}
{"chunk_days": 7, "chunk_end": "2025-06-17T23:59:59.999999", "chunk_start": "2025-06-11T00:00:00", "event": "live_equivalent_chunk_load", "generated_at": "2026-05-05T05:06:03.228417Z", "mode": "profit_moonshot_leadlag_slow_diffusion_mode", "split": "train"}
{"chunk_days": 7, "chunk_end": "2025-06-24T23:59:59.999999", "chunk_start": "2025-06-18T00:00:00", "event": "live_equivalent_chunk_load", "generated_at": "2026-05-05T05:06:23.975227Z", "mode": "profit_moonshot_leadlag_slow_diffusion_mode", "split": "train"}
{"chunk_days": 7, "chunk_end": "2025-07-01T23:59:59.999999", "chunk_start": "2025-06-25T00:00:00", "event": "live_equivalent_chunk_load", "generated_at": "2026-05-05T05:06:53.994705Z", "mode": "profit_moonshot_leadlag_slow_diffusion_mode", "split": "train"}
{"chunk_days": 7, "chunk_end": "2025-07-08T23:59:59.999999", "chunk_start": "2025-07-02T00:00:00", "event": "live_equivalent_chunk_load", "generated_at": "2026-05-05T05:07:05.739844Z", "mode": "profit_moonshot_leadlag_slow_diffusion_mode", "split": "train"}
{"chunk_days": 7, "chunk_end": "2025-07-15T23:59:59.999999", "chunk_start": "2025-07-09T00:00:00", "event": "live_equivalent_chunk_load", "generated_at": "2026-05-05T05:07:24.475464Z", "mode": "profit_moonshot_leadlag_slow_diffusion_mode", "split": "train"}
{"chunk_days": 7, "chunk_end": "2025-07-22T23:59:59.999999", "chunk_start": "2025-07-16T00:00:00", "event": "live_equivalent_chunk_load", "generated_at": "2026-05-05T05:07:45.408584Z", "mode": "profit_moonshot_leadlag_slow_diffusion_mode", "split": "train"}
{"chunk_days": 7, "chunk_end": "2025-07-29T23:59:59.999999", "chunk_start": "2025-07-23T00:00:00", "event": "live_equivalent_chunk_load", "generated_at": "2026-05-05T05:08:04.654335Z", "mode": "profit_moonshot_leadlag_slow_diffusion_mode", "split": "train"}
{"chunk_days": 7, "chunk_end": "2025-08-05T23:59:59.999999", "chunk_start": "2025-07-30T00:00:00", "event": "live_equivalent_chunk_load", "generated_at": "2026-05-05T05:08:25.476769Z", "mode": "profit_moonshot_leadlag_slow_diffusion_mode", "split": "train"}
{"chunk_days": 7, "chunk_end": "2025-08-12T23:59:59.999999", "chunk_start": "2025-08-06T00:00:00", "event": "live_equivalent_chunk_load", "generated_at": "2026-05-05T05:08:54.207261Z", "mode": "profit_moonshot_leadlag_slow_diffusion_mode", "split": "train"}
{"chunk_days": 7, "chunk_end": "2025-08-19T23:59:59.999999", "chunk_start": "2025-08-13T00:00:00", "event": "live_equivalent_chunk_load", "generated_at": "2026-05-05T05:09:06.268968Z", "mode": "profit_moonshot_leadlag_slow_diffusion_mode", "split": "train"}
{"chunk_days": 7, "chunk_end": "2025-08-26T23:59:59.999999", "chunk_start": "2025-08-20T00:00:00", "event": "live_equivalent_chunk_load", "generated_at": "2026-05-05T05:09:27.192977Z", "mode": "profit_moonshot_leadlag_slow_diffusion_mode", "split": "train"}
{"chunk_days": 7, "chunk_end": "2025-09-02T23:59:59.999999", "chunk_start": "2025-08-27T00:00:00", "event": "live_equivalent_chunk_load", "generated_at": "2026-05-05T05:09:47.049258Z", "mode": "profit_moonshot_leadlag_slow_diffusion_mode", "split": "train"}
{"chunk_days": 7, "chunk_end": "2025-09-09T23:59:59.999999", "chunk_start": "2025-09-03T00:00:00", "event": "live_equivalent_chunk_load", "generated_at": "2026-05-05T05:10:06.903351Z", "mode": "profit_moonshot_leadlag_slow_diffusion_mode", "split": "train"}
{"chunk_days": 7, "chunk_end": "2025-09-16T23:59:59.999999", "chunk_start": "2025-09-10T00:00:00", "event": "live_equivalent_chunk_load", "generated_at": "2026-05-05T05:10:26.199608Z", "mode": "profit_moonshot_leadlag_slow_diffusion_mode", "split": "train"}
{"chunk_days": 7, "chunk_end": "2025-09-23T23:59:59.999999", "chunk_start": "2025-09-17T00:00:00", "event": "live_equivalent_chunk_load", "generated_at": "2026-05-05T05:10:44.150919Z", "mode": "profit_moonshot_leadlag_slow_diffusion_mode", "split": "train"}
{"chunk_days": 7, "chunk_end": "2025-09-30T23:59:59.999999", "chunk_start": "2025-09-24T00:00:00", "event": "live_equivalent_chunk_load", "generated_at": "2026-05-05T05:11:03.865010Z", "mode": "profit_moonshot_leadlag_slow_diffusion_mode", "split": "train"}
{"chunk_days": 7, "chunk_end": "2025-10-07T23:59:59.999999", "chunk_start": "2025-10-01T00:00:00", "event": "live_equivalent_chunk_load", "generated_at": "2026-05-05T05:11:24.062310Z", "mode": "profit_moonshot_leadlag_slow_diffusion_mode", "split": "train"}
{"chunk_days": 7, "chunk_end": "2025-10-14T23:59:59.999999", "chunk_start": "2025-10-08T00:00:00", "event": "live_equivalent_chunk_load", "generated_at": "2026-05-05T05:11:44.007099Z", "mode": "profit_moonshot_leadlag_slow_diffusion_mode", "split": "train"}
{"chunk_days": 7, "chunk_end": "2025-10-21T23:59:59.999999", "chunk_start": "2025-10-15T00:00:00", "event": "live_equivalent_chunk_load", "generated_at": "2026-05-05T05:12:13.951622Z", "mode": "profit_moonshot_leadlag_slow_diffusion_mode", "split": "train"}
{"chunk_days": 7, "chunk_end": "2025-10-28T23:59:59.999999", "chunk_start": "2025-10-22T00:00:00", "event": "live_equivalent_chunk_load", "generated_at": "2026-05-05T05:12:24.219550Z", "mode": "profit_moonshot_leadlag_slow_diffusion_mode", "split": "train"}
{"chunk_days": 7, "chunk_end": "2025-11-04T23:59:59.999999", "chunk_start": "2025-10-29T00:00:00", "event": "live_equivalent_chunk_load", "generated_at": "2026-05-05T05:12:44.161082Z", "mode": "profit_moonshot_leadlag_slow_diffusion_mode", "split": "train"}
{"chunk_days": 7, "chunk_end": "2025-11-11T23:59:59.999999", "chunk_start": "2025-11-05T00:00:00", "event": "live_equivalent_chunk_load", "generated_at": "2026-05-05T05:13:04.432593Z", "mode": "profit_moonshot_leadlag_slow_diffusion_mode", "split": "train"}
{"chunk_days": 7, "chunk_end": "2025-11-18T23:59:59.999999", "chunk_start": "2025-11-12T00:00:00", "event": "live_equivalent_chunk_load", "generated_at": "2026-05-05T05:13:24.049305Z", "mode": "profit_moonshot_leadlag_slow_diffusion_mode", "split": "train"}
{"chunk_days": 7, "chunk_end": "2025-11-25T23:59:59.999999", "chunk_start": "2025-11-19T00:00:00", "event": "live_equivalent_chunk_load", "generated_at": "2026-05-05T05:13:43.455153Z", "mode": "profit_moonshot_leadlag_slow_diffusion_mode", "split": "train"}
{"chunk_days": 7, "chunk_end": "2025-12-02T23:59:59.999999", "chunk_start": "2025-11-26T00:00:00", "event": "live_equivalent_chunk_load", "generated_at": "2026-05-05T05:14:03.406296Z", "mode": "profit_moonshot_leadlag_slow_diffusion_mode", "split": "train"}
{"chunk_days": 7, "chunk_end": "2025-12-09T23:59:59.999999", "chunk_start": "2025-12-03T00:00:00", "event": "live_equivalent_chunk_load", "generated_at": "2026-05-05T05:14:24.390574Z", "mode": "profit_moonshot_leadlag_slow_diffusion_mode", "split": "train"}
{"chunk_days": 7, "chunk_end": "2025-12-16T23:59:59.999999", "chunk_start": "2025-12-10T00:00:00", "event": "live_equivalent_chunk_load", "generated_at": "2026-05-05T05:14:45.236760Z", "mode": "profit_moonshot_leadlag_slow_diffusion_mode", "split": "train"}
{"chunk_days": 7, "chunk_end": "2025-12-23T23:59:59.999999", "chunk_start": "2025-12-17T00:00:00", "event": "live_equivalent_chunk_load", "generated_at": "2026-05-05T05:15:06.018132Z", "mode": "profit_moonshot_leadlag_slow_diffusion_mode", "split": "train"}
{"chunk_days": 7, "chunk_end": "2025-12-30T23:59:59.999999", "chunk_start": "2025-12-24T00:00:00", "event": "live_equivalent_chunk_load", "generated_at": "2026-05-05T05:15:25.947795Z", "mode": "profit_moonshot_leadlag_slow_diffusion_mode", "split": "train"}
{"chunk_days": 7, "chunk_end": "2025-12-31T23:59:59.999999", "chunk_start": "2025-12-31T00:00:00", "event": "live_equivalent_chunk_load", "generated_at": "2026-05-05T05:15:46.115983Z", "mode": "profit_moonshot_leadlag_slow_diffusion_mode", "split": "train"}
{"event": "live_equivalent_split_complete", "final_equity": 10312.765352275144, "generated_at": "2026-05-05T05:15:49.594644Z", "metrics": {"cagr": 1.4767949819027848e-05, "calmar": 0.0001617479679754174, "max_drawdown": 0.09130222780463179, "sharpe": 0.006797828179471699, "sortino": 0.006916989401422137, "total_return": 0.031274183227514296, "volatility": 0.0027131155876595637}, "mode": "profit_moonshot_leadlag_slow_diffusion_mode", "split": "train", "trade_count": 176}
{"end_inclusive": "2026-02-28", "event": "live_equivalent_split_start", "generated_at": "2026-05-05T05:15:49.594867Z", "mode": "profit_moonshot_leadlag_slow_diffusion_mode", "split": "val", "start": "2026-01-01", "symbols": ["BTC/USDT", "ETH/USDT"]}
{"chunk_days": 7, "chunk_end": "2026-01-07T23:59:59.999999", "chunk_start": "2026-01-01T00:00:00", "event": "live_equivalent_chunk_load", "generated_at": "2026-05-05T05:15:49.598238Z", "mode": "profit_moonshot_leadlag_slow_diffusion_mode", "split": "val"}
{"chunk_days": 7, "chunk_end": "2026-01-14T23:59:59.999999", "chunk_start": "2026-01-08T00:00:00", "event": "live_equivalent_chunk_load", "generated_at": "2026-05-05T05:16:02.012755Z", "mode": "profit_moonshot_leadlag_slow_diffusion_mode", "split": "val"}
{"chunk_days": 7, "chunk_end": "2026-01-21T23:59:59.999999", "chunk_start": "2026-01-15T00:00:00", "event": "live_equivalent_chunk_load", "generated_at": "2026-05-05T05:16:25.213687Z", "mode": "profit_moonshot_leadlag_slow_diffusion_mode", "split": "val"}
{"chunk_days": 7, "chunk_end": "2026-01-28T23:59:59.999999", "chunk_start": "2026-01-22T00:00:00", "event": "live_equivalent_chunk_load", "generated_at": "2026-05-05T05:16:35.632235Z", "mode": "profit_moonshot_leadlag_slow_diffusion_mode", "split": "val"}
{"chunk_days": 7, "chunk_end": "2026-02-04T23:59:59.999999", "chunk_start": "2026-01-29T00:00:00", "event": "live_equivalent_chunk_load", "generated_at": "2026-05-05T05:16:56.805984Z", "mode": "profit_moonshot_leadlag_slow_diffusion_mode", "split": "val"}
{"chunk_days": 7, "chunk_end": "2026-02-11T23:59:59.999999", "chunk_start": "2026-02-05T00:00:00", "event": "live_equivalent_chunk_load", "generated_at": "2026-05-05T05:17:16.544379Z", "mode": "profit_moonshot_leadlag_slow_diffusion_mode", "split": "val"}
{"chunk_days": 7, "chunk_end": "2026-02-18T23:59:59.999999", "chunk_start": "2026-02-12T00:00:00", "event": "live_equivalent_chunk_load", "generated_at": "2026-05-05T05:17:45.457199Z", "mode": "profit_moonshot_leadlag_slow_diffusion_mode", "split": "val"}
{"chunk_days": 7, "chunk_end": "2026-02-25T23:59:59.999999", "chunk_start": "2026-02-19T00:00:00", "event": "live_equivalent_chunk_load", "generated_at": "2026-05-05T05:18:05.892159Z", "mode": "profit_moonshot_leadlag_slow_diffusion_mode", "split": "val"}
{"chunk_days": 7, "chunk_end": "2026-02-28T23:59:59.999999", "chunk_start": "2026-02-26T00:00:00", "event": "live_equivalent_chunk_load", "generated_at": "2026-05-05T05:18:18.136520Z", "mode": "profit_moonshot_leadlag_slow_diffusion_mode", "split": "val"}
{"event": "live_equivalent_split_complete", "final_equity": 10068.49060830639, "generated_at": "2026-05-05T05:18:28.069054Z", "metrics": {"cagr": 2.0200882644427764e-05, "calmar": 0.0016031702194711406, "max_drawdown": 0.01260058501529033, "sharpe": 0.02829260456497342, "sortino": 0.02853711998689675, "total_return": 0.006833193830638962, "volatility": 0.0007232355221644315}, "mode": "profit_moonshot_leadlag_slow_diffusion_mode", "split": "val", "trade_count": 40}
{
  "artifact_reset_csv": "/home/hoky/Quants-agent/LuminaQuant/var/reports/profit_moonshot_20260501/current_tail_20260505/live_equivalent/profit_moonshot_leadlag_slow_diffusion_mode/live_equivalent_revalidation_artifact_reset_20260426.csv",
  "json": "/home/hoky/Quants-agent/LuminaQuant/var/reports/profit_moonshot_20260501/current_tail_20260505/live_equivalent/profit_moonshot_leadlag_slow_diffusion_mode/live_equivalent_revalidation_latest.json",
  "live_decision": "",
  "markdown": "/home/hoky/Quants-agent/LuminaQuant/var/reports/profit_moonshot_20260501/current_tail_20260505/live_equivalent/profit_moonshot_leadlag_slow_diffusion_mode/live_equivalent_revalidation_latest.md",
  "mode_csv": "/home/hoky/Quants-agent/LuminaQuant/var/reports/profit_moonshot_20260501/current_tail_20260505/live_equivalent/profit_moonshot_leadlag_slow_diffusion_mode/live_equivalent_revalidation_candidates_20260426.csv"
}
	Command being timed: "uv run python scripts/research/revalidate_live_equivalent_candidates.py --output-dir var/reports/profit_moonshot_20260501/current_tail_20260505/live_equivalent/profit_moonshot_leadlag_slow_diffusion_mode --backtest-checkpoint-path var/reports/profit_moonshot_20260501/current_tail_20260505/live_equivalent/profit_moonshot_leadlag_slow_diffusion_mode_checkpoint.json --portfolio-modes profit_moonshot_leadlag_slow_diffusion_mode --execute-backtests --chunk-days 7 --no-live-decision-update"
	User time (seconds): 1202.80
	System time (seconds): 64.93
	Percent of CPU this job got: 105%
	Elapsed (wall clock) time (h:mm:ss or m:ss): 19:58.35
	Average shared text size (kbytes): 0
	Average unshared data size (kbytes): 0
	Average stack size (kbytes): 0
	Average total size (kbytes): 0
	Maximum resident set size (kbytes): 1950460
	Average resident set size (kbytes): 0
	Major (requiring I/O) page faults: 3455
	Minor (reclaiming a frame) page faults: 2644594
	Voluntary context switches: 1796372
	Involuntary context switches: 19158
	Swaps: 0
	File system inputs: 1817776
	File system outputs: 6920
	Socket messages sent: 0
	Socket messages received: 0
	Signals delivered: 0
	Page size (bytes): 4096
	Exit status: 0
