{
  "artifact_reset_csv": "/home/hoky/Quants-agent/LuminaQuant/var/reports/profit_moonshot_20260501/derivatives_oos/profit_moonshot_derivatives_taker_flow_mode_preflight/live_equivalent_revalidation_artifact_reset_20260426.csv",
  "json": "/home/hoky/Quants-agent/LuminaQuant/var/reports/profit_moonshot_20260501/derivatives_oos/profit_moonshot_derivatives_taker_flow_mode_preflight/live_equivalent_revalidation_latest.json",
  "live_decision": "",
  "markdown": "/home/hoky/Quants-agent/LuminaQuant/var/reports/profit_moonshot_20260501/derivatives_oos/profit_moonshot_derivatives_taker_flow_mode_preflight/live_equivalent_revalidation_latest.md",
  "mode_csv": "/home/hoky/Quants-agent/LuminaQuant/var/reports/profit_moonshot_20260501/derivatives_oos/profit_moonshot_derivatives_taker_flow_mode_preflight/live_equivalent_revalidation_candidates_20260426.csv"
}
	Command being timed: "uv run python scripts/research/revalidate_live_equivalent_candidates.py --portfolio-modes profit_moonshot_derivatives_taker_flow_mode --output-dir var/reports/profit_moonshot_20260501/derivatives_oos/profit_moonshot_derivatives_taker_flow_mode_preflight --backtest-checkpoint-path var/reports/profit_moonshot_20260501/derivatives_oos/profit_moonshot_derivatives_taker_flow_mode_preflight_checkpoint.json --no-live-decision-update"
	User time (seconds): 2.42
	System time (seconds): 1.21
	Percent of CPU this job got: 127%
	Elapsed (wall clock) time (h:mm:ss or m:ss): 0:02.86
	Average shared text size (kbytes): 0
	Average unshared data size (kbytes): 0
	Average stack size (kbytes): 0
	Average total size (kbytes): 0
	Maximum resident set size (kbytes): 345100
	Average resident set size (kbytes): 0
	Major (requiring I/O) page faults: 134
	Minor (reclaiming a frame) page faults: 90337
	Voluntary context switches: 134
	Involuntary context switches: 44
	Swaps: 0
	File system inputs: 18696
	File system outputs: 6528
	Socket messages sent: 0
	Socket messages received: 0
	Signals delivered: 0
	Page size (bytes): 4096
	Exit status: 0
