{
  "count": 2711,
  "rss_mib": 2889.76171875,
  "top": [
    {
      "symbol": "ETH/USDT",
      "family": "reversion",
      "side": "both",
      "lookback": 4,
      "hold": 48,
      "threshold": 0.006,
      "stop": 0.02,
      "take": 0,
      "metrics": {
        "train": {
          "count": 264,
          "edge": 0.002140316462727097,
          "hit": 0.4128787878787879,
          "sum_edge": 0.5650435461599536,
          "t": 0.7432761460719978
        },
        "val": {
          "count": 37,
          "edge": 0.012535708744314653,
          "hit": 0.5135135135135135,
          "sum_edge": 0.46382122353964217,
          "t": 1.6435649768938292
        },
        "oos": {
          "count": 37,
          "edge": 0.014345681104572086,
          "hit": 0.5945945945945946,
          "sum_edge": 0.5307902008691672,
          "t": 2.1931304600057926
        }
      },
      "valid": true,
      "score": 0.8192051672549836,
      "sample_trades": [
        {
          "split": "train",
          "edge": 0.03331428423063223,
          "raw": 0.03511428423063223,
          "entry_ts": 1735707580000,
          "exit_ts": 1735880380000,
          "dir": 1,
          "reason": "hold"
        },
        {
          "split": "train",
          "edge": 0.055815226145906414,
          "raw": 0.05761522614590642,
          "entry_ts": 1735891180000,
          "exit_ts": 1736063980000,
          "dir": 1,
          "reason": "hold"
        },
        {
          "split": "train",
          "edge": 0.013221744073574484,
          "raw": 0.015021744073574483,
          "entry_ts": 1736067580000,
          "exit_ts": 1736240380000,
          "dir": 1,
          "reason": "hold"
        }
      ]
    },
    {
      "symbol": "ETH/USDT",
      "family": "reversion",
      "side": "both",
      "lookback": 12,
      "hold": 72,
      "threshold": 0.01,
      "stop": 0.05,
      "take": 0.1,
      "metrics": {
        "train": {
          "count": 151,
          "edge": 0.0032213916793920787,
          "hit": 0.5099337748344371,
          "sum_edge": 0.48643014358820386,
          "t": 0.6536445509674375
        },
        "val": {
          "count": 26,
          "edge": 0.008867312516118664,
          "hit": 0.5384615384615384,
          "sum_edge": 0.23055012541908526,
          "t": 0.6802909745017616
        },
        "oos": {
          "count": 22,
          "edge": 0.02362731861523634,
          "hit": 0.7272727272727273,
          "sum_edge": 0.5198010095351995,
          "t": 2.251742330806093
        }
      },
      "valid": true,
      "score": 0.6837190866035625,
      "sample_trades": [
        {
          "split": "train",
          "edge": -0.0602742528625728,
          "raw": -0.058474252862572795,
          "entry_ts": 1735768780000,
          "exit_ts": 1735919980000,
          "dir": -1,
          "reason": "stop"
        },
        {
          "split": "train",
          "edge": -0.036852613359370935,
          "raw": -0.03505261335937093,
          "entry_ts": 1735923580000,
          "exit_ts": 1736182780000,
          "dir": -1,
          "reason": "hold"
        },
        {
          "split": "train",
          "edge": 0.10080229236369756,
          "raw": 0.10260229236369756,
          "entry_ts": 1736193580000,
          "exit_ts": 1736319580000,
          "dir": -1,
          "reason": "take"
        }
      ]
    },
    {
      "symbol": "ETH/USDT",
      "family": "reversion",
      "side": "both",
      "lookback": 72,
      "hold": 48,
      "threshold": 0.02,
      "stop": 0,
      "take": 0,
      "metrics": {
        "train": {
          "count": 169,
          "edge": 0.004824835249550448,
          "hit": 0.5798816568047337,
          "sum_edge": 0.8153971571740258,
          "t": 1.0901091429005312
        },
        "val": {
          "count": 27,
          "edge": 0.007432495637805142,
          "hit": 0.5185185185185185,
          "sum_edge": 0.20067738222073883,
          "t": 0.6709279632887175
        },
        "oos": {
          "count": 29,
          "edge": 0.013123630086042946,
          "hit": 0.6206896551724138,
          "sum_edge": 0.38058527249524543,
          "t": 1.9103889642470102
        }
      },
      "valid": true,
      "score": 0.5624636793230174,
      "sample_trades": [
        {
          "split": "train",
          "edge": -0.006973312086685699,
          "raw": -0.0051733120866857,
          "entry_ts": 1735952380000,
          "exit_ts": 1736125180000,
          "dir": -1,
          "reason": "hold"
        },
        {
          "split": "train",
          "edge": 0.06895918097117718,
          "raw": 0.07075918097117717,
          "entry_ts": 1736128780000,
          "exit_ts": 1736301580000,
          "dir": -1,
          "reason": "hold"
        },
        {
          "split": "train",
          "edge": -0.043669825197957014,
          "raw": -0.04186982519795701,
          "entry_ts": 1736305180000,
          "exit_ts": 1736477980000,
          "dir": 1,
          "reason": "hold"
        }
      ]
    },
    {
      "symbol": "ETH/USDT",
      "family": "momentum",
      "side": "both",
      "lookback": 4,
      "hold": 48,
      "threshold": 0.004,
      "stop": 0,
      "take": 0,
      "metrics": {
        "train": {
          "count": 175,
          "edge": 0.002987233175229945,
          "hit": 0.48,
          "sum_edge": 0.5227658056652403,
          "t": 0.7353002081313678
        },
        "val": {
          "count": 28,
          "edge": 0.009237815655361597,
          "hit": 0.5357142857142857,
          "sum_edge": 0.2586588383501247,
          "t": 1.0177851269727092
        },
        "oos": {
          "count": 31,
          "edge": 0.010821746164996515,
          "hit": 0.6129032258064516,
          "sum_edge": 0.33547413111489194,
          "t": 1.6897039407174614
        }
      },
      "valid": true,
      "score": 0.5170801308564783,
      "sample_trades": [
        {
          "split": "train",
          "edge": -0.036914284230632234,
          "raw": -0.03511428423063223,
          "entry_ts": 1735707580000,
          "exit_ts": 1735880380000,
          "dir": -1,
          "reason": "hold"
        },
        {
          "split": "train",
          "edge": -0.05870643057282641,
          "raw": -0.056906430572826405,
          "entry_ts": 1735887580000,
          "exit_ts": 1736060380000,
          "dir": -1,
          "reason": "hold"
        },
        {
          "split": "train",
          "edge": -0.016821744073574483,
          "raw": -0.015021744073574483,
          "entry_ts": 1736067580000,
          "exit_ts": 1736240380000,
          "dir": -1,
          "reason": "hold"
        }
      ]
    },
    {
      "symbol": "SOL/USDT",
      "family": "reversion",
      "side": "both",
      "lookback": 8,
      "hold": 72,
      "threshold": 0.03,
      "stop": 0.05,
      "take": 0.1,
      "metrics": {
        "train": {
          "count": 150,
          "edge": 0.008055900114760239,
          "hit": 0.5333333333333333,
          "sum_edge": 1.2083850172140358,
          "t": 1.4962776006944711
        },
        "val": {
          "count": 21,
          "edge": 0.012090345386925442,
          "hit": 0.47619047619047616,
          "sum_edge": 0.25389725312543426,
          "t": 0.7719601003607863
        },
        "oos": {
          "count": 13,
          "edge": 0.020205561217157938,
          "hit": 0.6923076923076923,
          "sum_edge": 0.2626722958230532,
          "t": 1.8324247813181567
        }
      },
      "valid": true,
      "score": 0.5104594241071738,
      "sample_trades": [
        {
          "split": "train",
          "edge": -0.056508916084800444,
          "raw": -0.05470891608480044,
          "entry_ts": 1735783180000,
          "exit_ts": 1735819180000,
          "dir": -1,
          "reason": "stop"
        },
        {
          "split": "train",
          "edge": -0.009975747290530388,
          "raw": -0.008175747290530389,
          "entry_ts": 1735905580000,
          "exit_ts": 1736164780000,
          "dir": -1,
          "reason": "hold"
        },
        {
          "split": "train",
          "edge": 0.0987036322300612,
          "raw": 0.1005036322300612,
          "entry_ts": 1736182780000,
          "exit_ts": 1736308780000,
          "dir": -1,
          "reason": "take"
        }
      ]
    },
    {
      "symbol": "ETH/USDT",
      "family": "reversion",
      "side": "both",
      "lookback": 72,
      "hold": 72,
      "threshold": 0.02,
      "stop": 0.05,
      "take": 0,
      "metrics": {
        "train": {
          "count": 142,
          "edge": 0.0032848990869399903,
          "hit": 0.49295774647887325,
          "sum_edge": 0.46645567034547863,
          "t": 0.6316626806902867
        },
        "val": {
          "count": 24,
          "edge": 0.0156693571960817,
          "hit": 0.5416666666666666,
          "sum_edge": 0.37606457270596083,
          "t": 1.0351970663942103
        },
        "oos": {
          "count": 22,
          "edge": 0.012222835769524888,
          "hit": 0.5909090909090909,
          "sum_edge": 0.26890238692954754,
          "t": 1.1812007108590823
        }
      },
      "valid": true,
      "score": 0.5035802403170758,
      "sample_trades": [
        {
          "split": "train",
          "edge": -0.021830031463250663,
          "raw": -0.020030031463250664,
          "entry_ts": 1735952380000,
          "exit_ts": 1736211580000,
          "dir": -1,
          "reason": "hold"
        },
        {
          "split": "train",
          "edge": 0.12223387491862506,
          "raw": 0.12403387491862505,
          "entry_ts": 1736215180000,
          "exit_ts": 1736474380000,
          "dir": -1,
          "reason": "hold"
        },
        {
          "split": "train",
          "edge": 0.0032114015655675637,
          "raw": 0.005011401565567564,
          "entry_ts": 1736477980000,
          "exit_ts": 1736737180000,
          "dir": 1,
          "reason": "hold"
        }
      ]
    },
    {
      "symbol": "SOL/USDT",
      "family": "reversion",
      "side": "both",
      "lookback": 72,
      "hold": 72,
      "threshold": 0.05,
      "stop": 0.05,
      "take": 0,
      "metrics": {
        "train": {
          "count": 144,
          "edge": 0.003175455556121632,
          "hit": 0.4444444444444444,
          "sum_edge": 0.457265600081515,
          "t": 0.540021967827344
        },
        "val": {
          "count": 19,
          "edge": 0.010864379365998605,
          "hit": 0.47368421052631576,
          "sum_edge": 0.2064232079539735,
          "t": 0.5937847492926933
        },
        "oos": {
          "count": 14,
          "edge": 0.023560629147763874,
          "hit": 0.7142857142857143,
          "sum_edge": 0.3298488080686942,
          "t": 1.9308039969694626
        }
      },
      "valid": true,
      "score": 0.47878697205383247,
      "sample_trades": [
        {
          "split": "train",
          "edge": -0.0051670387736284275,
          "raw": -0.003367038773628428,
          "entry_ts": 1735952380000,
          "exit_ts": 1736211580000,
          "dir": -1,
          "reason": "hold"
        },
        {
          "split": "train",
          "edge": -0.05586969913422566,
          "raw": -0.05406969913422566,
          "entry_ts": 1736279980000,
          "exit_ts": 1736319580000,
          "dir": 1,
          "reason": "stop"
        },
        {
          "split": "train",
          "edge": -0.053639884549331975,
          "raw": -0.05183988454933197,
          "entry_ts": 1736323180000,
          "exit_ts": 1736431180000,
          "dir": 1,
          "reason": "stop"
        }
      ]
    },
    {
      "symbol": "SOL/USDT",
      "family": "reversion",
      "side": "both",
      "lookback": 72,
      "hold": 72,
      "threshold": 0.02,
      "stop": 0,
      "take": 0,
      "metrics": {
        "train": {
          "count": 117,
          "edge": 0.0024607371897321035,
          "hit": 0.5384615384615384,
          "sum_edge": 0.2879062511986561,
          "t": 0.3565699197072311
        },
        "val": {
          "count": 20,
          "edge": 0.013552678649853215,
          "hit": 0.6,
          "sum_edge": 0.2710535729970643,
          "t": 0.8978895770550834
        },
        "oos": {
          "count": 20,
          "edge": 0.014531038149983322,
          "hit": 0.7,
          "sum_edge": 0.29062076299966644,
          "t": 2.053616898935389
        }
      },
      "valid": true,
      "score": 0.4549381746180642,
      "sample_trades": [
        {
          "split": "train",
          "edge": -0.0051670387736284275,
          "raw": -0.003367038773628428,
          "entry_ts": 1735952380000,
          "exit_ts": 1736211580000,
          "dir": -1,
          "reason": "hold"
        },
        {
          "split": "train",
          "edge": -0.10040405171781772,
          "raw": -0.09860405171781772,
          "entry_ts": 1736265580000,
          "exit_ts": 1736524780000,
          "dir": 1,
          "reason": "hold"
        },
        {
          "split": "train",
          "edge": -0.04749028700195033,
          "raw": -0.045690287001950325,
          "entry_ts": 1736528380000,
          "exit_ts": 1736787580000,
          "dir": 1,
          "reason": "hold"
        }
      ]
    },
    {
      "symbol": "ETH/USDT",
      "family": "reversion",
      "side": "both",
      "lookback": 8,
      "hold": 72,
      "threshold": 0.006,
      "stop": 0.05,
      "take": 0.1,
      "metrics": {
        "train": {
          "count": 151,
          "edge": 0.003972843056003544,
          "hit": 0.5099337748344371,
          "sum_edge": 0.5998993014565351,
          "t": 0.8126328076133428
        },
        "val": {
          "count": 27,
          "edge": 0.003547513373003741,
          "hit": 0.48148148148148145,
          "sum_edge": 0.09578286107110101,
          "t": 0.2854355451701243
        },
        "oos": {
          "count": 23,
          "edge": 0.01455751566483684,
          "hit": 0.7391304347826086,
          "sum_edge": 0.3348228602912473,
          "t": 1.588922630612622
        }
      },
      "valid": true,
      "score": 0.4427042209724513,
      "sample_trades": [
        {
          "split": "train",
          "edge": 0.07275155455802843,
          "raw": 0.07455155455802842,
          "entry_ts": 1735721980000,
          "exit_ts": 1735981180000,
          "dir": 1,
          "reason": "hold"
        },
        {
          "split": "train",
          "edge": -0.0012775914931229854,
          "raw": 0.0005224085068770146,
          "entry_ts": 1735995580000,
          "exit_ts": 1736254780000,
          "dir": -1,
          "reason": "hold"
        },
        {
          "split": "train",
          "edge": -0.05516467179530902,
          "raw": -0.053364671795309016,
          "entry_ts": 1736258380000,
          "exit_ts": 1736272780000,
          "dir": 1,
          "reason": "stop"
        }
      ]
    },
    {
      "symbol": "ETH/USDT",
      "family": "reversion",
      "side": "both",
      "lookback": 72,
      "hold": 72,
      "threshold": 0.02,
      "stop": 0.05,
      "take": 0.1,
      "metrics": {
        "train": {
          "count": 146,
          "edge": 0.005635273007703614,
          "hit": 0.5342465753424658,
          "sum_edge": 0.8227498591247276,
          "t": 1.102783847001794
        },
        "val": {
          "count": 27,
          "edge": 0.013942882057497863,
          "hit": 0.5185185185185185,
          "sum_edge": 0.3764578155524423,
          "t": 1.0725375295681467
        },
        "oos": {
          "count": 21,
          "edge": 0.00717666962123241,
          "hit": 0.5714285714285714,
          "sum_edge": 0.1507100620458806,
          "t": 0.7253205392747304
        }
      },
      "valid": true,
      "score": 0.42121395573457454,
      "sample_trades": [
        {
          "split": "train",
          "edge": -0.021830031463250663,
          "raw": -0.020030031463250664,
          "entry_ts": 1735952380000,
          "exit_ts": 1736211580000,
          "dir": -1,
          "reason": "hold"
        },
        {
          "split": "train",
          "edge": 0.10264262072192112,
          "raw": 0.10444262072192112,
          "entry_ts": 1736215180000,
          "exit_ts": 1736319580000,
          "dir": -1,
          "reason": "take"
        },
        {
          "split": "train",
          "edge": -0.03720386853158251,
          "raw": -0.035403868531582505,
          "entry_ts": 1736323180000,
          "exit_ts": 1736582380000,
          "dir": 1,
          "reason": "hold"
        }
      ]
    },
    {
      "symbol": "ETH/USDT",
      "family": "reversion",
      "side": "both",
      "lookback": 4,
      "hold": 72,
      "threshold": 0.006,
      "stop": 0.05,
      "take": 0.1,
      "metrics": {
        "train": {
          "count": 154,
          "edge": 0.0025041884308700515,
          "hit": 0.4935064935064935,
          "sum_edge": 0.3856450183539879,
          "t": 0.5269024067533443
        },
        "val": {
          "count": 27,
          "edge": 0.00656982392433812,
          "hit": 0.4444444444444444,
          "sum_edge": 0.17738524595712923,
          "t": 0.5061218075657323
        },
        "oos": {
          "count": 23,
          "edge": 0.012244316338618956,
          "hit": 0.7391304347826086,
          "sum_edge": 0.281619275788236,
          "t": 1.2984589557956425
        }
      },
      "valid": true,
      "score": 0.4088764006021994,
      "sample_trades": [
        {
          "split": "train",
          "edge": 0.07325216737869769,
          "raw": 0.07505216737869769,
          "entry_ts": 1735707580000,
          "exit_ts": 1735966780000,
          "dir": 1,
          "reason": "hold"
        },
        {
          "split": "train",
          "edge": -0.0012775914931229854,
          "raw": 0.0005224085068770146,
          "entry_ts": 1735995580000,
          "exit_ts": 1736254780000,
          "dir": -1,
          "reason": "hold"
        },
        {
          "split": "train",
          "edge": -0.05516467179530902,
          "raw": -0.053364671795309016,
          "entry_ts": 1736258380000,
          "exit_ts": 1736272780000,
          "dir": 1,
          "reason": "stop"
        }
      ]
    },
    {
      "symbol": "ETH/USDT",
      "family": "reversion",
      "side": "both",
      "lookback": 72,
      "hold": 72,
      "threshold": 0.03,
      "stop": 0.03,
      "take": 0,
      "metrics": {
        "train": {
          "count": 172,
          "edge": 0.0016324609627666512,
          "hit": 0.436046511627907,
          "sum_edge": 0.280783285595864,
          "t": 0.36711327362528695
        },
        "val": {
          "count": 27,
          "edge": 0.006971042511044319,
          "hit": 0.4444444444444444,
          "sum_edge": 0.18821814779819662,
          "t": 0.5588221522284047
        },
        "oos": {
          "count": 24,
          "edge": 0.011480063707009033,
          "hit": 0.5416666666666666,
          "sum_edge": 0.2755215289682168,
          "t": 1.19292035223507
        }
      },
      "valid": true,
      "score": 0.3977089314269015,
      "sample_trades": [
        {
          "split": "train",
          "edge": -0.032294339224537595,
          "raw": -0.030494339224537592,
          "entry_ts": 1735952380000,
          "exit_ts": 1736179180000,
          "dir": -1,
          "reason": "stop"
        },
        {
          "split": "train",
          "edge": 0.10823091449830172,
          "raw": 0.11003091449830171,
          "entry_ts": 1736182780000,
          "exit_ts": 1736441980000,
          "dir": -1,
          "reason": "hold"
        },
        {
          "split": "train",
          "edge": 0.010082595890179149,
          "raw": 0.011882595890179148,
          "entry_ts": 1736445580000,
          "exit_ts": 1736704780000,
          "dir": 1,
          "reason": "hold"
        }
      ]
    },
    {
      "symbol": "BTC/USDT",
      "family": "reversion",
      "side": "both",
      "lookback": 96,
      "hold": 72,
      "threshold": 0.03,
      "stop": 0.05,
      "take": 0.1,
      "metrics": {
        "train": {
          "count": 99,
          "edge": 0.003725697563795708,
          "hit": 0.5252525252525253,
          "sum_edge": 0.3688440588157751,
          "t": 0.9378686996369655
        },
        "val": {
          "count": 20,
          "edge": 0.003972158767048779,
          "hit": 0.6,
          "sum_edge": 0.07944317534097557,
          "t": 0.38915722992098506
        },
        "oos": {
          "count": 19,
          "edge": 0.01677026022238935,
          "hit": 0.631578947368421,
          "sum_edge": 0.3186349442253976,
          "t": 1.6518789526518245
        }
      },
      "valid": true,
      "score": 0.3952409377774629,
      "sample_trades": [
        {
          "split": "train",
          "edge": 0.007843914585442337,
          "raw": 0.009643914585442337,
          "entry_ts": 1736038780000,
          "exit_ts": 1736297980000,
          "dir": -1,
          "reason": "hold"
        },
        {
          "split": "train",
          "edge": -0.005431011622611035,
          "raw": -0.0036310116226110356,
          "entry_ts": 1736341180000,
          "exit_ts": 1736600380000,
          "dir": 1,
          "reason": "hold"
        },
        {
          "split": "train",
          "edge": 0.018854794105069874,
          "raw": 0.020654794105069874,
          "entry_ts": 1736603980000,
          "exit_ts": 1736863180000,
          "dir": 1,
          "reason": "hold"
        }
      ]
    },
    {
      "symbol": "ETH/USDT",
      "family": "reversion",
      "side": "both",
      "lookback": 24,
      "hold": 72,
      "threshold": 0.01,
      "stop": 0.05,
      "take": 0.1,
      "metrics": {
        "train": {
          "count": 150,
          "edge": 0.005104722097449804,
          "hit": 0.5266666666666666,
          "sum_edge": 0.7657083146174706,
          "t": 1.0405612930402515
        },
        "val": {
          "count": 27,
          "edge": 0.011231265884091665,
          "hit": 0.5555555555555556,
          "sum_edge": 0.30324417887047495,
          "t": 0.8905287690960512
        },
        "oos": {
          "count": 21,
          "edge": 0.007912135041455956,
          "hit": 0.5238095238095238,
          "sum_edge": 0.16615483587057506,
          "t": 0.7657888512382245
        }
      },
      "valid": true,
      "score": 0.3943477567675596,
      "sample_trades": [
        {
          "split": "train",
          "edge": -0.055394872035823696,
          "raw": -0.05359487203582369,
          "entry_ts": 1735783180000,
          "exit_ts": 1735919980000,
          "dir": -1,
          "reason": "stop"
        },
        {
          "split": "train",
          "edge": -0.036852613359370935,
          "raw": -0.03505261335937093,
          "entry_ts": 1735923580000,
          "exit_ts": 1736182780000,
          "dir": -1,
          "reason": "hold"
        },
        {
          "split": "train",
          "edge": 0.10997482765755853,
          "raw": 0.11177482765755853,
          "entry_ts": 1736186380000,
          "exit_ts": 1736359180000,
          "dir": -1,
          "reason": "take"
        }
      ]
    },
    {
      "symbol": "ETH/USDT",
      "family": "reversion",
      "side": "both",
      "lookback": 4,
      "hold": 72,
      "threshold": 0.004,
      "stop": 0.05,
      "take": 0.1,
      "metrics": {
        "train": {
          "count": 154,
          "edge": 0.005466263337694231,
          "hit": 0.512987012987013,
          "sum_edge": 0.8418045540049115,
          "t": 1.1341911465430528
        },
        "val": {
          "count": 27,
          "edge": 0.002932509001719321,
          "hit": 0.4444444444444444,
          "sum_edge": 0.07917774304642167,
          "t": 0.22866152411932644
        },
        "oos": {
          "count": 23,
          "edge": 0.01118315085484579,
          "hit": 0.6956521739130435,
          "sum_edge": 0.25721246966145317,
          "t": 1.1320915456827239
        }
      },
      "valid": true,
      "score": 0.3809817965851552,
      "sample_trades": [
        {
          "split": "train",
          "edge": 0.07325216737869769,
          "raw": 0.07505216737869769,
          "entry_ts": 1735707580000,
          "exit_ts": 1735966780000,
          "dir": 1,
          "reason": "hold"
        },
        {
          "split": "train",
          "edge": -0.0012775914931229854,
          "raw": 0.0005224085068770146,
          "entry_ts": 1735995580000,
          "exit_ts": 1736254780000,
          "dir": -1,
          "reason": "hold"
        },
        {
          "split": "train",
          "edge": -0.05516467179530902,
          "raw": -0.053364671795309016,
          "entry_ts": 1736258380000,
          "exit_ts": 1736272780000,
          "dir": 1,
          "reason": "stop"
        }
      ]
    },
    {
      "symbol": "ETH/USDT",
      "family": "reversion",
      "side": "both",
      "lookback": 72,
      "hold": 72,
      "threshold": 0.01,
      "stop": 0.05,
      "take": 0,
      "metrics": {
        "train": {
          "count": 143,
          "edge": 0.0029950182557797215,
          "hit": 0.4825174825174825,
          "sum_edge": 0.42828761057650017,
          "t": 0.5944059789258169
        },
        "val": {
          "count": 25,
          "edge": 0.007355607431982045,
          "hit": 0.48,
          "sum_edge": 0.18389018579955113,
          "t": 0.5092799674632091
        },
        "oos": {
          "count": 23,
          "edge": 0.01057173866624279,
          "hit": 0.6521739130434783,
          "sum_edge": 0.2431499893235842,
          "t": 1.0802885774834718
        }
      },
      "valid": true,
      "score": 0.3779238432810098,
      "sample_trades": [
        {
          "split": "train",
          "edge": -0.021830031463250663,
          "raw": -0.020030031463250664,
          "entry_ts": 1735952380000,
          "exit_ts": 1736211580000,
          "dir": -1,
          "reason": "hold"
        },
        {
          "split": "train",
          "edge": 0.12223387491862506,
          "raw": 0.12403387491862505,
          "entry_ts": 1736215180000,
          "exit_ts": 1736474380000,
          "dir": -1,
          "reason": "hold"
        },
        {
          "split": "train",
          "edge": 0.0032114015655675637,
          "raw": 0.005011401565567564,
          "entry_ts": 1736477980000,
          "exit_ts": 1736737180000,
          "dir": 1,
          "reason": "hold"
        }
      ]
    },
    {
      "symbol": "SOL/USDT",
      "family": "reversion",
      "side": "short_only",
      "lookback": 72,
      "hold": 48,
      "threshold": 0.05,
      "stop": 0,
      "take": 0,
      "metrics": {
        "train": {
          "count": 77,
          "edge": 0.004957399651454345,
          "hit": 0.6363636363636364,
          "sum_edge": 0.3817197731619845,
          "t": 0.7630872974511582
        },
        "val": {
          "count": 10,
          "edge": 0.019226078858262843,
          "hit": 0.5,
          "sum_edge": 0.19226078858262843,
          "t": 1.4677763882580475
        },
        "oos": {
          "count": 10,
          "edge": 0.02404543855552297,
          "hit": 0.8,
          "sum_edge": 0.24045438555522972,
          "t": 1.8394841761218004
        }
      },
      "valid": true,
      "score": 0.37475675716274237,
      "sample_trades": [
        {
          "split": "train",
          "edge": 0.020592892531120312,
          "raw": 0.022392892531120312,
          "entry_ts": 1735952380000,
          "exit_ts": 1736125180000,
          "dir": -1,
          "reason": "hold"
        },
        {
          "split": "train",
          "edge": -0.0772778039213535,
          "raw": -0.0754778039213535,
          "entry_ts": 1736967580000,
          "exit_ts": 1737140380000,
          "dir": -1,
          "reason": "hold"
        },
        {
          "split": "train",
          "edge": -0.24264781022182455,
          "raw": -0.24084781022182455,
          "entry_ts": 1737143980000,
          "exit_ts": 1737316780000,
          "dir": -1,
          "reason": "hold"
        }
      ]
    },
    {
      "symbol": "ETH/USDT",
      "family": "reversion",
      "side": "both",
      "lookback": 72,
      "hold": 72,
      "threshold": 0.015,
      "stop": 0,
      "take": 0,
      "metrics": {
        "train": {
          "count": 117,
          "edge": 0.0050280716678808715,
          "hit": 0.5299145299145299,
          "sum_edge": 0.5882843851420619,
          "t": 0.7960395677138691
        },
        "val": {
          "count": 20,
          "edge": 0.01218115907170696,
          "hit": 0.6,
          "sum_edge": 0.24362318143413922,
          "t": 0.8166206974580174
        },
        "oos": {
          "count": 20,
          "edge": 0.009387080137868993,
          "hit": 0.7,
          "sum_edge": 0.18774160275737986,
          "t": 1.2596318553932748
        }
      },
      "valid": true,
      "score": 0.3683816319886557,
      "sample_trades": [
        {
          "split": "train",
          "edge": -0.021830031463250663,
          "raw": -0.020030031463250664,
          "entry_ts": 1735952380000,
          "exit_ts": 1736211580000,
          "dir": -1,
          "reason": "hold"
        },
        {
          "split": "train",
          "edge": 0.12223387491862506,
          "raw": 0.12403387491862505,
          "entry_ts": 1736215180000,
          "exit_ts": 1736474380000,
          "dir": -1,
          "reason": "hold"
        },
        {
          "split": "train",
          "edge": 0.0032114015655675637,
          "raw": 0.005011401565567564,
          "entry_ts": 1736477980000,
          "exit_ts": 1736737180000,
          "dir": 1,
          "reason": "hold"
        }
      ]
    },
    {
      "symbol": "BTC/USDT",
      "family": "reversion",
      "side": "both",
      "lookback": 72,
      "hold": 72,
      "threshold": 0.03,
      "stop": 0.03,
      "take": 0.06,
      "metrics": {
        "train": {
          "count": 117,
          "edge": 0.002070040957964429,
          "hit": 0.46153846153846156,
          "sum_edge": 0.24219479208183822,
          "t": 0.5850784993190056
        },
        "val": {
          "count": 25,
          "edge": 0.005802538606742314,
          "hit": 0.56,
          "sum_edge": 0.14506346516855784,
          "t": 0.7113507942148539
        },
        "oos": {
          "count": 20,
          "edge": 0.013521542227703371,
          "hit": 0.55,
          "sum_edge": 0.2704308445540674,
          "t": 1.7378708819915454
        }
      },
      "valid": true,
      "score": 0.3671820563465302,
      "sample_trades": [
        {
          "split": "train",
          "edge": -0.04443799892748943,
          "raw": -0.04263799892748943,
          "entry_ts": 1735952380000,
          "exit_ts": 1736179180000,
          "dir": -1,
          "reason": "stop"
        },
        {
          "split": "train",
          "edge": 0.06536160694352514,
          "raw": 0.06716160694352513,
          "entry_ts": 1736182780000,
          "exit_ts": 1736319580000,
          "dir": -1,
          "reason": "take"
        },
        {
          "split": "train",
          "edge": -0.03219485158941591,
          "raw": -0.030394851589415905,
          "entry_ts": 1736355580000,
          "exit_ts": 1736452780000,
          "dir": 1,
          "reason": "stop"
        }
      ]
    },
    {
      "symbol": "ETH/USDT",
      "family": "reversion",
      "side": "both",
      "lookback": 96,
      "hold": 72,
      "threshold": 0.02,
      "stop": 0,
      "take": 0,
      "metrics": {
        "train": {
          "count": 115,
          "edge": 0.009351623067915583,
          "hit": 0.5565217391304348,
          "sum_edge": 1.075436652810292,
          "t": 1.3895958499028473
        },
        "val": {
          "count": 18,
          "edge": 0.009880495346665222,
          "hit": 0.6111111111111112,
          "sum_edge": 0.177848916239974,
          "t": 0.5808234134196136
        },
        "oos": {
          "count": 21,
          "edge": 0.007296164745372623,
          "hit": 0.5714285714285714,
          "sum_edge": 0.15321945965282507,
          "t": 0.7416852846662958
        }
      },
      "valid": true,
      "score": 0.3496875830538413,
      "sample_trades": [
        {
          "split": "train",
          "edge": 0.06362574621036679,
          "raw": 0.06542574621036679,
          "entry_ts": 1736038780000,
          "exit_ts": 1736297980000,
          "dir": -1,
          "reason": "hold"
        },
        {
          "split": "train",
          "edge": -0.04471724758682225,
          "raw": -0.04291724758682225,
          "entry_ts": 1736301580000,
          "exit_ts": 1736560780000,
          "dir": 1,
          "reason": "hold"
        },
        {
          "split": "train",
          "edge": -0.02972186593129653,
          "raw": -0.02792186593129653,
          "entry_ts": 1736564380000,
          "exit_ts": 1736823580000,
          "dir": 1,
          "reason": "hold"
        }
      ]
    }
  ]
}
	Command being timed: "uv run python /tmp/screen_stateful_reversion.py"
	User time (seconds): 138.70
	System time (seconds): 8.78
	Percent of CPU this job got: 111%
	Elapsed (wall clock) time (h:mm:ss or m:ss): 2:12.29
	Average shared text size (kbytes): 0
	Average unshared data size (kbytes): 0
	Average stack size (kbytes): 0
	Average total size (kbytes): 0
	Maximum resident set size (kbytes): 2960012
	Average resident set size (kbytes): 0
	Major (requiring I/O) page faults: 0
	Minor (reclaiming a frame) page faults: 739506
	Voluntary context switches: 58527
	Involuntary context switches: 1320
	Swaps: 0
	File system inputs: 0
	File system outputs: 1056
	Socket messages sent: 0
	Socket messages received: 0
	Signals delivered: 0
	Page size (bytes): 4096
	Exit status: 0
