{"end_inclusive": "2025-12-31", "event": "live_equivalent_split_start", "generated_at": "2026-05-05T09:40:28.265134Z", "mode": "profit_moonshot_hourly_shock_reversion_eth_mode", "split": "train", "start": "2025-01-01", "symbols": ["ETH/USDT"]}
{"chunk_days": 7, "chunk_end": "2025-01-07T23:59:59.999999", "chunk_start": "2025-01-01T00:00:00", "event": "live_equivalent_chunk_load", "generated_at": "2026-05-05T09:40:28.265629Z", "mode": "profit_moonshot_hourly_shock_reversion_eth_mode", "split": "train"}
{"chunk_days": 7, "chunk_end": "2025-01-14T23:59:59.999999", "chunk_start": "2025-01-08T00:00:00", "event": "live_equivalent_chunk_load", "generated_at": "2026-05-05T09:40:34.404507Z", "mode": "profit_moonshot_hourly_shock_reversion_eth_mode", "split": "train"}
{"chunk_days": 7, "chunk_end": "2025-01-21T23:59:59.999999", "chunk_start": "2025-01-15T00:00:00", "event": "live_equivalent_chunk_load", "generated_at": "2026-05-05T09:40:41.242813Z", "mode": "profit_moonshot_hourly_shock_reversion_eth_mode", "split": "train"}
{"chunk_days": 7, "chunk_end": "2025-01-28T23:59:59.999999", "chunk_start": "2025-01-22T00:00:00", "event": "live_equivalent_chunk_load", "generated_at": "2026-05-05T09:40:47.800214Z", "mode": "profit_moonshot_hourly_shock_reversion_eth_mode", "split": "train"}
{"chunk_days": 7, "chunk_end": "2025-02-04T23:59:59.999999", "chunk_start": "2025-01-29T00:00:00", "event": "live_equivalent_chunk_load", "generated_at": "2026-05-05T09:40:54.558986Z", "mode": "profit_moonshot_hourly_shock_reversion_eth_mode", "split": "train"}
{"chunk_days": 7, "chunk_end": "2025-02-11T23:59:59.999999", "chunk_start": "2025-02-05T00:00:00", "event": "live_equivalent_chunk_load", "generated_at": "2026-05-05T09:41:01.395495Z", "mode": "profit_moonshot_hourly_shock_reversion_eth_mode", "split": "train"}
{"chunk_days": 7, "chunk_end": "2025-02-18T23:59:59.999999", "chunk_start": "2025-02-12T00:00:00", "event": "live_equivalent_chunk_load", "generated_at": "2026-05-05T09:41:08.386580Z", "mode": "profit_moonshot_hourly_shock_reversion_eth_mode", "split": "train"}
{"chunk_days": 7, "chunk_end": "2025-02-25T23:59:59.999999", "chunk_start": "2025-02-19T00:00:00", "event": "live_equivalent_chunk_load", "generated_at": "2026-05-05T09:41:15.534399Z", "mode": "profit_moonshot_hourly_shock_reversion_eth_mode", "split": "train"}
{"chunk_days": 7, "chunk_end": "2025-03-04T23:59:59.999999", "chunk_start": "2025-02-26T00:00:00", "event": "live_equivalent_chunk_load", "generated_at": "2026-05-05T09:41:22.242352Z", "mode": "profit_moonshot_hourly_shock_reversion_eth_mode", "split": "train"}
{"chunk_days": 7, "chunk_end": "2025-03-11T23:59:59.999999", "chunk_start": "2025-03-05T00:00:00", "event": "live_equivalent_chunk_load", "generated_at": "2026-05-05T09:41:29.376982Z", "mode": "profit_moonshot_hourly_shock_reversion_eth_mode", "split": "train"}
{"chunk_days": 7, "chunk_end": "2025-03-18T23:59:59.999999", "chunk_start": "2025-03-12T00:00:00", "event": "live_equivalent_chunk_load", "generated_at": "2026-05-05T09:41:36.388819Z", "mode": "profit_moonshot_hourly_shock_reversion_eth_mode", "split": "train"}
{"chunk_days": 7, "chunk_end": "2025-03-25T23:59:59.999999", "chunk_start": "2025-03-19T00:00:00", "event": "live_equivalent_chunk_load", "generated_at": "2026-05-05T09:41:43.378634Z", "mode": "profit_moonshot_hourly_shock_reversion_eth_mode", "split": "train"}
{"chunk_days": 7, "chunk_end": "2025-04-01T23:59:59.999999", "chunk_start": "2025-03-26T00:00:00", "event": "live_equivalent_chunk_load", "generated_at": "2026-05-05T09:41:50.271867Z", "mode": "profit_moonshot_hourly_shock_reversion_eth_mode", "split": "train"}
{"chunk_days": 7, "chunk_end": "2025-04-08T23:59:59.999999", "chunk_start": "2025-04-02T00:00:00", "event": "live_equivalent_chunk_load", "generated_at": "2026-05-05T09:41:57.268386Z", "mode": "profit_moonshot_hourly_shock_reversion_eth_mode", "split": "train"}
{"chunk_days": 7, "chunk_end": "2025-04-15T23:59:59.999999", "chunk_start": "2025-04-09T00:00:00", "event": "live_equivalent_chunk_load", "generated_at": "2026-05-05T09:42:04.186622Z", "mode": "profit_moonshot_hourly_shock_reversion_eth_mode", "split": "train"}
{"chunk_days": 7, "chunk_end": "2025-04-22T23:59:59.999999", "chunk_start": "2025-04-16T00:00:00", "event": "live_equivalent_chunk_load", "generated_at": "2026-05-05T09:42:11.205693Z", "mode": "profit_moonshot_hourly_shock_reversion_eth_mode", "split": "train"}
{"chunk_days": 7, "chunk_end": "2025-04-29T23:59:59.999999", "chunk_start": "2025-04-23T00:00:00", "event": "live_equivalent_chunk_load", "generated_at": "2026-05-05T09:42:18.087559Z", "mode": "profit_moonshot_hourly_shock_reversion_eth_mode", "split": "train"}
{"chunk_days": 7, "chunk_end": "2025-05-06T23:59:59.999999", "chunk_start": "2025-04-30T00:00:00", "event": "live_equivalent_chunk_load", "generated_at": "2026-05-05T09:42:25.127075Z", "mode": "profit_moonshot_hourly_shock_reversion_eth_mode", "split": "train"}
{"chunk_days": 7, "chunk_end": "2025-05-13T23:59:59.999999", "chunk_start": "2025-05-07T00:00:00", "event": "live_equivalent_chunk_load", "generated_at": "2026-05-05T09:42:32.096984Z", "mode": "profit_moonshot_hourly_shock_reversion_eth_mode", "split": "train"}
{"chunk_days": 7, "chunk_end": "2025-05-20T23:59:59.999999", "chunk_start": "2025-05-14T00:00:00", "event": "live_equivalent_chunk_load", "generated_at": "2026-05-05T09:42:39.374229Z", "mode": "profit_moonshot_hourly_shock_reversion_eth_mode", "split": "train"}
{"chunk_days": 7, "chunk_end": "2025-05-27T23:59:59.999999", "chunk_start": "2025-05-21T00:00:00", "event": "live_equivalent_chunk_load", "generated_at": "2026-05-05T09:42:46.486822Z", "mode": "profit_moonshot_hourly_shock_reversion_eth_mode", "split": "train"}
{"chunk_days": 7, "chunk_end": "2025-06-03T23:59:59.999999", "chunk_start": "2025-05-28T00:00:00", "event": "live_equivalent_chunk_load", "generated_at": "2026-05-05T09:42:53.523728Z", "mode": "profit_moonshot_hourly_shock_reversion_eth_mode", "split": "train"}
{"chunk_days": 7, "chunk_end": "2025-06-10T23:59:59.999999", "chunk_start": "2025-06-04T00:00:00", "event": "live_equivalent_chunk_load", "generated_at": "2026-05-05T09:43:00.654940Z", "mode": "profit_moonshot_hourly_shock_reversion_eth_mode", "split": "train"}
{"chunk_days": 7, "chunk_end": "2025-06-17T23:59:59.999999", "chunk_start": "2025-06-11T00:00:00", "event": "live_equivalent_chunk_load", "generated_at": "2026-05-05T09:43:07.984388Z", "mode": "profit_moonshot_hourly_shock_reversion_eth_mode", "split": "train"}
{"chunk_days": 7, "chunk_end": "2025-06-24T23:59:59.999999", "chunk_start": "2025-06-18T00:00:00", "event": "live_equivalent_chunk_load", "generated_at": "2026-05-05T09:43:14.992344Z", "mode": "profit_moonshot_hourly_shock_reversion_eth_mode", "split": "train"}
{"chunk_days": 7, "chunk_end": "2025-07-01T23:59:59.999999", "chunk_start": "2025-06-25T00:00:00", "event": "live_equivalent_chunk_load", "generated_at": "2026-05-05T09:43:21.746938Z", "mode": "profit_moonshot_hourly_shock_reversion_eth_mode", "split": "train"}
{"chunk_days": 7, "chunk_end": "2025-07-08T23:59:59.999999", "chunk_start": "2025-07-02T00:00:00", "event": "live_equivalent_chunk_load", "generated_at": "2026-05-05T09:43:28.413758Z", "mode": "profit_moonshot_hourly_shock_reversion_eth_mode", "split": "train"}
{"chunk_days": 7, "chunk_end": "2025-07-15T23:59:59.999999", "chunk_start": "2025-07-09T00:00:00", "event": "live_equivalent_chunk_load", "generated_at": "2026-05-05T09:43:35.312132Z", "mode": "profit_moonshot_hourly_shock_reversion_eth_mode", "split": "train"}
[Realism] Partial Fill: Req 0.027 > Limit 0.0000. Filling 0.0 and keeping remainder.
[Realism] Partial Fill: Req 0.027 > Limit 0.0181. Filling 0.0181 and keeping remainder.
{"chunk_days": 7, "chunk_end": "2025-07-22T23:59:59.999999", "chunk_start": "2025-07-16T00:00:00", "event": "live_equivalent_chunk_load", "generated_at": "2026-05-05T09:43:41.967028Z", "mode": "profit_moonshot_hourly_shock_reversion_eth_mode", "split": "train"}
{"chunk_days": 7, "chunk_end": "2025-07-29T23:59:59.999999", "chunk_start": "2025-07-23T00:00:00", "event": "live_equivalent_chunk_load", "generated_at": "2026-05-05T09:43:48.961747Z", "mode": "profit_moonshot_hourly_shock_reversion_eth_mode", "split": "train"}
{"chunk_days": 7, "chunk_end": "2025-08-05T23:59:59.999999", "chunk_start": "2025-07-30T00:00:00", "event": "live_equivalent_chunk_load", "generated_at": "2026-05-05T09:43:55.824156Z", "mode": "profit_moonshot_hourly_shock_reversion_eth_mode", "split": "train"}
{"chunk_days": 7, "chunk_end": "2025-08-12T23:59:59.999999", "chunk_start": "2025-08-06T00:00:00", "event": "live_equivalent_chunk_load", "generated_at": "2026-05-05T09:44:02.772542Z", "mode": "profit_moonshot_hourly_shock_reversion_eth_mode", "split": "train"}
{"chunk_days": 7, "chunk_end": "2025-08-19T23:59:59.999999", "chunk_start": "2025-08-13T00:00:00", "event": "live_equivalent_chunk_load", "generated_at": "2026-05-05T09:44:09.784388Z", "mode": "profit_moonshot_hourly_shock_reversion_eth_mode", "split": "train"}
{"chunk_days": 7, "chunk_end": "2025-08-26T23:59:59.999999", "chunk_start": "2025-08-20T00:00:00", "event": "live_equivalent_chunk_load", "generated_at": "2026-05-05T09:44:16.586084Z", "mode": "profit_moonshot_hourly_shock_reversion_eth_mode", "split": "train"}
{"chunk_days": 7, "chunk_end": "2025-09-02T23:59:59.999999", "chunk_start": "2025-08-27T00:00:00", "event": "live_equivalent_chunk_load", "generated_at": "2026-05-05T09:44:23.381199Z", "mode": "profit_moonshot_hourly_shock_reversion_eth_mode", "split": "train"}
{"chunk_days": 7, "chunk_end": "2025-09-09T23:59:59.999999", "chunk_start": "2025-09-03T00:00:00", "event": "live_equivalent_chunk_load", "generated_at": "2026-05-05T09:44:31.011520Z", "mode": "profit_moonshot_hourly_shock_reversion_eth_mode", "split": "train"}
{"chunk_days": 7, "chunk_end": "2025-09-16T23:59:59.999999", "chunk_start": "2025-09-10T00:00:00", "event": "live_equivalent_chunk_load", "generated_at": "2026-05-05T09:44:38.336753Z", "mode": "profit_moonshot_hourly_shock_reversion_eth_mode", "split": "train"}
[Realism] Partial Fill: Req 0.018000000000000002 > Limit 0.0068. Filling 0.0068000000000000005 and keeping remainder.
{"chunk_days": 7, "chunk_end": "2025-09-23T23:59:59.999999", "chunk_start": "2025-09-17T00:00:00", "event": "live_equivalent_chunk_load", "generated_at": "2026-05-05T09:44:45.504389Z", "mode": "profit_moonshot_hourly_shock_reversion_eth_mode", "split": "train"}
{"chunk_days": 7, "chunk_end": "2025-09-30T23:59:59.999999", "chunk_start": "2025-09-24T00:00:00", "event": "live_equivalent_chunk_load", "generated_at": "2026-05-05T09:44:52.427085Z", "mode": "profit_moonshot_hourly_shock_reversion_eth_mode", "split": "train"}
{"chunk_days": 7, "chunk_end": "2025-10-07T23:59:59.999999", "chunk_start": "2025-10-01T00:00:00", "event": "live_equivalent_chunk_load", "generated_at": "2026-05-05T09:44:59.532768Z", "mode": "profit_moonshot_hourly_shock_reversion_eth_mode", "split": "train"}
{"chunk_days": 7, "chunk_end": "2025-10-14T23:59:59.999999", "chunk_start": "2025-10-08T00:00:00", "event": "live_equivalent_chunk_load", "generated_at": "2026-05-05T09:45:06.961051Z", "mode": "profit_moonshot_hourly_shock_reversion_eth_mode", "split": "train"}
{"chunk_days": 7, "chunk_end": "2025-10-21T23:59:59.999999", "chunk_start": "2025-10-15T00:00:00", "event": "live_equivalent_chunk_load", "generated_at": "2026-05-05T09:45:14.116038Z", "mode": "profit_moonshot_hourly_shock_reversion_eth_mode", "split": "train"}
{"chunk_days": 7, "chunk_end": "2025-10-28T23:59:59.999999", "chunk_start": "2025-10-22T00:00:00", "event": "live_equivalent_chunk_load", "generated_at": "2026-05-05T09:45:20.633214Z", "mode": "profit_moonshot_hourly_shock_reversion_eth_mode", "split": "train"}
{"chunk_days": 7, "chunk_end": "2025-11-04T23:59:59.999999", "chunk_start": "2025-10-29T00:00:00", "event": "live_equivalent_chunk_load", "generated_at": "2026-05-05T09:45:27.705367Z", "mode": "profit_moonshot_hourly_shock_reversion_eth_mode", "split": "train"}
{"chunk_days": 7, "chunk_end": "2025-11-11T23:59:59.999999", "chunk_start": "2025-11-05T00:00:00", "event": "live_equivalent_chunk_load", "generated_at": "2026-05-05T09:45:34.816603Z", "mode": "profit_moonshot_hourly_shock_reversion_eth_mode", "split": "train"}
{"chunk_days": 7, "chunk_end": "2025-11-18T23:59:59.999999", "chunk_start": "2025-11-12T00:00:00", "event": "live_equivalent_chunk_load", "generated_at": "2026-05-05T09:45:41.912356Z", "mode": "profit_moonshot_hourly_shock_reversion_eth_mode", "split": "train"}
{"chunk_days": 7, "chunk_end": "2025-11-25T23:59:59.999999", "chunk_start": "2025-11-19T00:00:00", "event": "live_equivalent_chunk_load", "generated_at": "2026-05-05T09:45:49.190998Z", "mode": "profit_moonshot_hourly_shock_reversion_eth_mode", "split": "train"}
{"chunk_days": 7, "chunk_end": "2025-12-02T23:59:59.999999", "chunk_start": "2025-11-26T00:00:00", "event": "live_equivalent_chunk_load", "generated_at": "2026-05-05T09:45:56.534336Z", "mode": "profit_moonshot_hourly_shock_reversion_eth_mode", "split": "train"}
{"chunk_days": 7, "chunk_end": "2025-12-09T23:59:59.999999", "chunk_start": "2025-12-03T00:00:00", "event": "live_equivalent_chunk_load", "generated_at": "2026-05-05T09:46:03.512966Z", "mode": "profit_moonshot_hourly_shock_reversion_eth_mode", "split": "train"}
{"chunk_days": 7, "chunk_end": "2025-12-16T23:59:59.999999", "chunk_start": "2025-12-10T00:00:00", "event": "live_equivalent_chunk_load", "generated_at": "2026-05-05T09:46:10.935362Z", "mode": "profit_moonshot_hourly_shock_reversion_eth_mode", "split": "train"}
{"chunk_days": 7, "chunk_end": "2025-12-23T23:59:59.999999", "chunk_start": "2025-12-17T00:00:00", "event": "live_equivalent_chunk_load", "generated_at": "2026-05-05T09:46:18.119114Z", "mode": "profit_moonshot_hourly_shock_reversion_eth_mode", "split": "train"}
[Realism] Partial Fill: Req 0.028 > Limit 0.0087. Filling 0.0087 and keeping remainder.
{"chunk_days": 7, "chunk_end": "2025-12-30T23:59:59.999999", "chunk_start": "2025-12-24T00:00:00", "event": "live_equivalent_chunk_load", "generated_at": "2026-05-05T09:46:25.178630Z", "mode": "profit_moonshot_hourly_shock_reversion_eth_mode", "split": "train"}
{"chunk_days": 7, "chunk_end": "2025-12-31T23:59:59.999999", "chunk_start": "2025-12-31T00:00:00", "event": "live_equivalent_chunk_load", "generated_at": "2026-05-05T09:46:32.475903Z", "mode": "profit_moonshot_hourly_shock_reversion_eth_mode", "split": "train"}
{"event": "live_equivalent_split_complete", "final_equity": 10075.403986119385, "generated_at": "2026-05-05T09:46:33.815353Z", "metrics": {"cagr": 3.6090431441149207e-06, "calmar": 0.00029155135892194417, "max_drawdown": 0.01237875603619174, "sharpe": 0.014637058681152925, "sortino": 0.01693439430097542, "total_return": 0.007538361611938438, "volatility": 0.0002486809563174808}, "mode": "profit_moonshot_hourly_shock_reversion_eth_mode", "split": "train", "trade_count": 451}
{"end_inclusive": "2026-02-28", "event": "live_equivalent_split_start", "generated_at": "2026-05-05T09:46:33.815386Z", "mode": "profit_moonshot_hourly_shock_reversion_eth_mode", "split": "val", "start": "2026-01-01", "symbols": ["ETH/USDT"]}
{"chunk_days": 7, "chunk_end": "2026-01-07T23:59:59.999999", "chunk_start": "2026-01-01T00:00:00", "event": "live_equivalent_chunk_load", "generated_at": "2026-05-05T09:46:33.815841Z", "mode": "profit_moonshot_hourly_shock_reversion_eth_mode", "split": "val"}
{"chunk_days": 7, "chunk_end": "2026-01-14T23:59:59.999999", "chunk_start": "2026-01-08T00:00:00", "event": "live_equivalent_chunk_load", "generated_at": "2026-05-05T09:46:39.177836Z", "mode": "profit_moonshot_hourly_shock_reversion_eth_mode", "split": "val"}
{"chunk_days": 7, "chunk_end": "2026-01-21T23:59:59.999999", "chunk_start": "2026-01-15T00:00:00", "event": "live_equivalent_chunk_load", "generated_at": "2026-05-05T09:46:45.994700Z", "mode": "profit_moonshot_hourly_shock_reversion_eth_mode", "split": "val"}
{"chunk_days": 7, "chunk_end": "2026-01-28T23:59:59.999999", "chunk_start": "2026-01-22T00:00:00", "event": "live_equivalent_chunk_load", "generated_at": "2026-05-05T09:46:52.758337Z", "mode": "profit_moonshot_hourly_shock_reversion_eth_mode", "split": "val"}
{"chunk_days": 7, "chunk_end": "2026-02-04T23:59:59.999999", "chunk_start": "2026-01-29T00:00:00", "event": "live_equivalent_chunk_load", "generated_at": "2026-05-05T09:46:59.513109Z", "mode": "profit_moonshot_hourly_shock_reversion_eth_mode", "split": "val"}
{"chunk_days": 7, "chunk_end": "2026-02-11T23:59:59.999999", "chunk_start": "2026-02-05T00:00:00", "event": "live_equivalent_chunk_load", "generated_at": "2026-05-05T09:47:06.688019Z", "mode": "profit_moonshot_hourly_shock_reversion_eth_mode", "split": "val"}
{"chunk_days": 7, "chunk_end": "2026-02-18T23:59:59.999999", "chunk_start": "2026-02-12T00:00:00", "event": "live_equivalent_chunk_load", "generated_at": "2026-05-05T09:47:13.923889Z", "mode": "profit_moonshot_hourly_shock_reversion_eth_mode", "split": "val"}
{"chunk_days": 7, "chunk_end": "2026-02-25T23:59:59.999999", "chunk_start": "2026-02-19T00:00:00", "event": "live_equivalent_chunk_load", "generated_at": "2026-05-05T09:47:21.037962Z", "mode": "profit_moonshot_hourly_shock_reversion_eth_mode", "split": "val"}
{"chunk_days": 7, "chunk_end": "2026-02-28T23:59:59.999999", "chunk_start": "2026-02-26T00:00:00", "event": "live_equivalent_chunk_load", "generated_at": "2026-05-05T09:47:28.062052Z", "mode": "profit_moonshot_hourly_shock_reversion_eth_mode", "split": "val"}
{"event": "live_equivalent_split_complete", "final_equity": 10104.250560710048, "generated_at": "2026-05-05T09:47:31.104259Z", "metrics": {"cagr": 3.0755104318158644e-05, "calmar": 0.0035148274715379613, "max_drawdown": 0.008750103544826717, "sharpe": 0.06555029869823413, "sortino": 0.06846143659073292, "total_return": 0.010421659071004896, "volatility": 0.0004708672998332423}, "mode": "profit_moonshot_hourly_shock_reversion_eth_mode", "split": "val", "trade_count": 66}
{"end_inclusive": "2026-05-04", "event": "live_equivalent_split_start", "generated_at": "2026-05-05T09:47:31.104307Z", "mode": "profit_moonshot_hourly_shock_reversion_eth_mode", "split": "oos", "start": "2026-03-01", "symbols": ["ETH/USDT"]}
{"chunk_days": 7, "chunk_end": "2026-03-07T23:59:59.999999", "chunk_start": "2026-03-01T00:00:00", "event": "live_equivalent_chunk_load", "generated_at": "2026-05-05T09:47:31.105213Z", "mode": "profit_moonshot_hourly_shock_reversion_eth_mode", "split": "oos"}
{"chunk_days": 7, "chunk_end": "2026-03-14T23:59:59.999999", "chunk_start": "2026-03-08T00:00:00", "event": "live_equivalent_chunk_load", "generated_at": "2026-05-05T09:47:36.928925Z", "mode": "profit_moonshot_hourly_shock_reversion_eth_mode", "split": "oos"}
{"chunk_days": 7, "chunk_end": "2026-03-21T23:59:59.999999", "chunk_start": "2026-03-15T00:00:00", "event": "live_equivalent_chunk_load", "generated_at": "2026-05-05T09:47:43.547457Z", "mode": "profit_moonshot_hourly_shock_reversion_eth_mode", "split": "oos"}
[Realism] Partial Fill: Req 0.038 > Limit 0.0071. Filling 0.007100000000000001 and keeping remainder.
[Realism] Partial Fill: Req 0.030899999999999997 > Limit 0.0072. Filling 0.0072 and keeping remainder.
{"chunk_days": 7, "chunk_end": "2026-03-28T23:59:59.999999", "chunk_start": "2026-03-22T00:00:00", "event": "live_equivalent_chunk_load", "generated_at": "2026-05-05T09:47:50.163308Z", "mode": "profit_moonshot_hourly_shock_reversion_eth_mode", "split": "oos"}
{"chunk_days": 7, "chunk_end": "2026-04-04T23:59:59.999999", "chunk_start": "2026-03-29T00:00:00", "event": "live_equivalent_chunk_load", "generated_at": "2026-05-05T09:47:56.853301Z", "mode": "profit_moonshot_hourly_shock_reversion_eth_mode", "split": "oos"}
{"chunk_days": 7, "chunk_end": "2026-04-11T23:59:59.999999", "chunk_start": "2026-04-05T00:00:00", "event": "live_equivalent_chunk_load", "generated_at": "2026-05-05T09:48:03.894613Z", "mode": "profit_moonshot_hourly_shock_reversion_eth_mode", "split": "oos"}
{"chunk_days": 7, "chunk_end": "2026-04-18T23:59:59.999999", "chunk_start": "2026-04-12T00:00:00", "event": "live_equivalent_chunk_load", "generated_at": "2026-05-05T09:48:10.579807Z", "mode": "profit_moonshot_hourly_shock_reversion_eth_mode", "split": "oos"}
{"chunk_days": 7, "chunk_end": "2026-04-25T23:59:59.999999", "chunk_start": "2026-04-19T00:00:00", "event": "live_equivalent_chunk_load", "generated_at": "2026-05-05T09:48:17.428423Z", "mode": "profit_moonshot_hourly_shock_reversion_eth_mode", "split": "oos"}
{"chunk_days": 7, "chunk_end": "2026-05-02T23:59:59.999999", "chunk_start": "2026-04-26T00:00:00", "event": "live_equivalent_chunk_load", "generated_at": "2026-05-05T09:48:24.542830Z", "mode": "profit_moonshot_hourly_shock_reversion_eth_mode", "split": "oos"}
{"chunk_days": 7, "chunk_end": "2026-05-04T23:59:59.999999", "chunk_start": "2026-05-03T00:00:00", "event": "live_equivalent_chunk_load", "generated_at": "2026-05-05T09:48:31.419586Z", "mode": "profit_moonshot_hourly_shock_reversion_eth_mode", "split": "oos"}
{"event": "live_equivalent_split_complete", "final_equity": 10027.23274564047, "generated_at": "2026-05-05T09:48:33.758316Z", "metrics": {"cagr": 7.334341479703355e-06, "calmar": 0.0012986713678348188, "max_drawdown": 0.005647573097673951, "sharpe": 0.020248079649452307, "sortino": 0.02481082639270178, "total_return": 0.0027163895640469615, "volatility": 0.0003655219116246641}, "mode": "profit_moonshot_hourly_shock_reversion_eth_mode", "split": "oos", "trade_count": 69}
{
  "artifact_reset_csv": "/home/hoky/Quants-agent/LuminaQuant/var/reports/profit_moonshot_20260501/current_tail_20260505/live_equivalent/profit_moonshot_hourly_shock_reversion_eth_mode/live_equivalent_revalidation_artifact_reset_20260426.csv",
  "json": "/home/hoky/Quants-agent/LuminaQuant/var/reports/profit_moonshot_20260501/current_tail_20260505/live_equivalent/profit_moonshot_hourly_shock_reversion_eth_mode/live_equivalent_revalidation_latest.json",
  "live_decision": "",
  "markdown": "/home/hoky/Quants-agent/LuminaQuant/var/reports/profit_moonshot_20260501/current_tail_20260505/live_equivalent/profit_moonshot_hourly_shock_reversion_eth_mode/live_equivalent_revalidation_latest.md",
  "mode_csv": "/home/hoky/Quants-agent/LuminaQuant/var/reports/profit_moonshot_20260501/current_tail_20260505/live_equivalent/profit_moonshot_hourly_shock_reversion_eth_mode/live_equivalent_revalidation_candidates_20260426.csv"
}
	Command being timed: "uv run python scripts/research/revalidate_live_equivalent_candidates.py --output-dir var/reports/profit_moonshot_20260501/current_tail_20260505/live_equivalent/profit_moonshot_hourly_shock_reversion_eth_mode --backtest-checkpoint-path var/reports/profit_moonshot_20260501/current_tail_20260505/live_equivalent/profit_moonshot_hourly_shock_reversion_eth_mode_checkpoint.json --portfolio-modes profit_moonshot_hourly_shock_reversion_eth_mode --execute-backtests --chunk-days 7 --no-live-decision-update"
	User time (seconds): 493.05
	System time (seconds): 33.38
	Percent of CPU this job got: 108%
	Elapsed (wall clock) time (h:mm:ss or m:ss): 8:07.00
	Average shared text size (kbytes): 0
	Average unshared data size (kbytes): 0
	Average stack size (kbytes): 0
	Average total size (kbytes): 0
	Maximum resident set size (kbytes): 1338900
	Average resident set size (kbytes): 0
	Major (requiring I/O) page faults: 3
	Minor (reclaiming a frame) page faults: 1665490
	Voluntary context switches: 1109899
	Involuntary context switches: 9419
	Swaps: 0
	File system inputs: 0
	File system outputs: 6800
	Socket messages sent: 0
	Socket messages received: 0
	Signals delivered: 0
	Page size (bytes): 4096
	Exit status: 0
