{"end_inclusive": "2025-12-31", "event": "live_equivalent_split_start", "generated_at": "2026-05-05T11:13:07.617149Z", "mode": "profit_moonshot_hourly_shock_reversion_eth_12h_dense_mode", "split": "train", "start": "2025-01-01", "symbols": ["ETH/USDT"]}
{"chunk_days": 7, "chunk_end": "2025-01-07T23:59:59.999999", "chunk_start": "2025-01-01T00:00:00", "event": "live_equivalent_chunk_load", "generated_at": "2026-05-05T11:13:07.617535Z", "mode": "profit_moonshot_hourly_shock_reversion_eth_12h_dense_mode", "split": "train"}
{"chunk_days": 7, "chunk_end": "2025-01-14T23:59:59.999999", "chunk_start": "2025-01-08T00:00:00", "event": "live_equivalent_chunk_load", "generated_at": "2026-05-05T11:13:12.423163Z", "mode": "profit_moonshot_hourly_shock_reversion_eth_12h_dense_mode", "split": "train"}
{"chunk_days": 7, "chunk_end": "2025-01-21T23:59:59.999999", "chunk_start": "2025-01-15T00:00:00", "event": "live_equivalent_chunk_load", "generated_at": "2026-05-05T11:13:17.547667Z", "mode": "profit_moonshot_hourly_shock_reversion_eth_12h_dense_mode", "split": "train"}
{"chunk_days": 7, "chunk_end": "2025-01-28T23:59:59.999999", "chunk_start": "2025-01-22T00:00:00", "event": "live_equivalent_chunk_load", "generated_at": "2026-05-05T11:13:22.686197Z", "mode": "profit_moonshot_hourly_shock_reversion_eth_12h_dense_mode", "split": "train"}
{"chunk_days": 7, "chunk_end": "2025-02-04T23:59:59.999999", "chunk_start": "2025-01-29T00:00:00", "event": "live_equivalent_chunk_load", "generated_at": "2026-05-05T11:13:27.793245Z", "mode": "profit_moonshot_hourly_shock_reversion_eth_12h_dense_mode", "split": "train"}
{"chunk_days": 7, "chunk_end": "2025-02-11T23:59:59.999999", "chunk_start": "2025-02-05T00:00:00", "event": "live_equivalent_chunk_load", "generated_at": "2026-05-05T11:13:32.977988Z", "mode": "profit_moonshot_hourly_shock_reversion_eth_12h_dense_mode", "split": "train"}
{"chunk_days": 7, "chunk_end": "2025-02-18T23:59:59.999999", "chunk_start": "2025-02-12T00:00:00", "event": "live_equivalent_chunk_load", "generated_at": "2026-05-05T11:13:38.211552Z", "mode": "profit_moonshot_hourly_shock_reversion_eth_12h_dense_mode", "split": "train"}
{"chunk_days": 7, "chunk_end": "2025-02-25T23:59:59.999999", "chunk_start": "2025-02-19T00:00:00", "event": "live_equivalent_chunk_load", "generated_at": "2026-05-05T11:13:43.302117Z", "mode": "profit_moonshot_hourly_shock_reversion_eth_12h_dense_mode", "split": "train"}
{"chunk_days": 7, "chunk_end": "2025-03-04T23:59:59.999999", "chunk_start": "2025-02-26T00:00:00", "event": "live_equivalent_chunk_load", "generated_at": "2026-05-05T11:13:48.466027Z", "mode": "profit_moonshot_hourly_shock_reversion_eth_12h_dense_mode", "split": "train"}
{"chunk_days": 7, "chunk_end": "2025-03-11T23:59:59.999999", "chunk_start": "2025-03-05T00:00:00", "event": "live_equivalent_chunk_load", "generated_at": "2026-05-05T11:13:53.707311Z", "mode": "profit_moonshot_hourly_shock_reversion_eth_12h_dense_mode", "split": "train"}
{"chunk_days": 7, "chunk_end": "2025-03-18T23:59:59.999999", "chunk_start": "2025-03-12T00:00:00", "event": "live_equivalent_chunk_load", "generated_at": "2026-05-05T11:13:59.073706Z", "mode": "profit_moonshot_hourly_shock_reversion_eth_12h_dense_mode", "split": "train"}
{"chunk_days": 7, "chunk_end": "2025-03-25T23:59:59.999999", "chunk_start": "2025-03-19T00:00:00", "event": "live_equivalent_chunk_load", "generated_at": "2026-05-05T11:14:04.479170Z", "mode": "profit_moonshot_hourly_shock_reversion_eth_12h_dense_mode", "split": "train"}
{"chunk_days": 7, "chunk_end": "2025-04-01T23:59:59.999999", "chunk_start": "2025-03-26T00:00:00", "event": "live_equivalent_chunk_load", "generated_at": "2026-05-05T11:14:09.820001Z", "mode": "profit_moonshot_hourly_shock_reversion_eth_12h_dense_mode", "split": "train"}
{"chunk_days": 7, "chunk_end": "2025-04-08T23:59:59.999999", "chunk_start": "2025-04-02T00:00:00", "event": "live_equivalent_chunk_load", "generated_at": "2026-05-05T11:14:15.128760Z", "mode": "profit_moonshot_hourly_shock_reversion_eth_12h_dense_mode", "split": "train"}
{"chunk_days": 7, "chunk_end": "2025-04-15T23:59:59.999999", "chunk_start": "2025-04-09T00:00:00", "event": "live_equivalent_chunk_load", "generated_at": "2026-05-05T11:14:20.553631Z", "mode": "profit_moonshot_hourly_shock_reversion_eth_12h_dense_mode", "split": "train"}
{"chunk_days": 7, "chunk_end": "2025-04-22T23:59:59.999999", "chunk_start": "2025-04-16T00:00:00", "event": "live_equivalent_chunk_load", "generated_at": "2026-05-05T11:14:25.910903Z", "mode": "profit_moonshot_hourly_shock_reversion_eth_12h_dense_mode", "split": "train"}
{"chunk_days": 7, "chunk_end": "2025-04-29T23:59:59.999999", "chunk_start": "2025-04-23T00:00:00", "event": "live_equivalent_chunk_load", "generated_at": "2026-05-05T11:14:31.339171Z", "mode": "profit_moonshot_hourly_shock_reversion_eth_12h_dense_mode", "split": "train"}
{"chunk_days": 7, "chunk_end": "2025-05-06T23:59:59.999999", "chunk_start": "2025-04-30T00:00:00", "event": "live_equivalent_chunk_load", "generated_at": "2026-05-05T11:14:36.977774Z", "mode": "profit_moonshot_hourly_shock_reversion_eth_12h_dense_mode", "split": "train"}
{"chunk_days": 7, "chunk_end": "2025-05-13T23:59:59.999999", "chunk_start": "2025-05-07T00:00:00", "event": "live_equivalent_chunk_load", "generated_at": "2026-05-05T11:14:42.362718Z", "mode": "profit_moonshot_hourly_shock_reversion_eth_12h_dense_mode", "split": "train"}
{"chunk_days": 7, "chunk_end": "2025-05-20T23:59:59.999999", "chunk_start": "2025-05-14T00:00:00", "event": "live_equivalent_chunk_load", "generated_at": "2026-05-05T11:14:47.709639Z", "mode": "profit_moonshot_hourly_shock_reversion_eth_12h_dense_mode", "split": "train"}
{"chunk_days": 7, "chunk_end": "2025-05-27T23:59:59.999999", "chunk_start": "2025-05-21T00:00:00", "event": "live_equivalent_chunk_load", "generated_at": "2026-05-05T11:14:53.082000Z", "mode": "profit_moonshot_hourly_shock_reversion_eth_12h_dense_mode", "split": "train"}
{"chunk_days": 7, "chunk_end": "2025-06-03T23:59:59.999999", "chunk_start": "2025-05-28T00:00:00", "event": "live_equivalent_chunk_load", "generated_at": "2026-05-05T11:14:58.534397Z", "mode": "profit_moonshot_hourly_shock_reversion_eth_12h_dense_mode", "split": "train"}
{"chunk_days": 7, "chunk_end": "2025-06-10T23:59:59.999999", "chunk_start": "2025-06-04T00:00:00", "event": "live_equivalent_chunk_load", "generated_at": "2026-05-05T11:15:03.889319Z", "mode": "profit_moonshot_hourly_shock_reversion_eth_12h_dense_mode", "split": "train"}
{"chunk_days": 7, "chunk_end": "2025-06-17T23:59:59.999999", "chunk_start": "2025-06-11T00:00:00", "event": "live_equivalent_chunk_load", "generated_at": "2026-05-05T11:15:09.359750Z", "mode": "profit_moonshot_hourly_shock_reversion_eth_12h_dense_mode", "split": "train"}
{"chunk_days": 7, "chunk_end": "2025-06-24T23:59:59.999999", "chunk_start": "2025-06-18T00:00:00", "event": "live_equivalent_chunk_load", "generated_at": "2026-05-05T11:15:14.835640Z", "mode": "profit_moonshot_hourly_shock_reversion_eth_12h_dense_mode", "split": "train"}
[Realism] Partial Fill: Req 0.031 > Limit 0.0000. Filling 0.0 and keeping remainder.
{"chunk_days": 7, "chunk_end": "2025-07-01T23:59:59.999999", "chunk_start": "2025-06-25T00:00:00", "event": "live_equivalent_chunk_load", "generated_at": "2026-05-05T11:15:20.231968Z", "mode": "profit_moonshot_hourly_shock_reversion_eth_12h_dense_mode", "split": "train"}
{"chunk_days": 7, "chunk_end": "2025-07-08T23:59:59.999999", "chunk_start": "2025-07-02T00:00:00", "event": "live_equivalent_chunk_load", "generated_at": "2026-05-05T11:15:25.555373Z", "mode": "profit_moonshot_hourly_shock_reversion_eth_12h_dense_mode", "split": "train"}
{"chunk_days": 7, "chunk_end": "2025-07-15T23:59:59.999999", "chunk_start": "2025-07-09T00:00:00", "event": "live_equivalent_chunk_load", "generated_at": "2026-05-05T11:15:30.908104Z", "mode": "profit_moonshot_hourly_shock_reversion_eth_12h_dense_mode", "split": "train"}
{"chunk_days": 7, "chunk_end": "2025-07-22T23:59:59.999999", "chunk_start": "2025-07-16T00:00:00", "event": "live_equivalent_chunk_load", "generated_at": "2026-05-05T11:15:36.341813Z", "mode": "profit_moonshot_hourly_shock_reversion_eth_12h_dense_mode", "split": "train"}
{"chunk_days": 7, "chunk_end": "2025-07-29T23:59:59.999999", "chunk_start": "2025-07-23T00:00:00", "event": "live_equivalent_chunk_load", "generated_at": "2026-05-05T11:15:41.751417Z", "mode": "profit_moonshot_hourly_shock_reversion_eth_12h_dense_mode", "split": "train"}
{"chunk_days": 7, "chunk_end": "2025-08-05T23:59:59.999999", "chunk_start": "2025-07-30T00:00:00", "event": "live_equivalent_chunk_load", "generated_at": "2026-05-05T11:15:47.203250Z", "mode": "profit_moonshot_hourly_shock_reversion_eth_12h_dense_mode", "split": "train"}
{"chunk_days": 7, "chunk_end": "2025-08-12T23:59:59.999999", "chunk_start": "2025-08-06T00:00:00", "event": "live_equivalent_chunk_load", "generated_at": "2026-05-05T11:15:52.856649Z", "mode": "profit_moonshot_hourly_shock_reversion_eth_12h_dense_mode", "split": "train"}
{"chunk_days": 7, "chunk_end": "2025-08-19T23:59:59.999999", "chunk_start": "2025-08-13T00:00:00", "event": "live_equivalent_chunk_load", "generated_at": "2026-05-05T11:15:58.215609Z", "mode": "profit_moonshot_hourly_shock_reversion_eth_12h_dense_mode", "split": "train"}
{"chunk_days": 7, "chunk_end": "2025-08-26T23:59:59.999999", "chunk_start": "2025-08-20T00:00:00", "event": "live_equivalent_chunk_load", "generated_at": "2026-05-05T11:16:03.647364Z", "mode": "profit_moonshot_hourly_shock_reversion_eth_12h_dense_mode", "split": "train"}
{"chunk_days": 7, "chunk_end": "2025-09-02T23:59:59.999999", "chunk_start": "2025-08-27T00:00:00", "event": "live_equivalent_chunk_load", "generated_at": "2026-05-05T11:16:09.122190Z", "mode": "profit_moonshot_hourly_shock_reversion_eth_12h_dense_mode", "split": "train"}
{"chunk_days": 7, "chunk_end": "2025-09-09T23:59:59.999999", "chunk_start": "2025-09-03T00:00:00", "event": "live_equivalent_chunk_load", "generated_at": "2026-05-05T11:16:14.493989Z", "mode": "profit_moonshot_hourly_shock_reversion_eth_12h_dense_mode", "split": "train"}
{"chunk_days": 7, "chunk_end": "2025-09-16T23:59:59.999999", "chunk_start": "2025-09-10T00:00:00", "event": "live_equivalent_chunk_load", "generated_at": "2026-05-05T11:16:20.007579Z", "mode": "profit_moonshot_hourly_shock_reversion_eth_12h_dense_mode", "split": "train"}
{"chunk_days": 7, "chunk_end": "2025-09-23T23:59:59.999999", "chunk_start": "2025-09-17T00:00:00", "event": "live_equivalent_chunk_load", "generated_at": "2026-05-05T11:16:25.413985Z", "mode": "profit_moonshot_hourly_shock_reversion_eth_12h_dense_mode", "split": "train"}
{"chunk_days": 7, "chunk_end": "2025-09-30T23:59:59.999999", "chunk_start": "2025-09-24T00:00:00", "event": "live_equivalent_chunk_load", "generated_at": "2026-05-05T11:16:30.796419Z", "mode": "profit_moonshot_hourly_shock_reversion_eth_12h_dense_mode", "split": "train"}
{"chunk_days": 7, "chunk_end": "2025-10-07T23:59:59.999999", "chunk_start": "2025-10-01T00:00:00", "event": "live_equivalent_chunk_load", "generated_at": "2026-05-05T11:16:36.246063Z", "mode": "profit_moonshot_hourly_shock_reversion_eth_12h_dense_mode", "split": "train"}
{"chunk_days": 7, "chunk_end": "2025-10-14T23:59:59.999999", "chunk_start": "2025-10-08T00:00:00", "event": "live_equivalent_chunk_load", "generated_at": "2026-05-05T11:16:41.692184Z", "mode": "profit_moonshot_hourly_shock_reversion_eth_12h_dense_mode", "split": "train"}
{"chunk_days": 7, "chunk_end": "2025-10-21T23:59:59.999999", "chunk_start": "2025-10-15T00:00:00", "event": "live_equivalent_chunk_load", "generated_at": "2026-05-05T11:16:47.081600Z", "mode": "profit_moonshot_hourly_shock_reversion_eth_12h_dense_mode", "split": "train"}
{"chunk_days": 7, "chunk_end": "2025-10-28T23:59:59.999999", "chunk_start": "2025-10-22T00:00:00", "event": "live_equivalent_chunk_load", "generated_at": "2026-05-05T11:16:52.491136Z", "mode": "profit_moonshot_hourly_shock_reversion_eth_12h_dense_mode", "split": "train"}
{"chunk_days": 7, "chunk_end": "2025-11-04T23:59:59.999999", "chunk_start": "2025-10-29T00:00:00", "event": "live_equivalent_chunk_load", "generated_at": "2026-05-05T11:16:57.843826Z", "mode": "profit_moonshot_hourly_shock_reversion_eth_12h_dense_mode", "split": "train"}
{"chunk_days": 7, "chunk_end": "2025-11-11T23:59:59.999999", "chunk_start": "2025-11-05T00:00:00", "event": "live_equivalent_chunk_load", "generated_at": "2026-05-05T11:17:03.305586Z", "mode": "profit_moonshot_hourly_shock_reversion_eth_12h_dense_mode", "split": "train"}
{"chunk_days": 7, "chunk_end": "2025-11-18T23:59:59.999999", "chunk_start": "2025-11-12T00:00:00", "event": "live_equivalent_chunk_load", "generated_at": "2026-05-05T11:17:08.917407Z", "mode": "profit_moonshot_hourly_shock_reversion_eth_12h_dense_mode", "split": "train"}
{"chunk_days": 7, "chunk_end": "2025-11-25T23:59:59.999999", "chunk_start": "2025-11-19T00:00:00", "event": "live_equivalent_chunk_load", "generated_at": "2026-05-05T11:17:14.345159Z", "mode": "profit_moonshot_hourly_shock_reversion_eth_12h_dense_mode", "split": "train"}
{"chunk_days": 7, "chunk_end": "2025-12-02T23:59:59.999999", "chunk_start": "2025-11-26T00:00:00", "event": "live_equivalent_chunk_load", "generated_at": "2026-05-05T11:17:19.954493Z", "mode": "profit_moonshot_hourly_shock_reversion_eth_12h_dense_mode", "split": "train"}
{"chunk_days": 7, "chunk_end": "2025-12-09T23:59:59.999999", "chunk_start": "2025-12-03T00:00:00", "event": "live_equivalent_chunk_load", "generated_at": "2026-05-05T11:17:25.561177Z", "mode": "profit_moonshot_hourly_shock_reversion_eth_12h_dense_mode", "split": "train"}
{"chunk_days": 7, "chunk_end": "2025-12-16T23:59:59.999999", "chunk_start": "2025-12-10T00:00:00", "event": "live_equivalent_chunk_load", "generated_at": "2026-05-05T11:17:31.758650Z", "mode": "profit_moonshot_hourly_shock_reversion_eth_12h_dense_mode", "split": "train"}
{"chunk_days": 7, "chunk_end": "2025-12-23T23:59:59.999999", "chunk_start": "2025-12-17T00:00:00", "event": "live_equivalent_chunk_load", "generated_at": "2026-05-05T11:17:37.370926Z", "mode": "profit_moonshot_hourly_shock_reversion_eth_12h_dense_mode", "split": "train"}
{"chunk_days": 7, "chunk_end": "2025-12-30T23:59:59.999999", "chunk_start": "2025-12-24T00:00:00", "event": "live_equivalent_chunk_load", "generated_at": "2026-05-05T11:17:42.920932Z", "mode": "profit_moonshot_hourly_shock_reversion_eth_12h_dense_mode", "split": "train"}
{"chunk_days": 7, "chunk_end": "2025-12-31T23:59:59.999999", "chunk_start": "2025-12-31T00:00:00", "event": "live_equivalent_chunk_load", "generated_at": "2026-05-05T11:17:48.519978Z", "mode": "profit_moonshot_hourly_shock_reversion_eth_12h_dense_mode", "split": "train"}
{"event": "live_equivalent_split_complete", "final_equity": 10051.017311149535, "generated_at": "2026-05-05T11:17:49.538663Z", "metrics": {"cagr": 2.4459217324857008e-06, "calmar": 9.652075971254619e-05, "max_drawdown": 0.025340887698874683, "sharpe": 0.006417306351014732, "sortino": 0.007663560125867508, "total_return": 0.005102718114953442, "volatility": 0.00039318950045162134}, "mode": "profit_moonshot_hourly_shock_reversion_eth_12h_dense_mode", "split": "train", "trade_count": 261}
{"end_inclusive": "2026-02-28", "event": "live_equivalent_split_start", "generated_at": "2026-05-05T11:17:49.538705Z", "mode": "profit_moonshot_hourly_shock_reversion_eth_12h_dense_mode", "split": "val", "start": "2026-01-01", "symbols": ["ETH/USDT"]}
{"chunk_days": 7, "chunk_end": "2026-01-07T23:59:59.999999", "chunk_start": "2026-01-01T00:00:00", "event": "live_equivalent_chunk_load", "generated_at": "2026-05-05T11:17:49.539140Z", "mode": "profit_moonshot_hourly_shock_reversion_eth_12h_dense_mode", "split": "val"}
{"chunk_days": 7, "chunk_end": "2026-01-14T23:59:59.999999", "chunk_start": "2026-01-08T00:00:00", "event": "live_equivalent_chunk_load", "generated_at": "2026-05-05T11:17:54.223604Z", "mode": "profit_moonshot_hourly_shock_reversion_eth_12h_dense_mode", "split": "val"}
[Realism] Partial Fill: Req 0.025 > Limit 0.0072. Filling 0.0072000000000000015 and keeping remainder.
{"chunk_days": 7, "chunk_end": "2026-01-21T23:59:59.999999", "chunk_start": "2026-01-15T00:00:00", "event": "live_equivalent_chunk_load", "generated_at": "2026-05-05T11:17:59.327674Z", "mode": "profit_moonshot_hourly_shock_reversion_eth_12h_dense_mode", "split": "val"}
{"chunk_days": 7, "chunk_end": "2026-01-28T23:59:59.999999", "chunk_start": "2026-01-22T00:00:00", "event": "live_equivalent_chunk_load", "generated_at": "2026-05-05T11:18:04.571689Z", "mode": "profit_moonshot_hourly_shock_reversion_eth_12h_dense_mode", "split": "val"}
{"chunk_days": 7, "chunk_end": "2026-02-04T23:59:59.999999", "chunk_start": "2026-01-29T00:00:00", "event": "live_equivalent_chunk_load", "generated_at": "2026-05-05T11:18:09.667245Z", "mode": "profit_moonshot_hourly_shock_reversion_eth_12h_dense_mode", "split": "val"}
{"chunk_days": 7, "chunk_end": "2026-02-11T23:59:59.999999", "chunk_start": "2026-02-05T00:00:00", "event": "live_equivalent_chunk_load", "generated_at": "2026-05-05T11:18:15.239628Z", "mode": "profit_moonshot_hourly_shock_reversion_eth_12h_dense_mode", "split": "val"}
{"chunk_days": 7, "chunk_end": "2026-02-18T23:59:59.999999", "chunk_start": "2026-02-12T00:00:00", "event": "live_equivalent_chunk_load", "generated_at": "2026-05-05T11:18:20.489099Z", "mode": "profit_moonshot_hourly_shock_reversion_eth_12h_dense_mode", "split": "val"}
[Realism] Partial Fill: Req 0.038 > Limit 0.0025. Filling 0.0025000000000000005 and keeping remainder.
[Realism] Partial Fill: Req 0.0355 > Limit 0.0000. Filling 0.0 and keeping remainder.
{"chunk_days": 7, "chunk_end": "2026-02-25T23:59:59.999999", "chunk_start": "2026-02-19T00:00:00", "event": "live_equivalent_chunk_load", "generated_at": "2026-05-05T11:18:25.841574Z", "mode": "profit_moonshot_hourly_shock_reversion_eth_12h_dense_mode", "split": "val"}
{"chunk_days": 7, "chunk_end": "2026-02-28T23:59:59.999999", "chunk_start": "2026-02-26T00:00:00", "event": "live_equivalent_chunk_load", "generated_at": "2026-05-05T11:18:31.018879Z", "mode": "profit_moonshot_hourly_shock_reversion_eth_12h_dense_mode", "split": "val"}
{"event": "live_equivalent_split_complete", "final_equity": 10063.326300367247, "generated_at": "2026-05-05T11:18:33.345237Z", "metrics": {"cagr": 1.8715545704761638e-05, "calmar": 0.004275484643138228, "max_drawdown": 0.004377409175074087, "sharpe": 0.07101436989195989, "sortino": 0.08106914051384081, "total_return": 0.006329104036724598, "volatility": 0.00026403428143496064}, "mode": "profit_moonshot_hourly_shock_reversion_eth_12h_dense_mode", "split": "val", "trade_count": 48}
{"end_inclusive": "2026-05-04", "event": "live_equivalent_split_start", "generated_at": "2026-05-05T11:18:33.345272Z", "mode": "profit_moonshot_hourly_shock_reversion_eth_12h_dense_mode", "split": "oos", "start": "2026-03-01", "symbols": ["ETH/USDT"]}
{"chunk_days": 7, "chunk_end": "2026-03-07T23:59:59.999999", "chunk_start": "2026-03-01T00:00:00", "event": "live_equivalent_chunk_load", "generated_at": "2026-05-05T11:18:33.345687Z", "mode": "profit_moonshot_hourly_shock_reversion_eth_12h_dense_mode", "split": "oos"}
{"chunk_days": 7, "chunk_end": "2026-03-14T23:59:59.999999", "chunk_start": "2026-03-08T00:00:00", "event": "live_equivalent_chunk_load", "generated_at": "2026-05-05T11:18:37.747478Z", "mode": "profit_moonshot_hourly_shock_reversion_eth_12h_dense_mode", "split": "oos"}
[Realism] Partial Fill: Req 0.038 > Limit 0.0114. Filling 0.0114 and keeping remainder.
{"chunk_days": 7, "chunk_end": "2026-03-21T23:59:59.999999", "chunk_start": "2026-03-15T00:00:00", "event": "live_equivalent_chunk_load", "generated_at": "2026-05-05T11:18:42.805078Z", "mode": "profit_moonshot_hourly_shock_reversion_eth_12h_dense_mode", "split": "oos"}
{"chunk_days": 7, "chunk_end": "2026-03-28T23:59:59.999999", "chunk_start": "2026-03-22T00:00:00", "event": "live_equivalent_chunk_load", "generated_at": "2026-05-05T11:18:47.708414Z", "mode": "profit_moonshot_hourly_shock_reversion_eth_12h_dense_mode", "split": "oos"}
{"chunk_days": 7, "chunk_end": "2026-04-04T23:59:59.999999", "chunk_start": "2026-03-29T00:00:00", "event": "live_equivalent_chunk_load", "generated_at": "2026-05-05T11:18:52.796754Z", "mode": "profit_moonshot_hourly_shock_reversion_eth_12h_dense_mode", "split": "oos"}
{"chunk_days": 7, "chunk_end": "2026-04-11T23:59:59.999999", "chunk_start": "2026-04-05T00:00:00", "event": "live_equivalent_chunk_load", "generated_at": "2026-05-05T11:18:57.993335Z", "mode": "profit_moonshot_hourly_shock_reversion_eth_12h_dense_mode", "split": "oos"}
{"chunk_days": 7, "chunk_end": "2026-04-18T23:59:59.999999", "chunk_start": "2026-04-12T00:00:00", "event": "live_equivalent_chunk_load", "generated_at": "2026-05-05T11:19:03.319438Z", "mode": "profit_moonshot_hourly_shock_reversion_eth_12h_dense_mode", "split": "oos"}
{"chunk_days": 7, "chunk_end": "2026-04-25T23:59:59.999999", "chunk_start": "2026-04-19T00:00:00", "event": "live_equivalent_chunk_load", "generated_at": "2026-05-05T11:19:08.533590Z", "mode": "profit_moonshot_hourly_shock_reversion_eth_12h_dense_mode", "split": "oos"}
{"chunk_days": 7, "chunk_end": "2026-05-02T23:59:59.999999", "chunk_start": "2026-04-26T00:00:00", "event": "live_equivalent_chunk_load", "generated_at": "2026-05-05T11:19:13.765378Z", "mode": "profit_moonshot_hourly_shock_reversion_eth_12h_dense_mode", "split": "oos"}
[Realism] Partial Fill: Req 0.034 > Limit 0.0296. Filling 0.0296 and keeping remainder.
{"chunk_days": 7, "chunk_end": "2026-05-04T23:59:59.999999", "chunk_start": "2026-05-03T00:00:00", "event": "live_equivalent_chunk_load", "generated_at": "2026-05-05T11:19:19.072154Z", "mode": "profit_moonshot_hourly_shock_reversion_eth_12h_dense_mode", "split": "oos"}
{"event": "live_equivalent_split_complete", "final_equity": 10047.012166455543, "generated_at": "2026-05-05T11:19:20.648588Z", "metrics": {"cagr": 1.2683255037782004e-05, "calmar": 0.007606046769014058, "max_drawdown": 0.001667522620219976, "sharpe": 0.07853349461421114, "sortino": 0.09861851034713494, "total_return": 0.004702083645554245, "volatility": 0.0001616665955551285}, "mode": "profit_moonshot_hourly_shock_reversion_eth_12h_dense_mode", "split": "oos", "trade_count": 38}
{
  "artifact_reset_csv": "/home/hoky/Quants-agent/LuminaQuant/var/reports/profit_moonshot_20260501/current_tail_20260505/live_equivalent/profit_moonshot_hourly_shock_reversion_eth_12h_dense_mode/live_equivalent_revalidation_artifact_reset_20260426.csv",
  "json": "/home/hoky/Quants-agent/LuminaQuant/var/reports/profit_moonshot_20260501/current_tail_20260505/live_equivalent/profit_moonshot_hourly_shock_reversion_eth_12h_dense_mode/live_equivalent_revalidation_latest.json",
  "live_decision": "",
  "markdown": "/home/hoky/Quants-agent/LuminaQuant/var/reports/profit_moonshot_20260501/current_tail_20260505/live_equivalent/profit_moonshot_hourly_shock_reversion_eth_12h_dense_mode/live_equivalent_revalidation_latest.md",
  "mode_csv": "/home/hoky/Quants-agent/LuminaQuant/var/reports/profit_moonshot_20260501/current_tail_20260505/live_equivalent/profit_moonshot_hourly_shock_reversion_eth_12h_dense_mode/live_equivalent_revalidation_candidates_20260426.csv"
}
	Command being timed: "uv run python scripts/research/revalidate_live_equivalent_candidates.py --output-dir var/reports/profit_moonshot_20260501/current_tail_20260505/live_equivalent/profit_moonshot_hourly_shock_reversion_eth_12h_dense_mode --backtest-checkpoint-path var/reports/profit_moonshot_20260501/current_tail_20260505/live_equivalent/profit_moonshot_hourly_shock_reversion_eth_12h_dense_mode_checkpoint.json --portfolio-modes profit_moonshot_hourly_shock_reversion_eth_12h_dense_mode --execute-backtests --chunk-days 7 --no-live-decision-update"
	User time (seconds): 378.44
	System time (seconds): 28.24
	Percent of CPU this job got: 108%
	Elapsed (wall clock) time (h:mm:ss or m:ss): 6:13.85
	Average shared text size (kbytes): 0
	Average unshared data size (kbytes): 0
	Average stack size (kbytes): 0
	Average total size (kbytes): 0
	Maximum resident set size (kbytes): 1334416
	Average resident set size (kbytes): 0
	Major (requiring I/O) page faults: 0
	Minor (reclaiming a frame) page faults: 1631567
	Voluntary context switches: 1106766
	Involuntary context switches: 7777
	Swaps: 0
	File system inputs: 0
	File system outputs: 6888
	Socket messages sent: 0
	Socket messages received: 0
	Signals delivered: 0
	Page size (bytes): 4096
	Exit status: 0
