{"end_inclusive": "2025-12-31", "event": "live_equivalent_split_start", "generated_at": "2026-05-02T05:14:38.497988Z", "mode": "profit_moonshot_adaptive_momentum_130_mode", "split": "train", "start": "2025-01-01", "symbols": ["BTC/USDT", "ETH/USDT", "BNB/USDT", "SOL/USDT", "TRX/USDT"]}
{"chunk_days": 7, "chunk_end": "2025-01-07T23:59:59.999999", "chunk_start": "2025-01-01T00:00:00", "event": "live_equivalent_chunk_load", "generated_at": "2026-05-02T05:14:38.498833Z", "mode": "profit_moonshot_adaptive_momentum_130_mode", "split": "train"}
{"chunk_days": 7, "chunk_end": "2025-01-14T23:59:59.999999", "chunk_start": "2025-01-08T00:00:00", "event": "live_equivalent_chunk_load", "generated_at": "2026-05-02T05:15:08.127865Z", "mode": "profit_moonshot_adaptive_momentum_130_mode", "split": "train"}
{"chunk_days": 7, "chunk_end": "2025-01-21T23:59:59.999999", "chunk_start": "2025-01-15T00:00:00", "event": "live_equivalent_chunk_load", "generated_at": "2026-05-02T05:15:40.364299Z", "mode": "profit_moonshot_adaptive_momentum_130_mode", "split": "train"}
{"chunk_days": 7, "chunk_end": "2025-01-28T23:59:59.999999", "chunk_start": "2025-01-22T00:00:00", "event": "live_equivalent_chunk_load", "generated_at": "2026-05-02T05:16:15.407971Z", "mode": "profit_moonshot_adaptive_momentum_130_mode", "split": "train"}
{"chunk_days": 7, "chunk_end": "2025-02-04T23:59:59.999999", "chunk_start": "2025-01-29T00:00:00", "event": "live_equivalent_chunk_load", "generated_at": "2026-05-02T05:16:52.943346Z", "mode": "profit_moonshot_adaptive_momentum_130_mode", "split": "train"}
{"chunk_days": 7, "chunk_end": "2025-02-11T23:59:59.999999", "chunk_start": "2025-02-05T00:00:00", "event": "live_equivalent_chunk_load", "generated_at": "2026-05-02T05:17:26.455680Z", "mode": "profit_moonshot_adaptive_momentum_130_mode", "split": "train"}
[Realism] Partial Fill: Req 0.313 > Limit 0.0000. Filling 0.0 and keeping remainder.
[Realism] Partial Fill: Req 0.313 > Limit 0.3000. Filling 0.30000000000000004 and keeping remainder.
{"chunk_days": 7, "chunk_end": "2025-02-18T23:59:59.999999", "chunk_start": "2025-02-12T00:00:00", "event": "live_equivalent_chunk_load", "generated_at": "2026-05-02T05:17:54.529680Z", "mode": "profit_moonshot_adaptive_momentum_130_mode", "split": "train"}
{"chunk_days": 7, "chunk_end": "2025-02-25T23:59:59.999999", "chunk_start": "2025-02-19T00:00:00", "event": "live_equivalent_chunk_load", "generated_at": "2026-05-02T05:18:22.350999Z", "mode": "profit_moonshot_adaptive_momentum_130_mode", "split": "train"}
{"chunk_days": 7, "chunk_end": "2025-03-04T23:59:59.999999", "chunk_start": "2025-02-26T00:00:00", "event": "live_equivalent_chunk_load", "generated_at": "2026-05-02T05:18:51.506486Z", "mode": "profit_moonshot_adaptive_momentum_130_mode", "split": "train"}
[Realism] Partial Fill: Req 0.359 > Limit 0.3000. Filling 0.30000000000000004 and keeping remainder.
[Realism] Partial Fill: Req 0.377 > Limit 0.3000. Filling 0.30000000000000004 and keeping remainder.
{"chunk_days": 7, "chunk_end": "2025-03-11T23:59:59.999999", "chunk_start": "2025-03-05T00:00:00", "event": "live_equivalent_chunk_load", "generated_at": "2026-05-02T05:19:20.553754Z", "mode": "profit_moonshot_adaptive_momentum_130_mode", "split": "train"}
{"chunk_days": 7, "chunk_end": "2025-03-18T23:59:59.999999", "chunk_start": "2025-03-12T00:00:00", "event": "live_equivalent_chunk_load", "generated_at": "2026-05-02T05:19:48.715717Z", "mode": "profit_moonshot_adaptive_momentum_130_mode", "split": "train"}
{"chunk_days": 7, "chunk_end": "2025-03-25T23:59:59.999999", "chunk_start": "2025-03-19T00:00:00", "event": "live_equivalent_chunk_load", "generated_at": "2026-05-02T05:20:18.152615Z", "mode": "profit_moonshot_adaptive_momentum_130_mode", "split": "train"}
{"chunk_days": 7, "chunk_end": "2025-04-01T23:59:59.999999", "chunk_start": "2025-03-26T00:00:00", "event": "live_equivalent_chunk_load", "generated_at": "2026-05-02T05:20:49.975518Z", "mode": "profit_moonshot_adaptive_momentum_130_mode", "split": "train"}
[Realism] Partial Fill: Req 0.459 > Limit 0.3000. Filling 0.30000000000000004 and keeping remainder.
{"chunk_days": 7, "chunk_end": "2025-04-08T23:59:59.999999", "chunk_start": "2025-04-02T00:00:00", "event": "live_equivalent_chunk_load", "generated_at": "2026-05-02T05:21:17.931021Z", "mode": "profit_moonshot_adaptive_momentum_130_mode", "split": "train"}
{"chunk_days": 7, "chunk_end": "2025-04-15T23:59:59.999999", "chunk_start": "2025-04-09T00:00:00", "event": "live_equivalent_chunk_load", "generated_at": "2026-05-02T05:21:46.081174Z", "mode": "profit_moonshot_adaptive_momentum_130_mode", "split": "train"}
{"chunk_days": 7, "chunk_end": "2025-04-22T23:59:59.999999", "chunk_start": "2025-04-16T00:00:00", "event": "live_equivalent_chunk_load", "generated_at": "2026-05-02T05:22:11.101713Z", "mode": "profit_moonshot_adaptive_momentum_130_mode", "split": "train"}
{"chunk_days": 7, "chunk_end": "2025-04-29T23:59:59.999999", "chunk_start": "2025-04-23T00:00:00", "event": "live_equivalent_chunk_load", "generated_at": "2026-05-02T05:22:33.455440Z", "mode": "profit_moonshot_adaptive_momentum_130_mode", "split": "train"}
{"chunk_days": 7, "chunk_end": "2025-05-06T23:59:59.999999", "chunk_start": "2025-04-30T00:00:00", "event": "live_equivalent_chunk_load", "generated_at": "2026-05-02T05:22:56.989183Z", "mode": "profit_moonshot_adaptive_momentum_130_mode", "split": "train"}
{"chunk_days": 7, "chunk_end": "2025-05-13T23:59:59.999999", "chunk_start": "2025-05-07T00:00:00", "event": "live_equivalent_chunk_load", "generated_at": "2026-05-02T05:23:24.618293Z", "mode": "profit_moonshot_adaptive_momentum_130_mode", "split": "train"}
[Realism] Partial Fill: Req 0.031 > Limit 0.0201. Filling 0.020100000000000003 and keeping remainder.
{"chunk_days": 7, "chunk_end": "2025-05-20T23:59:59.999999", "chunk_start": "2025-05-14T00:00:00", "event": "live_equivalent_chunk_load", "generated_at": "2026-05-02T05:23:54.865566Z", "mode": "profit_moonshot_adaptive_momentum_130_mode", "split": "train"}
{"chunk_days": 7, "chunk_end": "2025-05-27T23:59:59.999999", "chunk_start": "2025-05-21T00:00:00", "event": "live_equivalent_chunk_load", "generated_at": "2026-05-02T05:24:24.154408Z", "mode": "profit_moonshot_adaptive_momentum_130_mode", "split": "train"}
{"chunk_days": 7, "chunk_end": "2025-06-03T23:59:59.999999", "chunk_start": "2025-05-28T00:00:00", "event": "live_equivalent_chunk_load", "generated_at": "2026-05-02T05:24:53.168180Z", "mode": "profit_moonshot_adaptive_momentum_130_mode", "split": "train"}
{"chunk_days": 7, "chunk_end": "2025-06-10T23:59:59.999999", "chunk_start": "2025-06-04T00:00:00", "event": "live_equivalent_chunk_load", "generated_at": "2026-05-02T05:25:20.546436Z", "mode": "profit_moonshot_adaptive_momentum_130_mode", "split": "train"}
[Realism] Partial Fill: Req 0.392 > Limit 0.2680. Filling 0.26799999999999996 and keeping remainder.
{"chunk_days": 7, "chunk_end": "2025-06-17T23:59:59.999999", "chunk_start": "2025-06-11T00:00:00", "event": "live_equivalent_chunk_load", "generated_at": "2026-05-02T05:25:49.956850Z", "mode": "profit_moonshot_adaptive_momentum_130_mode", "split": "train"}
{"chunk_days": 7, "chunk_end": "2025-06-24T23:59:59.999999", "chunk_start": "2025-06-18T00:00:00", "event": "live_equivalent_chunk_load", "generated_at": "2026-05-02T05:26:16.812087Z", "mode": "profit_moonshot_adaptive_momentum_130_mode", "split": "train"}
{"chunk_days": 7, "chunk_end": "2025-07-01T23:59:59.999999", "chunk_start": "2025-06-25T00:00:00", "event": "live_equivalent_chunk_load", "generated_at": "2026-05-02T05:26:47.101748Z", "mode": "profit_moonshot_adaptive_momentum_130_mode", "split": "train"}
{"chunk_days": 7, "chunk_end": "2025-07-08T23:59:59.999999", "chunk_start": "2025-07-02T00:00:00", "event": "live_equivalent_chunk_load", "generated_at": "2026-05-02T05:27:16.472401Z", "mode": "profit_moonshot_adaptive_momentum_130_mode", "split": "train"}
{"chunk_days": 7, "chunk_end": "2025-07-15T23:59:59.999999", "chunk_start": "2025-07-09T00:00:00", "event": "live_equivalent_chunk_load", "generated_at": "2026-05-02T05:27:45.226759Z", "mode": "profit_moonshot_adaptive_momentum_130_mode", "split": "train"}
[Realism] Partial Fill: Req 0.023 > Limit 0.0209. Filling 0.020900000000000002 and keeping remainder.
{"chunk_days": 7, "chunk_end": "2025-07-22T23:59:59.999999", "chunk_start": "2025-07-16T00:00:00", "event": "live_equivalent_chunk_load", "generated_at": "2026-05-02T05:28:13.982010Z", "mode": "profit_moonshot_adaptive_momentum_130_mode", "split": "train"}
{"chunk_days": 7, "chunk_end": "2025-07-29T23:59:59.999999", "chunk_start": "2025-07-23T00:00:00", "event": "live_equivalent_chunk_load", "generated_at": "2026-05-02T05:28:42.944787Z", "mode": "profit_moonshot_adaptive_momentum_130_mode", "split": "train"}
{"chunk_days": 7, "chunk_end": "2025-08-05T23:59:59.999999", "chunk_start": "2025-07-30T00:00:00", "event": "live_equivalent_chunk_load", "generated_at": "2026-05-02T05:29:12.920122Z", "mode": "profit_moonshot_adaptive_momentum_130_mode", "split": "train"}
{"chunk_days": 7, "chunk_end": "2025-08-12T23:59:59.999999", "chunk_start": "2025-08-06T00:00:00", "event": "live_equivalent_chunk_load", "generated_at": "2026-05-02T05:29:41.141780Z", "mode": "profit_moonshot_adaptive_momentum_130_mode", "split": "train"}
{"chunk_days": 7, "chunk_end": "2025-08-19T23:59:59.999999", "chunk_start": "2025-08-13T00:00:00", "event": "live_equivalent_chunk_load", "generated_at": "2026-05-02T05:30:10.573566Z", "mode": "profit_moonshot_adaptive_momentum_130_mode", "split": "train"}
[Realism] Partial Fill: Req 0.179 > Limit 0.0550. Filling 0.05500000000000001 and keeping remainder.
{"chunk_days": 7, "chunk_end": "2025-08-26T23:59:59.999999", "chunk_start": "2025-08-20T00:00:00", "event": "live_equivalent_chunk_load", "generated_at": "2026-05-02T05:30:39.699657Z", "mode": "profit_moonshot_adaptive_momentum_130_mode", "split": "train"}
{"chunk_days": 7, "chunk_end": "2025-09-02T23:59:59.999999", "chunk_start": "2025-08-27T00:00:00", "event": "live_equivalent_chunk_load", "generated_at": "2026-05-02T05:31:05.925089Z", "mode": "profit_moonshot_adaptive_momentum_130_mode", "split": "train"}
{"chunk_days": 7, "chunk_end": "2025-09-09T23:59:59.999999", "chunk_start": "2025-09-03T00:00:00", "event": "live_equivalent_chunk_load", "generated_at": "2026-05-02T05:31:32.434257Z", "mode": "profit_moonshot_adaptive_momentum_130_mode", "split": "train"}
{"chunk_days": 7, "chunk_end": "2025-09-16T23:59:59.999999", "chunk_start": "2025-09-10T00:00:00", "event": "live_equivalent_chunk_load", "generated_at": "2026-05-02T05:31:55.967925Z", "mode": "profit_moonshot_adaptive_momentum_130_mode", "split": "train"}
{"chunk_days": 7, "chunk_end": "2025-09-23T23:59:59.999999", "chunk_start": "2025-09-17T00:00:00", "event": "live_equivalent_chunk_load", "generated_at": "2026-05-02T05:32:20.154775Z", "mode": "profit_moonshot_adaptive_momentum_130_mode", "split": "train"}
{"chunk_days": 7, "chunk_end": "2025-09-30T23:59:59.999999", "chunk_start": "2025-09-24T00:00:00", "event": "live_equivalent_chunk_load", "generated_at": "2026-05-02T05:32:47.584268Z", "mode": "profit_moonshot_adaptive_momentum_130_mode", "split": "train"}
{"chunk_days": 7, "chunk_end": "2025-10-07T23:59:59.999999", "chunk_start": "2025-10-01T00:00:00", "event": "live_equivalent_chunk_load", "generated_at": "2026-05-02T05:33:11.197923Z", "mode": "profit_moonshot_adaptive_momentum_130_mode", "split": "train"}
{"chunk_days": 7, "chunk_end": "2025-10-14T23:59:59.999999", "chunk_start": "2025-10-08T00:00:00", "event": "live_equivalent_chunk_load", "generated_at": "2026-05-02T05:33:36.378877Z", "mode": "profit_moonshot_adaptive_momentum_130_mode", "split": "train"}
{"chunk_days": 7, "chunk_end": "2025-10-21T23:59:59.999999", "chunk_start": "2025-10-15T00:00:00", "event": "live_equivalent_chunk_load", "generated_at": "2026-05-02T05:34:00.721729Z", "mode": "profit_moonshot_adaptive_momentum_130_mode", "split": "train"}
{"chunk_days": 7, "chunk_end": "2025-10-28T23:59:59.999999", "chunk_start": "2025-10-22T00:00:00", "event": "live_equivalent_chunk_load", "generated_at": "2026-05-02T05:34:24.509648Z", "mode": "profit_moonshot_adaptive_momentum_130_mode", "split": "train"}
{"chunk_days": 7, "chunk_end": "2025-11-04T23:59:59.999999", "chunk_start": "2025-10-29T00:00:00", "event": "live_equivalent_chunk_load", "generated_at": "2026-05-02T05:34:48.426847Z", "mode": "profit_moonshot_adaptive_momentum_130_mode", "split": "train"}
{"chunk_days": 7, "chunk_end": "2025-11-11T23:59:59.999999", "chunk_start": "2025-11-05T00:00:00", "event": "live_equivalent_chunk_load", "generated_at": "2026-05-02T05:35:16.144780Z", "mode": "profit_moonshot_adaptive_momentum_130_mode", "split": "train"}
[Realism] Partial Fill: Req 0.018000000000000002 > Limit 0.0115. Filling 0.011500000000000002 and keeping remainder.
{"chunk_days": 7, "chunk_end": "2025-11-18T23:59:59.999999", "chunk_start": "2025-11-12T00:00:00", "event": "live_equivalent_chunk_load", "generated_at": "2026-05-02T05:35:40.429335Z", "mode": "profit_moonshot_adaptive_momentum_130_mode", "split": "train"}
{"chunk_days": 7, "chunk_end": "2025-11-25T23:59:59.999999", "chunk_start": "2025-11-19T00:00:00", "event": "live_equivalent_chunk_load", "generated_at": "2026-05-02T05:36:05.988874Z", "mode": "profit_moonshot_adaptive_momentum_130_mode", "split": "train"}
{"chunk_days": 7, "chunk_end": "2025-12-02T23:59:59.999999", "chunk_start": "2025-11-26T00:00:00", "event": "live_equivalent_chunk_load", "generated_at": "2026-05-02T05:36:30.035968Z", "mode": "profit_moonshot_adaptive_momentum_130_mode", "split": "train"}
[Realism] Partial Fill: Req 0.463 > Limit 0.0280. Filling 0.028000000000000004 and keeping remainder.
[Realism] Partial Fill: Req 0.435 > Limit 0.0320. Filling 0.032 and keeping remainder.
{"chunk_days": 7, "chunk_end": "2025-12-09T23:59:59.999999", "chunk_start": "2025-12-03T00:00:00", "event": "live_equivalent_chunk_load", "generated_at": "2026-05-02T05:36:53.881600Z", "mode": "profit_moonshot_adaptive_momentum_130_mode", "split": "train"}
{"chunk_days": 7, "chunk_end": "2025-12-16T23:59:59.999999", "chunk_start": "2025-12-10T00:00:00", "event": "live_equivalent_chunk_load", "generated_at": "2026-05-02T05:37:17.344633Z", "mode": "profit_moonshot_adaptive_momentum_130_mode", "split": "train"}
{"chunk_days": 7, "chunk_end": "2025-12-23T23:59:59.999999", "chunk_start": "2025-12-17T00:00:00", "event": "live_equivalent_chunk_load", "generated_at": "2026-05-02T05:37:44.410320Z", "mode": "profit_moonshot_adaptive_momentum_130_mode", "split": "train"}
{"chunk_days": 7, "chunk_end": "2025-12-30T23:59:59.999999", "chunk_start": "2025-12-24T00:00:00", "event": "live_equivalent_chunk_load", "generated_at": "2026-05-02T05:38:07.975626Z", "mode": "profit_moonshot_adaptive_momentum_130_mode", "split": "train"}
{"chunk_days": 7, "chunk_end": "2025-12-31T23:59:59.999999", "chunk_start": "2025-12-31T00:00:00", "event": "live_equivalent_chunk_load", "generated_at": "2026-05-02T05:38:32.033911Z", "mode": "profit_moonshot_adaptive_momentum_130_mode", "split": "train"}
{"event": "live_equivalent_split_complete", "final_equity": 9759.364751408639, "generated_at": "2026-05-02T05:38:37.577813Z", "metrics": {"cagr": -1.1680729899876674e-05, "calmar": -7.451205558094228e-05, "max_drawdown": 0.15676295344164706, "sharpe": 0.006028144765040079, "sortino": 0.0064350795760198184, "total_return": -0.024063860859136144, "volatility": 0.013852611969286612}, "mode": "profit_moonshot_adaptive_momentum_130_mode", "split": "train", "trade_count": 360}
{"end_inclusive": "2026-02-28", "event": "live_equivalent_split_start", "generated_at": "2026-05-02T05:38:37.579929Z", "mode": "profit_moonshot_adaptive_momentum_130_mode", "split": "val", "start": "2026-01-01", "symbols": ["BTC/USDT", "ETH/USDT", "BNB/USDT", "SOL/USDT", "TRX/USDT"]}
{"chunk_days": 7, "chunk_end": "2026-01-07T23:59:59.999999", "chunk_start": "2026-01-01T00:00:00", "event": "live_equivalent_chunk_load", "generated_at": "2026-05-02T05:38:37.582757Z", "mode": "profit_moonshot_adaptive_momentum_130_mode", "split": "val"}
{"chunk_days": 7, "chunk_end": "2026-01-14T23:59:59.999999", "chunk_start": "2026-01-08T00:00:00", "event": "live_equivalent_chunk_load", "generated_at": "2026-05-02T05:38:58.030912Z", "mode": "profit_moonshot_adaptive_momentum_130_mode", "split": "val"}
{"chunk_days": 7, "chunk_end": "2026-01-21T23:59:59.999999", "chunk_start": "2026-01-15T00:00:00", "event": "live_equivalent_chunk_load", "generated_at": "2026-05-02T05:39:23.307746Z", "mode": "profit_moonshot_adaptive_momentum_130_mode", "split": "val"}
{"chunk_days": 7, "chunk_end": "2026-01-28T23:59:59.999999", "chunk_start": "2026-01-22T00:00:00", "event": "live_equivalent_chunk_load", "generated_at": "2026-05-02T05:39:47.966951Z", "mode": "profit_moonshot_adaptive_momentum_130_mode", "split": "val"}
{"chunk_days": 7, "chunk_end": "2026-02-04T23:59:59.999999", "chunk_start": "2026-01-29T00:00:00", "event": "live_equivalent_chunk_load", "generated_at": "2026-05-02T05:40:14.753053Z", "mode": "profit_moonshot_adaptive_momentum_130_mode", "split": "val"}
{"chunk_days": 7, "chunk_end": "2026-02-11T23:59:59.999999", "chunk_start": "2026-02-05T00:00:00", "event": "live_equivalent_chunk_load", "generated_at": "2026-05-02T05:40:38.785686Z", "mode": "profit_moonshot_adaptive_momentum_130_mode", "split": "val"}
{"chunk_days": 7, "chunk_end": "2026-02-18T23:59:59.999999", "chunk_start": "2026-02-12T00:00:00", "event": "live_equivalent_chunk_load", "generated_at": "2026-05-02T05:41:08.968235Z", "mode": "profit_moonshot_adaptive_momentum_130_mode", "split": "val"}
[Realism] Partial Fill: Req 0.839 > Limit 0.5730. Filling 0.5730000000000001 and keeping remainder.
{"chunk_days": 7, "chunk_end": "2026-02-25T23:59:59.999999", "chunk_start": "2026-02-19T00:00:00", "event": "live_equivalent_chunk_load", "generated_at": "2026-05-02T05:41:38.071443Z", "mode": "profit_moonshot_adaptive_momentum_130_mode", "split": "val"}
{"chunk_days": 7, "chunk_end": "2026-02-28T23:59:59.999999", "chunk_start": "2026-02-26T00:00:00", "event": "live_equivalent_chunk_load", "generated_at": "2026-05-02T05:42:06.305901Z", "mode": "profit_moonshot_adaptive_momentum_130_mode", "split": "val"}
[Realism] Partial Fill: Req 0.78 > Limit 0.4120. Filling 0.41200000000000003 and keeping remainder.
{"event": "live_equivalent_split_complete", "final_equity": 10033.283080066694, "generated_at": "2026-05-02T05:42:18.359947Z", "metrics": {"cagr": 9.83470377891038e-06, "calmar": 0.0009258873556303189, "max_drawdown": 0.010621922547171175, "sharpe": 0.011466575559780947, "sortino": 0.01116496239437976, "total_return": 0.0033209910066693826, "volatility": 0.0008924051270461311}, "mode": "profit_moonshot_adaptive_momentum_130_mode", "split": "val", "trade_count": 53}
{
  "artifact_reset_csv": "/home/hoky/Quants-agent/LuminaQuant/var/reports/profit_moonshot_20260501/next/profit_moonshot_adaptive_momentum_130_mode/live_equivalent_revalidation_artifact_reset_20260426.csv",
  "json": "/home/hoky/Quants-agent/LuminaQuant/var/reports/profit_moonshot_20260501/next/profit_moonshot_adaptive_momentum_130_mode/live_equivalent_revalidation_latest.json",
  "live_decision": "",
  "markdown": "/home/hoky/Quants-agent/LuminaQuant/var/reports/profit_moonshot_20260501/next/profit_moonshot_adaptive_momentum_130_mode/live_equivalent_revalidation_latest.md",
  "mode_csv": "/home/hoky/Quants-agent/LuminaQuant/var/reports/profit_moonshot_20260501/next/profit_moonshot_adaptive_momentum_130_mode/live_equivalent_revalidation_candidates_20260426.csv"
}
	Command being timed: "uv run python scripts/research/revalidate_live_equivalent_candidates.py --output-dir var/reports/profit_moonshot_20260501/next/profit_moonshot_adaptive_momentum_130_mode --backtest-checkpoint-path var/reports/profit_moonshot_20260501/next/profit_moonshot_adaptive_momentum_130_mode_checkpoint.json --portfolio-modes profit_moonshot_adaptive_momentum_130_mode --execute-backtests --chunk-days 7 --no-live-decision-update"
	User time (seconds): 1736.95
	System time (seconds): 188.82
	Percent of CPU this job got: 115%
	Elapsed (wall clock) time (h:mm:ss or m:ss): 27:45.03
	Average shared text size (kbytes): 0
	Average unshared data size (kbytes): 0
	Average stack size (kbytes): 0
	Average total size (kbytes): 0
	Maximum resident set size (kbytes): 5787492
	Average resident set size (kbytes): 0
	Major (requiring I/O) page faults: 1
	Minor (reclaiming a frame) page faults: 7864289
	Voluntary context switches: 5609003
	Involuntary context switches: 39380
	Swaps: 0
	File system inputs: 0
	File system outputs: 6552
	Socket messages sent: 0
	Socket messages received: 0
	Signals delivered: 0
	Page size (bytes): 4096
	Exit status: 0
