{"end_inclusive": "2025-12-31", "event": "live_equivalent_split_start", "generated_at": "2026-05-02T05:54:53.260341Z", "mode": "profit_moonshot_adaptive_momentum_governed_mode", "split": "train", "start": "2025-01-01", "symbols": ["BTC/USDT", "ETH/USDT", "BNB/USDT", "SOL/USDT", "TRX/USDT"]}
{"chunk_days": 7, "chunk_end": "2025-01-07T23:59:59.999999", "chunk_start": "2025-01-01T00:00:00", "event": "live_equivalent_chunk_load", "generated_at": "2026-05-02T05:54:53.261500Z", "mode": "profit_moonshot_adaptive_momentum_governed_mode", "split": "train"}
{"chunk_days": 7, "chunk_end": "2025-01-14T23:59:59.999999", "chunk_start": "2025-01-08T00:00:00", "event": "live_equivalent_chunk_load", "generated_at": "2026-05-02T05:55:19.548330Z", "mode": "profit_moonshot_adaptive_momentum_governed_mode", "split": "train"}
[Realism] Partial Fill: Req 0.354 > Limit 0.0000. Filling 0.0 and keeping remainder.
{"chunk_days": 7, "chunk_end": "2025-01-21T23:59:59.999999", "chunk_start": "2025-01-15T00:00:00", "event": "live_equivalent_chunk_load", "generated_at": "2026-05-02T05:55:50.333866Z", "mode": "profit_moonshot_adaptive_momentum_governed_mode", "split": "train"}
{"chunk_days": 7, "chunk_end": "2025-01-28T23:59:59.999999", "chunk_start": "2025-01-22T00:00:00", "event": "live_equivalent_chunk_load", "generated_at": "2026-05-02T05:56:18.539510Z", "mode": "profit_moonshot_adaptive_momentum_governed_mode", "split": "train"}
{"chunk_days": 7, "chunk_end": "2025-02-04T23:59:59.999999", "chunk_start": "2025-01-29T00:00:00", "event": "live_equivalent_chunk_load", "generated_at": "2026-05-02T05:56:47.720920Z", "mode": "profit_moonshot_adaptive_momentum_governed_mode", "split": "train"}
{"chunk_days": 7, "chunk_end": "2025-02-11T23:59:59.999999", "chunk_start": "2025-02-05T00:00:00", "event": "live_equivalent_chunk_load", "generated_at": "2026-05-02T05:57:16.595988Z", "mode": "profit_moonshot_adaptive_momentum_governed_mode", "split": "train"}
{"chunk_days": 7, "chunk_end": "2025-02-18T23:59:59.999999", "chunk_start": "2025-02-12T00:00:00", "event": "live_equivalent_chunk_load", "generated_at": "2026-05-02T05:57:45.813338Z", "mode": "profit_moonshot_adaptive_momentum_governed_mode", "split": "train"}
{"chunk_days": 7, "chunk_end": "2025-02-25T23:59:59.999999", "chunk_start": "2025-02-19T00:00:00", "event": "live_equivalent_chunk_load", "generated_at": "2026-05-02T05:58:13.784266Z", "mode": "profit_moonshot_adaptive_momentum_governed_mode", "split": "train"}
{"chunk_days": 7, "chunk_end": "2025-03-04T23:59:59.999999", "chunk_start": "2025-02-26T00:00:00", "event": "live_equivalent_chunk_load", "generated_at": "2026-05-02T05:58:47.538082Z", "mode": "profit_moonshot_adaptive_momentum_governed_mode", "split": "train"}
[Realism] Partial Fill: Req 0.40900000000000003 > Limit 0.3000. Filling 0.30000000000000004 and keeping remainder.
{"chunk_days": 7, "chunk_end": "2025-03-11T23:59:59.999999", "chunk_start": "2025-03-05T00:00:00", "event": "live_equivalent_chunk_load", "generated_at": "2026-05-02T05:59:18.108408Z", "mode": "profit_moonshot_adaptive_momentum_governed_mode", "split": "train"}
[CIRCUIT BREAKER] Daily loss 4.18% >= 3.00%. HALTING TRADING.
{"chunk_days": 7, "chunk_end": "2025-03-18T23:59:59.999999", "chunk_start": "2025-03-12T00:00:00", "event": "live_equivalent_chunk_load", "generated_at": "2026-05-02T05:59:48.034318Z", "mode": "profit_moonshot_adaptive_momentum_governed_mode", "split": "train"}
{"chunk_days": 7, "chunk_end": "2025-03-25T23:59:59.999999", "chunk_start": "2025-03-19T00:00:00", "event": "live_equivalent_chunk_load", "generated_at": "2026-05-02T06:00:22.893009Z", "mode": "profit_moonshot_adaptive_momentum_governed_mode", "split": "train"}
[CIRCUIT BREAKER] Daily loss 6.37% >= 3.00%. HALTING TRADING.
[Realism] Partial Fill: Req 0.505 > Limit 0.3000. Filling 0.30000000000000004 and keeping remainder.
{"chunk_days": 7, "chunk_end": "2025-04-01T23:59:59.999999", "chunk_start": "2025-03-26T00:00:00", "event": "live_equivalent_chunk_load", "generated_at": "2026-05-02T06:00:56.766502Z", "mode": "profit_moonshot_adaptive_momentum_governed_mode", "split": "train"}
[CIRCUIT BREAKER] Daily loss 3.72% >= 3.00%. HALTING TRADING.
{"chunk_days": 7, "chunk_end": "2025-04-08T23:59:59.999999", "chunk_start": "2025-04-02T00:00:00", "event": "live_equivalent_chunk_load", "generated_at": "2026-05-02T06:01:29.437530Z", "mode": "profit_moonshot_adaptive_momentum_governed_mode", "split": "train"}
[Realism] Partial Fill: Req 0.332 > Limit 0.0000. Filling 0.0 and keeping remainder.
[Realism] Partial Fill: Req 0.332 > Limit 0.0000. Filling 0.0 and keeping remainder.
{"chunk_days": 7, "chunk_end": "2025-04-15T23:59:59.999999", "chunk_start": "2025-04-09T00:00:00", "event": "live_equivalent_chunk_load", "generated_at": "2026-05-02T06:02:03.336412Z", "mode": "profit_moonshot_adaptive_momentum_governed_mode", "split": "train"}
{"chunk_days": 7, "chunk_end": "2025-04-22T23:59:59.999999", "chunk_start": "2025-04-16T00:00:00", "event": "live_equivalent_chunk_load", "generated_at": "2026-05-02T06:02:34.966296Z", "mode": "profit_moonshot_adaptive_momentum_governed_mode", "split": "train"}
{"chunk_days": 7, "chunk_end": "2025-04-29T23:59:59.999999", "chunk_start": "2025-04-23T00:00:00", "event": "live_equivalent_chunk_load", "generated_at": "2026-05-02T06:03:11.037702Z", "mode": "profit_moonshot_adaptive_momentum_governed_mode", "split": "train"}
{"chunk_days": 7, "chunk_end": "2025-05-06T23:59:59.999999", "chunk_start": "2025-04-30T00:00:00", "event": "live_equivalent_chunk_load", "generated_at": "2026-05-02T06:03:45.610382Z", "mode": "profit_moonshot_adaptive_momentum_governed_mode", "split": "train"}
{"chunk_days": 7, "chunk_end": "2025-05-13T23:59:59.999999", "chunk_start": "2025-05-07T00:00:00", "event": "live_equivalent_chunk_load", "generated_at": "2026-05-02T06:04:19.644566Z", "mode": "profit_moonshot_adaptive_momentum_governed_mode", "split": "train"}
{"chunk_days": 7, "chunk_end": "2025-05-20T23:59:59.999999", "chunk_start": "2025-05-14T00:00:00", "event": "live_equivalent_chunk_load", "generated_at": "2026-05-02T06:04:54.879732Z", "mode": "profit_moonshot_adaptive_momentum_governed_mode", "split": "train"}
{"chunk_days": 7, "chunk_end": "2025-05-27T23:59:59.999999", "chunk_start": "2025-05-21T00:00:00", "event": "live_equivalent_chunk_load", "generated_at": "2026-05-02T06:05:33.037044Z", "mode": "profit_moonshot_adaptive_momentum_governed_mode", "split": "train"}
{"chunk_days": 7, "chunk_end": "2025-06-03T23:59:59.999999", "chunk_start": "2025-05-28T00:00:00", "event": "live_equivalent_chunk_load", "generated_at": "2026-05-02T06:06:08.447689Z", "mode": "profit_moonshot_adaptive_momentum_governed_mode", "split": "train"}
[Realism] Partial Fill: Req 0.456 > Limit 0.0230. Filling 0.023000000000000003 and keeping remainder.
{"chunk_days": 7, "chunk_end": "2025-06-10T23:59:59.999999", "chunk_start": "2025-06-04T00:00:00", "event": "live_equivalent_chunk_load", "generated_at": "2026-05-02T06:06:41.545949Z", "mode": "profit_moonshot_adaptive_momentum_governed_mode", "split": "train"}
{"chunk_days": 7, "chunk_end": "2025-06-17T23:59:59.999999", "chunk_start": "2025-06-11T00:00:00", "event": "live_equivalent_chunk_load", "generated_at": "2026-05-02T06:07:14.753429Z", "mode": "profit_moonshot_adaptive_momentum_governed_mode", "split": "train"}
{"chunk_days": 7, "chunk_end": "2025-06-24T23:59:59.999999", "chunk_start": "2025-06-18T00:00:00", "event": "live_equivalent_chunk_load", "generated_at": "2026-05-02T06:07:51.508629Z", "mode": "profit_moonshot_adaptive_momentum_governed_mode", "split": "train"}
{"chunk_days": 7, "chunk_end": "2025-07-01T23:59:59.999999", "chunk_start": "2025-06-25T00:00:00", "event": "live_equivalent_chunk_load", "generated_at": "2026-05-02T06:08:26.459601Z", "mode": "profit_moonshot_adaptive_momentum_governed_mode", "split": "train"}
{"chunk_days": 7, "chunk_end": "2025-07-08T23:59:59.999999", "chunk_start": "2025-07-02T00:00:00", "event": "live_equivalent_chunk_load", "generated_at": "2026-05-02T06:09:05.871000Z", "mode": "profit_moonshot_adaptive_momentum_governed_mode", "split": "train"}
{"chunk_days": 7, "chunk_end": "2025-07-15T23:59:59.999999", "chunk_start": "2025-07-09T00:00:00", "event": "live_equivalent_chunk_load", "generated_at": "2026-05-02T06:09:42.380614Z", "mode": "profit_moonshot_adaptive_momentum_governed_mode", "split": "train"}
{"chunk_days": 7, "chunk_end": "2025-07-22T23:59:59.999999", "chunk_start": "2025-07-16T00:00:00", "event": "live_equivalent_chunk_load", "generated_at": "2026-05-02T06:10:19.275003Z", "mode": "profit_moonshot_adaptive_momentum_governed_mode", "split": "train"}
{"chunk_days": 7, "chunk_end": "2025-07-29T23:59:59.999999", "chunk_start": "2025-07-23T00:00:00", "event": "live_equivalent_chunk_load", "generated_at": "2026-05-02T06:10:55.691747Z", "mode": "profit_moonshot_adaptive_momentum_governed_mode", "split": "train"}
{"chunk_days": 7, "chunk_end": "2025-08-05T23:59:59.999999", "chunk_start": "2025-07-30T00:00:00", "event": "live_equivalent_chunk_load", "generated_at": "2026-05-02T06:11:29.144348Z", "mode": "profit_moonshot_adaptive_momentum_governed_mode", "split": "train"}
{"chunk_days": 7, "chunk_end": "2025-08-12T23:59:59.999999", "chunk_start": "2025-08-06T00:00:00", "event": "live_equivalent_chunk_load", "generated_at": "2026-05-02T06:12:04.760566Z", "mode": "profit_moonshot_adaptive_momentum_governed_mode", "split": "train"}
{"chunk_days": 7, "chunk_end": "2025-08-19T23:59:59.999999", "chunk_start": "2025-08-13T00:00:00", "event": "live_equivalent_chunk_load", "generated_at": "2026-05-02T06:12:40.176570Z", "mode": "profit_moonshot_adaptive_momentum_governed_mode", "split": "train"}
[Realism] Partial Fill: Req 0.198 > Limit 0.0740. Filling 0.074 and keeping remainder.
{"chunk_days": 7, "chunk_end": "2025-08-26T23:59:59.999999", "chunk_start": "2025-08-20T00:00:00", "event": "live_equivalent_chunk_load", "generated_at": "2026-05-02T06:13:15.958651Z", "mode": "profit_moonshot_adaptive_momentum_governed_mode", "split": "train"}
{"chunk_days": 7, "chunk_end": "2025-09-02T23:59:59.999999", "chunk_start": "2025-08-27T00:00:00", "event": "live_equivalent_chunk_load", "generated_at": "2026-05-02T06:13:51.364949Z", "mode": "profit_moonshot_adaptive_momentum_governed_mode", "split": "train"}
{"chunk_days": 7, "chunk_end": "2025-09-09T23:59:59.999999", "chunk_start": "2025-09-03T00:00:00", "event": "live_equivalent_chunk_load", "generated_at": "2026-05-02T06:14:26.695075Z", "mode": "profit_moonshot_adaptive_momentum_governed_mode", "split": "train"}
{"chunk_days": 7, "chunk_end": "2025-09-16T23:59:59.999999", "chunk_start": "2025-09-10T00:00:00", "event": "live_equivalent_chunk_load", "generated_at": "2026-05-02T06:14:58.794711Z", "mode": "profit_moonshot_adaptive_momentum_governed_mode", "split": "train"}
{"chunk_days": 7, "chunk_end": "2025-09-23T23:59:59.999999", "chunk_start": "2025-09-17T00:00:00", "event": "live_equivalent_chunk_load", "generated_at": "2026-05-02T06:15:31.801070Z", "mode": "profit_moonshot_adaptive_momentum_governed_mode", "split": "train"}
{"chunk_days": 7, "chunk_end": "2025-09-30T23:59:59.999999", "chunk_start": "2025-09-24T00:00:00", "event": "live_equivalent_chunk_load", "generated_at": "2026-05-02T06:16:04.303366Z", "mode": "profit_moonshot_adaptive_momentum_governed_mode", "split": "train"}
{"chunk_days": 7, "chunk_end": "2025-10-07T23:59:59.999999", "chunk_start": "2025-10-01T00:00:00", "event": "live_equivalent_chunk_load", "generated_at": "2026-05-02T06:16:37.087930Z", "mode": "profit_moonshot_adaptive_momentum_governed_mode", "split": "train"}
{"chunk_days": 7, "chunk_end": "2025-10-14T23:59:59.999999", "chunk_start": "2025-10-08T00:00:00", "event": "live_equivalent_chunk_load", "generated_at": "2026-05-02T06:17:11.361175Z", "mode": "profit_moonshot_adaptive_momentum_governed_mode", "split": "train"}
{"chunk_days": 7, "chunk_end": "2025-10-21T23:59:59.999999", "chunk_start": "2025-10-15T00:00:00", "event": "live_equivalent_chunk_load", "generated_at": "2026-05-02T06:17:47.015665Z", "mode": "profit_moonshot_adaptive_momentum_governed_mode", "split": "train"}
{"chunk_days": 7, "chunk_end": "2025-10-28T23:59:59.999999", "chunk_start": "2025-10-22T00:00:00", "event": "live_equivalent_chunk_load", "generated_at": "2026-05-02T06:18:19.949476Z", "mode": "profit_moonshot_adaptive_momentum_governed_mode", "split": "train"}
{"chunk_days": 7, "chunk_end": "2025-11-04T23:59:59.999999", "chunk_start": "2025-10-29T00:00:00", "event": "live_equivalent_chunk_load", "generated_at": "2026-05-02T06:18:54.624931Z", "mode": "profit_moonshot_adaptive_momentum_governed_mode", "split": "train"}
{"chunk_days": 7, "chunk_end": "2025-11-11T23:59:59.999999", "chunk_start": "2025-11-05T00:00:00", "event": "live_equivalent_chunk_load", "generated_at": "2026-05-02T06:19:26.511785Z", "mode": "profit_moonshot_adaptive_momentum_governed_mode", "split": "train"}
{"chunk_days": 7, "chunk_end": "2025-11-18T23:59:59.999999", "chunk_start": "2025-11-12T00:00:00", "event": "live_equivalent_chunk_load", "generated_at": "2026-05-02T06:19:59.832282Z", "mode": "profit_moonshot_adaptive_momentum_governed_mode", "split": "train"}
{"chunk_days": 7, "chunk_end": "2025-11-25T23:59:59.999999", "chunk_start": "2025-11-19T00:00:00", "event": "live_equivalent_chunk_load", "generated_at": "2026-05-02T06:20:33.882573Z", "mode": "profit_moonshot_adaptive_momentum_governed_mode", "split": "train"}
[Realism] Partial Fill: Req 0.492 > Limit 0.1570. Filling 0.157 and keeping remainder.
{"chunk_days": 7, "chunk_end": "2025-12-02T23:59:59.999999", "chunk_start": "2025-11-26T00:00:00", "event": "live_equivalent_chunk_load", "generated_at": "2026-05-02T06:21:07.340023Z", "mode": "profit_moonshot_adaptive_momentum_governed_mode", "split": "train"}
{"chunk_days": 7, "chunk_end": "2025-12-09T23:59:59.999999", "chunk_start": "2025-12-03T00:00:00", "event": "live_equivalent_chunk_load", "generated_at": "2026-05-02T06:21:41.189144Z", "mode": "profit_moonshot_adaptive_momentum_governed_mode", "split": "train"}
{"chunk_days": 7, "chunk_end": "2025-12-16T23:59:59.999999", "chunk_start": "2025-12-10T00:00:00", "event": "live_equivalent_chunk_load", "generated_at": "2026-05-02T06:22:14.865950Z", "mode": "profit_moonshot_adaptive_momentum_governed_mode", "split": "train"}
{"chunk_days": 7, "chunk_end": "2025-12-23T23:59:59.999999", "chunk_start": "2025-12-17T00:00:00", "event": "live_equivalent_chunk_load", "generated_at": "2026-05-02T06:22:49.660364Z", "mode": "profit_moonshot_adaptive_momentum_governed_mode", "split": "train"}
[Realism] Partial Fill: Req 0.025 > Limit 0.0233. Filling 0.0233 and keeping remainder.
{"chunk_days": 7, "chunk_end": "2025-12-30T23:59:59.999999", "chunk_start": "2025-12-24T00:00:00", "event": "live_equivalent_chunk_load", "generated_at": "2026-05-02T06:23:24.364289Z", "mode": "profit_moonshot_adaptive_momentum_governed_mode", "split": "train"}
{"chunk_days": 7, "chunk_end": "2025-12-31T23:59:59.999999", "chunk_start": "2025-12-31T00:00:00", "event": "live_equivalent_chunk_load", "generated_at": "2026-05-02T06:23:56.632583Z", "mode": "profit_moonshot_adaptive_momentum_governed_mode", "split": "train"}
{"event": "live_equivalent_split_complete", "final_equity": 10192.777976853795, "generated_at": "2026-05-02T06:24:03.954555Z", "metrics": {"cagr": 9.157518711777612e-06, "calmar": 6.167886307307259e-05, "max_drawdown": 0.14847093891676402, "sharpe": 0.004441430097112055, "sortino": 0.004618707688537634, "total_return": 0.019279708685379537, "volatility": 0.005668195352985479}, "mode": "profit_moonshot_adaptive_momentum_governed_mode", "split": "train", "trade_count": 278}
{"end_inclusive": "2026-02-28", "event": "live_equivalent_split_start", "generated_at": "2026-05-02T06:24:03.954792Z", "mode": "profit_moonshot_adaptive_momentum_governed_mode", "split": "val", "start": "2026-01-01", "symbols": ["BTC/USDT", "ETH/USDT", "BNB/USDT", "SOL/USDT", "TRX/USDT"]}
{"chunk_days": 7, "chunk_end": "2026-01-07T23:59:59.999999", "chunk_start": "2026-01-01T00:00:00", "event": "live_equivalent_chunk_load", "generated_at": "2026-05-02T06:24:03.956960Z", "mode": "profit_moonshot_adaptive_momentum_governed_mode", "split": "val"}
{"chunk_days": 7, "chunk_end": "2026-01-14T23:59:59.999999", "chunk_start": "2026-01-08T00:00:00", "event": "live_equivalent_chunk_load", "generated_at": "2026-05-02T06:24:33.140881Z", "mode": "profit_moonshot_adaptive_momentum_governed_mode", "split": "val"}
{"chunk_days": 7, "chunk_end": "2026-01-21T23:59:59.999999", "chunk_start": "2026-01-15T00:00:00", "event": "live_equivalent_chunk_load", "generated_at": "2026-05-02T06:25:08.022100Z", "mode": "profit_moonshot_adaptive_momentum_governed_mode", "split": "val"}
[Realism] Partial Fill: Req 0.523 > Limit 0.0050. Filling 0.005000000000000001 and keeping remainder.
{"chunk_days": 7, "chunk_end": "2026-01-28T23:59:59.999999", "chunk_start": "2026-01-22T00:00:00", "event": "live_equivalent_chunk_load", "generated_at": "2026-05-02T06:25:41.291595Z", "mode": "profit_moonshot_adaptive_momentum_governed_mode", "split": "val"}
{"chunk_days": 7, "chunk_end": "2026-02-04T23:59:59.999999", "chunk_start": "2026-01-29T00:00:00", "event": "live_equivalent_chunk_load", "generated_at": "2026-05-02T06:26:16.735229Z", "mode": "profit_moonshot_adaptive_momentum_governed_mode", "split": "val"}
{"chunk_days": 7, "chunk_end": "2026-02-11T23:59:59.999999", "chunk_start": "2026-02-05T00:00:00", "event": "live_equivalent_chunk_load", "generated_at": "2026-05-02T06:26:51.332527Z", "mode": "profit_moonshot_adaptive_momentum_governed_mode", "split": "val"}
{"chunk_days": 7, "chunk_end": "2026-02-18T23:59:59.999999", "chunk_start": "2026-02-12T00:00:00", "event": "live_equivalent_chunk_load", "generated_at": "2026-05-02T06:27:25.924179Z", "mode": "profit_moonshot_adaptive_momentum_governed_mode", "split": "val"}
{"chunk_days": 7, "chunk_end": "2026-02-25T23:59:59.999999", "chunk_start": "2026-02-19T00:00:00", "event": "live_equivalent_chunk_load", "generated_at": "2026-05-02T06:28:01.198347Z", "mode": "profit_moonshot_adaptive_momentum_governed_mode", "split": "val"}
{"chunk_days": 7, "chunk_end": "2026-02-28T23:59:59.999999", "chunk_start": "2026-02-26T00:00:00", "event": "live_equivalent_chunk_load", "generated_at": "2026-05-02T06:28:38.087083Z", "mode": "profit_moonshot_adaptive_momentum_governed_mode", "split": "val"}
{"event": "live_equivalent_split_complete", "final_equity": 10016.979661530457, "generated_at": "2026-05-02T06:28:53.453437Z", "metrics": {"cagr": 5.022425352052551e-06, "calmar": 0.00043273452550041943, "max_drawdown": 0.011606250613455346, "sharpe": 0.006028569126427771, "sortino": 0.0058976557549377286, "total_return": 0.0016946051530455364, "volatility": 0.0009003277530795986}, "mode": "profit_moonshot_adaptive_momentum_governed_mode", "split": "val", "trade_count": 51}
{
  "artifact_reset_csv": "/home/hoky/Quants-agent/LuminaQuant/var/reports/profit_moonshot_20260501/next/profit_moonshot_adaptive_momentum_governed_mode/live_equivalent_revalidation_artifact_reset_20260426.csv",
  "json": "/home/hoky/Quants-agent/LuminaQuant/var/reports/profit_moonshot_20260501/next/profit_moonshot_adaptive_momentum_governed_mode/live_equivalent_revalidation_latest.json",
  "live_decision": "",
  "markdown": "/home/hoky/Quants-agent/LuminaQuant/var/reports/profit_moonshot_20260501/next/profit_moonshot_adaptive_momentum_governed_mode/live_equivalent_revalidation_latest.md",
  "mode_csv": "/home/hoky/Quants-agent/LuminaQuant/var/reports/profit_moonshot_20260501/next/profit_moonshot_adaptive_momentum_governed_mode/live_equivalent_revalidation_candidates_20260426.csv"
}
	Command being timed: "uv run python scripts/research/revalidate_live_equivalent_candidates.py --output-dir var/reports/profit_moonshot_20260501/next/profit_moonshot_adaptive_momentum_governed_mode --backtest-checkpoint-path var/reports/profit_moonshot_20260501/next/profit_moonshot_adaptive_momentum_governed_mode_checkpoint.json --portfolio-modes profit_moonshot_adaptive_momentum_governed_mode --execute-backtests --chunk-days 7 --no-live-decision-update"
	User time (seconds): 2117.55
	System time (seconds): 198.42
	Percent of CPU this job got: 113%
	Elapsed (wall clock) time (h:mm:ss or m:ss): 34:06.47
	Average shared text size (kbytes): 0
	Average unshared data size (kbytes): 0
	Average stack size (kbytes): 0
	Average total size (kbytes): 0
	Maximum resident set size (kbytes): 5799048
	Average resident set size (kbytes): 0
	Major (requiring I/O) page faults: 1
	Minor (reclaiming a frame) page faults: 7853310
	Voluntary context switches: 5605108
	Involuntary context switches: 40540
	Swaps: 0
	File system inputs: 144
	File system outputs: 6672
	Socket messages sent: 0
	Socket messages received: 0
	Signals delivered: 0
	Page size (bytes): 4096
	Exit status: 0
