{"funding_survivors": 0, "leadlag_survivors": 2, "output_json": "var/reports/profit_moonshot_20260501/current_tail_20260505/external_alpha_screen/external_alpha_screen_20260505.json", "output_md": "var/reports/profit_moonshot_20260501/current_tail_20260505/external_alpha_screen/external_alpha_screen_20260505.md", "peak_rss_mib": 2286.20703125}
	Command being timed: "uv run python scripts/research/screen_profit_moonshot_external_alpha.py --symbols BTC/USDT,ETH/USDT,SOL/USDT --start-date 2025-01-01 --end-date 2026-05-04 --output-json var/reports/profit_moonshot_20260501/current_tail_20260505/external_alpha_screen/external_alpha_screen_20260505.json --output-md var/reports/profit_moonshot_20260501/current_tail_20260505/external_alpha_screen/external_alpha_screen_20260505.md"
	User time (seconds): 79.95
	System time (seconds): 133.99
	Percent of CPU this job got: 389%
	Elapsed (wall clock) time (h:mm:ss or m:ss): 0:54.90
	Average shared text size (kbytes): 0
	Average unshared data size (kbytes): 0
	Average stack size (kbytes): 0
	Average total size (kbytes): 0
	Maximum resident set size (kbytes): 2341204
	Average resident set size (kbytes): 0
	Major (requiring I/O) page faults: 39
	Minor (reclaiming a frame) page faults: 590028
	Voluntary context switches: 3082303
	Involuntary context switches: 58996
	Swaps: 0
	File system inputs: 4032
	File system outputs: 224
	Socket messages sent: 0
	Socket messages received: 0
	Signals delivered: 0
	Page size (bytes): 4096
	Exit status: 0
