{"json": "var/reports/profit_moonshot_20260501/live_final_selection_20260510/candidate_hybrid/candidate_hybrid_latest.json", "markdown": "var/reports/profit_moonshot_20260501/live_final_selection_20260510/candidate_hybrid/candidate_hybrid_latest.md", "peak_rss_mib": 320.171875, "status": "completed"}
	Command being timed: ".venv/bin/python scripts/research/run_profit_moonshot_candidate_hybrid.py --candidate-portfolio-json var/reports/profit_moonshot_20260501/live_final_selection_20260510/candidate_portfolio/fresh_portfolio_tuning_latest.json --liquidation-json var/reports/profit_moonshot_20260501/live_final_selection_20260510/liquidation_validation/liquidation_aware_current_base_latest.json --oos-end-date 2026-05-09 --max-candidate-rows 22 --max-active-inputs 12 --default-candidate-count 3 --report-top-n 12 --output-dir var/reports/profit_moonshot_20260501/live_final_selection_20260510/candidate_hybrid"
	User time (seconds): 46.70
	System time (seconds): 0.40
	Percent of CPU this job got: 90%
	Elapsed (wall clock) time (h:mm:ss or m:ss): 0:51.89
	Average shared text size (kbytes): 0
	Average unshared data size (kbytes): 0
	Average stack size (kbytes): 0
	Average total size (kbytes): 0
	Maximum resident set size (kbytes): 327856
	Average resident set size (kbytes): 0
	Major (requiring I/O) page faults: 0
	Minor (reclaiming a frame) page faults: 64181
	Voluntary context switches: 485
	Involuntary context switches: 257
	Swaps: 0
	File system inputs: 0
	File system outputs: 480
	Socket messages sent: 0
	Socket messages received: 0
	Signals delivered: 0
	Page size (bytes): 4096
	Exit status: 0
