	Command being timed: ".venv/bin/python scripts/research/tune_profit_moonshot_fresh_portfolio.py --oos-end-date 2026-05-09 --candidate-csv var/reports/profit_moonshot_20260501/current_tail_20260508/alpha_v2/merged_alpha_v2_candidates.csv --current-base-artifact var/reports/profit_moonshot_20260501/current_tail_20260508/alpha_v2/passing_candidate_latest.json --output-dir var/reports/profit_moonshot_20260501/live_final_selection_20260510/candidate_portfolio --top-n 18 --calendar-neighborhood-reps 8 --max-sleeves 5 --max-combos-per-size 12000"
	User time (seconds): 1090.39
	System time (seconds): 21.78
	Percent of CPU this job got: 104%
	Elapsed (wall clock) time (h:mm:ss or m:ss): 17:48.40
	Average shared text size (kbytes): 0
	Average unshared data size (kbytes): 0
	Average stack size (kbytes): 0
	Average total size (kbytes): 0
	Maximum resident set size (kbytes): 4508732
	Average resident set size (kbytes): 0
	Major (requiring I/O) page faults: 14241
	Minor (reclaiming a frame) page faults: 1142754
	Voluntary context switches: 193466
	Involuntary context switches: 5938
	Swaps: 0
	File system inputs: 3043384
	File system outputs: 609584
	Socket messages sent: 0
	Socket messages received: 0
	Signals delivered: 0
	Page size (bytes): 4096
	Exit status: 0
