	Command being timed: ".venv/bin/python scripts/research/refresh_final_portfolio_validation_data.py --symbols BTC/USDT,ETH/USDT,SOL/USDT,BNB/USDT,TRX/USDT --priority-symbols BTC/USDT,ETH/USDT,SOL/USDT,BNB/USDT,TRX/USDT --max-workers 1 --output-json var/reports/profit_moonshot_20260501/live_final_selection_20260510/data_refresh/data_refresh_latest.json --output-md var/reports/profit_moonshot_20260501/live_final_selection_20260510/data_refresh/data_refresh_latest.md --rss-log var/reports/profit_moonshot_20260501/live_final_selection_20260510/data_refresh/data_refresh_rss_latest.jsonl --support-inventory-json var/reports/profit_moonshot_20260501/live_final_selection_20260510/data_refresh/support_inventory_latest.json --support-inventory-csv var/reports/profit_moonshot_20260501/live_final_selection_20260510/data_refresh/support_inventory_latest.csv"
	User time (seconds): 145.70
	System time (seconds): 47.72
	Percent of CPU this job got: 21%
	Elapsed (wall clock) time (h:mm:ss or m:ss): 15:12.91
	Average shared text size (kbytes): 0
	Average unshared data size (kbytes): 0
	Average stack size (kbytes): 0
	Average total size (kbytes): 0
	Maximum resident set size (kbytes): 5191464
	Average resident set size (kbytes): 0
	Major (requiring I/O) page faults: 3489
	Minor (reclaiming a frame) page faults: 1678601
	Voluntary context switches: 1010566
	Involuntary context switches: 12220
	Swaps: 0
	File system inputs: 1830584
	File system outputs: 559296
	Socket messages sent: 0
	Socket messages received: 0
	Signals delivered: 0
	Page size (bytes): 4096
	Exit status: 0
