{"end_inclusive": "2025-12-31", "event": "live_equivalent_split_start", "generated_at": "2026-05-05T05:26:02.712681Z", "mode": "profit_moonshot_momentum_hybrid_safe_mode", "split": "train", "start": "2025-01-01", "symbols": ["BTC/USDT", "ETH/USDT", "BNB/USDT", "SOL/USDT", "TRX/USDT"]}
{"chunk_days": 7, "chunk_end": "2025-01-07T23:59:59.999999", "chunk_start": "2025-01-01T00:00:00", "event": "live_equivalent_chunk_load", "generated_at": "2026-05-05T05:26:02.713653Z", "mode": "profit_moonshot_momentum_hybrid_safe_mode", "split": "train"}
{"chunk_days": 7, "chunk_end": "2025-01-14T23:59:59.999999", "chunk_start": "2025-01-08T00:00:00", "event": "live_equivalent_chunk_load", "generated_at": "2026-05-05T05:26:46.508675Z", "mode": "profit_moonshot_momentum_hybrid_safe_mode", "split": "train"}
[Realism] Partial Fill: Req 0.07 > Limit 0.0000. Filling 0.0 and keeping remainder.
{"chunk_days": 7, "chunk_end": "2025-01-21T23:59:59.999999", "chunk_start": "2025-01-15T00:00:00", "event": "live_equivalent_chunk_load", "generated_at": "2026-05-05T05:27:33.655064Z", "mode": "profit_moonshot_momentum_hybrid_safe_mode", "split": "train"}
{"chunk_days": 7, "chunk_end": "2025-01-28T23:59:59.999999", "chunk_start": "2025-01-22T00:00:00", "event": "live_equivalent_chunk_load", "generated_at": "2026-05-05T05:28:23.755374Z", "mode": "profit_moonshot_momentum_hybrid_safe_mode", "split": "train"}
{"chunk_days": 7, "chunk_end": "2025-02-04T23:59:59.999999", "chunk_start": "2025-01-29T00:00:00", "event": "live_equivalent_chunk_load", "generated_at": "2026-05-05T05:29:10.086898Z", "mode": "profit_moonshot_momentum_hybrid_safe_mode", "split": "train"}
{"chunk_days": 7, "chunk_end": "2025-02-11T23:59:59.999999", "chunk_start": "2025-02-05T00:00:00", "event": "live_equivalent_chunk_load", "generated_at": "2026-05-05T05:29:56.879372Z", "mode": "profit_moonshot_momentum_hybrid_safe_mode", "split": "train"}
[Realism] Partial Fill: Req 0.126 > Limit 0.0000. Filling 0.0 and keeping remainder.
[Realism] Partial Fill: Req 0.124 > Limit 0.0000. Filling 0.0 and keeping remainder.
[Realism] Partial Fill: Req 0.036000000000000004 > Limit 0.0000. Filling 0.0 and keeping remainder.
{"chunk_days": 7, "chunk_end": "2025-02-18T23:59:59.999999", "chunk_start": "2025-02-12T00:00:00", "event": "live_equivalent_chunk_load", "generated_at": "2026-05-05T05:30:42.416155Z", "mode": "profit_moonshot_momentum_hybrid_safe_mode", "split": "train"}
{"chunk_days": 7, "chunk_end": "2025-02-25T23:59:59.999999", "chunk_start": "2025-02-19T00:00:00", "event": "live_equivalent_chunk_load", "generated_at": "2026-05-05T05:31:27.851115Z", "mode": "profit_moonshot_momentum_hybrid_safe_mode", "split": "train"}
{"chunk_days": 7, "chunk_end": "2025-03-04T23:59:59.999999", "chunk_start": "2025-02-26T00:00:00", "event": "live_equivalent_chunk_load", "generated_at": "2026-05-05T05:32:12.851230Z", "mode": "profit_moonshot_momentum_hybrid_safe_mode", "split": "train"}
{"chunk_days": 7, "chunk_end": "2025-03-11T23:59:59.999999", "chunk_start": "2025-03-05T00:00:00", "event": "live_equivalent_chunk_load", "generated_at": "2026-05-05T05:33:00.493388Z", "mode": "profit_moonshot_momentum_hybrid_safe_mode", "split": "train"}
{"chunk_days": 7, "chunk_end": "2025-03-18T23:59:59.999999", "chunk_start": "2025-03-12T00:00:00", "event": "live_equivalent_chunk_load", "generated_at": "2026-05-05T05:33:47.584878Z", "mode": "profit_moonshot_momentum_hybrid_safe_mode", "split": "train"}
{"chunk_days": 7, "chunk_end": "2025-03-25T23:59:59.999999", "chunk_start": "2025-03-19T00:00:00", "event": "live_equivalent_chunk_load", "generated_at": "2026-05-05T05:34:32.564807Z", "mode": "profit_moonshot_momentum_hybrid_safe_mode", "split": "train"}
{"chunk_days": 7, "chunk_end": "2025-04-01T23:59:59.999999", "chunk_start": "2025-03-26T00:00:00", "event": "live_equivalent_chunk_load", "generated_at": "2026-05-05T05:35:16.543663Z", "mode": "profit_moonshot_momentum_hybrid_safe_mode", "split": "train"}
{"chunk_days": 7, "chunk_end": "2025-04-08T23:59:59.999999", "chunk_start": "2025-04-02T00:00:00", "event": "live_equivalent_chunk_load", "generated_at": "2026-05-05T05:36:02.603917Z", "mode": "profit_moonshot_momentum_hybrid_safe_mode", "split": "train"}
[Realism] Partial Fill: Req 0.064 > Limit 0.0000. Filling 0.0 and keeping remainder.
[Realism] Partial Fill: Req 0.064 > Limit 0.0000. Filling 0.0 and keeping remainder.
{"chunk_days": 7, "chunk_end": "2025-04-15T23:59:59.999999", "chunk_start": "2025-04-09T00:00:00", "event": "live_equivalent_chunk_load", "generated_at": "2026-05-05T05:36:50.912963Z", "mode": "profit_moonshot_momentum_hybrid_safe_mode", "split": "train"}
{"chunk_days": 7, "chunk_end": "2025-04-22T23:59:59.999999", "chunk_start": "2025-04-16T00:00:00", "event": "live_equivalent_chunk_load", "generated_at": "2026-05-05T05:37:36.105583Z", "mode": "profit_moonshot_momentum_hybrid_safe_mode", "split": "train"}
{"chunk_days": 7, "chunk_end": "2025-04-29T23:59:59.999999", "chunk_start": "2025-04-23T00:00:00", "event": "live_equivalent_chunk_load", "generated_at": "2026-05-05T05:38:19.790785Z", "mode": "profit_moonshot_momentum_hybrid_safe_mode", "split": "train"}
{"chunk_days": 7, "chunk_end": "2025-05-06T23:59:59.999999", "chunk_start": "2025-04-30T00:00:00", "event": "live_equivalent_chunk_load", "generated_at": "2026-05-05T05:39:04.559390Z", "mode": "profit_moonshot_momentum_hybrid_safe_mode", "split": "train"}
{"chunk_days": 7, "chunk_end": "2025-05-13T23:59:59.999999", "chunk_start": "2025-05-07T00:00:00", "event": "live_equivalent_chunk_load", "generated_at": "2026-05-05T05:39:47.330110Z", "mode": "profit_moonshot_momentum_hybrid_safe_mode", "split": "train"}
{"chunk_days": 7, "chunk_end": "2025-05-20T23:59:59.999999", "chunk_start": "2025-05-14T00:00:00", "event": "live_equivalent_chunk_load", "generated_at": "2026-05-05T05:40:32.455222Z", "mode": "profit_moonshot_momentum_hybrid_safe_mode", "split": "train"}
{"chunk_days": 7, "chunk_end": "2025-05-27T23:59:59.999999", "chunk_start": "2025-05-21T00:00:00", "event": "live_equivalent_chunk_load", "generated_at": "2026-05-05T05:41:16.440619Z", "mode": "profit_moonshot_momentum_hybrid_safe_mode", "split": "train"}
{"chunk_days": 7, "chunk_end": "2025-06-03T23:59:59.999999", "chunk_start": "2025-05-28T00:00:00", "event": "live_equivalent_chunk_load", "generated_at": "2026-05-05T05:41:59.217900Z", "mode": "profit_moonshot_momentum_hybrid_safe_mode", "split": "train"}
[Realism] Partial Fill: Req 0.09 > Limit 0.0230. Filling 0.023000000000000003 and keeping remainder.
{"chunk_days": 7, "chunk_end": "2025-06-10T23:59:59.999999", "chunk_start": "2025-06-04T00:00:00", "event": "live_equivalent_chunk_load", "generated_at": "2026-05-05T05:42:41.716301Z", "mode": "profit_moonshot_momentum_hybrid_safe_mode", "split": "train"}
{"chunk_days": 7, "chunk_end": "2025-06-17T23:59:59.999999", "chunk_start": "2025-06-11T00:00:00", "event": "live_equivalent_chunk_load", "generated_at": "2026-05-05T05:43:33.378187Z", "mode": "profit_moonshot_momentum_hybrid_safe_mode", "split": "train"}
{"chunk_days": 7, "chunk_end": "2025-06-24T23:59:59.999999", "chunk_start": "2025-06-18T00:00:00", "event": "live_equivalent_chunk_load", "generated_at": "2026-05-05T05:44:08.284215Z", "mode": "profit_moonshot_momentum_hybrid_safe_mode", "split": "train"}
{"chunk_days": 7, "chunk_end": "2025-07-01T23:59:59.999999", "chunk_start": "2025-06-25T00:00:00", "event": "live_equivalent_chunk_load", "generated_at": "2026-05-05T05:44:50.579068Z", "mode": "profit_moonshot_momentum_hybrid_safe_mode", "split": "train"}
{"chunk_days": 7, "chunk_end": "2025-07-08T23:59:59.999999", "chunk_start": "2025-07-02T00:00:00", "event": "live_equivalent_chunk_load", "generated_at": "2026-05-05T05:45:33.867423Z", "mode": "profit_moonshot_momentum_hybrid_safe_mode", "split": "train"}
{"chunk_days": 7, "chunk_end": "2025-07-15T23:59:59.999999", "chunk_start": "2025-07-09T00:00:00", "event": "live_equivalent_chunk_load", "generated_at": "2026-05-05T05:46:16.583050Z", "mode": "profit_moonshot_momentum_hybrid_safe_mode", "split": "train"}
{"chunk_days": 7, "chunk_end": "2025-07-22T23:59:59.999999", "chunk_start": "2025-07-16T00:00:00", "event": "live_equivalent_chunk_load", "generated_at": "2026-05-05T05:47:00.663188Z", "mode": "profit_moonshot_momentum_hybrid_safe_mode", "split": "train"}
{"chunk_days": 7, "chunk_end": "2025-07-29T23:59:59.999999", "chunk_start": "2025-07-23T00:00:00", "event": "live_equivalent_chunk_load", "generated_at": "2026-05-05T05:47:40.553150Z", "mode": "profit_moonshot_momentum_hybrid_safe_mode", "split": "train"}
{"chunk_days": 7, "chunk_end": "2025-08-05T23:59:59.999999", "chunk_start": "2025-07-30T00:00:00", "event": "live_equivalent_chunk_load", "generated_at": "2026-05-05T05:48:24.215088Z", "mode": "profit_moonshot_momentum_hybrid_safe_mode", "split": "train"}
{"chunk_days": 7, "chunk_end": "2025-08-12T23:59:59.999999", "chunk_start": "2025-08-06T00:00:00", "event": "live_equivalent_chunk_load", "generated_at": "2026-05-05T05:49:16.305783Z", "mode": "profit_moonshot_momentum_hybrid_safe_mode", "split": "train"}
{"chunk_days": 7, "chunk_end": "2025-08-19T23:59:59.999999", "chunk_start": "2025-08-13T00:00:00", "event": "live_equivalent_chunk_load", "generated_at": "2026-05-05T05:49:50.805482Z", "mode": "profit_moonshot_momentum_hybrid_safe_mode", "split": "train"}
[Realism] Partial Fill: Req 0.073 > Limit 0.0550. Filling 0.05500000000000001 and keeping remainder.
[Realism] Partial Fill: Req 0.068 > Limit 0.0550. Filling 0.05500000000000001 and keeping remainder.
{"chunk_days": 7, "chunk_end": "2025-08-26T23:59:59.999999", "chunk_start": "2025-08-20T00:00:00", "event": "live_equivalent_chunk_load", "generated_at": "2026-05-05T05:50:31.491099Z", "mode": "profit_moonshot_momentum_hybrid_safe_mode", "split": "train"}
{"chunk_days": 7, "chunk_end": "2025-09-02T23:59:59.999999", "chunk_start": "2025-08-27T00:00:00", "event": "live_equivalent_chunk_load", "generated_at": "2026-05-05T05:51:16.651306Z", "mode": "profit_moonshot_momentum_hybrid_safe_mode", "split": "train"}
{"chunk_days": 7, "chunk_end": "2025-09-09T23:59:59.999999", "chunk_start": "2025-09-03T00:00:00", "event": "live_equivalent_chunk_load", "generated_at": "2026-05-05T05:52:07.465512Z", "mode": "profit_moonshot_momentum_hybrid_safe_mode", "split": "train"}
{"chunk_days": 7, "chunk_end": "2025-09-16T23:59:59.999999", "chunk_start": "2025-09-10T00:00:00", "event": "live_equivalent_chunk_load", "generated_at": "2026-05-05T05:52:39.466748Z", "mode": "profit_moonshot_momentum_hybrid_safe_mode", "split": "train"}
{"chunk_days": 7, "chunk_end": "2025-09-23T23:59:59.999999", "chunk_start": "2025-09-17T00:00:00", "event": "live_equivalent_chunk_load", "generated_at": "2026-05-05T05:53:31.414012Z", "mode": "profit_moonshot_momentum_hybrid_safe_mode", "split": "train"}
{"chunk_days": 7, "chunk_end": "2025-09-30T23:59:59.999999", "chunk_start": "2025-09-24T00:00:00", "event": "live_equivalent_chunk_load", "generated_at": "2026-05-05T05:54:03.919005Z", "mode": "profit_moonshot_momentum_hybrid_safe_mode", "split": "train"}
{"chunk_days": 7, "chunk_end": "2025-10-07T23:59:59.999999", "chunk_start": "2025-10-01T00:00:00", "event": "live_equivalent_chunk_load", "generated_at": "2026-05-05T05:54:54.685851Z", "mode": "profit_moonshot_momentum_hybrid_safe_mode", "split": "train"}
{"chunk_days": 7, "chunk_end": "2025-10-14T23:59:59.999999", "chunk_start": "2025-10-08T00:00:00", "event": "live_equivalent_chunk_load", "generated_at": "2026-05-05T05:55:28.253791Z", "mode": "profit_moonshot_momentum_hybrid_safe_mode", "split": "train"}
{"chunk_days": 7, "chunk_end": "2025-10-21T23:59:59.999999", "chunk_start": "2025-10-15T00:00:00", "event": "live_equivalent_chunk_load", "generated_at": "2026-05-05T05:56:20.826043Z", "mode": "profit_moonshot_momentum_hybrid_safe_mode", "split": "train"}
{"chunk_days": 7, "chunk_end": "2025-10-28T23:59:59.999999", "chunk_start": "2025-10-22T00:00:00", "event": "live_equivalent_chunk_load", "generated_at": "2026-05-05T05:56:54.566348Z", "mode": "profit_moonshot_momentum_hybrid_safe_mode", "split": "train"}
{"chunk_days": 7, "chunk_end": "2025-11-04T23:59:59.999999", "chunk_start": "2025-10-29T00:00:00", "event": "live_equivalent_chunk_load", "generated_at": "2026-05-05T05:57:46.031832Z", "mode": "profit_moonshot_momentum_hybrid_safe_mode", "split": "train"}
{"chunk_days": 7, "chunk_end": "2025-11-11T23:59:59.999999", "chunk_start": "2025-11-05T00:00:00", "event": "live_equivalent_chunk_load", "generated_at": "2026-05-05T05:58:18.405487Z", "mode": "profit_moonshot_momentum_hybrid_safe_mode", "split": "train"}
{"chunk_days": 7, "chunk_end": "2025-11-18T23:59:59.999999", "chunk_start": "2025-11-12T00:00:00", "event": "live_equivalent_chunk_load", "generated_at": "2026-05-05T05:59:10.092291Z", "mode": "profit_moonshot_momentum_hybrid_safe_mode", "split": "train"}
{"chunk_days": 7, "chunk_end": "2025-11-25T23:59:59.999999", "chunk_start": "2025-11-19T00:00:00", "event": "live_equivalent_chunk_load", "generated_at": "2026-05-05T05:59:44.991870Z", "mode": "profit_moonshot_momentum_hybrid_safe_mode", "split": "train"}
{"chunk_days": 7, "chunk_end": "2025-12-02T23:59:59.999999", "chunk_start": "2025-11-26T00:00:00", "event": "live_equivalent_chunk_load", "generated_at": "2026-05-05T06:00:29.230505Z", "mode": "profit_moonshot_momentum_hybrid_safe_mode", "split": "train"}
[Realism] Partial Fill: Req 0.188 > Limit 0.0280. Filling 0.028000000000000004 and keeping remainder.
[Realism] Partial Fill: Req 0.188 > Limit 0.0280. Filling 0.028000000000000004 and keeping remainder.
[Realism] Partial Fill: Req 0.16 > Limit 0.0320. Filling 0.032 and keeping remainder.
[Realism] Partial Fill: Req 0.16 > Limit 0.0320. Filling 0.032 and keeping remainder.
{"chunk_days": 7, "chunk_end": "2025-12-09T23:59:59.999999", "chunk_start": "2025-12-03T00:00:00", "event": "live_equivalent_chunk_load", "generated_at": "2026-05-05T06:01:20.320934Z", "mode": "profit_moonshot_momentum_hybrid_safe_mode", "split": "train"}
{"chunk_days": 7, "chunk_end": "2025-12-16T23:59:59.999999", "chunk_start": "2025-12-10T00:00:00", "event": "live_equivalent_chunk_load", "generated_at": "2026-05-05T06:01:54.488991Z", "mode": "profit_moonshot_momentum_hybrid_safe_mode", "split": "train"}
{"chunk_days": 7, "chunk_end": "2025-12-23T23:59:59.999999", "chunk_start": "2025-12-17T00:00:00", "event": "live_equivalent_chunk_load", "generated_at": "2026-05-05T06:02:46.294401Z", "mode": "profit_moonshot_momentum_hybrid_safe_mode", "split": "train"}
{"chunk_days": 7, "chunk_end": "2025-12-30T23:59:59.999999", "chunk_start": "2025-12-24T00:00:00", "event": "live_equivalent_chunk_load", "generated_at": "2026-05-05T06:03:19.475527Z", "mode": "profit_moonshot_momentum_hybrid_safe_mode", "split": "train"}
{"chunk_days": 7, "chunk_end": "2025-12-31T23:59:59.999999", "chunk_start": "2025-12-31T00:00:00", "event": "live_equivalent_chunk_load", "generated_at": "2026-05-05T06:04:01.323701Z", "mode": "profit_moonshot_momentum_hybrid_safe_mode", "split": "train"}
{"event": "live_equivalent_split_complete", "final_equity": 9864.467075039582, "generated_at": "2026-05-05T06:04:08.159216Z", "metrics": {"cagr": -6.542949715915292e-06, "calmar": -5.289583699882014e-05, "max_drawdown": 0.1236949840884687, "sharpe": 0.004175236857947524, "sortino": 0.004367273527303323, "total_return": -0.013551486496041987, "volatility": 0.009733907879882611}, "mode": "profit_moonshot_momentum_hybrid_safe_mode", "split": "train", "trade_count": 1185}
{"end_inclusive": "2026-02-28", "event": "live_equivalent_split_start", "generated_at": "2026-05-05T06:04:08.159873Z", "mode": "profit_moonshot_momentum_hybrid_safe_mode", "split": "val", "start": "2026-01-01", "symbols": ["BTC/USDT", "ETH/USDT", "BNB/USDT", "SOL/USDT", "TRX/USDT"]}
{"chunk_days": 7, "chunk_end": "2026-01-07T23:59:59.999999", "chunk_start": "2026-01-01T00:00:00", "event": "live_equivalent_chunk_load", "generated_at": "2026-05-05T06:04:08.167153Z", "mode": "profit_moonshot_momentum_hybrid_safe_mode", "split": "val"}
{"chunk_days": 7, "chunk_end": "2026-01-14T23:59:59.999999", "chunk_start": "2026-01-08T00:00:00", "event": "live_equivalent_chunk_load", "generated_at": "2026-05-05T06:04:43.476377Z", "mode": "profit_moonshot_momentum_hybrid_safe_mode", "split": "val"}
{"chunk_days": 7, "chunk_end": "2026-01-21T23:59:59.999999", "chunk_start": "2026-01-15T00:00:00", "event": "live_equivalent_chunk_load", "generated_at": "2026-05-05T06:05:30.366241Z", "mode": "profit_moonshot_momentum_hybrid_safe_mode", "split": "val"}
[Realism] Partial Fill: Req 0.10400000000000001 > Limit 0.0050. Filling 0.005000000000000001 and keeping remainder.
{"chunk_days": 7, "chunk_end": "2026-01-28T23:59:59.999999", "chunk_start": "2026-01-22T00:00:00", "event": "live_equivalent_chunk_load", "generated_at": "2026-05-05T06:06:13.178909Z", "mode": "profit_moonshot_momentum_hybrid_safe_mode", "split": "val"}
{"chunk_days": 7, "chunk_end": "2026-02-04T23:59:59.999999", "chunk_start": "2026-01-29T00:00:00", "event": "live_equivalent_chunk_load", "generated_at": "2026-05-05T06:06:55.732945Z", "mode": "profit_moonshot_momentum_hybrid_safe_mode", "split": "val"}
{"chunk_days": 7, "chunk_end": "2026-02-11T23:59:59.999999", "chunk_start": "2026-02-05T00:00:00", "event": "live_equivalent_chunk_load", "generated_at": "2026-05-05T06:07:40.631172Z", "mode": "profit_moonshot_momentum_hybrid_safe_mode", "split": "val"}
{"chunk_days": 7, "chunk_end": "2026-02-18T23:59:59.999999", "chunk_start": "2026-02-12T00:00:00", "event": "live_equivalent_chunk_load", "generated_at": "2026-05-05T06:08:33.446078Z", "mode": "profit_moonshot_momentum_hybrid_safe_mode", "split": "val"}
{"chunk_days": 7, "chunk_end": "2026-02-25T23:59:59.999999", "chunk_start": "2026-02-19T00:00:00", "event": "live_equivalent_chunk_load", "generated_at": "2026-05-05T06:09:07.020941Z", "mode": "profit_moonshot_momentum_hybrid_safe_mode", "split": "val"}
{"chunk_days": 7, "chunk_end": "2026-02-28T23:59:59.999999", "chunk_start": "2026-02-26T00:00:00", "event": "live_equivalent_chunk_load", "generated_at": "2026-05-05T06:09:48.702115Z", "mode": "profit_moonshot_momentum_hybrid_safe_mode", "split": "val"}
{"event": "live_equivalent_split_complete", "final_equity": 10028.407172179252, "generated_at": "2026-05-05T06:10:16.280541Z", "metrics": {"cagr": 8.403884874219614e-06, "calmar": 0.0008051134934472035, "max_drawdown": 0.010438136911899503, "sharpe": 0.010167858124343822, "sortino": 0.009833095226985623, "total_return": 0.002837148217925023, "volatility": 0.0008631453963458669}, "mode": "profit_moonshot_momentum_hybrid_safe_mode", "split": "val", "trade_count": 183}
{"end_inclusive": "2026-05-04", "event": "live_equivalent_split_start", "generated_at": "2026-05-05T06:10:16.280906Z", "mode": "profit_moonshot_momentum_hybrid_safe_mode", "split": "oos", "start": "2026-03-01", "symbols": ["BTC/USDT", "ETH/USDT", "BNB/USDT", "SOL/USDT", "TRX/USDT"]}
{"chunk_days": 7, "chunk_end": "2026-03-07T23:59:59.999999", "chunk_start": "2026-03-01T00:00:00", "event": "live_equivalent_chunk_load", "generated_at": "2026-05-05T06:10:16.282677Z", "mode": "profit_moonshot_momentum_hybrid_safe_mode", "split": "oos"}
{"chunk_days": 7, "chunk_end": "2026-03-14T23:59:59.999999", "chunk_start": "2026-03-08T00:00:00", "event": "live_equivalent_chunk_load", "generated_at": "2026-05-05T06:10:46.103383Z", "mode": "profit_moonshot_momentum_hybrid_safe_mode", "split": "oos"}
{"chunk_days": 7, "chunk_end": "2026-03-21T23:59:59.999999", "chunk_start": "2026-03-15T00:00:00", "event": "live_equivalent_chunk_load", "generated_at": "2026-05-05T06:11:29.051291Z", "mode": "profit_moonshot_momentum_hybrid_safe_mode", "split": "oos"}
[Realism] Partial Fill: Req 85.979 > Limit 0.0000. Filling 0.0 and keeping remainder.
[Realism] Partial Fill: Req 85.979 > Limit 0.0000. Filling 0.0 and keeping remainder.
[Realism] Partial Fill: Req 24.565 > Limit 0.0000. Filling 0.0 and keeping remainder.
[Realism] Partial Fill: Req 85.979 > Limit 0.0000. Filling 0.0 and keeping remainder.
[Realism] Partial Fill: Req 85.979 > Limit 0.0000. Filling 0.0 and keeping remainder.
[Realism] Partial Fill: Req 24.565 > Limit 0.0000. Filling 0.0 and keeping remainder.
[Realism] Partial Fill: Req 85.979 > Limit 71.8000. Filling 71.8 and keeping remainder.
[Realism] Partial Fill: Req 85.979 > Limit 71.8000. Filling 71.8 and keeping remainder.
[Realism] Partial Fill: Req 14.179000000000002 > Limit 0.0000. Filling 0.0 and keeping remainder.
[Realism] Partial Fill: Req 14.179000000000002 > Limit 0.0000. Filling 0.0 and keeping remainder.
[Realism] Partial Fill: Req 14.179000000000002 > Limit 0.0000. Filling 0.0 and keeping remainder.
[Realism] Partial Fill: Req 14.179000000000002 > Limit 0.0000. Filling 0.0 and keeping remainder.
{"chunk_days": 7, "chunk_end": "2026-03-28T23:59:59.999999", "chunk_start": "2026-03-22T00:00:00", "event": "live_equivalent_chunk_load", "generated_at": "2026-05-05T06:12:11.251005Z", "mode": "profit_moonshot_momentum_hybrid_safe_mode", "split": "oos"}
{"chunk_days": 7, "chunk_end": "2026-04-04T23:59:59.999999", "chunk_start": "2026-03-29T00:00:00", "event": "live_equivalent_chunk_load", "generated_at": "2026-05-05T06:13:05.137378Z", "mode": "profit_moonshot_momentum_hybrid_safe_mode", "split": "oos"}
[Realism] Partial Fill: Req 0.312 > Limit 0.1760. Filling 0.17600000000000002 and keeping remainder.
[Realism] Partial Fill: Req 0.312 > Limit 0.1760. Filling 0.17600000000000002 and keeping remainder.
{"chunk_days": 7, "chunk_end": "2026-04-11T23:59:59.999999", "chunk_start": "2026-04-05T00:00:00", "event": "live_equivalent_chunk_load", "generated_at": "2026-05-05T06:13:36.657082Z", "mode": "profit_moonshot_momentum_hybrid_safe_mode", "split": "oos"}
{"chunk_days": 7, "chunk_end": "2026-04-18T23:59:59.999999", "chunk_start": "2026-04-12T00:00:00", "event": "live_equivalent_chunk_load", "generated_at": "2026-05-05T06:14:29.162218Z", "mode": "profit_moonshot_momentum_hybrid_safe_mode", "split": "oos"}
[Realism] Partial Fill: Req 0.084 > Limit 0.0360. Filling 0.036 and keeping remainder.
{"chunk_days": 7, "chunk_end": "2026-04-25T23:59:59.999999", "chunk_start": "2026-04-19T00:00:00", "event": "live_equivalent_chunk_load", "generated_at": "2026-05-05T06:15:03.120567Z", "mode": "profit_moonshot_momentum_hybrid_safe_mode", "split": "oos"}
{"chunk_days": 7, "chunk_end": "2026-05-02T23:59:59.999999", "chunk_start": "2026-04-26T00:00:00", "event": "live_equivalent_chunk_load", "generated_at": "2026-05-05T06:15:45.070728Z", "mode": "profit_moonshot_momentum_hybrid_safe_mode", "split": "oos"}
{"chunk_days": 7, "chunk_end": "2026-05-04T23:59:59.999999", "chunk_start": "2026-05-03T00:00:00", "event": "live_equivalent_chunk_load", "generated_at": "2026-05-05T06:16:27.023622Z", "mode": "profit_moonshot_momentum_hybrid_safe_mode", "split": "oos"}
{"event": "live_equivalent_split_complete", "final_equity": 9966.54015331788, "generated_at": "2026-05-05T06:16:40.969475Z", "metrics": {"cagr": -9.011633402167263e-06, "calmar": -0.00025790235171118276, "max_drawdown": 0.03494203655908933, "sharpe": -0.0014105326084949065, "sortino": -0.0014164076710275531, "total_return": -0.003341526314212029, "volatility": 0.0030634955203091207}, "mode": "profit_moonshot_momentum_hybrid_safe_mode", "split": "oos", "trade_count": 136}
{
  "artifact_reset_csv": "/home/hoky/Quants-agent/LuminaQuant/var/reports/profit_moonshot_20260501/current_tail_20260505/live_equivalent/profit_moonshot_momentum_hybrid_safe_mode/live_equivalent_revalidation_artifact_reset_20260426.csv",
  "json": "/home/hoky/Quants-agent/LuminaQuant/var/reports/profit_moonshot_20260501/current_tail_20260505/live_equivalent/profit_moonshot_momentum_hybrid_safe_mode/live_equivalent_revalidation_latest.json",
  "live_decision": "",
  "markdown": "/home/hoky/Quants-agent/LuminaQuant/var/reports/profit_moonshot_20260501/current_tail_20260505/live_equivalent/profit_moonshot_momentum_hybrid_safe_mode/live_equivalent_revalidation_latest.md",
  "mode_csv": "/home/hoky/Quants-agent/LuminaQuant/var/reports/profit_moonshot_20260501/current_tail_20260505/live_equivalent/profit_moonshot_momentum_hybrid_safe_mode/live_equivalent_revalidation_candidates_20260426.csv"
}
	Command being timed: "uv run python scripts/research/revalidate_live_equivalent_candidates.py --output-dir var/reports/profit_moonshot_20260501/current_tail_20260505/live_equivalent/profit_moonshot_momentum_hybrid_safe_mode --backtest-checkpoint-path var/reports/profit_moonshot_20260501/current_tail_20260505/live_equivalent/profit_moonshot_momentum_hybrid_safe_mode_checkpoint.json --portfolio-modes profit_moonshot_momentum_hybrid_safe_mode --execute-backtests --chunk-days 7 --no-live-decision-update"
	User time (seconds): 3048.56
	System time (seconds): 201.85
	Percent of CPU this job got: 106%
	Elapsed (wall clock) time (h:mm:ss or m:ss): 50:45.56
	Average shared text size (kbytes): 0
	Average unshared data size (kbytes): 0
	Average stack size (kbytes): 0
	Average total size (kbytes): 0
	Maximum resident set size (kbytes): 3564432
	Average resident set size (kbytes): 0
	Major (requiring I/O) page faults: 5821
	Minor (reclaiming a frame) page faults: 8369041
	Voluntary context switches: 5108689
	Involuntary context switches: 50586
	Swaps: 0
	File system inputs: 1125128
	File system outputs: 7168
	Socket messages sent: 0
	Socket messages received: 0
	Signals delivered: 0
	Page size (bytes): 4096
	Exit status: 0
