{"end_inclusive": "2025-12-31", "event": "live_equivalent_split_start", "generated_at": "2026-05-05T11:54:11.599672Z", "mode": "profit_moonshot_taker_flow_exhaustion_eth_hold_mode", "split": "train", "start": "2025-01-01", "symbols": ["ETH/USDT"]}
{"chunk_days": 7, "chunk_end": "2025-01-07T23:59:59.999999", "chunk_start": "2025-01-01T00:00:00", "event": "live_equivalent_chunk_load", "generated_at": "2026-05-05T11:54:11.600081Z", "mode": "profit_moonshot_taker_flow_exhaustion_eth_hold_mode", "split": "train"}
{"chunk_days": 7, "chunk_end": "2025-01-14T23:59:59.999999", "chunk_start": "2025-01-08T00:00:00", "event": "live_equivalent_chunk_load", "generated_at": "2026-05-05T11:54:15.766879Z", "mode": "profit_moonshot_taker_flow_exhaustion_eth_hold_mode", "split": "train"}
{"chunk_days": 7, "chunk_end": "2025-01-21T23:59:59.999999", "chunk_start": "2025-01-15T00:00:00", "event": "live_equivalent_chunk_load", "generated_at": "2026-05-05T11:54:20.565011Z", "mode": "profit_moonshot_taker_flow_exhaustion_eth_hold_mode", "split": "train"}
{"chunk_days": 7, "chunk_end": "2025-01-28T23:59:59.999999", "chunk_start": "2025-01-22T00:00:00", "event": "live_equivalent_chunk_load", "generated_at": "2026-05-05T11:54:25.433784Z", "mode": "profit_moonshot_taker_flow_exhaustion_eth_hold_mode", "split": "train"}
{"chunk_days": 7, "chunk_end": "2025-02-04T23:59:59.999999", "chunk_start": "2025-01-29T00:00:00", "event": "live_equivalent_chunk_load", "generated_at": "2026-05-05T11:54:30.158016Z", "mode": "profit_moonshot_taker_flow_exhaustion_eth_hold_mode", "split": "train"}
[Realism] Partial Fill: Req 0.008 > Limit 0.0000. Filling 0.0 and keeping remainder.
{"chunk_days": 7, "chunk_end": "2025-02-11T23:59:59.999999", "chunk_start": "2025-02-05T00:00:00", "event": "live_equivalent_chunk_load", "generated_at": "2026-05-05T11:54:35.100590Z", "mode": "profit_moonshot_taker_flow_exhaustion_eth_hold_mode", "split": "train"}
{"chunk_days": 7, "chunk_end": "2025-02-18T23:59:59.999999", "chunk_start": "2025-02-12T00:00:00", "event": "live_equivalent_chunk_load", "generated_at": "2026-05-05T11:54:39.956078Z", "mode": "profit_moonshot_taker_flow_exhaustion_eth_hold_mode", "split": "train"}
{"chunk_days": 7, "chunk_end": "2025-02-25T23:59:59.999999", "chunk_start": "2025-02-19T00:00:00", "event": "live_equivalent_chunk_load", "generated_at": "2026-05-05T11:54:44.973987Z", "mode": "profit_moonshot_taker_flow_exhaustion_eth_hold_mode", "split": "train"}
{"chunk_days": 7, "chunk_end": "2025-03-04T23:59:59.999999", "chunk_start": "2025-02-26T00:00:00", "event": "live_equivalent_chunk_load", "generated_at": "2026-05-05T11:54:50.372556Z", "mode": "profit_moonshot_taker_flow_exhaustion_eth_hold_mode", "split": "train"}
{"chunk_days": 7, "chunk_end": "2025-03-11T23:59:59.999999", "chunk_start": "2025-03-05T00:00:00", "event": "live_equivalent_chunk_load", "generated_at": "2026-05-05T11:54:56.059708Z", "mode": "profit_moonshot_taker_flow_exhaustion_eth_hold_mode", "split": "train"}
{"chunk_days": 7, "chunk_end": "2025-03-18T23:59:59.999999", "chunk_start": "2025-03-12T00:00:00", "event": "live_equivalent_chunk_load", "generated_at": "2026-05-05T11:55:01.309145Z", "mode": "profit_moonshot_taker_flow_exhaustion_eth_hold_mode", "split": "train"}
{"chunk_days": 7, "chunk_end": "2025-03-25T23:59:59.999999", "chunk_start": "2025-03-19T00:00:00", "event": "live_equivalent_chunk_load", "generated_at": "2026-05-05T11:55:05.276230Z", "mode": "profit_moonshot_taker_flow_exhaustion_eth_hold_mode", "split": "train"}
[Realism] Partial Fill: Req 0.014 > Limit 0.0098. Filling 0.009800000000000001 and keeping remainder.
{"chunk_days": 7, "chunk_end": "2025-04-01T23:59:59.999999", "chunk_start": "2025-03-26T00:00:00", "event": "live_equivalent_chunk_load", "generated_at": "2026-05-05T11:55:10.282497Z", "mode": "profit_moonshot_taker_flow_exhaustion_eth_hold_mode", "split": "train"}
{"chunk_days": 7, "chunk_end": "2025-04-08T23:59:59.999999", "chunk_start": "2025-04-02T00:00:00", "event": "live_equivalent_chunk_load", "generated_at": "2026-05-05T11:55:15.324777Z", "mode": "profit_moonshot_taker_flow_exhaustion_eth_hold_mode", "split": "train"}
{"chunk_days": 7, "chunk_end": "2025-04-15T23:59:59.999999", "chunk_start": "2025-04-09T00:00:00", "event": "live_equivalent_chunk_load", "generated_at": "2026-05-05T11:55:20.328130Z", "mode": "profit_moonshot_taker_flow_exhaustion_eth_hold_mode", "split": "train"}
{"chunk_days": 7, "chunk_end": "2025-04-22T23:59:59.999999", "chunk_start": "2025-04-16T00:00:00", "event": "live_equivalent_chunk_load", "generated_at": "2026-05-05T11:55:25.014045Z", "mode": "profit_moonshot_taker_flow_exhaustion_eth_hold_mode", "split": "train"}
[Realism] Partial Fill: Req 0.017 > Limit 0.0120. Filling 0.012 and keeping remainder.
{"chunk_days": 7, "chunk_end": "2025-04-29T23:59:59.999999", "chunk_start": "2025-04-23T00:00:00", "event": "live_equivalent_chunk_load", "generated_at": "2026-05-05T11:55:29.970902Z", "mode": "profit_moonshot_taker_flow_exhaustion_eth_hold_mode", "split": "train"}
{"chunk_days": 7, "chunk_end": "2025-05-06T23:59:59.999999", "chunk_start": "2025-04-30T00:00:00", "event": "live_equivalent_chunk_load", "generated_at": "2026-05-05T11:55:35.167790Z", "mode": "profit_moonshot_taker_flow_exhaustion_eth_hold_mode", "split": "train"}
{"chunk_days": 7, "chunk_end": "2025-05-13T23:59:59.999999", "chunk_start": "2025-05-07T00:00:00", "event": "live_equivalent_chunk_load", "generated_at": "2026-05-05T11:55:40.516663Z", "mode": "profit_moonshot_taker_flow_exhaustion_eth_hold_mode", "split": "train"}
{"chunk_days": 7, "chunk_end": "2025-05-20T23:59:59.999999", "chunk_start": "2025-05-14T00:00:00", "event": "live_equivalent_chunk_load", "generated_at": "2026-05-05T11:55:44.701227Z", "mode": "profit_moonshot_taker_flow_exhaustion_eth_hold_mode", "split": "train"}
{"chunk_days": 7, "chunk_end": "2025-05-27T23:59:59.999999", "chunk_start": "2025-05-21T00:00:00", "event": "live_equivalent_chunk_load", "generated_at": "2026-05-05T11:55:48.527094Z", "mode": "profit_moonshot_taker_flow_exhaustion_eth_hold_mode", "split": "train"}
{"chunk_days": 7, "chunk_end": "2025-06-03T23:59:59.999999", "chunk_start": "2025-05-28T00:00:00", "event": "live_equivalent_chunk_load", "generated_at": "2026-05-05T11:55:52.789939Z", "mode": "profit_moonshot_taker_flow_exhaustion_eth_hold_mode", "split": "train"}
{"chunk_days": 7, "chunk_end": "2025-06-10T23:59:59.999999", "chunk_start": "2025-06-04T00:00:00", "event": "live_equivalent_chunk_load", "generated_at": "2026-05-05T11:55:57.651905Z", "mode": "profit_moonshot_taker_flow_exhaustion_eth_hold_mode", "split": "train"}
{"chunk_days": 7, "chunk_end": "2025-06-17T23:59:59.999999", "chunk_start": "2025-06-11T00:00:00", "event": "live_equivalent_chunk_load", "generated_at": "2026-05-05T11:56:02.502727Z", "mode": "profit_moonshot_taker_flow_exhaustion_eth_hold_mode", "split": "train"}
{"chunk_days": 7, "chunk_end": "2025-06-24T23:59:59.999999", "chunk_start": "2025-06-18T00:00:00", "event": "live_equivalent_chunk_load", "generated_at": "2026-05-05T11:56:07.495472Z", "mode": "profit_moonshot_taker_flow_exhaustion_eth_hold_mode", "split": "train"}
{"chunk_days": 7, "chunk_end": "2025-07-01T23:59:59.999999", "chunk_start": "2025-06-25T00:00:00", "event": "live_equivalent_chunk_load", "generated_at": "2026-05-05T11:56:12.303568Z", "mode": "profit_moonshot_taker_flow_exhaustion_eth_hold_mode", "split": "train"}
{"chunk_days": 7, "chunk_end": "2025-07-08T23:59:59.999999", "chunk_start": "2025-07-02T00:00:00", "event": "live_equivalent_chunk_load", "generated_at": "2026-05-05T11:56:17.144943Z", "mode": "profit_moonshot_taker_flow_exhaustion_eth_hold_mode", "split": "train"}
{"chunk_days": 7, "chunk_end": "2025-07-15T23:59:59.999999", "chunk_start": "2025-07-09T00:00:00", "event": "live_equivalent_chunk_load", "generated_at": "2026-05-05T11:56:22.081990Z", "mode": "profit_moonshot_taker_flow_exhaustion_eth_hold_mode", "split": "train"}
{"chunk_days": 7, "chunk_end": "2025-07-22T23:59:59.999999", "chunk_start": "2025-07-16T00:00:00", "event": "live_equivalent_chunk_load", "generated_at": "2026-05-05T11:56:27.406194Z", "mode": "profit_moonshot_taker_flow_exhaustion_eth_hold_mode", "split": "train"}
{"chunk_days": 7, "chunk_end": "2025-07-29T23:59:59.999999", "chunk_start": "2025-07-23T00:00:00", "event": "live_equivalent_chunk_load", "generated_at": "2026-05-05T11:56:32.475481Z", "mode": "profit_moonshot_taker_flow_exhaustion_eth_hold_mode", "split": "train"}
{"chunk_days": 7, "chunk_end": "2025-08-05T23:59:59.999999", "chunk_start": "2025-07-30T00:00:00", "event": "live_equivalent_chunk_load", "generated_at": "2026-05-05T11:56:37.386048Z", "mode": "profit_moonshot_taker_flow_exhaustion_eth_hold_mode", "split": "train"}
{"chunk_days": 7, "chunk_end": "2025-08-12T23:59:59.999999", "chunk_start": "2025-08-06T00:00:00", "event": "live_equivalent_chunk_load", "generated_at": "2026-05-05T11:56:42.548795Z", "mode": "profit_moonshot_taker_flow_exhaustion_eth_hold_mode", "split": "train"}
{"chunk_days": 7, "chunk_end": "2025-08-19T23:59:59.999999", "chunk_start": "2025-08-13T00:00:00", "event": "live_equivalent_chunk_load", "generated_at": "2026-05-05T11:56:48.332013Z", "mode": "profit_moonshot_taker_flow_exhaustion_eth_hold_mode", "split": "train"}
{"chunk_days": 7, "chunk_end": "2025-08-26T23:59:59.999999", "chunk_start": "2025-08-20T00:00:00", "event": "live_equivalent_chunk_load", "generated_at": "2026-05-05T11:56:53.584531Z", "mode": "profit_moonshot_taker_flow_exhaustion_eth_hold_mode", "split": "train"}
{"chunk_days": 7, "chunk_end": "2025-09-02T23:59:59.999999", "chunk_start": "2025-08-27T00:00:00", "event": "live_equivalent_chunk_load", "generated_at": "2026-05-05T11:56:58.652728Z", "mode": "profit_moonshot_taker_flow_exhaustion_eth_hold_mode", "split": "train"}
{"chunk_days": 7, "chunk_end": "2025-09-09T23:59:59.999999", "chunk_start": "2025-09-03T00:00:00", "event": "live_equivalent_chunk_load", "generated_at": "2026-05-05T11:57:04.692253Z", "mode": "profit_moonshot_taker_flow_exhaustion_eth_hold_mode", "split": "train"}
{"chunk_days": 7, "chunk_end": "2025-09-16T23:59:59.999999", "chunk_start": "2025-09-10T00:00:00", "event": "live_equivalent_chunk_load", "generated_at": "2026-05-05T11:57:10.755006Z", "mode": "profit_moonshot_taker_flow_exhaustion_eth_hold_mode", "split": "train"}
{"chunk_days": 7, "chunk_end": "2025-09-23T23:59:59.999999", "chunk_start": "2025-09-17T00:00:00", "event": "live_equivalent_chunk_load", "generated_at": "2026-05-05T11:57:16.605285Z", "mode": "profit_moonshot_taker_flow_exhaustion_eth_hold_mode", "split": "train"}
{"chunk_days": 7, "chunk_end": "2025-09-30T23:59:59.999999", "chunk_start": "2025-09-24T00:00:00", "event": "live_equivalent_chunk_load", "generated_at": "2026-05-05T11:57:22.322136Z", "mode": "profit_moonshot_taker_flow_exhaustion_eth_hold_mode", "split": "train"}
{"chunk_days": 7, "chunk_end": "2025-10-07T23:59:59.999999", "chunk_start": "2025-10-01T00:00:00", "event": "live_equivalent_chunk_load", "generated_at": "2026-05-05T11:57:27.767481Z", "mode": "profit_moonshot_taker_flow_exhaustion_eth_hold_mode", "split": "train"}
{"chunk_days": 7, "chunk_end": "2025-10-14T23:59:59.999999", "chunk_start": "2025-10-08T00:00:00", "event": "live_equivalent_chunk_load", "generated_at": "2026-05-05T11:57:33.489284Z", "mode": "profit_moonshot_taker_flow_exhaustion_eth_hold_mode", "split": "train"}
{"chunk_days": 7, "chunk_end": "2025-10-21T23:59:59.999999", "chunk_start": "2025-10-15T00:00:00", "event": "live_equivalent_chunk_load", "generated_at": "2026-05-05T11:57:39.279330Z", "mode": "profit_moonshot_taker_flow_exhaustion_eth_hold_mode", "split": "train"}
{"chunk_days": 7, "chunk_end": "2025-10-28T23:59:59.999999", "chunk_start": "2025-10-22T00:00:00", "event": "live_equivalent_chunk_load", "generated_at": "2026-05-05T11:57:44.904138Z", "mode": "profit_moonshot_taker_flow_exhaustion_eth_hold_mode", "split": "train"}
{"chunk_days": 7, "chunk_end": "2025-11-04T23:59:59.999999", "chunk_start": "2025-10-29T00:00:00", "event": "live_equivalent_chunk_load", "generated_at": "2026-05-05T11:57:50.668468Z", "mode": "profit_moonshot_taker_flow_exhaustion_eth_hold_mode", "split": "train"}
{"chunk_days": 7, "chunk_end": "2025-11-11T23:59:59.999999", "chunk_start": "2025-11-05T00:00:00", "event": "live_equivalent_chunk_load", "generated_at": "2026-05-05T11:57:56.444360Z", "mode": "profit_moonshot_taker_flow_exhaustion_eth_hold_mode", "split": "train"}
{"chunk_days": 7, "chunk_end": "2025-11-18T23:59:59.999999", "chunk_start": "2025-11-12T00:00:00", "event": "live_equivalent_chunk_load", "generated_at": "2026-05-05T11:58:02.311179Z", "mode": "profit_moonshot_taker_flow_exhaustion_eth_hold_mode", "split": "train"}
{"chunk_days": 7, "chunk_end": "2025-11-25T23:59:59.999999", "chunk_start": "2025-11-19T00:00:00", "event": "live_equivalent_chunk_load", "generated_at": "2026-05-05T11:58:07.752800Z", "mode": "profit_moonshot_taker_flow_exhaustion_eth_hold_mode", "split": "train"}
{"chunk_days": 7, "chunk_end": "2025-12-02T23:59:59.999999", "chunk_start": "2025-11-26T00:00:00", "event": "live_equivalent_chunk_load", "generated_at": "2026-05-05T11:58:12.578960Z", "mode": "profit_moonshot_taker_flow_exhaustion_eth_hold_mode", "split": "train"}
{"chunk_days": 7, "chunk_end": "2025-12-09T23:59:59.999999", "chunk_start": "2025-12-03T00:00:00", "event": "live_equivalent_chunk_load", "generated_at": "2026-05-05T11:58:16.763841Z", "mode": "profit_moonshot_taker_flow_exhaustion_eth_hold_mode", "split": "train"}
{"chunk_days": 7, "chunk_end": "2025-12-16T23:59:59.999999", "chunk_start": "2025-12-10T00:00:00", "event": "live_equivalent_chunk_load", "generated_at": "2026-05-05T11:58:21.436270Z", "mode": "profit_moonshot_taker_flow_exhaustion_eth_hold_mode", "split": "train"}
{"chunk_days": 7, "chunk_end": "2025-12-23T23:59:59.999999", "chunk_start": "2025-12-17T00:00:00", "event": "live_equivalent_chunk_load", "generated_at": "2026-05-05T11:58:25.573010Z", "mode": "profit_moonshot_taker_flow_exhaustion_eth_hold_mode", "split": "train"}
{"chunk_days": 7, "chunk_end": "2025-12-30T23:59:59.999999", "chunk_start": "2025-12-24T00:00:00", "event": "live_equivalent_chunk_load", "generated_at": "2026-05-05T11:58:30.322013Z", "mode": "profit_moonshot_taker_flow_exhaustion_eth_hold_mode", "split": "train"}
{"chunk_days": 7, "chunk_end": "2025-12-31T23:59:59.999999", "chunk_start": "2025-12-31T00:00:00", "event": "live_equivalent_chunk_load", "generated_at": "2026-05-05T11:58:35.449671Z", "mode": "profit_moonshot_taker_flow_exhaustion_eth_hold_mode", "split": "train"}
{"event": "live_equivalent_split_complete", "final_equity": 9860.996038937943, "generated_at": "2026-05-05T11:58:36.322043Z", "metrics": {"cagr": -6.726882836871617e-06, "calmar": -0.00040953590902931963, "max_drawdown": 0.01642562395277046, "sharpe": -0.03330623953791509, "sortino": -0.03500755951871664, "total_return": -0.01390058510620562, "volatility": 0.00020136262246867588}, "mode": "profit_moonshot_taker_flow_exhaustion_eth_hold_mode", "split": "train", "trade_count": 119}
{"end_inclusive": "2026-02-28", "event": "live_equivalent_split_start", "generated_at": "2026-05-05T11:58:36.322101Z", "mode": "profit_moonshot_taker_flow_exhaustion_eth_hold_mode", "split": "val", "start": "2026-01-01", "symbols": ["ETH/USDT"]}
{"chunk_days": 7, "chunk_end": "2026-01-07T23:59:59.999999", "chunk_start": "2026-01-01T00:00:00", "event": "live_equivalent_chunk_load", "generated_at": "2026-05-05T11:58:36.322546Z", "mode": "profit_moonshot_taker_flow_exhaustion_eth_hold_mode", "split": "val"}
{"chunk_days": 7, "chunk_end": "2026-01-14T23:59:59.999999", "chunk_start": "2026-01-08T00:00:00", "event": "live_equivalent_chunk_load", "generated_at": "2026-05-05T11:58:40.667925Z", "mode": "profit_moonshot_taker_flow_exhaustion_eth_hold_mode", "split": "val"}
{"chunk_days": 7, "chunk_end": "2026-01-21T23:59:59.999999", "chunk_start": "2026-01-15T00:00:00", "event": "live_equivalent_chunk_load", "generated_at": "2026-05-05T11:58:45.969224Z", "mode": "profit_moonshot_taker_flow_exhaustion_eth_hold_mode", "split": "val"}
{"chunk_days": 7, "chunk_end": "2026-01-28T23:59:59.999999", "chunk_start": "2026-01-22T00:00:00", "event": "live_equivalent_chunk_load", "generated_at": "2026-05-05T11:58:50.940198Z", "mode": "profit_moonshot_taker_flow_exhaustion_eth_hold_mode", "split": "val"}
{"chunk_days": 7, "chunk_end": "2026-02-04T23:59:59.999999", "chunk_start": "2026-01-29T00:00:00", "event": "live_equivalent_chunk_load", "generated_at": "2026-05-05T11:58:55.710195Z", "mode": "profit_moonshot_taker_flow_exhaustion_eth_hold_mode", "split": "val"}
{"chunk_days": 7, "chunk_end": "2026-02-11T23:59:59.999999", "chunk_start": "2026-02-05T00:00:00", "event": "live_equivalent_chunk_load", "generated_at": "2026-05-05T11:58:59.929855Z", "mode": "profit_moonshot_taker_flow_exhaustion_eth_hold_mode", "split": "val"}
{"chunk_days": 7, "chunk_end": "2026-02-18T23:59:59.999999", "chunk_start": "2026-02-12T00:00:00", "event": "live_equivalent_chunk_load", "generated_at": "2026-05-05T11:59:03.697369Z", "mode": "profit_moonshot_taker_flow_exhaustion_eth_hold_mode", "split": "val"}
{"chunk_days": 7, "chunk_end": "2026-02-25T23:59:59.999999", "chunk_start": "2026-02-19T00:00:00", "event": "live_equivalent_chunk_load", "generated_at": "2026-05-05T11:59:07.457053Z", "mode": "profit_moonshot_taker_flow_exhaustion_eth_hold_mode", "split": "val"}
{"chunk_days": 7, "chunk_end": "2026-02-28T23:59:59.999999", "chunk_start": "2026-02-26T00:00:00", "event": "live_equivalent_chunk_load", "generated_at": "2026-05-05T11:59:12.094397Z", "mode": "profit_moonshot_taker_flow_exhaustion_eth_hold_mode", "split": "val"}
{"event": "live_equivalent_split_complete", "final_equity": 9999.585700918278, "generated_at": "2026-05-05T11:59:13.812316Z", "metrics": {"cagr": -1.2289943140952886e-07, "calmar": -0.00030140298943357797, "max_drawdown": 0.000407757838236747, "sharpe": -0.005562372754250299, "sortino": -0.003906450730457239, "total_return": -4.1429908172130325e-05, "volatility": 2.2051078263030354e-05}, "mode": "profit_moonshot_taker_flow_exhaustion_eth_hold_mode", "split": "val", "trade_count": 16}
{"end_inclusive": "2026-05-04", "event": "live_equivalent_split_start", "generated_at": "2026-05-05T11:59:13.812389Z", "mode": "profit_moonshot_taker_flow_exhaustion_eth_hold_mode", "split": "oos", "start": "2026-03-01", "symbols": ["ETH/USDT"]}
{"chunk_days": 7, "chunk_end": "2026-03-07T23:59:59.999999", "chunk_start": "2026-03-01T00:00:00", "event": "live_equivalent_chunk_load", "generated_at": "2026-05-05T11:59:13.812856Z", "mode": "profit_moonshot_taker_flow_exhaustion_eth_hold_mode", "split": "oos"}
{"chunk_days": 7, "chunk_end": "2026-03-14T23:59:59.999999", "chunk_start": "2026-03-08T00:00:00", "event": "live_equivalent_chunk_load", "generated_at": "2026-05-05T11:59:17.652362Z", "mode": "profit_moonshot_taker_flow_exhaustion_eth_hold_mode", "split": "oos"}
{"chunk_days": 7, "chunk_end": "2026-03-21T23:59:59.999999", "chunk_start": "2026-03-15T00:00:00", "event": "live_equivalent_chunk_load", "generated_at": "2026-05-05T11:59:22.308035Z", "mode": "profit_moonshot_taker_flow_exhaustion_eth_hold_mode", "split": "oos"}
{"chunk_days": 7, "chunk_end": "2026-03-28T23:59:59.999999", "chunk_start": "2026-03-22T00:00:00", "event": "live_equivalent_chunk_load", "generated_at": "2026-05-05T11:59:27.016540Z", "mode": "profit_moonshot_taker_flow_exhaustion_eth_hold_mode", "split": "oos"}
{"chunk_days": 7, "chunk_end": "2026-04-04T23:59:59.999999", "chunk_start": "2026-03-29T00:00:00", "event": "live_equivalent_chunk_load", "generated_at": "2026-05-05T11:59:31.819860Z", "mode": "profit_moonshot_taker_flow_exhaustion_eth_hold_mode", "split": "oos"}
{"chunk_days": 7, "chunk_end": "2026-04-11T23:59:59.999999", "chunk_start": "2026-04-05T00:00:00", "event": "live_equivalent_chunk_load", "generated_at": "2026-05-05T11:59:36.665234Z", "mode": "profit_moonshot_taker_flow_exhaustion_eth_hold_mode", "split": "oos"}
{"chunk_days": 7, "chunk_end": "2026-04-18T23:59:59.999999", "chunk_start": "2026-04-12T00:00:00", "event": "live_equivalent_chunk_load", "generated_at": "2026-05-05T11:59:41.493619Z", "mode": "profit_moonshot_taker_flow_exhaustion_eth_hold_mode", "split": "oos"}
{"chunk_days": 7, "chunk_end": "2026-04-25T23:59:59.999999", "chunk_start": "2026-04-19T00:00:00", "event": "live_equivalent_chunk_load", "generated_at": "2026-05-05T11:59:46.627016Z", "mode": "profit_moonshot_taker_flow_exhaustion_eth_hold_mode", "split": "oos"}
{"chunk_days": 7, "chunk_end": "2026-05-02T23:59:59.999999", "chunk_start": "2026-04-26T00:00:00", "event": "live_equivalent_chunk_load", "generated_at": "2026-05-05T11:59:51.559817Z", "mode": "profit_moonshot_taker_flow_exhaustion_eth_hold_mode", "split": "oos"}
{"chunk_days": 7, "chunk_end": "2026-05-04T23:59:59.999999", "chunk_start": "2026-05-03T00:00:00", "event": "live_equivalent_chunk_load", "generated_at": "2026-05-05T11:59:56.907246Z", "mode": "profit_moonshot_taker_flow_exhaustion_eth_hold_mode", "split": "oos"}
{"event": "live_equivalent_split_complete", "final_equity": 9991.205162861103, "generated_at": "2026-05-05T11:59:58.495898Z", "metrics": {"cagr": -2.3673007732982754e-06, "calmar": -0.0012725868192378419, "max_drawdown": 0.0018602273239919794, "sharpe": -0.03105759703329994, "sortino": -0.03211058606792423, "total_return": -0.0008751997138897183, "volatility": 7.612970589365688e-05}, "mode": "profit_moonshot_taker_flow_exhaustion_eth_hold_mode", "split": "oos", "trade_count": 23}
{
  "artifact_reset_csv": "/home/hoky/Quants-agent/LuminaQuant/var/reports/profit_moonshot_20260501/current_tail_20260505/live_equivalent/profit_moonshot_taker_flow_exhaustion_eth_hold_mode/live_equivalent_revalidation_artifact_reset_20260426.csv",
  "json": "/home/hoky/Quants-agent/LuminaQuant/var/reports/profit_moonshot_20260501/current_tail_20260505/live_equivalent/profit_moonshot_taker_flow_exhaustion_eth_hold_mode/live_equivalent_revalidation_latest.json",
  "live_decision": "",
  "markdown": "/home/hoky/Quants-agent/LuminaQuant/var/reports/profit_moonshot_20260501/current_tail_20260505/live_equivalent/profit_moonshot_taker_flow_exhaustion_eth_hold_mode/live_equivalent_revalidation_latest.md",
  "mode_csv": "/home/hoky/Quants-agent/LuminaQuant/var/reports/profit_moonshot_20260501/current_tail_20260505/live_equivalent/profit_moonshot_taker_flow_exhaustion_eth_hold_mode/live_equivalent_revalidation_candidates_20260426.csv"
}
	Command being timed: "uv run python scripts/research/revalidate_live_equivalent_candidates.py --output-dir var/reports/profit_moonshot_20260501/current_tail_20260505/live_equivalent/profit_moonshot_taker_flow_exhaustion_eth_hold_mode --backtest-checkpoint-path var/reports/profit_moonshot_20260501/current_tail_20260505/live_equivalent/profit_moonshot_taker_flow_exhaustion_eth_hold_mode_checkpoint.json --portfolio-modes profit_moonshot_taker_flow_exhaustion_eth_hold_mode --execute-backtests --chunk-days 7 --no-live-decision-update"
	User time (seconds): 353.50
	System time (seconds): 30.78
	Percent of CPU this job got: 110%
	Elapsed (wall clock) time (h:mm:ss or m:ss): 5:47.85
	Average shared text size (kbytes): 0
	Average unshared data size (kbytes): 0
	Average stack size (kbytes): 0
	Average total size (kbytes): 0
	Maximum resident set size (kbytes): 1317468
	Average resident set size (kbytes): 0
	Major (requiring I/O) page faults: 0
	Minor (reclaiming a frame) page faults: 1744309
	Voluntary context switches: 1108407
	Involuntary context switches: 7824
	Swaps: 0
	File system inputs: 0
	File system outputs: 6544
	Socket messages sent: 0
	Socket messages received: 0
	Signals delivered: 0
	Page size (bytes): 4096
	Exit status: 0
