	Command being timed: "uv run python scripts/research/revalidate_live_equivalent_candidates.py --output-dir var/reports/derivatives_flow_squeeze_20260502/live_equivalent/derivatives_flow_squeeze_mode_v6_latest_data --backtest-checkpoint-path var/reports/derivatives_flow_squeeze_20260502/live_equivalent/derivatives_flow_squeeze_mode_v6_latest_data_checkpoint.json --portfolio-modes derivatives_flow_squeeze_mode --execute-backtests --chunk-days 7 --no-live-decision-update"
	User time (seconds): 2499.33
	System time (seconds): 286.11
	Percent of CPU this job got: 120%
	Elapsed (wall clock) time (h:mm:ss or m:ss): 38:28.21
	Average shared text size (kbytes): 0
	Average unshared data size (kbytes): 0
	Average stack size (kbytes): 0
	Average total size (kbytes): 0
	Maximum resident set size (kbytes): 7371084
	Average resident set size (kbytes): 0
	Major (requiring I/O) page faults: 0
	Minor (reclaiming a frame) page faults: 24079213
	Voluntary context switches: 8341672
	Involuntary context switches: 57991
	Swaps: 0
	File system inputs: 0
	File system outputs: 7184
	Socket messages sent: 0
	Socket messages received: 0
	Signals delivered: 0
	Page size (bytes): 4096
	Exit status: 0
