	Command being timed: "uv run python scripts/research/refresh_final_portfolio_validation_data.py --symbols BTCUSDT,ETHUSDT,BNBUSDT,SOLUSDT,TRXUSDT --priority-symbols BTCUSDT,ETHUSDT,BNBUSDT,SOLUSDT,TRXUSDT --min-start-utc 2026-03-01T00:00:00Z --cutoff-utc 2026-05-02T11:45:00Z --output-json var/reports/derivatives_flow_squeeze_20260502/data_refresh_latest/final_portfolio_validation_data_refresh_latest.json --output-md var/reports/derivatives_flow_squeeze_20260502/data_refresh_latest/final_portfolio_validation_data_refresh_latest.md --rss-log var/reports/derivatives_flow_squeeze_20260502/data_refresh_latest/final_portfolio_validation_data_refresh_rss_latest.jsonl --support-inventory-json var/reports/derivatives_flow_squeeze_20260502/data_refresh_latest/final_portfolio_validation_support_inventory_latest.json --support-inventory-csv var/reports/derivatives_flow_squeeze_20260502/data_refresh_latest/final_portfolio_validation_support_inventory_latest.csv --max-workers 1"
	User time (seconds): 73.04
	System time (seconds): 35.27
	Percent of CPU this job got: 84%
	Elapsed (wall clock) time (h:mm:ss or m:ss): 2:08.27
	Average shared text size (kbytes): 0
	Average unshared data size (kbytes): 0
	Average stack size (kbytes): 0
	Average total size (kbytes): 0
	Maximum resident set size (kbytes): 2363692
	Average resident set size (kbytes): 0
	Major (requiring I/O) page faults: 6
	Minor (reclaiming a frame) page faults: 649575
	Voluntary context switches: 812702
	Involuntary context switches: 5775
	Swaps: 0
	File system inputs: 0
	File system outputs: 135576
	Socket messages sent: 0
	Socket messages received: 0
	Signals delivered: 0
	Page size (bytes): 4096
	Exit status: 0
