{"end_inclusive": "2025-12-31", "event": "live_equivalent_split_start", "generated_at": "2026-05-05T08:35:22.262347Z", "mode": "profit_moonshot_leadlag_slow_diffusion_sol_eth_mode", "split": "train", "start": "2025-01-01", "symbols": ["SOL/USDT", "ETH/USDT"]}
{"chunk_days": 7, "chunk_end": "2025-01-07T23:59:59.999999", "chunk_start": "2025-01-01T00:00:00", "event": "live_equivalent_chunk_load", "generated_at": "2026-05-05T08:35:22.262866Z", "mode": "profit_moonshot_leadlag_slow_diffusion_sol_eth_mode", "split": "train"}
{"chunk_days": 7, "chunk_end": "2025-01-14T23:59:59.999999", "chunk_start": "2025-01-08T00:00:00", "event": "live_equivalent_chunk_load", "generated_at": "2026-05-05T08:35:31.233931Z", "mode": "profit_moonshot_leadlag_slow_diffusion_sol_eth_mode", "split": "train"}
{"chunk_days": 7, "chunk_end": "2025-01-21T23:59:59.999999", "chunk_start": "2025-01-15T00:00:00", "event": "live_equivalent_chunk_load", "generated_at": "2026-05-05T08:35:45.016808Z", "mode": "profit_moonshot_leadlag_slow_diffusion_sol_eth_mode", "split": "train"}
{"chunk_days": 7, "chunk_end": "2025-01-28T23:59:59.999999", "chunk_start": "2025-01-22T00:00:00", "event": "live_equivalent_chunk_load", "generated_at": "2026-05-05T08:35:58.368977Z", "mode": "profit_moonshot_leadlag_slow_diffusion_sol_eth_mode", "split": "train"}
{"chunk_days": 7, "chunk_end": "2025-02-04T23:59:59.999999", "chunk_start": "2025-01-29T00:00:00", "event": "live_equivalent_chunk_load", "generated_at": "2026-05-05T08:36:13.154222Z", "mode": "profit_moonshot_leadlag_slow_diffusion_sol_eth_mode", "split": "train"}
{"chunk_days": 7, "chunk_end": "2025-02-11T23:59:59.999999", "chunk_start": "2025-02-05T00:00:00", "event": "live_equivalent_chunk_load", "generated_at": "2026-05-05T08:36:35.923051Z", "mode": "profit_moonshot_leadlag_slow_diffusion_sol_eth_mode", "split": "train"}
{"chunk_days": 7, "chunk_end": "2025-02-18T23:59:59.999999", "chunk_start": "2025-02-12T00:00:00", "event": "live_equivalent_chunk_load", "generated_at": "2026-05-05T08:36:40.820860Z", "mode": "profit_moonshot_leadlag_slow_diffusion_sol_eth_mode", "split": "train"}
{"chunk_days": 7, "chunk_end": "2025-02-25T23:59:59.999999", "chunk_start": "2025-02-19T00:00:00", "event": "live_equivalent_chunk_load", "generated_at": "2026-05-05T08:36:54.490849Z", "mode": "profit_moonshot_leadlag_slow_diffusion_sol_eth_mode", "split": "train"}
{"chunk_days": 7, "chunk_end": "2025-03-04T23:59:59.999999", "chunk_start": "2025-02-26T00:00:00", "event": "live_equivalent_chunk_load", "generated_at": "2026-05-05T08:37:08.536016Z", "mode": "profit_moonshot_leadlag_slow_diffusion_sol_eth_mode", "split": "train"}
{"chunk_days": 7, "chunk_end": "2025-03-11T23:59:59.999999", "chunk_start": "2025-03-05T00:00:00", "event": "live_equivalent_chunk_load", "generated_at": "2026-05-05T08:37:23.389430Z", "mode": "profit_moonshot_leadlag_slow_diffusion_sol_eth_mode", "split": "train"}
{"chunk_days": 7, "chunk_end": "2025-03-18T23:59:59.999999", "chunk_start": "2025-03-12T00:00:00", "event": "live_equivalent_chunk_load", "generated_at": "2026-05-05T08:37:37.376743Z", "mode": "profit_moonshot_leadlag_slow_diffusion_sol_eth_mode", "split": "train"}
{"chunk_days": 7, "chunk_end": "2025-03-25T23:59:59.999999", "chunk_start": "2025-03-19T00:00:00", "event": "live_equivalent_chunk_load", "generated_at": "2026-05-05T08:37:51.131616Z", "mode": "profit_moonshot_leadlag_slow_diffusion_sol_eth_mode", "split": "train"}
{"chunk_days": 7, "chunk_end": "2025-04-01T23:59:59.999999", "chunk_start": "2025-03-26T00:00:00", "event": "live_equivalent_chunk_load", "generated_at": "2026-05-05T08:38:13.793152Z", "mode": "profit_moonshot_leadlag_slow_diffusion_sol_eth_mode", "split": "train"}
{"chunk_days": 7, "chunk_end": "2025-04-08T23:59:59.999999", "chunk_start": "2025-04-02T00:00:00", "event": "live_equivalent_chunk_load", "generated_at": "2026-05-05T08:38:18.239658Z", "mode": "profit_moonshot_leadlag_slow_diffusion_sol_eth_mode", "split": "train"}
{"chunk_days": 7, "chunk_end": "2025-04-15T23:59:59.999999", "chunk_start": "2025-04-09T00:00:00", "event": "live_equivalent_chunk_load", "generated_at": "2026-05-05T08:38:31.811577Z", "mode": "profit_moonshot_leadlag_slow_diffusion_sol_eth_mode", "split": "train"}
{"chunk_days": 7, "chunk_end": "2025-04-22T23:59:59.999999", "chunk_start": "2025-04-16T00:00:00", "event": "live_equivalent_chunk_load", "generated_at": "2026-05-05T08:38:54.844917Z", "mode": "profit_moonshot_leadlag_slow_diffusion_sol_eth_mode", "split": "train"}
[Realism] Partial Fill: Req 0.053 > Limit 0.0000. Filling 0.0 and keeping remainder.
{"chunk_days": 7, "chunk_end": "2025-04-29T23:59:59.999999", "chunk_start": "2025-04-23T00:00:00", "event": "live_equivalent_chunk_load", "generated_at": "2026-05-05T08:38:59.009079Z", "mode": "profit_moonshot_leadlag_slow_diffusion_sol_eth_mode", "split": "train"}
{"chunk_days": 7, "chunk_end": "2025-05-06T23:59:59.999999", "chunk_start": "2025-04-30T00:00:00", "event": "live_equivalent_chunk_load", "generated_at": "2026-05-05T08:39:14.316982Z", "mode": "profit_moonshot_leadlag_slow_diffusion_sol_eth_mode", "split": "train"}
{"chunk_days": 7, "chunk_end": "2025-05-13T23:59:59.999999", "chunk_start": "2025-05-07T00:00:00", "event": "live_equivalent_chunk_load", "generated_at": "2026-05-05T08:39:29.837860Z", "mode": "profit_moonshot_leadlag_slow_diffusion_sol_eth_mode", "split": "train"}
{"chunk_days": 7, "chunk_end": "2025-05-20T23:59:59.999999", "chunk_start": "2025-05-14T00:00:00", "event": "live_equivalent_chunk_load", "generated_at": "2026-05-05T08:39:43.475788Z", "mode": "profit_moonshot_leadlag_slow_diffusion_sol_eth_mode", "split": "train"}
{"chunk_days": 7, "chunk_end": "2025-05-27T23:59:59.999999", "chunk_start": "2025-05-21T00:00:00", "event": "live_equivalent_chunk_load", "generated_at": "2026-05-05T08:39:58.522739Z", "mode": "profit_moonshot_leadlag_slow_diffusion_sol_eth_mode", "split": "train"}
{"chunk_days": 7, "chunk_end": "2025-06-03T23:59:59.999999", "chunk_start": "2025-05-28T00:00:00", "event": "live_equivalent_chunk_load", "generated_at": "2026-05-05T08:40:11.830664Z", "mode": "profit_moonshot_leadlag_slow_diffusion_sol_eth_mode", "split": "train"}
{"chunk_days": 7, "chunk_end": "2025-06-10T23:59:59.999999", "chunk_start": "2025-06-04T00:00:00", "event": "live_equivalent_chunk_load", "generated_at": "2026-05-05T08:40:27.281989Z", "mode": "profit_moonshot_leadlag_slow_diffusion_sol_eth_mode", "split": "train"}
{"chunk_days": 7, "chunk_end": "2025-06-17T23:59:59.999999", "chunk_start": "2025-06-11T00:00:00", "event": "live_equivalent_chunk_load", "generated_at": "2026-05-05T08:40:41.116527Z", "mode": "profit_moonshot_leadlag_slow_diffusion_sol_eth_mode", "split": "train"}
{"chunk_days": 7, "chunk_end": "2025-06-24T23:59:59.999999", "chunk_start": "2025-06-18T00:00:00", "event": "live_equivalent_chunk_load", "generated_at": "2026-05-05T08:40:55.926339Z", "mode": "profit_moonshot_leadlag_slow_diffusion_sol_eth_mode", "split": "train"}
{"chunk_days": 7, "chunk_end": "2025-07-01T23:59:59.999999", "chunk_start": "2025-06-25T00:00:00", "event": "live_equivalent_chunk_load", "generated_at": "2026-05-05T08:41:11.129005Z", "mode": "profit_moonshot_leadlag_slow_diffusion_sol_eth_mode", "split": "train"}
{"chunk_days": 7, "chunk_end": "2025-07-08T23:59:59.999999", "chunk_start": "2025-07-02T00:00:00", "event": "live_equivalent_chunk_load", "generated_at": "2026-05-05T08:41:24.434594Z", "mode": "profit_moonshot_leadlag_slow_diffusion_sol_eth_mode", "split": "train"}
{"chunk_days": 7, "chunk_end": "2025-07-15T23:59:59.999999", "chunk_start": "2025-07-09T00:00:00", "event": "live_equivalent_chunk_load", "generated_at": "2026-05-05T08:41:40.050557Z", "mode": "profit_moonshot_leadlag_slow_diffusion_sol_eth_mode", "split": "train"}
{"chunk_days": 7, "chunk_end": "2025-07-22T23:59:59.999999", "chunk_start": "2025-07-16T00:00:00", "event": "live_equivalent_chunk_load", "generated_at": "2026-05-05T08:41:54.081419Z", "mode": "profit_moonshot_leadlag_slow_diffusion_sol_eth_mode", "split": "train"}
{"chunk_days": 7, "chunk_end": "2025-07-29T23:59:59.999999", "chunk_start": "2025-07-23T00:00:00", "event": "live_equivalent_chunk_load", "generated_at": "2026-05-05T08:42:09.130369Z", "mode": "profit_moonshot_leadlag_slow_diffusion_sol_eth_mode", "split": "train"}
{"chunk_days": 7, "chunk_end": "2025-08-05T23:59:59.999999", "chunk_start": "2025-07-30T00:00:00", "event": "live_equivalent_chunk_load", "generated_at": "2026-05-05T08:42:22.603633Z", "mode": "profit_moonshot_leadlag_slow_diffusion_sol_eth_mode", "split": "train"}
{"chunk_days": 7, "chunk_end": "2025-08-12T23:59:59.999999", "chunk_start": "2025-08-06T00:00:00", "event": "live_equivalent_chunk_load", "generated_at": "2026-05-05T08:42:37.730884Z", "mode": "profit_moonshot_leadlag_slow_diffusion_sol_eth_mode", "split": "train"}
{"chunk_days": 7, "chunk_end": "2025-08-19T23:59:59.999999", "chunk_start": "2025-08-13T00:00:00", "event": "live_equivalent_chunk_load", "generated_at": "2026-05-05T08:42:52.271923Z", "mode": "profit_moonshot_leadlag_slow_diffusion_sol_eth_mode", "split": "train"}
{"chunk_days": 7, "chunk_end": "2025-08-26T23:59:59.999999", "chunk_start": "2025-08-20T00:00:00", "event": "live_equivalent_chunk_load", "generated_at": "2026-05-05T08:43:07.828775Z", "mode": "profit_moonshot_leadlag_slow_diffusion_sol_eth_mode", "split": "train"}
{"chunk_days": 7, "chunk_end": "2025-09-02T23:59:59.999999", "chunk_start": "2025-08-27T00:00:00", "event": "live_equivalent_chunk_load", "generated_at": "2026-05-05T08:43:21.327377Z", "mode": "profit_moonshot_leadlag_slow_diffusion_sol_eth_mode", "split": "train"}
{"chunk_days": 7, "chunk_end": "2025-09-09T23:59:59.999999", "chunk_start": "2025-09-03T00:00:00", "event": "live_equivalent_chunk_load", "generated_at": "2026-05-05T08:43:36.987964Z", "mode": "profit_moonshot_leadlag_slow_diffusion_sol_eth_mode", "split": "train"}
{"chunk_days": 7, "chunk_end": "2025-09-16T23:59:59.999999", "chunk_start": "2025-09-10T00:00:00", "event": "live_equivalent_chunk_load", "generated_at": "2026-05-05T08:43:50.618357Z", "mode": "profit_moonshot_leadlag_slow_diffusion_sol_eth_mode", "split": "train"}
{"chunk_days": 7, "chunk_end": "2025-09-23T23:59:59.999999", "chunk_start": "2025-09-17T00:00:00", "event": "live_equivalent_chunk_load", "generated_at": "2026-05-05T08:44:05.649534Z", "mode": "profit_moonshot_leadlag_slow_diffusion_sol_eth_mode", "split": "train"}
{"chunk_days": 7, "chunk_end": "2025-09-30T23:59:59.999999", "chunk_start": "2025-09-24T00:00:00", "event": "live_equivalent_chunk_load", "generated_at": "2026-05-05T08:44:19.526390Z", "mode": "profit_moonshot_leadlag_slow_diffusion_sol_eth_mode", "split": "train"}
{"chunk_days": 7, "chunk_end": "2025-10-07T23:59:59.999999", "chunk_start": "2025-10-01T00:00:00", "event": "live_equivalent_chunk_load", "generated_at": "2026-05-05T08:44:34.476148Z", "mode": "profit_moonshot_leadlag_slow_diffusion_sol_eth_mode", "split": "train"}
{"chunk_days": 7, "chunk_end": "2025-10-14T23:59:59.999999", "chunk_start": "2025-10-08T00:00:00", "event": "live_equivalent_chunk_load", "generated_at": "2026-05-05T08:44:47.870058Z", "mode": "profit_moonshot_leadlag_slow_diffusion_sol_eth_mode", "split": "train"}
{"chunk_days": 7, "chunk_end": "2025-10-21T23:59:59.999999", "chunk_start": "2025-10-15T00:00:00", "event": "live_equivalent_chunk_load", "generated_at": "2026-05-05T08:45:02.877355Z", "mode": "profit_moonshot_leadlag_slow_diffusion_sol_eth_mode", "split": "train"}
{"chunk_days": 7, "chunk_end": "2025-10-28T23:59:59.999999", "chunk_start": "2025-10-22T00:00:00", "event": "live_equivalent_chunk_load", "generated_at": "2026-05-05T08:45:17.981711Z", "mode": "profit_moonshot_leadlag_slow_diffusion_sol_eth_mode", "split": "train"}
{"chunk_days": 7, "chunk_end": "2025-11-04T23:59:59.999999", "chunk_start": "2025-10-29T00:00:00", "event": "live_equivalent_chunk_load", "generated_at": "2026-05-05T08:45:31.522457Z", "mode": "profit_moonshot_leadlag_slow_diffusion_sol_eth_mode", "split": "train"}
{"chunk_days": 7, "chunk_end": "2025-11-11T23:59:59.999999", "chunk_start": "2025-11-05T00:00:00", "event": "live_equivalent_chunk_load", "generated_at": "2026-05-05T08:45:46.738770Z", "mode": "profit_moonshot_leadlag_slow_diffusion_sol_eth_mode", "split": "train"}
{"chunk_days": 7, "chunk_end": "2025-11-18T23:59:59.999999", "chunk_start": "2025-11-12T00:00:00", "event": "live_equivalent_chunk_load", "generated_at": "2026-05-05T08:46:00.818433Z", "mode": "profit_moonshot_leadlag_slow_diffusion_sol_eth_mode", "split": "train"}
{"chunk_days": 7, "chunk_end": "2025-11-25T23:59:59.999999", "chunk_start": "2025-11-19T00:00:00", "event": "live_equivalent_chunk_load", "generated_at": "2026-05-05T08:46:16.855046Z", "mode": "profit_moonshot_leadlag_slow_diffusion_sol_eth_mode", "split": "train"}
{"chunk_days": 7, "chunk_end": "2025-12-02T23:59:59.999999", "chunk_start": "2025-11-26T00:00:00", "event": "live_equivalent_chunk_load", "generated_at": "2026-05-05T08:46:30.705404Z", "mode": "profit_moonshot_leadlag_slow_diffusion_sol_eth_mode", "split": "train"}
{"chunk_days": 7, "chunk_end": "2025-12-09T23:59:59.999999", "chunk_start": "2025-12-03T00:00:00", "event": "live_equivalent_chunk_load", "generated_at": "2026-05-05T08:46:45.608667Z", "mode": "profit_moonshot_leadlag_slow_diffusion_sol_eth_mode", "split": "train"}
{"chunk_days": 7, "chunk_end": "2025-12-16T23:59:59.999999", "chunk_start": "2025-12-10T00:00:00", "event": "live_equivalent_chunk_load", "generated_at": "2026-05-05T08:46:59.223684Z", "mode": "profit_moonshot_leadlag_slow_diffusion_sol_eth_mode", "split": "train"}
{"chunk_days": 7, "chunk_end": "2025-12-23T23:59:59.999999", "chunk_start": "2025-12-17T00:00:00", "event": "live_equivalent_chunk_load", "generated_at": "2026-05-05T08:47:14.311425Z", "mode": "profit_moonshot_leadlag_slow_diffusion_sol_eth_mode", "split": "train"}
{"chunk_days": 7, "chunk_end": "2025-12-30T23:59:59.999999", "chunk_start": "2025-12-24T00:00:00", "event": "live_equivalent_chunk_load", "generated_at": "2026-05-05T08:47:27.761570Z", "mode": "profit_moonshot_leadlag_slow_diffusion_sol_eth_mode", "split": "train"}
{"chunk_days": 7, "chunk_end": "2025-12-31T23:59:59.999999", "chunk_start": "2025-12-31T00:00:00", "event": "live_equivalent_chunk_load", "generated_at": "2026-05-05T08:47:43.408511Z", "mode": "profit_moonshot_leadlag_slow_diffusion_sol_eth_mode", "split": "train"}
{"event": "live_equivalent_split_complete", "final_equity": 10880.689782295123, "generated_at": "2026-05-05T08:47:46.143175Z", "metrics": {"cagr": 4.058067766110618e-05, "calmar": 0.00020656737160926528, "max_drawdown": 0.19645250527690789, "sharpe": 0.009018835160124304, "sortino": 0.009648387494059106, "total_return": 0.08807557222951234, "volatility": 0.00811568299822643}, "mode": "profit_moonshot_leadlag_slow_diffusion_sol_eth_mode", "split": "train", "trade_count": 354}
{"end_inclusive": "2026-02-28", "event": "live_equivalent_split_start", "generated_at": "2026-05-05T08:47:46.143303Z", "mode": "profit_moonshot_leadlag_slow_diffusion_sol_eth_mode", "split": "val", "start": "2026-01-01", "symbols": ["SOL/USDT", "ETH/USDT"]}
{"chunk_days": 7, "chunk_end": "2026-01-07T23:59:59.999999", "chunk_start": "2026-01-01T00:00:00", "event": "live_equivalent_chunk_load", "generated_at": "2026-05-05T08:47:46.144332Z", "mode": "profit_moonshot_leadlag_slow_diffusion_sol_eth_mode", "split": "val"}
{"chunk_days": 7, "chunk_end": "2026-01-14T23:59:59.999999", "chunk_start": "2026-01-08T00:00:00", "event": "live_equivalent_chunk_load", "generated_at": "2026-05-05T08:47:57.855092Z", "mode": "profit_moonshot_leadlag_slow_diffusion_sol_eth_mode", "split": "val"}
{"chunk_days": 7, "chunk_end": "2026-01-21T23:59:59.999999", "chunk_start": "2026-01-15T00:00:00", "event": "live_equivalent_chunk_load", "generated_at": "2026-05-05T08:48:11.853643Z", "mode": "profit_moonshot_leadlag_slow_diffusion_sol_eth_mode", "split": "val"}
{"chunk_days": 7, "chunk_end": "2026-01-28T23:59:59.999999", "chunk_start": "2026-01-22T00:00:00", "event": "live_equivalent_chunk_load", "generated_at": "2026-05-05T08:48:25.538010Z", "mode": "profit_moonshot_leadlag_slow_diffusion_sol_eth_mode", "split": "val"}
{"chunk_days": 7, "chunk_end": "2026-02-04T23:59:59.999999", "chunk_start": "2026-01-29T00:00:00", "event": "live_equivalent_chunk_load", "generated_at": "2026-05-05T08:48:38.390399Z", "mode": "profit_moonshot_leadlag_slow_diffusion_sol_eth_mode", "split": "val"}
{"chunk_days": 7, "chunk_end": "2026-02-11T23:59:59.999999", "chunk_start": "2026-02-05T00:00:00", "event": "live_equivalent_chunk_load", "generated_at": "2026-05-05T08:48:52.486696Z", "mode": "profit_moonshot_leadlag_slow_diffusion_sol_eth_mode", "split": "val"}
{"chunk_days": 7, "chunk_end": "2026-02-18T23:59:59.999999", "chunk_start": "2026-02-12T00:00:00", "event": "live_equivalent_chunk_load", "generated_at": "2026-05-05T08:49:05.984737Z", "mode": "profit_moonshot_leadlag_slow_diffusion_sol_eth_mode", "split": "val"}
{"chunk_days": 7, "chunk_end": "2026-02-25T23:59:59.999999", "chunk_start": "2026-02-19T00:00:00", "event": "live_equivalent_chunk_load", "generated_at": "2026-05-05T08:49:20.360523Z", "mode": "profit_moonshot_leadlag_slow_diffusion_sol_eth_mode", "split": "val"}
{"chunk_days": 7, "chunk_end": "2026-02-28T23:59:59.999999", "chunk_start": "2026-02-26T00:00:00", "event": "live_equivalent_chunk_load", "generated_at": "2026-05-05T08:49:33.848038Z", "mode": "profit_moonshot_leadlag_slow_diffusion_sol_eth_mode", "split": "val"}
{"event": "live_equivalent_split_complete", "final_equity": 10044.798188271217, "generated_at": "2026-05-05T08:49:40.348497Z", "metrics": {"cagr": 1.3191250867850002e-05, "calmar": 0.0005215378425535267, "max_drawdown": 0.025292988909996785, "sharpe": 0.007668301285830219, "sortino": 0.007818244330184555, "total_return": 0.004456684827121693, "volatility": 0.00197433211098783}, "mode": "profit_moonshot_leadlag_slow_diffusion_sol_eth_mode", "split": "val", "trade_count": 54}
{"end_inclusive": "2026-05-04", "event": "live_equivalent_split_start", "generated_at": "2026-05-05T08:49:40.348630Z", "mode": "profit_moonshot_leadlag_slow_diffusion_sol_eth_mode", "split": "oos", "start": "2026-03-01", "symbols": ["SOL/USDT", "ETH/USDT"]}
{"chunk_days": 7, "chunk_end": "2026-03-07T23:59:59.999999", "chunk_start": "2026-03-01T00:00:00", "event": "live_equivalent_chunk_load", "generated_at": "2026-05-05T08:49:40.349373Z", "mode": "profit_moonshot_leadlag_slow_diffusion_sol_eth_mode", "split": "oos"}
{"chunk_days": 7, "chunk_end": "2026-03-14T23:59:59.999999", "chunk_start": "2026-03-08T00:00:00", "event": "live_equivalent_chunk_load", "generated_at": "2026-05-05T08:49:52.440888Z", "mode": "profit_moonshot_leadlag_slow_diffusion_sol_eth_mode", "split": "oos"}
{"chunk_days": 7, "chunk_end": "2026-03-21T23:59:59.999999", "chunk_start": "2026-03-15T00:00:00", "event": "live_equivalent_chunk_load", "generated_at": "2026-05-05T08:50:04.525971Z", "mode": "profit_moonshot_leadlag_slow_diffusion_sol_eth_mode", "split": "oos"}
{"chunk_days": 7, "chunk_end": "2026-03-28T23:59:59.999999", "chunk_start": "2026-03-22T00:00:00", "event": "live_equivalent_chunk_load", "generated_at": "2026-05-05T08:50:18.461264Z", "mode": "profit_moonshot_leadlag_slow_diffusion_sol_eth_mode", "split": "oos"}
{"chunk_days": 7, "chunk_end": "2026-04-04T23:59:59.999999", "chunk_start": "2026-03-29T00:00:00", "event": "live_equivalent_chunk_load", "generated_at": "2026-05-05T08:50:32.125380Z", "mode": "profit_moonshot_leadlag_slow_diffusion_sol_eth_mode", "split": "oos"}
{"chunk_days": 7, "chunk_end": "2026-04-11T23:59:59.999999", "chunk_start": "2026-04-05T00:00:00", "event": "live_equivalent_chunk_load", "generated_at": "2026-05-05T08:50:45.336747Z", "mode": "profit_moonshot_leadlag_slow_diffusion_sol_eth_mode", "split": "oos"}
{"chunk_days": 7, "chunk_end": "2026-04-18T23:59:59.999999", "chunk_start": "2026-04-12T00:00:00", "event": "live_equivalent_chunk_load", "generated_at": "2026-05-05T08:50:59.101319Z", "mode": "profit_moonshot_leadlag_slow_diffusion_sol_eth_mode", "split": "oos"}
{"chunk_days": 7, "chunk_end": "2026-04-25T23:59:59.999999", "chunk_start": "2026-04-19T00:00:00", "event": "live_equivalent_chunk_load", "generated_at": "2026-05-05T08:51:12.741493Z", "mode": "profit_moonshot_leadlag_slow_diffusion_sol_eth_mode", "split": "oos"}
{"chunk_days": 7, "chunk_end": "2026-05-02T23:59:59.999999", "chunk_start": "2026-04-26T00:00:00", "event": "live_equivalent_chunk_load", "generated_at": "2026-05-05T08:51:26.563816Z", "mode": "profit_moonshot_leadlag_slow_diffusion_sol_eth_mode", "split": "oos"}
{"chunk_days": 7, "chunk_end": "2026-05-04T23:59:59.999999", "chunk_start": "2026-05-03T00:00:00", "event": "live_equivalent_chunk_load", "generated_at": "2026-05-05T08:51:40.205148Z", "mode": "profit_moonshot_leadlag_slow_diffusion_sol_eth_mode", "split": "oos"}
{"event": "live_equivalent_split_complete", "final_equity": 9963.703585061412, "generated_at": "2026-05-05T08:51:44.706839Z", "metrics": {"cagr": -9.78774112092573e-06, "calmar": -0.0010199708545749887, "max_drawdown": 0.009596098826769105, "sharpe": -0.024121778891976798, "sortino": -0.025617787062131286, "total_return": -0.0036288254938589004, "volatility": 0.000402409119068304}, "mode": "profit_moonshot_leadlag_slow_diffusion_sol_eth_mode", "split": "oos", "trade_count": 34}
{
  "artifact_reset_csv": "/home/hoky/Quants-agent/LuminaQuant/var/reports/profit_moonshot_20260501/current_tail_20260505/live_equivalent/profit_moonshot_leadlag_slow_diffusion_sol_eth_mode/live_equivalent_revalidation_artifact_reset_20260426.csv",
  "json": "/home/hoky/Quants-agent/LuminaQuant/var/reports/profit_moonshot_20260501/current_tail_20260505/live_equivalent/profit_moonshot_leadlag_slow_diffusion_sol_eth_mode/live_equivalent_revalidation_latest.json",
  "live_decision": "",
  "markdown": "/home/hoky/Quants-agent/LuminaQuant/var/reports/profit_moonshot_20260501/current_tail_20260505/live_equivalent/profit_moonshot_leadlag_slow_diffusion_sol_eth_mode/live_equivalent_revalidation_latest.md",
  "mode_csv": "/home/hoky/Quants-agent/LuminaQuant/var/reports/profit_moonshot_20260501/current_tail_20260505/live_equivalent/profit_moonshot_leadlag_slow_diffusion_sol_eth_mode/live_equivalent_revalidation_candidates_20260426.csv"
}
	Command being timed: "uv run python scripts/research/revalidate_live_equivalent_candidates.py --output-dir var/reports/profit_moonshot_20260501/current_tail_20260505/live_equivalent/profit_moonshot_leadlag_slow_diffusion_sol_eth_mode --backtest-checkpoint-path var/reports/profit_moonshot_20260501/current_tail_20260505/live_equivalent/profit_moonshot_leadlag_slow_diffusion_sol_eth_mode_checkpoint.json --portfolio-modes profit_moonshot_leadlag_slow_diffusion_sol_eth_mode --execute-backtests --chunk-days 7 --no-live-decision-update"
	User time (seconds): 1001.53
	System time (seconds): 60.59
	Percent of CPU this job got: 107%
	Elapsed (wall clock) time (h:mm:ss or m:ss): 16:27.06
	Average shared text size (kbytes): 0
	Average unshared data size (kbytes): 0
	Average stack size (kbytes): 0
	Average total size (kbytes): 0
	Maximum resident set size (kbytes): 1926860
	Average resident set size (kbytes): 0
	Major (requiring I/O) page faults: 3
	Minor (reclaiming a frame) page faults: 3042859
	Voluntary context switches: 2066171
	Involuntary context switches: 22690
	Swaps: 0
	File system inputs: 0
	File system outputs: 6824
	Socket messages sent: 0
	Socket messages received: 0
	Signals delivered: 0
	Page size (bytes): 4096
	Exit status: 0
